<?xml version="1.0" encoding="UTF-8"?>
<testsuite xmlns:xsi="http://www.w3.org/2001/XMLSchema-instance" xsi:noNamespaceSchemaLocation="https://maven.apache.org/surefire/maven-surefire-plugin/xsd/surefire-test-report.xsd" name="www.logisense.com.cucumber.testrunners.wizard.WizardNewProductRequestTest" time="43.21" tests="395" errors="0" skipped="18" failures="44">
  <properties>
    <property name="java.specification.version" value="14"/>
    <property name="sun.cpu.isalist" value="amd64"/>
    <property name="sun.jnu.encoding" value="Cp1252"/>
    <property name="java.class.path" value="C:\Users\azaos\IdeaProjects\Book_It_LogiSense\target\test-classes;C:\Users\azaos\IdeaProjects\Book_It_LogiSense\target\classes;C:\Users\azaos\.m2\repository\junit\junit\4.11\junit-4.11.jar;C:\Users\azaos\.m2\repository\org\hamcrest\hamcrest-core\1.3\hamcrest-core-1.3.jar;C:\Users\azaos\.m2\repository\io\cucumber\cucumber-junit\1.2.6\cucumber-junit-1.2.6.jar;C:\Users\azaos\.m2\repository\io\cucumber\cucumber-java\1.2.6\cucumber-java-1.2.6.jar;C:\Users\azaos\.m2\repository\io\cucumber\cucumber-core\1.2.6\cucumber-core-1.2.6.jar;C:\Users\azaos\.m2\repository\info\cukes\cucumber-html\0.2.3\cucumber-html-0.2.3.jar;C:\Users\azaos\.m2\repository\info\cukes\cucumber-jvm-deps\1.0.5\cucumber-jvm-deps-1.0.5.jar;C:\Users\azaos\.m2\repository\info\cukes\gherkin\2.12.2\gherkin-2.12.2.jar;C:\Users\azaos\.m2\repository\io\rest-assured\rest-assured\4.3.3\rest-assured-4.3.3.jar;C:\Users\azaos\.m2\repository\org\codehaus\groovy\groovy\3.0.7\groovy-3.0.7.jar;C:\Users\azaos\.m2\repository\org\codehaus\groovy\groovy-xml\3.0.7\groovy-xml-3.0.7.jar;C:\Users\azaos\.m2\repository\org\apache\httpcomponents\httpclient\4.5.3\httpclient-4.5.3.jar;C:\Users\azaos\.m2\repository\org\apache\httpcomponents\httpcore\4.4.6\httpcore-4.4.6.jar;C:\Users\azaos\.m2\repository\commons-logging\commons-logging\1.2\commons-logging-1.2.jar;C:\Users\azaos\.m2\repository\commons-codec\commons-codec\1.9\commons-codec-1.9.jar;C:\Users\azaos\.m2\repository\org\apache\httpcomponents\httpmime\4.5.3\httpmime-4.5.3.jar;C:\Users\azaos\.m2\repository\org\hamcrest\hamcrest\2.1\hamcrest-2.1.jar;C:\Users\azaos\.m2\repository\org\ccil\cowan\tagsoup\tagsoup\1.2.1\tagsoup-1.2.1.jar;C:\Users\azaos\.m2\repository\io\rest-assured\json-path\4.3.3\json-path-4.3.3.jar;C:\Users\azaos\.m2\repository\org\codehaus\groovy\groovy-json\3.0.7\groovy-json-3.0.7.jar;C:\Users\azaos\.m2\repository\io\rest-assured\rest-assured-common\4.3.3\rest-assured-common-4.3.3.jar;C:\Users\azaos\.m2\repository\io\rest-assured\xml-path\4.3.3\xml-path-4.3.3.jar;C:\Users\azaos\.m2\repository\org\apache\commons\commons-lang3\3.11\commons-lang3-3.11.jar;C:\Users\azaos\.m2\repository\jakarta\xml\bind\jakarta.xml.bind-api\2.3.3\jakarta.xml.bind-api-2.3.3.jar;C:\Users\azaos\.m2\repository\jakarta\activation\jakarta.activation-api\1.2.2\jakarta.activation-api-1.2.2.jar;C:\Users\azaos\.m2\repository\com\sun\xml\bind\jaxb-impl\2.3.3\jaxb-impl-2.3.3.jar;C:\Users\azaos\.m2\repository\org\hamcrest\hamcrest-all\1.3\hamcrest-all-1.3.jar;C:\Users\azaos\.m2\repository\org\projectlombok\lombok\1.18.16\lombok-1.18.16.jar;C:\Users\azaos\.m2\repository\com\google\code\gson\gson\2.8.5\gson-2.8.5.jar;C:\Users\azaos\.m2\repository\io\cucumber\cucumber-picocontainer\1.2.6\cucumber-picocontainer-1.2.6.jar;C:\Users\azaos\.m2\repository\org\picocontainer\picocontainer\2.15\picocontainer-2.15.jar;C:\Users\azaos\.m2\repository\org\apache\logging\log4j\log4j-core\2.14.0\log4j-core-2.14.0.jar;C:\Users\azaos\.m2\repository\org\apache\logging\log4j\log4j-api\2.14.0\log4j-api-2.14.0.jar;"/>
    <property name="java.vm.vendor" value="Oracle Corporation"/>
    <property name="sun.arch.data.model" value="64"/>
    <property name="user.variant" value=""/>
    <property name="java.vendor.url" value="https://java.oracle.com/"/>
    <property name="os.name" value="Windows 10"/>
    <property name="java.vm.specification.version" value="14"/>
    <property name="sun.java.launcher" value="SUN_STANDARD"/>
    <property name="user.country" value="US"/>
    <property name="sun.boot.library.path" value="C:\Program Files\Java\jdk-14.0.1\bin"/>
    <property name="sun.java.command" value="C:\Users\azaos\AppData\Local\Temp\surefire16637173986346427101\surefirebooter4884867653761683845.jar C:\Users\azaos\AppData\Local\Temp\surefire16637173986346427101 2021-06-16T15-23-46_564-jvmRun1 surefire5037115354425764287tmp surefire_018440669951400320605tmp"/>
    <property name="jdk.debug" value="release"/>
    <property name="surefire.test.class.path" value="C:\Users\azaos\IdeaProjects\Book_It_LogiSense\target\test-classes;C:\Users\azaos\IdeaProjects\Book_It_LogiSense\target\classes;C:\Users\azaos\.m2\repository\junit\junit\4.11\junit-4.11.jar;C:\Users\azaos\.m2\repository\org\hamcrest\hamcrest-core\1.3\hamcrest-core-1.3.jar;C:\Users\azaos\.m2\repository\io\cucumber\cucumber-junit\1.2.6\cucumber-junit-1.2.6.jar;C:\Users\azaos\.m2\repository\io\cucumber\cucumber-java\1.2.6\cucumber-java-1.2.6.jar;C:\Users\azaos\.m2\repository\io\cucumber\cucumber-core\1.2.6\cucumber-core-1.2.6.jar;C:\Users\azaos\.m2\repository\info\cukes\cucumber-html\0.2.3\cucumber-html-0.2.3.jar;C:\Users\azaos\.m2\repository\info\cukes\cucumber-jvm-deps\1.0.5\cucumber-jvm-deps-1.0.5.jar;C:\Users\azaos\.m2\repository\info\cukes\gherkin\2.12.2\gherkin-2.12.2.jar;C:\Users\azaos\.m2\repository\io\rest-assured\rest-assured\4.3.3\rest-assured-4.3.3.jar;C:\Users\azaos\.m2\repository\org\codehaus\groovy\groovy\3.0.7\groovy-3.0.7.jar;C:\Users\azaos\.m2\repository\org\codehaus\groovy\groovy-xml\3.0.7\groovy-xml-3.0.7.jar;C:\Users\azaos\.m2\repository\org\apache\httpcomponents\httpclient\4.5.3\httpclient-4.5.3.jar;C:\Users\azaos\.m2\repository\org\apache\httpcomponents\httpcore\4.4.6\httpcore-4.4.6.jar;C:\Users\azaos\.m2\repository\commons-logging\commons-logging\1.2\commons-logging-1.2.jar;C:\Users\azaos\.m2\repository\commons-codec\commons-codec\1.9\commons-codec-1.9.jar;C:\Users\azaos\.m2\repository\org\apache\httpcomponents\httpmime\4.5.3\httpmime-4.5.3.jar;C:\Users\azaos\.m2\repository\org\hamcrest\hamcrest\2.1\hamcrest-2.1.jar;C:\Users\azaos\.m2\repository\org\ccil\cowan\tagsoup\tagsoup\1.2.1\tagsoup-1.2.1.jar;C:\Users\azaos\.m2\repository\io\rest-assured\json-path\4.3.3\json-path-4.3.3.jar;C:\Users\azaos\.m2\repository\org\codehaus\groovy\groovy-json\3.0.7\groovy-json-3.0.7.jar;C:\Users\azaos\.m2\repository\io\rest-assured\rest-assured-common\4.3.3\rest-assured-common-4.3.3.jar;C:\Users\azaos\.m2\repository\io\rest-assured\xml-path\4.3.3\xml-path-4.3.3.jar;C:\Users\azaos\.m2\repository\org\apache\commons\commons-lang3\3.11\commons-lang3-3.11.jar;C:\Users\azaos\.m2\repository\jakarta\xml\bind\jakarta.xml.bind-api\2.3.3\jakarta.xml.bind-api-2.3.3.jar;C:\Users\azaos\.m2\repository\jakarta\activation\jakarta.activation-api\1.2.2\jakarta.activation-api-1.2.2.jar;C:\Users\azaos\.m2\repository\com\sun\xml\bind\jaxb-impl\2.3.3\jaxb-impl-2.3.3.jar;C:\Users\azaos\.m2\repository\org\hamcrest\hamcrest-all\1.3\hamcrest-all-1.3.jar;C:\Users\azaos\.m2\repository\org\projectlombok\lombok\1.18.16\lombok-1.18.16.jar;C:\Users\azaos\.m2\repository\com\google\code\gson\gson\2.8.5\gson-2.8.5.jar;C:\Users\azaos\.m2\repository\io\cucumber\cucumber-picocontainer\1.2.6\cucumber-picocontainer-1.2.6.jar;C:\Users\azaos\.m2\repository\org\picocontainer\picocontainer\2.15\picocontainer-2.15.jar;C:\Users\azaos\.m2\repository\org\apache\logging\log4j\log4j-core\2.14.0\log4j-core-2.14.0.jar;C:\Users\azaos\.m2\repository\org\apache\logging\log4j\log4j-api\2.14.0\log4j-api-2.14.0.jar;"/>
    <property name="sun.cpu.endian" value="little"/>
    <property name="user.home" value="C:\Users\azaos"/>
    <property name="user.language" value="en"/>
    <property name="java.specification.vendor" value="Oracle Corporation"/>
    <property name="java.version.date" value="2020-04-14"/>
    <property name="java.home" value="C:\Program Files\Java\jdk-14.0.1"/>
    <property name="file.separator" value="\"/>
    <property name="basedir" value="C:\Users\azaos\IdeaProjects\Book_It_LogiSense"/>
    <property name="java.vm.compressedOopsMode" value="32-bit"/>
    <property name="line.separator" value="&#10;"/>
    <property name="java.vm.specification.vendor" value="Oracle Corporation"/>
    <property name="java.specification.name" value="Java Platform API Specification"/>
    <property name="surefire.real.class.path" value="C:\Users\azaos\AppData\Local\Temp\surefire16637173986346427101\surefirebooter4884867653761683845.jar"/>
    <property name="user.script" value=""/>
    <property name="sun.management.compiler" value="HotSpot 64-Bit Tiered Compilers"/>
    <property name="java.runtime.version" value="14.0.1+7"/>
    <property name="user.name" value="azaos"/>
    <property name="path.separator" value=";"/>
    <property name="os.version" value="10.0"/>
    <property name="java.runtime.name" value="Java(TM) SE Runtime Environment"/>
    <property name="file.encoding" value="Cp1252"/>
    <property name="java.vm.name" value="Java HotSpot(TM) 64-Bit Server VM"/>
    <property name="localRepository" value="C:\Users\azaos\.m2\repository"/>
    <property name="cucumber.options" value="--tags @smoke"/>
    <property name="java.vendor.url.bug" value="https://bugreport.java.com/bugreport/"/>
    <property name="java.io.tmpdir" value="C:\Users\azaos\AppData\Local\Temp\"/>
    <property name="java.version" value="14.0.1"/>
    <property name="user.dir" value="C:\Users\azaos\IdeaProjects\Book_It_LogiSense"/>
    <property name="os.arch" value="amd64"/>
    <property name="java.vm.specification.name" value="Java Virtual Machine Specification"/>
    <property name="sun.os.patch.level" value=""/>
    <property name="java.library.path" value="C:\Program Files\Java\jdk-14.0.1\bin;C:\WINDOWS\Sun\Java\bin;C:\WINDOWS\system32;C:\WINDOWS;C:\Program Files (x86)\Common Files\Oracle\Java\javapath;C:\WINDOWS\system32;C:\WINDOWS;C:\WINDOWS\System32\Wbem;C:\WINDOWS\System32\WindowsPowerShell\v1.0\;C:\WINDOWS\System32\OpenSSH\;C:\Program Files\Java\jdk-14.0.1\bin;C:\Program Files\Git\cmd;C:\Users\azaos\Downloads\apache-maven-3.6.3-bin\apache-maven-3.6.3\bin;C:\Users\azaos\AppData\Local\Microsoft\WindowsApps;C:\Program Files\JetBrains\IntelliJ IDEA Community Edition 2020.1.2\bin;;MAVEN_HOME\bin;C:\Users\azaos\Downloads\apache-maven-3.6.3-bin\apache-maven-3.6.3\bin;;C:\Users\azaos\AppData\Local\Programs\Fiddler;."/>
    <property name="java.vm.info" value="mixed mode, sharing"/>
    <property name="java.vendor" value="Oracle Corporation"/>
    <property name="java.vm.version" value="14.0.1+7"/>
    <property name="sun.io.unicode.encoding" value="UnicodeLittle"/>
    <property name="java.class.version" value="58.0"/>
  </properties>
  <testcase name="Given product is set with the following fields" classname="Scenario: provider creates a new product" time="0"/>
  <testcase name="Scenario: provider creates a new product" classname="Scenario: provider creates a new product" time="0"/>
  <testcase name="Given productTypes is set with following fields" classname="Scenario: provider enters a data in productTypes" time="0"/>
  <testcase name="Scenario: provider enters a data in productTypes" classname="Scenario: provider enters a data in productTypes" time="0"/>
  <testcase name="Given productWorkingDates is set with following fields" classname="Scenario: provider enters a data in ProductWorkingDates" time="0"/>
  <testcase name="Scenario: provider enters a data in ProductWorkingDates" classname="Scenario: provider enters a data in ProductWorkingDates" time="0"/>
  <testcase name="Given timeSlots is set with the following fields" classname="Scenario: provider enters a data in timeSlots" time="0"/>
  <testcase name="Scenario: provider enters a data in timeSlots" classname="Scenario: provider enters a data in timeSlots" time="0"/>
  <testcase name="Given productRegions is set with the following fields" classname="Scenario: provider enters a data in ProductRegions" time="0"/>
  <testcase name="Scenario: provider enters a data in ProductRegions" classname="Scenario: provider enters a data in ProductRegions" time="0"/>
  <testcase name="Given productPrices is set with the following fields" classname="Scenario: provider enters a data in ProductPrices" time="0"/>
  <testcase name="Scenario: provider enters a data in ProductPrices" classname="Scenario: provider enters a data in ProductPrices" time="0"/>
  <testcase name="Then productPriceTypes is set with the following dates" classname="Scenario: provider enters a data in productPriceTypes" time="0"/>
  <testcase name="Scenario: provider enters a data in productPriceTypes" classname="Scenario: provider enters a data in productPriceTypes" time="0"/>
  <testcase name="Given productCustomerType is set with the following fields" classname="Scenario: provider enters a data in productCustomerType" time="0"/>
  <testcase name="Scenario: provider enters a data in productCustomerType" classname="Scenario: provider enters a data in productCustomerType" time="0"/>
  <testcase name="Given productCustomerTypes is set with following fields" classname="Scenario: provider enters a data in productCustomerTypes" time="0"/>
  <testcase name="Scenario: provider enters a data in productCustomerTypes" classname="Scenario: provider enters a data in productCustomerTypes" time="0"/>
  <testcase name="Given City is set with the following fields" classname="Scenario: provider enters a data in City" time="0"/>
  <testcase name="Scenario: provider enters a data in City" classname="Scenario: provider enters a data in City" time="0"/>
  <testcase name="Given productIncludedTags is set with the following fields" classname="Scenario: provider enters a data in productIncludedTags" time="0"/>
  <testcase name="Scenario: provider enters a data in productIncludedTags" classname="Scenario: provider enters a data in productIncludedTags" time="0"/>
  <testcase name="Given productExcludedTags is set with the following fields" classname="Scenario: provider enters a data in productExcludedTags" time="0"/>
  <testcase name="Scenario: provider enters a data in productExcludedTags" classname="Scenario: provider enters a data in productExcludedTags" time="0"/>
  <testcase name="Given productTags is set with the following fields" classname="Scenario: provider enters a data in productTags" time="0"/>
  <testcase name="Scenario: provider enters a data in productTags" classname="Scenario: provider enters a data in productTags" time="0"/>
  <testcase name="Given productVideos is set with the following fields" classname="Scenario: provider enters a data in product videos" time="0"/>
  <testcase name="Scenario: provider enters a data in product videos" classname="Scenario: provider enters a data in product videos" time="0"/>
  <testcase name="Given provider creates a new product" classname="Scenario: Provider creates a new product" time="0"/>
  <testcase name="Then verify status code is 200" classname="Scenario: Provider creates a new product" time="0"/>
  <testcase name="Scenario: Provider creates a new product" classname="Scenario: Provider creates a new product" time="0"/>
  <testcase name="Then verify that new product is set with following fields" classname="Scenario: verify that product has been created" time="0"/>
  <testcase name="Scenario: verify that product has been created" classname="Scenario: verify that product has been created" time="0"/>
  <testcase name="Given verify that ProductWorkingDates is set with following fields" classname="Scenario: verify that ProductWorkingDates has been created" time="0"/>
  <testcase name="Scenario: verify that ProductWorkingDates has been created" classname="Scenario: verify that ProductWorkingDates has been created" time="0"/>
  <testcase name="Given verify that timeSlots is set with following fields" classname="Scenario: verify that timeSlots has been created" time="0"/>
  <testcase name="Scenario: verify that timeSlots has been created" classname="Scenario: verify that timeSlots has been created" time="0"/>
  <testcase name="Given verify that productRegions is set with following fields" classname="Scenario: verify that productRegions have been created" time="0.008">
    <failure message="failure of regionName  expected:&lt;Eilat&gt; but was:&lt;null&gt;" type="java.lang.AssertionError"><![CDATA[java.lang.AssertionError: failure of regionName  expected:<Eilat> but was:<null>
]]></failure>
    <system-out><![CDATA[
  Scenario: verify that timeSlots has been created           &amp#27;[90m# features/wizard/wizardNewProduct.feature:106&amp#27;[0m
    &amp#27;[32mGiven &amp#27;[0m&amp#27;[32mverify that timeSlots is set with following fields&amp#27;[0m &amp#27;[90m# CreateNewProductSteps.verifyThatTimeSlotsIsSetWithFollowingFields(String,String>>)&amp#27;[0m
]]></system-out>
  </testcase>
  <testcase name="Scenario: verify that productRegions have been created" classname="Scenario: verify that productRegions have been created" time="0.008">
    <failure message="failure of regionName  expected:&lt;Eilat&gt; but was:&lt;null&gt;" type="java.lang.AssertionError"><![CDATA[java.lang.AssertionError: failure of regionName  expected:<Eilat> but was:<null>
]]></failure>
  </testcase>
  <testcase name="Given verify that productPrices is set with following field" classname="Scenario: verify that productPrices have been created" time="0"/>
  <testcase name="Scenario: verify that productPrices have been created" classname="Scenario: verify that productPrices have been created" time="0.008"/>
  <testcase name="Given verify that productPriceTypes is set with following fields" classname="Scenario: verify that productPriceTypes have been created" time="0"/>
  <testcase name="Scenario: verify that productPriceTypes have been created" classname="Scenario: verify that productPriceTypes have been created" time="0"/>
  <testcase name="Given verify that productCustomerType is set with following fields" classname="Scenario: verify that productCustomerType has been created" time="0"/>
  <testcase name="Scenario: verify that productCustomerType has been created" classname="Scenario: verify that productCustomerType has been created" time="0"/>
  <testcase name="Given verify that productCustomerTypes is set with following fields" classname="Scenario: verify that productCustomerTypes have been created" time="0"/>
  <testcase name="Scenario: verify that productCustomerTypes have been created" classname="Scenario: verify that productCustomerTypes have been created" time="0"/>
  <testcase name="Given verify that city is set with following fields" classname="Scenario: verify that city has been created" time="0"/>
  <testcase name="Scenario: verify that city has been created" classname="Scenario: verify that city has been created" time="0"/>
  <testcase name="Given verify that productIncludedTags is set with following fields" classname="Scenario: verify that productIncludedTags have been created" time="0">
    <failure message="failure of subTagName  expected:&lt;WiFi&gt; but was:&lt;null&gt;" type="java.lang.AssertionError"><![CDATA[java.lang.AssertionError: failure of subTagName  expected:<WiFi> but was:<null>
]]></failure>
    <system-out><![CDATA[
  Scenario: verify that city has been created           &amp#27;[90m# features/wizard/wizardNewProduct.feature:137&amp#27;[0m
    &amp#27;[32mGiven &amp#27;[0m&amp#27;[32mverify that city is set with following fields&amp#27;[0m &amp#27;[90m# CreateNewProductSteps.verifyThatCityIsSetWithFollowingFields(String,String>>)&amp#27;[0m
]]></system-out>
  </testcase>
  <testcase name="Scenario: verify that productIncludedTags have been created" classname="Scenario: verify that productIncludedTags have been created" time="0">
    <failure message="failure of subTagName  expected:&lt;WiFi&gt; but was:&lt;null&gt;" type="java.lang.AssertionError"><![CDATA[java.lang.AssertionError: failure of subTagName  expected:<WiFi> but was:<null>
]]></failure>
  </testcase>
  <testcase name="Given verify that productExcludedTags is set with following fields" classname="Scenario: verify that productExcludedTags have been created" time="0">
    <failure message="failure of subTagName  expected:&lt;Food&gt; but was:&lt;null&gt;" type="java.lang.AssertionError"><![CDATA[java.lang.AssertionError: failure of subTagName  expected:<Food> but was:<null>
]]></failure>
    <system-out><![CDATA[
  Scenario: verify that productIncludedTags have been created          &amp#27;[90m# features/wizard/wizardNewProduct.feature:142&amp#27;[0m
    &amp#27;[31mGiven &amp#27;[0m&amp#27;[31mverify that productIncludedTags is set with following fields&amp#27;[0m &amp#27;[90m# CreateNewProductSteps.verifyThatProductIncludedTagsIsSetWithFollowingFields(String,String>>)&amp#27;[0m
      &amp#27;[31mjava.lang.AssertionError: failure of subTagName  expected:<WiFi> but was:<null>
      	at org.junit.Assert.fail(Assert.java:88)
      	at org.junit.Assert.failNotEquals(Assert.java:743)
      	at org.junit.Assert.assertEquals(Assert.java:118)
      	at www.logisense.com.cucumber.steps.newProduct.CreateNewProductSteps.verifyThatProductIncludedTagsIsSetWithFollowingFields(CreateNewProductSteps.java:524)
      	at ?.Given verify that productIncludedTags is set with following fields(features/wizard/wizardNewProduct.feature:143)
      &amp#27;[0m
]]></system-out>
  </testcase>
  <testcase name="Scenario: verify that productExcludedTags have been created" classname="Scenario: verify that productExcludedTags have been created" time="0">
    <failure message="failure of subTagName  expected:&lt;Food&gt; but was:&lt;null&gt;" type="java.lang.AssertionError"><![CDATA[java.lang.AssertionError: failure of subTagName  expected:<Food> but was:<null>
]]></failure>
  </testcase>
  <testcase name="Given verify that productTags is set with following fields" classname="Scenario: verify that productTags has been created" time="0">
    <failure message="failure of subTagName  expected:&lt;Extreme&gt; but was:&lt;null&gt;" type="java.lang.AssertionError"><![CDATA[java.lang.AssertionError: failure of subTagName  expected:<Extreme> but was:<null>
]]></failure>
    <system-out><![CDATA[
  Scenario: verify that productExcludedTags have been created          &amp#27;[90m# features/wizard/wizardNewProduct.feature:147&amp#27;[0m
    &amp#27;[31mGiven &amp#27;[0m&amp#27;[31mverify that productExcludedTags is set with following fields&amp#27;[0m &amp#27;[90m# CreateNewProductSteps.verifyThatProductExcludedTagsIsSetWithFollowingFields(String,String>>)&amp#27;[0m
      &amp#27;[31mjava.lang.AssertionError: failure of subTagName  expected:<Food> but was:<null>
      	at org.junit.Assert.fail(Assert.java:88)
      	at org.junit.Assert.failNotEquals(Assert.java:743)
      	at org.junit.Assert.assertEquals(Assert.java:118)
      	at www.logisense.com.cucumber.steps.newProduct.CreateNewProductSteps.verifyThatProductExcludedTagsIsSetWithFollowingFields(CreateNewProductSteps.java:533)
      	at ?.Given verify that productExcludedTags is set with following fields(features/wizard/wizardNewProduct.feature:148)
      &amp#27;[0m
]]></system-out>
  </testcase>
  <testcase name="Scenario: verify that productTags has been created" classname="Scenario: verify that productTags has been created" time="0">
    <failure message="failure of subTagName  expected:&lt;Extreme&gt; but was:&lt;null&gt;" type="java.lang.AssertionError"><![CDATA[java.lang.AssertionError: failure of subTagName  expected:<Extreme> but was:<null>
]]></failure>
  </testcase>
  <testcase name="Given verify that productVideos is set with following fields" classname="Scenario: verify that productVideos have been created" time="0"/>
  <testcase name="Scenario: verify that productVideos have been created" classname="Scenario: verify that productVideos have been created" time="0"/>
  <testcase name="Given product is set with the following fields" classname="Scenario: Provider creates a new product with the same data" time="0"/>
  <testcase name="Given productVideos is set with the following fields" classname="Scenario: Provider creates a new product with the same data" time="0"/>
  <testcase name="Given provider creates a new product" classname="Scenario: Provider creates a new product with the same data" time="0"/>
  <testcase name="Then verify status code is 500" classname="Scenario: Provider creates a new product with the same data" time="0">
    <failure message="expected:&lt;500&gt; but was:&lt;200&gt;" type="java.lang.AssertionError"><![CDATA[java.lang.AssertionError: expected:<500> but was:<200>
]]></failure>
    <system-out><![CDATA[{
    "id": "Gaz735lV",
    "name": "AutoTest",
    "productTypeId": null,
    "active": true,
    "shortDescription": "Test For Automation 1",
    "fullDescription": "Automation for API in Postman",
    "mostPopular": null,
    "longitude": 456.456,
    "latitude": 3245678.5467,
    "calendarColor": "blue",
    "address": "Bishkek",
    "cityId": "QrO9wnae",
    "createdAt": "2021-06-16T11:24:03.581852",
    "productImages": [
        
    ],
    "productDocuments": [
        
    ],
    "productTypes": null,
    "productWorkingDates": [
        {
            "id": "Ybpv5BOJ",
            "productId": "Gaz735lV",
            "fromDate": "2021-05-27",
            "toDate": "2022-12-31",
            "name": "1234567sdfgh#$#%^%&",
            "strictHours": false,
            "timeSlots": [
                {
                    "id": "Yayq9zaW",
                    "productWorkingDateId": "Ybpv5BOJ",
                    "dayOfWeek": "Monday",
                    "startTime": "09:00:00",
                    "endTime": "20:00:00",
                    "duration": "01:00:00",
                    "quantity": 67,
                    "usedQuantity": 0,
                    "active": false,
                    "deletedAt": null
                }
            ],
            "deletedAt": null,
            "maxUsedTicketsQuantity": 0,
            "errorCode": 0
        }
    ],
    "productRegions": [
        {
            "id": "5bpJGVaV",
            "productId": "Gaz735lV",
            "regionId": "5bpJKaVE",
            "regionName": null
        }
    ],
    "productPrices": [
        {
            "id": "0GpbGXar",
            "productId": "Gaz735lV",
            "channelId": "5bpJKaVE",
            "fromDate": "2021-05-31T00:00:00",
            "toDate": "2022-12-31T00:00:00",
            "title": "API",
            "remarks": "Test",
            "officialPrice": 0,
            "currencyId": "5bpJKaVE",
            "quantityPerDay": 123,
            "autoConfirm": false,
            "pricePerPerson": false,
            "productPriceTypes": [
                {
                    "id": "M5l12VOW",
                    "productPriceId": "0GpbGXar",
                    "productCustomerTypeId": "5l1AkzlW",
                    "amount": 57,
                    "currencyId": "Belm3pnb",
                    "currencySymbol": null,
                    "isOfficial": true,
                    "productCustomerType": {
                        "id": "5l1AkzlW",
                        "productId": "yxl4wVaj",
                        "name": "?????"
                    }
                }
            ],
            "deletedAt": null
        }
    ],
    "productCustomerTypes": [
        {
            "id": "Yp6gzdaK",
            "productId": "Gaz735lV",
            "name": "API"
        },
        {
            "id": "wOXz1nao",
            "productId": "Gaz735lV",
            "name": "?????"
        },
        {
            "id": "YayqvYaW",
            "productId": "Gaz735lV",
            "name": "???"
        },
        {
            "id": "3pWo2Rp4",
            "productId": "Gaz735lV",
            "name": "?????"
        }
    ],
    "city": {
        "id": "QrO9wnae",
        "name": "Israel"
    },
    "productIncludedTags": [
        {
            "id": "r1lk0GO6",
            "productId": "Gaz735lV",
            "subTagId": "jLa3rjpz",
            "parentTagId": null,
            "subTagName": null
        }
    ],
    "productExcludedTags": [
        {
            "id": "KPleWVpv",
            "productId": "Gaz735lV",
            "subTagId": "4eO8gvlP",
            "parentTagId": null,
            "subTagName": null
        }
    ],
    "productTags": [
        {
            "id": "zpM6Eea6",
            "productId": "Gaz735lV",
            "subTagId": "qeaZMepd",
            "parentTagId": null,
            "subTagName": null
        }
    ],
    "productTranslations": null,
    "productVideos": [
        {
            "id": "KPleVNOv",
            "productId": "Gaz735lV",
            "path": "https://www.youtube.com/watch?v=u1yVCeXYya4&list=RDMMu1yVCeXYya4&start_radio=1"
        }
    ]
}
{
    "id": "Gaz735lV",
    "name": "AutoTest",
    "productTypeId": null,
    "active": true,
    "shortDescription": "Test For Automation 1",
    "fullDescription": "Automation for API in Postman",
    "mostPopular": null,
    "longitude": 456.456,
    "latitude": 3245678.5467,
    "calendarColor": "blue",
    "address": "Bishkek",
    "cityId": "QrO9wnae",
    "createdAt": "2021-06-16T11:24:03.581852",
    "productImages": [
        
    ],
    "productDocuments": [
        
    ],
    "productTypes": null,
    "productWorkingDates": [
        {
            "id": "Ybpv5BOJ",
            "productId": "Gaz735lV",
            "fromDate": "2021-05-27",
            "toDate": "2022-12-31",
            "name": "1234567sdfgh#$#%^%&",
            "strictHours": false,
            "timeSlots": [
                {
                    "id": "Yayq9zaW",
                    "productWorkingDateId": "Ybpv5BOJ",
                    "dayOfWeek": "Monday",
                    "startTime": "09:00:00",
                    "endTime": "20:00:00",
                    "duration": "01:00:00",
                    "quantity": 67,
                    "usedQuantity": 0,
                    "active": false,
                    "deletedAt": null
                }
            ],
            "deletedAt": null,
            "maxUsedTicketsQuantity": 0,
            "errorCode": 0
        }
    ],
    "productRegions": [
        {
            "id": "5bpJGVaV",
            "productId": "Gaz735lV",
            "regionId": "5bpJKaVE",
            "regionName": null
        }
    ],
    "productPrices": [
        {
            "id": "0GpbGXar",
            "productId": "Gaz735lV",
            "channelId": "5bpJKaVE",
            "fromDate": "2021-05-31T00:00:00",
            "toDate": "2022-12-31T00:00:00",
            "title": "API",
            "remarks": "Test",
            "officialPrice": 0,
            "currencyId": "5bpJKaVE",
            "quantityPerDay": 123,
            "autoConfirm": false,
            "pricePerPerson": false,
            "productPriceTypes": [
                {
                    "id": "M5l12VOW",
                    "productPriceId": "0GpbGXar",
                    "productCustomerTypeId": "5l1AkzlW",
                    "amount": 57,
                    "currencyId": "Belm3pnb",
                    "currencySymbol": null,
                    "isOfficial": true,
                    "productCustomerType": {
                        "id": "5l1AkzlW",
                        "productId": "yxl4wVaj",
                        "name": "?????"
                    }
                }
            ],
            "deletedAt": null
        }
    ],
    "productCustomerTypes": [
        {
            "id": "Yp6gzdaK",
            "productId": "Gaz735lV",
            "name": "API"
        },
        {
            "id": "wOXz1nao",
            "productId": "Gaz735lV",
            "name": "?????"
        },
        {
            "id": "YayqvYaW",
            "productId": "Gaz735lV",
            "name": "???"
        },
        {
            "id": "3pWo2Rp4",
            "productId": "Gaz735lV",
            "name": "?????"
        }
    ],
    "city": {
        "id": "QrO9wnae",
        "name": "Israel"
    },
    "productIncludedTags": [
        {
            "id": "r1lk0GO6",
            "productId": "Gaz735lV",
            "subTagId": "jLa3rjpz",
            "parentTagId": null,
            "subTagName": null
        }
    ],
    "productExcludedTags": [
        {
            "id": "KPleWVpv",
            "productId": "Gaz735lV",
            "subTagId": "4eO8gvlP",
            "parentTagId": null,
            "subTagName": null
        }
    ],
    "productTags": [
        {
            "id": "zpM6Eea6",
            "productId": "Gaz735lV",
            "subTagId": "qeaZMepd",
            "parentTagId": null,
            "subTagName": null
        }
    ],
    "productTranslations": null,
    "productVideos": [
        {
            "id": "KPleVNOv",
            "productId": "Gaz735lV",
            "path": "https://www.youtube.com/watch?v=u1yVCeXYya4&list=RDMMu1yVCeXYya4&start_radio=1"
        }
    ]
}
]]></system-out>
  </testcase>
  <testcase name="Scenario: Provider creates a new product with the same data" classname="Scenario: Provider creates a new product with the same data" time="0">
    <failure message="expected:&lt;500&gt; but was:&lt;200&gt;" type="java.lang.AssertionError"><![CDATA[java.lang.AssertionError: expected:<500> but was:<200>
]]></failure>
  </testcase>
  <testcase name="Then verify the title is &quot;Internal Server Error&quot;" classname="Scenario: Provider creates a new product with the same data" time="0">
    <skipped/>
  </testcase>
  <testcase name="Given product is set with the following fields" classname="Scenario: Provider creates a new product with missing name field" time="0"/>
  <testcase name="Given productVideos is set with the following fields" classname="Scenario: Provider creates a new product with missing name field" time="0"/>
  <testcase name="Given provider creates a new product" classname="Scenario: Provider creates a new product with missing name field" time="0"/>
  <testcase name="Then verify status code is 500" classname="Scenario: Provider creates a new product with missing name field" time="0"/>
  <testcase name="Then verify the title is &quot;Internal Server Error&quot;" classname="Scenario: Provider creates a new product with missing name field" time="0"/>
  <testcase name="Scenario: Provider creates a new product with missing name field" classname="Scenario: Provider creates a new product with missing name field" time="0"/>
  <testcase name="Given product is set with the following fields" classname="Scenario: Provider creates a new product with empty name field" time="0"/>
  <testcase name="Given productVideos is set with the following fields" classname="Scenario: Provider creates a new product with empty name field" time="0"/>
  <testcase name="Given provider creates a new product" classname="Scenario: Provider creates a new product with empty name field" time="0"/>
  <testcase name="Then verify status code is 400" classname="Scenario: Provider creates a new product with empty name field" time="0">
    <failure message="expected:&lt;400&gt; but was:&lt;200&gt;" type="java.lang.AssertionError"><![CDATA[java.lang.AssertionError: expected:<400> but was:<200>
]]></failure>
    <system-out><![CDATA[{
    "id": "PleoAopv",
    "name": "",
    "productTypeId": null,
    "active": true,
    "shortDescription": "Test For Automation 1",
    "fullDescription": "Automation for API in Postman",
    "mostPopular": null,
    "longitude": 456.456,
    "latitude": 3245678.5467,
    "calendarColor": "blue",
    "address": "Bishkek",
    "cityId": "5rO724l6",
    "createdAt": "2021-06-16T11:24:06.483465",
    "productImages": [
        
    ],
    "productDocuments": [
        
    ],
    "productTypes": null,
    "productWorkingDates": [
        {
            "id": "ozOPx8Oj",
            "productId": "PleoAopv",
            "fromDate": "2021-05-27",
            "toDate": "2022-12-31",
            "name": "1234567sdfgh#$#%^%&",
            "strictHours": false,
            "timeSlots": [
                {
                    "id": "3pWoLjp4",
                    "productWorkingDateId": "ozOPx8Oj",
                    "dayOfWeek": "Monday",
                    "startTime": "09:00:00",
                    "endTime": "20:00:00",
                    "duration": "01:00:00",
                    "quantity": 67,
                    "usedQuantity": 0,
                    "active": false,
                    "deletedAt": null
                }
            ],
            "deletedAt": null,
            "maxUsedTicketsQuantity": 0,
            "errorCode": 0
        }
    ],
    "productRegions": [
        {
            "id": "0WaN6oad",
            "productId": "PleoAopv",
            "regionId": "5bpJKaVE",
            "regionName": null
        }
    ],
    "productPrices": [
        {
            "id": "dzpMnea6",
            "productId": "PleoAopv",
            "channelId": "5bpJKaVE",
            "fromDate": "2021-05-31T00:00:00",
            "toDate": "2022-12-31T00:00:00",
            "title": "API",
            "remarks": "Test",
            "officialPrice": 0,
            "currencyId": "5bpJKaVE",
            "quantityPerDay": 123,
            "autoConfirm": false,
            "pricePerPerson": false,
            "productPriceTypes": [
                {
                    "id": "WYp65nOK",
                    "productPriceId": "dzpMnea6",
                    "productCustomerTypeId": "Gaz735lV",
                    "amount": 57,
                    "currencyId": "Belm3pnb",
                    "currencySymbol": null,
                    "isOfficial": true,
                    "productCustomerType": {
                        "id": "Gaz735lV",
                        "productId": "yxl4wVaj",
                        "name": "?????"
                    }
                }
            ],
            "deletedAt": null
        }
    ],
    "productCustomerTypes": [
        {
            "id": "8p0NP7lJ",
            "productId": "PleoAopv",
            "name": "API"
        },
        {
            "id": "PleoAopv",
            "productId": "PleoAopv",
            "name": "?????"
        },
        {
            "id": "ApRDZMlY",
            "productId": "PleoAopv",
            "name": "???"
        },
        {
            "id": "7OxM0Wp6",
            "productId": "PleoAopv",
            "name": "?????"
        }
    ],
    "city": {
        "id": "5rO724l6",
        "name": "Israel"
    },
    "productIncludedTags": [
        {
            "id": "zblBDDpR",
            "productId": "PleoAopv",
            "subTagId": "jLa3rjpz",
            "parentTagId": null,
            "subTagName": null
        }
    ],
    "productExcludedTags": [
        {
            "id": "vApRoVaY",
            "productId": "PleoAopv",
            "subTagId": "4eO8gvlP",
            "parentTagId": null,
            "subTagName": null
        }
    ],
    "productTags": [
        {
            "id": "ZOw7w3Ox",
            "productId": "PleoAopv",
            "subTagId": "qeaZMepd",
            "parentTagId": null,
            "subTagName": null
        }
    ],
    "productTranslations": null,
    "productVideos": [
        {
            "id": "vApR2dpY",
            "productId": "PleoAopv",
            "path": "https://www.youtube.com/watch?v=u1yVCeXYya4&list=RDMMu1yVCeXYya4&start_radio=1"
        }
    ]
}
{
    "id": "PleoAopv",
    "name": "",
    "productTypeId": null,
    "active": true,
    "shortDescription": "Test For Automation 1",
    "fullDescription": "Automation for API in Postman",
    "mostPopular": null,
    "longitude": 456.456,
    "latitude": 3245678.5467,
    "calendarColor": "blue",
    "address": "Bishkek",
    "cityId": "5rO724l6",
    "createdAt": "2021-06-16T11:24:06.483465",
    "productImages": [
        
    ],
    "productDocuments": [
        
    ],
    "productTypes": null,
    "productWorkingDates": [
        {
            "id": "ozOPx8Oj",
            "productId": "PleoAopv",
            "fromDate": "2021-05-27",
            "toDate": "2022-12-31",
            "name": "1234567sdfgh#$#%^%&",
            "strictHours": false,
            "timeSlots": [
                {
                    "id": "3pWoLjp4",
                    "productWorkingDateId": "ozOPx8Oj",
                    "dayOfWeek": "Monday",
                    "startTime": "09:00:00",
                    "endTime": "20:00:00",
                    "duration": "01:00:00",
                    "quantity": 67,
                    "usedQuantity": 0,
                    "active": false,
                    "deletedAt": null
                }
            ],
            "deletedAt": null,
            "maxUsedTicketsQuantity": 0,
            "errorCode": 0
        }
    ],
    "productRegions": [
        {
            "id": "0WaN6oad",
            "productId": "PleoAopv",
            "regionId": "5bpJKaVE",
            "regionName": null
        }
    ],
    "productPrices": [
        {
            "id": "dzpMnea6",
            "productId": "PleoAopv",
            "channelId": "5bpJKaVE",
            "fromDate": "2021-05-31T00:00:00",
            "toDate": "2022-12-31T00:00:00",
            "title": "API",
            "remarks": "Test",
            "officialPrice": 0,
            "currencyId": "5bpJKaVE",
            "quantityPerDay": 123,
            "autoConfirm": false,
            "pricePerPerson": false,
            "productPriceTypes": [
                {
                    "id": "WYp65nOK",
                    "productPriceId": "dzpMnea6",
                    "productCustomerTypeId": "Gaz735lV",
                    "amount": 57,
                    "currencyId": "Belm3pnb",
                    "currencySymbol": null,
                    "isOfficial": true,
                    "productCustomerType": {
                        "id": "Gaz735lV",
                        "productId": "yxl4wVaj",
                        "name": "?????"
                    }
                }
            ],
            "deletedAt": null
        }
    ],
    "productCustomerTypes": [
        {
            "id": "8p0NP7lJ",
            "productId": "PleoAopv",
            "name": "API"
        },
        {
            "id": "PleoAopv",
            "productId": "PleoAopv",
            "name": "?????"
        },
        {
            "id": "ApRDZMlY",
            "productId": "PleoAopv",
            "name": "???"
        },
        {
            "id": "7OxM0Wp6",
            "productId": "PleoAopv",
            "name": "?????"
        }
    ],
    "city": {
        "id": "5rO724l6",
        "name": "Israel"
    },
    "productIncludedTags": [
        {
            "id": "zblBDDpR",
            "productId": "PleoAopv",
            "subTagId": "jLa3rjpz",
            "parentTagId": null,
            "subTagName": null
        }
    ],
    "productExcludedTags": [
        {
            "id": "vApRoVaY",
            "productId": "PleoAopv",
            "subTagId": "4eO8gvlP",
            "parentTagId": null,
            "subTagName": null
        }
    ],
    "productTags": [
        {
            "id": "ZOw7w3Ox",
            "productId": "PleoAopv",
            "subTagId": "qeaZMepd",
            "parentTagId": null,
            "subTagName": null
        }
    ],
    "productTranslations": null,
    "productVideos": [
        {
            "id": "vApR2dpY",
            "productId": "PleoAopv",
            "path": "https://www.youtube.com/watch?v=u1yVCeXYya4&list=RDMMu1yVCeXYya4&start_radio=1"
        }
    ]
}
]]></system-out>
  </testcase>
  <testcase name="Scenario: Provider creates a new product with empty name field" classname="Scenario: Provider creates a new product with empty name field" time="0">
    <failure message="expected:&lt;400&gt; but was:&lt;200&gt;" type="java.lang.AssertionError"><![CDATA[java.lang.AssertionError: expected:<400> but was:<200>
]]></failure>
  </testcase>
  <testcase name="Then verify the title is &quot;One or more validation errors occurred.&quot;" classname="Scenario: Provider creates a new product with empty name field" time="0">
    <skipped/>
  </testcase>
  <testcase name="When product is set with the following fields" classname="Scenario: Provider creates a new product with missing shortDescription field" time="0"/>
  <testcase name="Given productVideos is set with the following fields" classname="Scenario: Provider creates a new product with missing shortDescription field" time="0"/>
  <testcase name="Given provider creates a new product" classname="Scenario: Provider creates a new product with missing shortDescription field" time="0"/>
  <testcase name="Then verify status code is 500" classname="Scenario: Provider creates a new product with missing shortDescription field" time="0">
    <failure message="expected:&lt;500&gt; but was:&lt;200&gt;" type="java.lang.AssertionError"><![CDATA[java.lang.AssertionError: expected:<500> but was:<200>
]]></failure>
    <system-out><![CDATA[{
    "id": "ApRDZMlY",
    "name": "AutoTest",
    "productTypeId": null,
    "active": true,
    "shortDescription": null,
    "fullDescription": "Automation for API in Postman",
    "mostPopular": null,
    "longitude": 456.456,
    "latitude": 3245678.5467,
    "calendarColor": "blue",
    "address": "Bishkek",
    "cityId": "JnlY9Nlz",
    "createdAt": "2021-06-16T11:24:06.850854",
    "productImages": [
        
    ],
    "productDocuments": [
        
    ],
    "productTypes": null,
    "productWorkingDates": [
        {
            "id": "VblV5waw",
            "productId": "ApRDZMlY",
            "fromDate": "2021-05-27",
            "toDate": "2022-12-31",
            "name": "1234567sdfgh#$#%^%&",
            "strictHours": false,
            "timeSlots": [
                {
                    "id": "xl4WNoaj",
                    "productWorkingDateId": "VblV5waw",
                    "dayOfWeek": "Monday",
                    "startTime": "09:00:00",
                    "endTime": "20:00:00",
                    "duration": "01:00:00",
                    "quantity": 67,
                    "usedQuantity": 0,
                    "active": false,
                    "deletedAt": null
                }
            ],
            "deletedAt": null,
            "maxUsedTicketsQuantity": 0,
            "errorCode": 0
        }
    ],
    "productRegions": [
        {
            "id": "52aAoDOZ",
            "productId": "ApRDZMlY",
            "regionId": "5bpJKaVE",
            "regionName": null
        }
    ],
    "productPrices": [
        {
            "id": "0ZOwr3lx",
            "productId": "ApRDZMlY",
            "channelId": "5bpJKaVE",
            "fromDate": "2021-05-31T00:00:00",
            "toDate": "2022-12-31T00:00:00",
            "title": "API",
            "remarks": "Test",
            "officialPrice": 0,
            "currencyId": "5bpJKaVE",
            "quantityPerDay": 123,
            "autoConfirm": false,
            "pricePerPerson": false,
            "productPriceTypes": [
                {
                    "id": "kwOXPkOo",
                    "productPriceId": "0ZOwr3lx",
                    "productCustomerTypeId": "dl2oPxOX",
                    "amount": 57,
                    "currencyId": "Belm3pnb",
                    "currencySymbol": null,
                    "isOfficial": true,
                    "productCustomerType": {
                        "id": "dl2oPxOX",
                        "productId": "yxl4wVaj",
                        "name": "?????"
                    }
                }
            ],
            "deletedAt": null
        }
    ],
    "productCustomerTypes": [
        {
            "id": "Jpgy9vlq",
            "productId": "ApRDZMlY",
            "name": "API"
        },
        {
            "id": "Gpbzm5pr",
            "productId": "ApRDZMlY",
            "name": "?????"
        },
        {
            "id": "zpM9JRp6",
            "productId": "ApRDZMlY",
            "name": "???"
        },
        {
            "id": "ZOwLzDpx",
            "productId": "ApRDZMlY",
            "name": "?????"
        }
    ],
    "city": {
        "id": "JnlY9Nlz",
        "name": "Israel"
    },
    "productIncludedTags": [
        {
            "id": "7WlqQelb",
            "productId": "ApRDZMlY",
            "subTagId": "jLa3rjpz",
            "parentTagId": null,
            "subTagName": null
        }
    ],
    "productExcludedTags": [
        {
            "id": "q7Ox10p6",
            "productId": "ApRDZMlY",
            "subTagId": "4eO8gvlP",
            "parentTagId": null,
            "subTagName": null
        }
    ],
    "productTags": [
        {
            "id": "Bl5B97OX",
            "productId": "ApRDZMlY",
            "subTagId": "qeaZMepd",
            "parentTagId": null,
            "subTagName": null
        }
    ],
    "productTranslations": null,
    "productVideos": [
        {
            "id": "q7OxqXp6",
            "productId": "ApRDZMlY",
            "path": "https://www.youtube.com/watch?v=u1yVCeXYya4&list=RDMMu1yVCeXYya4&start_radio=1"
        }
    ]
}
{
    "id": "ApRDZMlY",
    "name": "AutoTest",
    "productTypeId": null,
    "active": true,
    "shortDescription": null,
    "fullDescription": "Automation for API in Postman",
    "mostPopular": null,
    "longitude": 456.456,
    "latitude": 3245678.5467,
    "calendarColor": "blue",
    "address": "Bishkek",
    "cityId": "JnlY9Nlz",
    "createdAt": "2021-06-16T11:24:06.850854",
    "productImages": [
        
    ],
    "productDocuments": [
        
    ],
    "productTypes": null,
    "productWorkingDates": [
        {
            "id": "VblV5waw",
            "productId": "ApRDZMlY",
            "fromDate": "2021-05-27",
            "toDate": "2022-12-31",
            "name": "1234567sdfgh#$#%^%&",
            "strictHours": false,
            "timeSlots": [
                {
                    "id": "xl4WNoaj",
                    "productWorkingDateId": "VblV5waw",
                    "dayOfWeek": "Monday",
                    "startTime": "09:00:00",
                    "endTime": "20:00:00",
                    "duration": "01:00:00",
                    "quantity": 67,
                    "usedQuantity": 0,
                    "active": false,
                    "deletedAt": null
                }
            ],
            "deletedAt": null,
            "maxUsedTicketsQuantity": 0,
            "errorCode": 0
        }
    ],
    "productRegions": [
        {
            "id": "52aAoDOZ",
            "productId": "ApRDZMlY",
            "regionId": "5bpJKaVE",
            "regionName": null
        }
    ],
    "productPrices": [
        {
            "id": "0ZOwr3lx",
            "productId": "ApRDZMlY",
            "channelId": "5bpJKaVE",
            "fromDate": "2021-05-31T00:00:00",
            "toDate": "2022-12-31T00:00:00",
            "title": "API",
            "remarks": "Test",
            "officialPrice": 0,
            "currencyId": "5bpJKaVE",
            "quantityPerDay": 123,
            "autoConfirm": false,
            "pricePerPerson": false,
            "productPriceTypes": [
                {
                    "id": "kwOXPkOo",
                    "productPriceId": "0ZOwr3lx",
                    "productCustomerTypeId": "dl2oPxOX",
                    "amount": 57,
                    "currencyId": "Belm3pnb",
                    "currencySymbol": null,
                    "isOfficial": true,
                    "productCustomerType": {
                        "id": "dl2oPxOX",
                        "productId": "yxl4wVaj",
                        "name": "?????"
                    }
                }
            ],
            "deletedAt": null
        }
    ],
    "productCustomerTypes": [
        {
            "id": "Jpgy9vlq",
            "productId": "ApRDZMlY",
            "name": "API"
        },
        {
            "id": "Gpbzm5pr",
            "productId": "ApRDZMlY",
            "name": "?????"
        },
        {
            "id": "zpM9JRp6",
            "productId": "ApRDZMlY",
            "name": "???"
        },
        {
            "id": "ZOwLzDpx",
            "productId": "ApRDZMlY",
            "name": "?????"
        }
    ],
    "city": {
        "id": "JnlY9Nlz",
        "name": "Israel"
    },
    "productIncludedTags": [
        {
            "id": "7WlqQelb",
            "productId": "ApRDZMlY",
            "subTagId": "jLa3rjpz",
            "parentTagId": null,
            "subTagName": null
        }
    ],
    "productExcludedTags": [
        {
            "id": "q7Ox10p6",
            "productId": "ApRDZMlY",
            "subTagId": "4eO8gvlP",
            "parentTagId": null,
            "subTagName": null
        }
    ],
    "productTags": [
        {
            "id": "Bl5B97OX",
            "productId": "ApRDZMlY",
            "subTagId": "qeaZMepd",
            "parentTagId": null,
            "subTagName": null
        }
    ],
    "productTranslations": null,
    "productVideos": [
        {
            "id": "q7OxqXp6",
            "productId": "ApRDZMlY",
            "path": "https://www.youtube.com/watch?v=u1yVCeXYya4&list=RDMMu1yVCeXYya4&start_radio=1"
        }
    ]
}
]]></system-out>
  </testcase>
  <testcase name="Scenario: Provider creates a new product with missing shortDescription field" classname="Scenario: Provider creates a new product with missing shortDescription field" time="0">
    <failure message="expected:&lt;500&gt; but was:&lt;200&gt;" type="java.lang.AssertionError"><![CDATA[java.lang.AssertionError: expected:<500> but was:<200>
]]></failure>
  </testcase>
  <testcase name="Then verify the title is &quot;Internal Server Error&quot;" classname="Scenario: Provider creates a new product with missing shortDescription field" time="0">
    <skipped/>
  </testcase>
  <testcase name="When product is set with the following fields" classname="Scenario: Provider creates a new product with missing fullDescription field" time="0"/>
  <testcase name="Given productVideos is set with the following fields" classname="Scenario: Provider creates a new product with missing fullDescription field" time="0"/>
  <testcase name="Given provider creates a new product" classname="Scenario: Provider creates a new product with missing fullDescription field" time="0"/>
  <testcase name="Then verify status code is 500" classname="Scenario: Provider creates a new product with missing fullDescription field" time="0">
    <failure message="expected:&lt;500&gt; but was:&lt;200&gt;" type="java.lang.AssertionError"><![CDATA[java.lang.AssertionError: expected:<500> but was:<200>
]]></failure>
    <system-out><![CDATA[{
    "id": "7OxM0Wp6",
    "name": "AutoTest",
    "productTypeId": null,
    "active": true,
    "shortDescription": "Test For Automation 1",
    "fullDescription": null,
    "mostPopular": null,
    "longitude": 456.456,
    "latitude": 3245678.5467,
    "calendarColor": "blue",
    "address": "Bishkek",
    "cityId": "kMaG1zOD",
    "createdAt": "2021-06-16T11:24:07.030909",
    "productImages": [
        
    ],
    "productDocuments": [
        
    ],
    "productTypes": null,
    "productWorkingDates": [
        {
            "id": "4waDK0p3",
            "productId": "7OxM0Wp6",
            "fromDate": "2021-05-27",
            "toDate": "2022-12-31",
            "name": "1234567sdfgh#$#%^%&",
            "strictHours": false,
            "timeSlots": [
                {
                    "id": "Gaz7ZElV",
                    "productWorkingDateId": "4waDK0p3",
                    "dayOfWeek": "Monday",
                    "startTime": "09:00:00",
                    "endTime": "20:00:00",
                    "duration": "01:00:00",
                    "quantity": 67,
                    "usedQuantity": 0,
                    "active": false,
                    "deletedAt": null
                }
            ],
            "deletedAt": null,
            "maxUsedTicketsQuantity": 0,
            "errorCode": 0
        }
    ],
    "productRegions": [
        {
            "id": "Q4aLdKan",
            "productId": "7OxM0Wp6",
            "regionId": "5bpJKaVE",
            "regionName": null
        }
    ],
    "productPrices": [
        {
            "id": "bBl5R7OX",
            "productId": "7OxM0Wp6",
            "channelId": "5bpJKaVE",
            "fromDate": "2021-05-31T00:00:00",
            "toDate": "2022-12-31T00:00:00",
            "title": "API",
            "remarks": "Test",
            "officialPrice": 0,
            "currencyId": "5bpJKaVE",
            "quantityPerDay": 123,
            "autoConfirm": false,
            "pricePerPerson": false,
            "productPriceTypes": [
                {
                    "id": "PYayQDaW",
                    "productPriceId": "bBl5R7OX",
                    "productCustomerTypeId": "Bl51P9lX",
                    "amount": 57,
                    "currencyId": "Belm3pnb",
                    "currencySymbol": null,
                    "isOfficial": true,
                    "productCustomerType": {
                        "id": "Bl51P9lX",
                        "productId": "yxl4wVaj",
                        "name": "?????"
                    }
                }
            ],
            "deletedAt": null
        }
    ],
    "productCustomerTypes": [
        {
            "id": "bpvjrqpJ",
            "productId": "7OxM0Wp6",
            "name": "API"
        },
        {
            "id": "zOPeLLpj",
            "productId": "7OxM0Wp6",
            "name": "?????"
        },
        {
            "id": "blVXWYpw",
            "productId": "7OxM0Wp6",
            "name": "???"
        },
        {
            "id": "waD3vEp3",
            "productId": "7OxM0Wp6",
            "name": "?????"
        }
    ],
    "city": {
        "id": "kMaG1zOD",
        "name": "Israel"
    },
    "productIncludedTags": [
        {
            "id": "GrOE6qpY",
            "productId": "7OxM0Wp6",
            "subTagId": "jLa3rjpz",
            "parentTagId": null,
            "subTagName": null
        }
    ],
    "productExcludedTags": [
        {
            "id": "Kdl2dnpX",
            "productId": "7OxM0Wp6",
            "subTagId": "4eO8gvlP",
            "parentTagId": null,
            "subTagName": null
        }
    ],
    "productTags": [
        {
            "id": "bpvA3ZOJ",
            "productId": "7OxM0Wp6",
            "subTagId": "qeaZMepd",
            "parentTagId": null,
            "subTagName": null
        }
    ],
    "productTranslations": null,
    "productVideos": [
        {
            "id": "Kdl2NAlX",
            "productId": "7OxM0Wp6",
            "path": "https://www.youtube.com/watch?v=u1yVCeXYya4&list=RDMMu1yVCeXYya4&start_radio=1"
        }
    ]
}
{
    "id": "7OxM0Wp6",
    "name": "AutoTest",
    "productTypeId": null,
    "active": true,
    "shortDescription": "Test For Automation 1",
    "fullDescription": null,
    "mostPopular": null,
    "longitude": 456.456,
    "latitude": 3245678.5467,
    "calendarColor": "blue",
    "address": "Bishkek",
    "cityId": "kMaG1zOD",
    "createdAt": "2021-06-16T11:24:07.030909",
    "productImages": [
        
    ],
    "productDocuments": [
        
    ],
    "productTypes": null,
    "productWorkingDates": [
        {
            "id": "4waDK0p3",
            "productId": "7OxM0Wp6",
            "fromDate": "2021-05-27",
            "toDate": "2022-12-31",
            "name": "1234567sdfgh#$#%^%&",
            "strictHours": false,
            "timeSlots": [
                {
                    "id": "Gaz7ZElV",
                    "productWorkingDateId": "4waDK0p3",
                    "dayOfWeek": "Monday",
                    "startTime": "09:00:00",
                    "endTime": "20:00:00",
                    "duration": "01:00:00",
                    "quantity": 67,
                    "usedQuantity": 0,
                    "active": false,
                    "deletedAt": null
                }
            ],
            "deletedAt": null,
            "maxUsedTicketsQuantity": 0,
            "errorCode": 0
        }
    ],
    "productRegions": [
        {
            "id": "Q4aLdKan",
            "productId": "7OxM0Wp6",
            "regionId": "5bpJKaVE",
            "regionName": null
        }
    ],
    "productPrices": [
        {
            "id": "bBl5R7OX",
            "productId": "7OxM0Wp6",
            "channelId": "5bpJKaVE",
            "fromDate": "2021-05-31T00:00:00",
            "toDate": "2022-12-31T00:00:00",
            "title": "API",
            "remarks": "Test",
            "officialPrice": 0,
            "currencyId": "5bpJKaVE",
            "quantityPerDay": 123,
            "autoConfirm": false,
            "pricePerPerson": false,
            "productPriceTypes": [
                {
                    "id": "PYayQDaW",
                    "productPriceId": "bBl5R7OX",
                    "productCustomerTypeId": "Bl51P9lX",
                    "amount": 57,
                    "currencyId": "Belm3pnb",
                    "currencySymbol": null,
                    "isOfficial": true,
                    "productCustomerType": {
                        "id": "Bl51P9lX",
                        "productId": "yxl4wVaj",
                        "name": "?????"
                    }
                }
            ],
            "deletedAt": null
        }
    ],
    "productCustomerTypes": [
        {
            "id": "bpvjrqpJ",
            "productId": "7OxM0Wp6",
            "name": "API"
        },
        {
            "id": "zOPeLLpj",
            "productId": "7OxM0Wp6",
            "name": "?????"
        },
        {
            "id": "blVXWYpw",
            "productId": "7OxM0Wp6",
            "name": "???"
        },
        {
            "id": "waD3vEp3",
            "productId": "7OxM0Wp6",
            "name": "?????"
        }
    ],
    "city": {
        "id": "kMaG1zOD",
        "name": "Israel"
    },
    "productIncludedTags": [
        {
            "id": "GrOE6qpY",
            "productId": "7OxM0Wp6",
            "subTagId": "jLa3rjpz",
            "parentTagId": null,
            "subTagName": null
        }
    ],
    "productExcludedTags": [
        {
            "id": "Kdl2dnpX",
            "productId": "7OxM0Wp6",
            "subTagId": "4eO8gvlP",
            "parentTagId": null,
            "subTagName": null
        }
    ],
    "productTags": [
        {
            "id": "bpvA3ZOJ",
            "productId": "7OxM0Wp6",
            "subTagId": "qeaZMepd",
            "parentTagId": null,
            "subTagName": null
        }
    ],
    "productTranslations": null,
    "productVideos": [
        {
            "id": "Kdl2NAlX",
            "productId": "7OxM0Wp6",
            "path": "https://www.youtube.com/watch?v=u1yVCeXYya4&list=RDMMu1yVCeXYya4&start_radio=1"
        }
    ]
}
]]></system-out>
  </testcase>
  <testcase name="Scenario: Provider creates a new product with missing fullDescription field" classname="Scenario: Provider creates a new product with missing fullDescription field" time="0">
    <failure message="expected:&lt;500&gt; but was:&lt;200&gt;" type="java.lang.AssertionError"><![CDATA[java.lang.AssertionError: expected:<500> but was:<200>
]]></failure>
  </testcase>
  <testcase name="Then verify the title is &quot;Internal Server Error&quot;" classname="Scenario: Provider creates a new product with missing fullDescription field" time="0">
    <skipped/>
  </testcase>
  <testcase name="Given product is set with the following fields" classname="Scenario: Provider creates a new product with empty shortDescription field" time="0"/>
  <testcase name="Given productVideos is set with the following fields" classname="Scenario: Provider creates a new product with empty shortDescription field" time="0"/>
  <testcase name="Given provider creates a new product" classname="Scenario: Provider creates a new product with empty shortDescription field" time="0"/>
  <testcase name="Then verify status code is 500" classname="Scenario: Provider creates a new product with empty shortDescription field" time="0">
    <failure message="expected:&lt;500&gt; but was:&lt;200&gt;" type="java.lang.AssertionError"><![CDATA[java.lang.AssertionError: expected:<500> but was:<200>
]]></failure>
    <system-out><![CDATA[{
    "id": "dl2oPxOX",
    "name": "AutoTest",
    "productTypeId": null,
    "active": true,
    "shortDescription": "",
    "fullDescription": "Automation for API in Postman",
    "mostPopular": null,
    "longitude": 456.456,
    "latitude": 3245678.5467,
    "calendarColor": "blue",
    "address": "Bishkek",
    "cityId": "oylKe1p8",
    "createdAt": "2021-06-16T11:24:07.195526",
    "productImages": [
        
    ],
    "productDocuments": [
        
    ],
    "productTypes": null,
    "productWorkingDates": [
        {
            "id": "jLa3bZpz",
            "productId": "dl2oPxOX",
            "fromDate": "2021-05-27",
            "toDate": "2022-12-31",
            "name": "1234567sdfgh#$#%^%&",
            "strictHours": false,
            "timeSlots": [
                {
                    "id": "8p0NVxlJ",
                    "productWorkingDateId": "jLa3bZpz",
                    "dayOfWeek": "Monday",
                    "startTime": "09:00:00",
                    "endTime": "20:00:00",
                    "duration": "01:00:00",
                    "quantity": 67,
                    "usedQuantity": 0,
                    "active": false,
                    "deletedAt": null
                }
            ],
            "deletedAt": null,
            "maxUsedTicketsQuantity": 0,
            "errorCode": 0
        }
    ],
    "productRegions": [
        {
            "id": "QrO92Ape",
            "productId": "dl2oPxOX",
            "regionId": "5bpJKaVE",
            "regionName": null
        }
    ],
    "productPrices": [
        {
            "id": "YbpvVZpJ",
            "productId": "dl2oPxOX",
            "channelId": "5bpJKaVE",
            "fromDate": "2021-05-31T00:00:00",
            "toDate": "2022-12-31T00:00:00",
            "title": "API",
            "remarks": "Test",
            "officialPrice": 0,
            "currencyId": "5bpJKaVE",
            "quantityPerDay": 123,
            "autoConfirm": false,
            "pricePerPerson": false,
            "productPriceTypes": [
                {
                    "id": "D3pWvdO4",
                    "productPriceId": "YbpvVZpJ",
                    "productCustomerTypeId": "La3rXqpz",
                    "amount": 57,
                    "currencyId": "Belm3pnb",
                    "currencySymbol": null,
                    "isOfficial": true,
                    "productCustomerType": {
                        "id": "La3rXqpz",
                        "productId": "yxl4wVaj",
                        "name": "?????"
                    }
                }
            ],
            "deletedAt": null
        }
    ],
    "productCustomerTypes": [
        {
            "id": "eO8gz3lP",
            "productId": "dl2oPxOX",
            "name": "API"
        },
        {
            "id": "4lrWb9Od",
            "productId": "dl2oPxOX",
            "name": "?????"
        },
        {
            "id": "dOnnBZOV",
            "productId": "dl2oPxOX",
            "name": "???"
        },
        {
            "id": "jpjPYDlM",
            "productId": "dl2oPxOX",
            "name": "?????"
        }
    ],
    "city": {
        "id": "oylKe1p8",
        "name": "Israel"
    },
    "productIncludedTags": [
        {
            "id": "q1lo0wO7",
            "productId": "dl2oPxOX",
            "subTagId": "jLa3rjpz",
            "parentTagId": null,
            "subTagName": null
        }
    ],
    "productExcludedTags": [
        {
            "id": "BJpgzbOq",
            "productId": "dl2oPxOX",
            "subTagId": "4eO8gvlP",
            "parentTagId": null,
            "subTagName": null
        }
    ],
    "productTags": [
        {
            "id": "zOPq2Ypj",
            "productId": "dl2oPxOX",
            "subTagId": "qeaZMepd",
            "parentTagId": null,
            "subTagName": null
        }
    ],
    "productTranslations": null,
    "productVideos": [
        {
            "id": "BJpgdqaq",
            "productId": "dl2oPxOX",
            "path": "https://www.youtube.com/watch?v=u1yVCeXYya4&list=RDMMu1yVCeXYya4&start_radio=1"
        }
    ]
}
{
    "id": "dl2oPxOX",
    "name": "AutoTest",
    "productTypeId": null,
    "active": true,
    "shortDescription": "",
    "fullDescription": "Automation for API in Postman",
    "mostPopular": null,
    "longitude": 456.456,
    "latitude": 3245678.5467,
    "calendarColor": "blue",
    "address": "Bishkek",
    "cityId": "oylKe1p8",
    "createdAt": "2021-06-16T11:24:07.195526",
    "productImages": [
        
    ],
    "productDocuments": [
        
    ],
    "productTypes": null,
    "productWorkingDates": [
        {
            "id": "jLa3bZpz",
            "productId": "dl2oPxOX",
            "fromDate": "2021-05-27",
            "toDate": "2022-12-31",
            "name": "1234567sdfgh#$#%^%&",
            "strictHours": false,
            "timeSlots": [
                {
                    "id": "8p0NVxlJ",
                    "productWorkingDateId": "jLa3bZpz",
                    "dayOfWeek": "Monday",
                    "startTime": "09:00:00",
                    "endTime": "20:00:00",
                    "duration": "01:00:00",
                    "quantity": 67,
                    "usedQuantity": 0,
                    "active": false,
                    "deletedAt": null
                }
            ],
            "deletedAt": null,
            "maxUsedTicketsQuantity": 0,
            "errorCode": 0
        }
    ],
    "productRegions": [
        {
            "id": "QrO92Ape",
            "productId": "dl2oPxOX",
            "regionId": "5bpJKaVE",
            "regionName": null
        }
    ],
    "productPrices": [
        {
            "id": "YbpvVZpJ",
            "productId": "dl2oPxOX",
            "channelId": "5bpJKaVE",
            "fromDate": "2021-05-31T00:00:00",
            "toDate": "2022-12-31T00:00:00",
            "title": "API",
            "remarks": "Test",
            "officialPrice": 0,
            "currencyId": "5bpJKaVE",
            "quantityPerDay": 123,
            "autoConfirm": false,
            "pricePerPerson": false,
            "productPriceTypes": [
                {
                    "id": "D3pWvdO4",
                    "productPriceId": "YbpvVZpJ",
                    "productCustomerTypeId": "La3rXqpz",
                    "amount": 57,
                    "currencyId": "Belm3pnb",
                    "currencySymbol": null,
                    "isOfficial": true,
                    "productCustomerType": {
                        "id": "La3rXqpz",
                        "productId": "yxl4wVaj",
                        "name": "?????"
                    }
                }
            ],
            "deletedAt": null
        }
    ],
    "productCustomerTypes": [
        {
            "id": "eO8gz3lP",
            "productId": "dl2oPxOX",
            "name": "API"
        },
        {
            "id": "4lrWb9Od",
            "productId": "dl2oPxOX",
            "name": "?????"
        },
        {
            "id": "dOnnBZOV",
            "productId": "dl2oPxOX",
            "name": "???"
        },
        {
            "id": "jpjPYDlM",
            "productId": "dl2oPxOX",
            "name": "?????"
        }
    ],
    "city": {
        "id": "oylKe1p8",
        "name": "Israel"
    },
    "productIncludedTags": [
        {
            "id": "q1lo0wO7",
            "productId": "dl2oPxOX",
            "subTagId": "jLa3rjpz",
            "parentTagId": null,
            "subTagName": null
        }
    ],
    "productExcludedTags": [
        {
            "id": "BJpgzbOq",
            "productId": "dl2oPxOX",
            "subTagId": "4eO8gvlP",
            "parentTagId": null,
            "subTagName": null
        }
    ],
    "productTags": [
        {
            "id": "zOPq2Ypj",
            "productId": "dl2oPxOX",
            "subTagId": "qeaZMepd",
            "parentTagId": null,
            "subTagName": null
        }
    ],
    "productTranslations": null,
    "productVideos": [
        {
            "id": "BJpgdqaq",
            "productId": "dl2oPxOX",
            "path": "https://www.youtube.com/watch?v=u1yVCeXYya4&list=RDMMu1yVCeXYya4&start_radio=1"
        }
    ]
}
]]></system-out>
  </testcase>
  <testcase name="Scenario: Provider creates a new product with empty shortDescription field" classname="Scenario: Provider creates a new product with empty shortDescription field" time="0">
    <failure message="expected:&lt;500&gt; but was:&lt;200&gt;" type="java.lang.AssertionError"><![CDATA[java.lang.AssertionError: expected:<500> but was:<200>
]]></failure>
  </testcase>
  <testcase name="Then verify the title is &quot;Internal Server Error&quot;" classname="Scenario: Provider creates a new product with empty shortDescription field" time="0">
    <skipped/>
  </testcase>
  <testcase name="Given product is set with the following fields" classname="Scenario: Provider creates a new product with empty fullDescription field" time="0"/>
  <testcase name="Given productVideos is set with the following fields" classname="Scenario: Provider creates a new product with empty fullDescription field" time="0"/>
  <testcase name="Given provider creates a new product" classname="Scenario: Provider creates a new product with empty fullDescription field" time="0"/>
  <testcase name="Then verify status code is 500" classname="Scenario: Provider creates a new product with empty fullDescription field" time="0">
    <failure message="expected:&lt;500&gt; but was:&lt;200&gt;" type="java.lang.AssertionError"><![CDATA[java.lang.AssertionError: expected:<500> but was:<200>
]]></failure>
    <system-out><![CDATA[{
    "id": "Jpgy9vlq",
    "name": "AutoTest",
    "productTypeId": null,
    "active": true,
    "shortDescription": "Test For Automation 1",
    "fullDescription": "",
    "mostPopular": null,
    "longitude": 456.456,
    "latitude": 3245678.5467,
    "calendarColor": "blue",
    "address": "Bishkek",
    "cityId": "1dpdwzO7",
    "createdAt": "2021-06-16T11:24:07.363192",
    "productImages": [
        
    ],
    "productDocuments": [
        
    ],
    "productTypes": null,
    "productWorkingDates": [
        {
            "id": "4eO8P5OP",
            "productId": "Jpgy9vlq",
            "fromDate": "2021-05-27",
            "toDate": "2022-12-31",
            "name": "1234567sdfgh#$#%^%&",
            "strictHours": false,
            "timeSlots": [
                {
                    "id": "Pleozzpv",
                    "productWorkingDateId": "4eO8P5OP",
                    "dayOfWeek": "Monday",
                    "startTime": "09:00:00",
                    "endTime": "20:00:00",
                    "duration": "01:00:00",
                    "quantity": 67,
                    "usedQuantity": 0,
                    "active": false,
                    "deletedAt": null
                }
            ],
            "deletedAt": null,
            "maxUsedTicketsQuantity": 0,
            "errorCode": 0
        }
    ],
    "productRegions": [
        {
            "id": "qeaZb7ad",
            "productId": "Jpgy9vlq",
            "regionId": "5bpJKaVE",
            "regionName": null
        }
    ],
    "productPrices": [
        {
            "id": "ozOPnYaj",
            "productId": "Jpgy9vlq",
            "channelId": "5bpJKaVE",
            "fromDate": "2021-05-31T00:00:00",
            "toDate": "2022-12-31T00:00:00",
            "title": "API",
            "remarks": "Test",
            "officialPrice": 0,
            "currencyId": "5bpJKaVE",
            "quantityPerDay": 123,
            "autoConfirm": false,
            "pricePerPerson": false,
            "productPriceTypes": [
                {
                    "id": "yxl4MPOj",
                    "productPriceId": "ozOPnYaj",
                    "productCustomerTypeId": "1lkVGZa6",
                    "amount": 57,
                    "currencyId": "Belm3pnb",
                    "currencySymbol": null,
                    "isOfficial": true,
                    "productCustomerType": {
                        "id": "1lkVGZa6",
                        "productId": "yxl4wVaj",
                        "name": "?????"
                    }
                }
            ],
            "deletedAt": null
        }
    ],
    "productCustomerTypes": [
        {
            "id": "blB7vxOR",
            "productId": "Jpgy9vlq",
            "name": "API"
        },
        {
            "id": "WlqMy5lb",
            "productId": "Jpgy9vlq",
            "name": "?????"
        },
        {
            "id": "rOEEvmOY",
            "productId": "Jpgy9vlq",
            "name": "???"
        },
        {
            "id": "1lonjAa7",
            "productId": "Jpgy9vlq",
            "name": "?????"
        }
    ],
    "city": {
        "id": "1dpdwzO7",
        "name": "Israel"
    },
    "productIncludedTags": [
        {
            "id": "LbaQA3aA",
            "productId": "Jpgy9vlq",
            "subTagId": "jLa3rjpz",
            "parentTagId": null,
            "subTagName": null
        }
    ],
    "productExcludedTags": [
        {
            "id": "0Gpb6Lpr",
            "productId": "Jpgy9vlq",
            "subTagId": "4eO8gvlP",
            "parentTagId": null,
            "subTagName": null
        }
    ],
    "productTags": [
        {
            "id": "blVmb2aw",
            "productId": "Jpgy9vlq",
            "subTagId": "qeaZMepd",
            "parentTagId": null,
            "subTagName": null
        }
    ],
    "productTranslations": null,
    "productVideos": [
        {
            "id": "0GpbqAOr",
            "productId": "Jpgy9vlq",
            "path": "https://www.youtube.com/watch?v=u1yVCeXYya4&list=RDMMu1yVCeXYya4&start_radio=1"
        }
    ]
}
{
    "id": "Jpgy9vlq",
    "name": "AutoTest",
    "productTypeId": null,
    "active": true,
    "shortDescription": "Test For Automation 1",
    "fullDescription": "",
    "mostPopular": null,
    "longitude": 456.456,
    "latitude": 3245678.5467,
    "calendarColor": "blue",
    "address": "Bishkek",
    "cityId": "1dpdwzO7",
    "createdAt": "2021-06-16T11:24:07.363192",
    "productImages": [
        
    ],
    "productDocuments": [
        
    ],
    "productTypes": null,
    "productWorkingDates": [
        {
            "id": "4eO8P5OP",
            "productId": "Jpgy9vlq",
            "fromDate": "2021-05-27",
            "toDate": "2022-12-31",
            "name": "1234567sdfgh#$#%^%&",
            "strictHours": false,
            "timeSlots": [
                {
                    "id": "Pleozzpv",
                    "productWorkingDateId": "4eO8P5OP",
                    "dayOfWeek": "Monday",
                    "startTime": "09:00:00",
                    "endTime": "20:00:00",
                    "duration": "01:00:00",
                    "quantity": 67,
                    "usedQuantity": 0,
                    "active": false,
                    "deletedAt": null
                }
            ],
            "deletedAt": null,
            "maxUsedTicketsQuantity": 0,
            "errorCode": 0
        }
    ],
    "productRegions": [
        {
            "id": "qeaZb7ad",
            "productId": "Jpgy9vlq",
            "regionId": "5bpJKaVE",
            "regionName": null
        }
    ],
    "productPrices": [
        {
            "id": "ozOPnYaj",
            "productId": "Jpgy9vlq",
            "channelId": "5bpJKaVE",
            "fromDate": "2021-05-31T00:00:00",
            "toDate": "2022-12-31T00:00:00",
            "title": "API",
            "remarks": "Test",
            "officialPrice": 0,
            "currencyId": "5bpJKaVE",
            "quantityPerDay": 123,
            "autoConfirm": false,
            "pricePerPerson": false,
            "productPriceTypes": [
                {
                    "id": "yxl4MPOj",
                    "productPriceId": "ozOPnYaj",
                    "productCustomerTypeId": "1lkVGZa6",
                    "amount": 57,
                    "currencyId": "Belm3pnb",
                    "currencySymbol": null,
                    "isOfficial": true,
                    "productCustomerType": {
                        "id": "1lkVGZa6",
                        "productId": "yxl4wVaj",
                        "name": "?????"
                    }
                }
            ],
            "deletedAt": null
        }
    ],
    "productCustomerTypes": [
        {
            "id": "blB7vxOR",
            "productId": "Jpgy9vlq",
            "name": "API"
        },
        {
            "id": "WlqMy5lb",
            "productId": "Jpgy9vlq",
            "name": "?????"
        },
        {
            "id": "rOEEvmOY",
            "productId": "Jpgy9vlq",
            "name": "???"
        },
        {
            "id": "1lonjAa7",
            "productId": "Jpgy9vlq",
            "name": "?????"
        }
    ],
    "city": {
        "id": "1dpdwzO7",
        "name": "Israel"
    },
    "productIncludedTags": [
        {
            "id": "LbaQA3aA",
            "productId": "Jpgy9vlq",
            "subTagId": "jLa3rjpz",
            "parentTagId": null,
            "subTagName": null
        }
    ],
    "productExcludedTags": [
        {
            "id": "0Gpb6Lpr",
            "productId": "Jpgy9vlq",
            "subTagId": "4eO8gvlP",
            "parentTagId": null,
            "subTagName": null
        }
    ],
    "productTags": [
        {
            "id": "blVmb2aw",
            "productId": "Jpgy9vlq",
            "subTagId": "qeaZMepd",
            "parentTagId": null,
            "subTagName": null
        }
    ],
    "productTranslations": null,
    "productVideos": [
        {
            "id": "0GpbqAOr",
            "productId": "Jpgy9vlq",
            "path": "https://www.youtube.com/watch?v=u1yVCeXYya4&list=RDMMu1yVCeXYya4&start_radio=1"
        }
    ]
}
]]></system-out>
  </testcase>
  <testcase name="Scenario: Provider creates a new product with empty fullDescription field" classname="Scenario: Provider creates a new product with empty fullDescription field" time="0">
    <failure message="expected:&lt;500&gt; but was:&lt;200&gt;" type="java.lang.AssertionError"><![CDATA[java.lang.AssertionError: expected:<500> but was:<200>
]]></failure>
  </testcase>
  <testcase name="Then verify the title is &quot;Internal Server Error&quot;" classname="Scenario: Provider creates a new product with empty fullDescription field" time="0">
    <skipped/>
  </testcase>
  <testcase name="Given product is set with the following fields" classname="Scenario: Provider creates a new product with empty address field" time="0"/>
  <testcase name="Given productVideos is set with the following fields" classname="Scenario: Provider creates a new product with empty address field" time="0"/>
  <testcase name="Given provider creates a new product" classname="Scenario: Provider creates a new product with empty address field" time="0"/>
  <testcase name="Then verify status code is 500" classname="Scenario: Provider creates a new product with empty address field" time="0">
    <failure message="expected:&lt;500&gt; but was:&lt;200&gt;" type="java.lang.AssertionError"><![CDATA[java.lang.AssertionError: expected:<500> but was:<200>
]]></failure>
    <system-out><![CDATA[{
    "id": "Gpbzm5pr",
    "name": "AutoTest",
    "productTypeId": null,
    "active": true,
    "shortDescription": "Test For Automation 1",
    "fullDescription": "Automation for API in Postman",
    "mostPopular": null,
    "longitude": 456.456,
    "latitude": 3245678.5467,
    "calendarColor": "blue",
    "address": "",
    "cityId": "M5l1dRaW",
    "createdAt": "2021-06-16T11:24:07.527571",
    "productImages": [
        
    ],
    "productDocuments": [
        
    ],
    "productTypes": null,
    "productWorkingDates": [
        {
            "id": "N4lrgdOd",
            "productId": "Gpbzm5pr",
            "fromDate": "2021-05-27",
            "toDate": "2022-12-31",
            "name": "1234567sdfgh#$#%^%&",
            "strictHours": false,
            "timeSlots": [
                {
                    "id": "ApRDQ9lY",
                    "productWorkingDateId": "N4lrgdOd",
                    "dayOfWeek": "Monday",
                    "startTime": "09:00:00",
                    "endTime": "20:00:00",
                    "duration": "01:00:00",
                    "quantity": 67,
                    "usedQuantity": 0,
                    "active": false,
                    "deletedAt": null
                }
            ],
            "deletedAt": null,
            "maxUsedTicketsQuantity": 0,
            "errorCode": 0
        }
    ],
    "productRegions": [
        {
            "id": "5rO7vBl6",
            "productId": "Gpbzm5pr",
            "regionId": "5bpJKaVE",
            "regionName": null
        }
    ],
    "productPrices": [
        {
            "id": "VblVn2lw",
            "productId": "Gpbzm5pr",
            "channelId": "5bpJKaVE",
            "fromDate": "2021-05-31T00:00:00",
            "toDate": "2022-12-31T00:00:00",
            "title": "API",
            "remarks": "Test",
            "officialPrice": 0,
            "currencyId": "5bpJKaVE",
            "quantityPerDay": 123,
            "autoConfirm": false,
            "pricePerPerson": false,
            "productPriceTypes": [
                {
                    "id": "nGazmzpV",
                    "productPriceId": "VblVn2lw",
                    "productCustomerTypeId": "baQk9EOA",
                    "amount": 57,
                    "currencyId": "Belm3pnb",
                    "currencySymbol": null,
                    "isOfficial": true,
                    "productCustomerType": {
                        "id": "baQk9EOA",
                        "productId": "yxl4wVaj",
                        "name": "?????"
                    }
                }
            ],
            "deletedAt": null
        }
    ],
    "productCustomerTypes": [
        {
            "id": "elm3yKpn",
            "productId": "Gpbzm5pr",
            "name": "API"
        },
        {
            "id": "bpJRvApV",
            "productId": "Gpbzm5pr",
            "name": "?????"
        },
        {
            "id": "WaNXNQOd",
            "productId": "Gpbzm5pr",
            "name": "???"
        },
        {
            "id": "2aAgvzOZ",
            "productId": "Gpbzm5pr",
            "name": "?????"
        }
    ],
    "city": {
        "id": "M5l1dRaW",
        "name": "Israel"
    },
    "productIncludedTags": [
        {
            "id": "BelmV9On",
            "productId": "Gpbzm5pr",
            "subTagId": "jLa3rjpz",
            "parentTagId": null,
            "subTagName": null
        }
    ],
    "productExcludedTags": [
        {
            "id": "dzpMjBa6",
            "productId": "Gpbzm5pr",
            "subTagId": "4eO8gvlP",
            "parentTagId": null,
            "subTagName": null
        }
    ],
    "productTags": [
        {
            "id": "waD1ddl3",
            "productId": "Gpbzm5pr",
            "subTagId": "qeaZMepd",
            "parentTagId": null,
            "subTagName": null
        }
    ],
    "productTranslations": null,
    "productVideos": [
        {
            "id": "dzpME1p6",
            "productId": "Gpbzm5pr",
            "path": "https://www.youtube.com/watch?v=u1yVCeXYya4&list=RDMMu1yVCeXYya4&start_radio=1"
        }
    ]
}
{
    "id": "Gpbzm5pr",
    "name": "AutoTest",
    "productTypeId": null,
    "active": true,
    "shortDescription": "Test For Automation 1",
    "fullDescription": "Automation for API in Postman",
    "mostPopular": null,
    "longitude": 456.456,
    "latitude": 3245678.5467,
    "calendarColor": "blue",
    "address": "",
    "cityId": "M5l1dRaW",
    "createdAt": "2021-06-16T11:24:07.527571",
    "productImages": [
        
    ],
    "productDocuments": [
        
    ],
    "productTypes": null,
    "productWorkingDates": [
        {
            "id": "N4lrgdOd",
            "productId": "Gpbzm5pr",
            "fromDate": "2021-05-27",
            "toDate": "2022-12-31",
            "name": "1234567sdfgh#$#%^%&",
            "strictHours": false,
            "timeSlots": [
                {
                    "id": "ApRDQ9lY",
                    "productWorkingDateId": "N4lrgdOd",
                    "dayOfWeek": "Monday",
                    "startTime": "09:00:00",
                    "endTime": "20:00:00",
                    "duration": "01:00:00",
                    "quantity": 67,
                    "usedQuantity": 0,
                    "active": false,
                    "deletedAt": null
                }
            ],
            "deletedAt": null,
            "maxUsedTicketsQuantity": 0,
            "errorCode": 0
        }
    ],
    "productRegions": [
        {
            "id": "5rO7vBl6",
            "productId": "Gpbzm5pr",
            "regionId": "5bpJKaVE",
            "regionName": null
        }
    ],
    "productPrices": [
        {
            "id": "VblVn2lw",
            "productId": "Gpbzm5pr",
            "channelId": "5bpJKaVE",
            "fromDate": "2021-05-31T00:00:00",
            "toDate": "2022-12-31T00:00:00",
            "title": "API",
            "remarks": "Test",
            "officialPrice": 0,
            "currencyId": "5bpJKaVE",
            "quantityPerDay": 123,
            "autoConfirm": false,
            "pricePerPerson": false,
            "productPriceTypes": [
                {
                    "id": "nGazmzpV",
                    "productPriceId": "VblVn2lw",
                    "productCustomerTypeId": "baQk9EOA",
                    "amount": 57,
                    "currencyId": "Belm3pnb",
                    "currencySymbol": null,
                    "isOfficial": true,
                    "productCustomerType": {
                        "id": "baQk9EOA",
                        "productId": "yxl4wVaj",
                        "name": "?????"
                    }
                }
            ],
            "deletedAt": null
        }
    ],
    "productCustomerTypes": [
        {
            "id": "elm3yKpn",
            "productId": "Gpbzm5pr",
            "name": "API"
        },
        {
            "id": "bpJRvApV",
            "productId": "Gpbzm5pr",
            "name": "?????"
        },
        {
            "id": "WaNXNQOd",
            "productId": "Gpbzm5pr",
            "name": "???"
        },
        {
            "id": "2aAgvzOZ",
            "productId": "Gpbzm5pr",
            "name": "?????"
        }
    ],
    "city": {
        "id": "M5l1dRaW",
        "name": "Israel"
    },
    "productIncludedTags": [
        {
            "id": "BelmV9On",
            "productId": "Gpbzm5pr",
            "subTagId": "jLa3rjpz",
            "parentTagId": null,
            "subTagName": null
        }
    ],
    "productExcludedTags": [
        {
            "id": "dzpMjBa6",
            "productId": "Gpbzm5pr",
            "subTagId": "4eO8gvlP",
            "parentTagId": null,
            "subTagName": null
        }
    ],
    "productTags": [
        {
            "id": "waD1ddl3",
            "productId": "Gpbzm5pr",
            "subTagId": "qeaZMepd",
            "parentTagId": null,
            "subTagName": null
        }
    ],
    "productTranslations": null,
    "productVideos": [
        {
            "id": "dzpME1p6",
            "productId": "Gpbzm5pr",
            "path": "https://www.youtube.com/watch?v=u1yVCeXYya4&list=RDMMu1yVCeXYya4&start_radio=1"
        }
    ]
}
]]></system-out>
  </testcase>
  <testcase name="Scenario: Provider creates a new product with empty address field" classname="Scenario: Provider creates a new product with empty address field" time="0">
    <failure message="expected:&lt;500&gt; but was:&lt;200&gt;" type="java.lang.AssertionError"><![CDATA[java.lang.AssertionError: expected:<500> but was:<200>
]]></failure>
  </testcase>
  <testcase name="Then verify the title is &quot;Internal Server Error&quot;" classname="Scenario: Provider creates a new product with empty address field" time="0">
    <skipped/>
  </testcase>
  <testcase name="Given product is set with the following fields" classname="Scenario: Provider creates a new product with missing address field" time="0"/>
  <testcase name="Given productVideos is set with the following fields" classname="Scenario: Provider creates a new product with missing address field" time="0"/>
  <testcase name="Given provider creates a new product" classname="Scenario: Provider creates a new product with missing address field" time="0"/>
  <testcase name="Then verify status code is 500" classname="Scenario: Provider creates a new product with missing address field" time="0">
    <failure message="expected:&lt;500&gt; but was:&lt;200&gt;" type="java.lang.AssertionError"><![CDATA[java.lang.AssertionError: expected:<500> but was:<200>
]]></failure>
    <system-out><![CDATA[{
    "id": "zpM9JRp6",
    "name": "AutoTest",
    "productTypeId": null,
    "active": true,
    "shortDescription": "Test For Automation 1",
    "fullDescription": "Automation for API in Postman",
    "mostPopular": null,
    "longitude": 456.456,
    "latitude": 3245678.5467,
    "calendarColor": "blue",
    "address": null,
    "cityId": "WYp6R8pK",
    "createdAt": "2021-06-16T11:24:07.677194",
    "productImages": [
        
    ],
    "productDocuments": [
        
    ],
    "productTypes": null,
    "productWorkingDates": [
        {
            "id": "PdOnemlV",
            "productId": "zpM9JRp6",
            "fromDate": "2021-05-27",
            "toDate": "2022-12-31",
            "name": "1234567sdfgh#$#%^%&",
            "strictHours": false,
            "timeSlots": [
                {
                    "id": "7OxML2p6",
                    "productWorkingDateId": "PdOnemlV",
                    "dayOfWeek": "Monday",
                    "startTime": "09:00:00",
                    "endTime": "20:00:00",
                    "duration": "01:00:00",
                    "quantity": 67,
                    "usedQuantity": 0,
                    "active": false,
                    "deletedAt": null
                }
            ],
            "deletedAt": null,
            "maxUsedTicketsQuantity": 0,
            "errorCode": 0
        }
    ],
    "productRegions": [
        {
            "id": "JnlYQxlz",
            "productId": "zpM9JRp6",
            "regionId": "5bpJKaVE",
            "regionName": null
        }
    ],
    "productPrices": [
        {
            "id": "4waDndO3",
            "productId": "zpM9JRp6",
            "channelId": "5bpJKaVE",
            "fromDate": "2021-05-31T00:00:00",
            "toDate": "2022-12-31T00:00:00",
            "title": "API",
            "remarks": "Test",
            "officialPrice": 0,
            "currencyId": "5bpJKaVE",
            "quantityPerDay": 123,
            "autoConfirm": false,
            "pricePerPerson": false,
            "productPriceTypes": [
                {
                    "id": "k8p0x0pJ",
                    "productPriceId": "4waDndO3",
                    "productCustomerTypeId": "4aLLmkan",
                    "amount": 57,
                    "currencyId": "Belm3pnb",
                    "currencySymbol": null,
                    "isOfficial": true,
                    "productCustomerType": {
                        "id": "4aLLmkan",
                        "productId": "yxl4wVaj",
                        "name": "?????"
                    }
                }
            ],
            "deletedAt": null
        }
    ],
    "productCustomerTypes": [
        {
            "id": "rO98dxle",
            "productId": "zpM9JRp6",
            "name": "API"
        },
        {
            "id": "eaZLqbOd",
            "productId": "zpM9JRp6",
            "name": "?????"
        },
        {
            "id": "rO7nzvl6",
            "productId": "zpM9JRp6",
            "name": "???"
        },
        {
            "id": "nlYxBZaz",
            "productId": "zpM9JRp6",
            "name": "?????"
        }
    ],
    "city": {
        "id": "WYp6R8pK",
        "name": "Israel"
    },
    "productIncludedTags": [
        {
            "id": "5bpJyoOV",
            "productId": "zpM9JRp6",
            "subTagId": "jLa3rjpz",
            "parentTagId": null,
            "subTagName": null
        }
    ],
    "productExcludedTags": [
        {
            "id": "0ZOwdKpx",
            "productId": "zpM9JRp6",
            "subTagId": "4eO8gvlP",
            "parentTagId": null,
            "subTagName": null
        }
    ],
    "productTags": [
        {
            "id": "La38AElz",
            "productId": "zpM9JRp6",
            "subTagId": "qeaZMepd",
            "parentTagId": null,
            "subTagName": null
        }
    ],
    "productTranslations": null,
    "productVideos": [
        {
            "id": "0ZOwwvOx",
            "productId": "zpM9JRp6",
            "path": "https://www.youtube.com/watch?v=u1yVCeXYya4&list=RDMMu1yVCeXYya4&start_radio=1"
        }
    ]
}
{
    "id": "zpM9JRp6",
    "name": "AutoTest",
    "productTypeId": null,
    "active": true,
    "shortDescription": "Test For Automation 1",
    "fullDescription": "Automation for API in Postman",
    "mostPopular": null,
    "longitude": 456.456,
    "latitude": 3245678.5467,
    "calendarColor": "blue",
    "address": null,
    "cityId": "WYp6R8pK",
    "createdAt": "2021-06-16T11:24:07.677194",
    "productImages": [
        
    ],
    "productDocuments": [
        
    ],
    "productTypes": null,
    "productWorkingDates": [
        {
            "id": "PdOnemlV",
            "productId": "zpM9JRp6",
            "fromDate": "2021-05-27",
            "toDate": "2022-12-31",
            "name": "1234567sdfgh#$#%^%&",
            "strictHours": false,
            "timeSlots": [
                {
                    "id": "7OxML2p6",
                    "productWorkingDateId": "PdOnemlV",
                    "dayOfWeek": "Monday",
                    "startTime": "09:00:00",
                    "endTime": "20:00:00",
                    "duration": "01:00:00",
                    "quantity": 67,
                    "usedQuantity": 0,
                    "active": false,
                    "deletedAt": null
                }
            ],
            "deletedAt": null,
            "maxUsedTicketsQuantity": 0,
            "errorCode": 0
        }
    ],
    "productRegions": [
        {
            "id": "JnlYQxlz",
            "productId": "zpM9JRp6",
            "regionId": "5bpJKaVE",
            "regionName": null
        }
    ],
    "productPrices": [
        {
            "id": "4waDndO3",
            "productId": "zpM9JRp6",
            "channelId": "5bpJKaVE",
            "fromDate": "2021-05-31T00:00:00",
            "toDate": "2022-12-31T00:00:00",
            "title": "API",
            "remarks": "Test",
            "officialPrice": 0,
            "currencyId": "5bpJKaVE",
            "quantityPerDay": 123,
            "autoConfirm": false,
            "pricePerPerson": false,
            "productPriceTypes": [
                {
                    "id": "k8p0x0pJ",
                    "productPriceId": "4waDndO3",
                    "productCustomerTypeId": "4aLLmkan",
                    "amount": 57,
                    "currencyId": "Belm3pnb",
                    "currencySymbol": null,
                    "isOfficial": true,
                    "productCustomerType": {
                        "id": "4aLLmkan",
                        "productId": "yxl4wVaj",
                        "name": "?????"
                    }
                }
            ],
            "deletedAt": null
        }
    ],
    "productCustomerTypes": [
        {
            "id": "rO98dxle",
            "productId": "zpM9JRp6",
            "name": "API"
        },
        {
            "id": "eaZLqbOd",
            "productId": "zpM9JRp6",
            "name": "?????"
        },
        {
            "id": "rO7nzvl6",
            "productId": "zpM9JRp6",
            "name": "???"
        },
        {
            "id": "nlYxBZaz",
            "productId": "zpM9JRp6",
            "name": "?????"
        }
    ],
    "city": {
        "id": "WYp6R8pK",
        "name": "Israel"
    },
    "productIncludedTags": [
        {
            "id": "5bpJyoOV",
            "productId": "zpM9JRp6",
            "subTagId": "jLa3rjpz",
            "parentTagId": null,
            "subTagName": null
        }
    ],
    "productExcludedTags": [
        {
            "id": "0ZOwdKpx",
            "productId": "zpM9JRp6",
            "subTagId": "4eO8gvlP",
            "parentTagId": null,
            "subTagName": null
        }
    ],
    "productTags": [
        {
            "id": "La38AElz",
            "productId": "zpM9JRp6",
            "subTagId": "qeaZMepd",
            "parentTagId": null,
            "subTagName": null
        }
    ],
    "productTranslations": null,
    "productVideos": [
        {
            "id": "0ZOwwvOx",
            "productId": "zpM9JRp6",
            "path": "https://www.youtube.com/watch?v=u1yVCeXYya4&list=RDMMu1yVCeXYya4&start_radio=1"
        }
    ]
}
]]></system-out>
  </testcase>
  <testcase name="Scenario: Provider creates a new product with missing address field" classname="Scenario: Provider creates a new product with missing address field" time="0">
    <failure message="expected:&lt;500&gt; but was:&lt;200&gt;" type="java.lang.AssertionError"><![CDATA[java.lang.AssertionError: expected:<500> but was:<200>
]]></failure>
  </testcase>
  <testcase name="Then verify the title is &quot;Internal Server Error&quot;" classname="Scenario: Provider creates a new product with missing address field" time="0">
    <skipped/>
  </testcase>
  <testcase name="Given product is set with the following fields" classname="Scenario: provider enters a data in productTypes with missing name field" time="0"/>
  <testcase name="Given productVideos is set with the following fields" classname="Scenario: provider enters a data in productTypes with missing name field" time="0"/>
  <testcase name="Given productTypes is set with following fields" classname="Scenario: provider enters a data in productTypes with missing name field" time="0"/>
  <testcase name="Given provider creates a new product" classname="Scenario: provider enters a data in productTypes with missing name field" time="0"/>
  <testcase name="Then verify status code is 500" classname="Scenario: provider enters a data in productTypes with missing name field" time="0">
    <failure message="expected:&lt;500&gt; but was:&lt;200&gt;" type="java.lang.AssertionError"><![CDATA[java.lang.AssertionError: expected:<500> but was:<200>
]]></failure>
    <system-out><![CDATA[{
    "id": "ZOwLzDpx",
    "name": "AutoTest",
    "productTypeId": null,
    "active": true,
    "shortDescription": "Test For Automation 1",
    "fullDescription": "Automation for API in Postman",
    "mostPopular": null,
    "longitude": 456.456,
    "latitude": 3245678.5467,
    "calendarColor": "blue",
    "address": "Bishkek",
    "cityId": "kwOXAopo",
    "createdAt": "2021-06-16T11:24:07.891465",
    "productImages": [
        
    ],
    "productDocuments": [
        
    ],
    "productTypes": null,
    "productWorkingDates": [
        {
            "id": "EjpjWdaM",
            "productId": "ZOwLzDpx",
            "fromDate": "2021-05-27",
            "toDate": "2022-12-31",
            "name": "1234567sdfgh#$#%^%&",
            "strictHours": false,
            "timeSlots": [
                {
                    "id": "dl2omVOX",
                    "productWorkingDateId": "EjpjWdaM",
                    "dayOfWeek": "Monday",
                    "startTime": "09:00:00",
                    "endTime": "20:00:00",
                    "duration": "01:00:00",
                    "quantity": 67,
                    "usedQuantity": 0,
                    "active": false,
                    "deletedAt": null
                }
            ],
            "deletedAt": null,
            "maxUsedTicketsQuantity": 0,
            "errorCode": 0
        }
    ],
    "productRegions": [
        {
            "id": "kMaG6ypD",
            "productId": "ZOwLzDpx",
            "regionId": "5bpJKaVE",
            "regionName": null
        }
    ],
    "productPrices": [
        {
            "id": "jLa3REpz",
            "productId": "ZOwLzDpx",
            "channelId": "5bpJKaVE",
            "fromDate": "2021-05-31T00:00:00",
            "toDate": "2022-12-31T00:00:00",
            "title": "API",
            "remarks": "Test",
            "officialPrice": 0,
            "currencyId": "5bpJKaVE",
            "quantityPerDay": 123,
            "autoConfirm": false,
            "pricePerPerson": false,
            "productPriceTypes": [
                {
                    "id": "KPledbav",
                    "productPriceId": "jLa3REpz",
                    "productCustomerTypeId": "MaGEvjOD",
                    "amount": 57,
                    "currencyId": "Belm3pnb",
                    "currencySymbol": null,
                    "isOfficial": true,
                    "productCustomerType": {
                        "id": "MaGEvjOD",
                        "productId": "yxl4wVaj",
                        "name": "?????"
                    }
                }
            ],
            "deletedAt": null
        }
    ],
    "productCustomerTypes": [
        {
            "id": "ylKdQ6O8",
            "productId": "ZOwLzDpx",
            "name": "API"
        },
        {
            "id": "dpd5Nka7",
            "productId": "ZOwLzDpx",
            "name": "?????"
        },
        {
            "id": "5l1AvzlW",
            "productId": "ZOwLzDpx",
            "name": "???"
        },
        {
            "id": "Yp6gXdaK",
            "productId": "ZOwLzDpx",
            "name": "?????"
        }
    ],
    "city": {
        "id": "kwOXAopo",
        "name": "Israel"
    },
    "productIncludedTags": [
        {
            "id": "0WaNmypd",
            "productId": "ZOwLzDpx",
            "subTagId": "jLa3rjpz",
            "parentTagId": null,
            "subTagName": null
        }
    ],
    "productExcludedTags": [
        {
            "id": "bBl5XmaX",
            "productId": "ZOwLzDpx",
            "subTagId": "4eO8gvlP",
            "parentTagId": null,
            "subTagName": null
        }
    ],
    "productTags": [
        {
            "id": "eO8WQzlP",
            "productId": "ZOwLzDpx",
            "subTagId": "qeaZMepd",
            "parentTagId": null,
            "subTagName": null
        }
    ],
    "productTranslations": null,
    "productVideos": [
        {
            "id": "bBl59AlX",
            "productId": "ZOwLzDpx",
            "path": "https://www.youtube.com/watch?v=u1yVCeXYya4&list=RDMMu1yVCeXYya4&start_radio=1"
        }
    ]
}
{
    "id": "ZOwLzDpx",
    "name": "AutoTest",
    "productTypeId": null,
    "active": true,
    "shortDescription": "Test For Automation 1",
    "fullDescription": "Automation for API in Postman",
    "mostPopular": null,
    "longitude": 456.456,
    "latitude": 3245678.5467,
    "calendarColor": "blue",
    "address": "Bishkek",
    "cityId": "kwOXAopo",
    "createdAt": "2021-06-16T11:24:07.891465",
    "productImages": [
        
    ],
    "productDocuments": [
        
    ],
    "productTypes": null,
    "productWorkingDates": [
        {
            "id": "EjpjWdaM",
            "productId": "ZOwLzDpx",
            "fromDate": "2021-05-27",
            "toDate": "2022-12-31",
            "name": "1234567sdfgh#$#%^%&",
            "strictHours": false,
            "timeSlots": [
                {
                    "id": "dl2omVOX",
                    "productWorkingDateId": "EjpjWdaM",
                    "dayOfWeek": "Monday",
                    "startTime": "09:00:00",
                    "endTime": "20:00:00",
                    "duration": "01:00:00",
                    "quantity": 67,
                    "usedQuantity": 0,
                    "active": false,
                    "deletedAt": null
                }
            ],
            "deletedAt": null,
            "maxUsedTicketsQuantity": 0,
            "errorCode": 0
        }
    ],
    "productRegions": [
        {
            "id": "kMaG6ypD",
            "productId": "ZOwLzDpx",
            "regionId": "5bpJKaVE",
            "regionName": null
        }
    ],
    "productPrices": [
        {
            "id": "jLa3REpz",
            "productId": "ZOwLzDpx",
            "channelId": "5bpJKaVE",
            "fromDate": "2021-05-31T00:00:00",
            "toDate": "2022-12-31T00:00:00",
            "title": "API",
            "remarks": "Test",
            "officialPrice": 0,
            "currencyId": "5bpJKaVE",
            "quantityPerDay": 123,
            "autoConfirm": false,
            "pricePerPerson": false,
            "productPriceTypes": [
                {
                    "id": "KPledbav",
                    "productPriceId": "jLa3REpz",
                    "productCustomerTypeId": "MaGEvjOD",
                    "amount": 57,
                    "currencyId": "Belm3pnb",
                    "currencySymbol": null,
                    "isOfficial": true,
                    "productCustomerType": {
                        "id": "MaGEvjOD",
                        "productId": "yxl4wVaj",
                        "name": "?????"
                    }
                }
            ],
            "deletedAt": null
        }
    ],
    "productCustomerTypes": [
        {
            "id": "ylKdQ6O8",
            "productId": "ZOwLzDpx",
            "name": "API"
        },
        {
            "id": "dpd5Nka7",
            "productId": "ZOwLzDpx",
            "name": "?????"
        },
        {
            "id": "5l1AvzlW",
            "productId": "ZOwLzDpx",
            "name": "???"
        },
        {
            "id": "Yp6gXdaK",
            "productId": "ZOwLzDpx",
            "name": "?????"
        }
    ],
    "city": {
        "id": "kwOXAopo",
        "name": "Israel"
    },
    "productIncludedTags": [
        {
            "id": "0WaNmypd",
            "productId": "ZOwLzDpx",
            "subTagId": "jLa3rjpz",
            "parentTagId": null,
            "subTagName": null
        }
    ],
    "productExcludedTags": [
        {
            "id": "bBl5XmaX",
            "productId": "ZOwLzDpx",
            "subTagId": "4eO8gvlP",
            "parentTagId": null,
            "subTagName": null
        }
    ],
    "productTags": [
        {
            "id": "eO8WQzlP",
            "productId": "ZOwLzDpx",
            "subTagId": "qeaZMepd",
            "parentTagId": null,
            "subTagName": null
        }
    ],
    "productTranslations": null,
    "productVideos": [
        {
            "id": "bBl59AlX",
            "productId": "ZOwLzDpx",
            "path": "https://www.youtube.com/watch?v=u1yVCeXYya4&list=RDMMu1yVCeXYya4&start_radio=1"
        }
    ]
}
]]></system-out>
  </testcase>
  <testcase name="Scenario: provider enters a data in productTypes with missing name field" classname="Scenario: provider enters a data in productTypes with missing name field" time="0">
    <failure message="expected:&lt;500&gt; but was:&lt;200&gt;" type="java.lang.AssertionError"><![CDATA[java.lang.AssertionError: expected:<500> but was:<200>
]]></failure>
  </testcase>
  <testcase name="Then verify the title is &quot;Internal Server Error&quot;" classname="Scenario: provider enters a data in productTypes with missing name field" time="0">
    <skipped/>
  </testcase>
  <testcase name="Given product is set with the following fields" classname="Scenario: provider enters a data in ProductWorkingDates with missing fromDate field" time="0"/>
  <testcase name="Given productVideos is set with the following fields" classname="Scenario: provider enters a data in ProductWorkingDates with missing fromDate field" time="0"/>
  <testcase name="Given productWorkingDates is set with following fields" classname="Scenario: provider enters a data in ProductWorkingDates with missing fromDate field" time="0"/>
  <testcase name="Given provider creates a new product" classname="Scenario: provider enters a data in ProductWorkingDates with missing fromDate field" time="0"/>
  <testcase name="Then verify status code is 500" classname="Scenario: provider enters a data in ProductWorkingDates with missing fromDate field" time="0"/>
  <testcase name="Then verify the title is &quot;Internal Server Error&quot;" classname="Scenario: provider enters a data in ProductWorkingDates with missing fromDate field" time="0"/>
  <testcase name="Scenario: provider enters a data in ProductWorkingDates with missing fromDate field" classname="Scenario: provider enters a data in ProductWorkingDates with missing fromDate field" time="0"/>
  <testcase name="Given product is set with the following fields" classname="Scenario: provider enters a data in ProductWorkingDates with empty fromDate field" time="0"/>
  <testcase name="Given productVideos is set with the following fields" classname="Scenario: provider enters a data in ProductWorkingDates with empty fromDate field" time="0"/>
  <testcase name="Given productWorkingDates is set with following fields" classname="Scenario: provider enters a data in ProductWorkingDates with empty fromDate field" time="0"/>
  <testcase name="Given provider creates a new product" classname="Scenario: provider enters a data in ProductWorkingDates with empty fromDate field" time="0"/>
  <testcase name="Then verify status code is 500" classname="Scenario: provider enters a data in ProductWorkingDates with empty fromDate field" time="0"/>
  <testcase name="Then verify the title is &quot;Internal Server Error&quot;" classname="Scenario: provider enters a data in ProductWorkingDates with empty fromDate field" time="0"/>
  <testcase name="Scenario: provider enters a data in ProductWorkingDates with empty fromDate field" classname="Scenario: provider enters a data in ProductWorkingDates with empty fromDate field" time="0"/>
  <testcase name="Given product is set with the following fields" classname="Scenario: provider enters a data in ProductWorkingDates with null fromDate field" time="0"/>
  <testcase name="Given productVideos is set with the following fields" classname="Scenario: provider enters a data in ProductWorkingDates with null fromDate field" time="0"/>
  <testcase name="Given productWorkingDates is set with following fields" classname="Scenario: provider enters a data in ProductWorkingDates with null fromDate field" time="0"/>
  <testcase name="Given provider creates a new product" classname="Scenario: provider enters a data in ProductWorkingDates with null fromDate field" time="0"/>
  <testcase name="Then verify status code is 500" classname="Scenario: provider enters a data in ProductWorkingDates with null fromDate field" time="0"/>
  <testcase name="Then verify the title is &quot;Internal Server Error&quot;" classname="Scenario: provider enters a data in ProductWorkingDates with null fromDate field" time="0"/>
  <testcase name="Scenario: provider enters a data in ProductWorkingDates with null fromDate field" classname="Scenario: provider enters a data in ProductWorkingDates with null fromDate field" time="0"/>
  <testcase name="Given product is set with the following fields" classname="Scenario: provider enters a data in ProductWorkingDates with empty toDate field" time="0"/>
  <testcase name="Given productVideos is set with the following fields" classname="Scenario: provider enters a data in ProductWorkingDates with empty toDate field" time="0"/>
  <testcase name="Given productWorkingDates is set with following fields" classname="Scenario: provider enters a data in ProductWorkingDates with empty toDate field" time="0"/>
  <testcase name="Given provider creates a new product" classname="Scenario: provider enters a data in ProductWorkingDates with empty toDate field" time="0"/>
  <testcase name="Then verify status code is 500" classname="Scenario: provider enters a data in ProductWorkingDates with empty toDate field" time="0"/>
  <testcase name="Then verify the title is &quot;Internal Server Error&quot;" classname="Scenario: provider enters a data in ProductWorkingDates with empty toDate field" time="0"/>
  <testcase name="Scenario: provider enters a data in ProductWorkingDates with empty toDate field" classname="Scenario: provider enters a data in ProductWorkingDates with empty toDate field" time="0"/>
  <testcase name="Given product is set with the following fields" classname="Scenario: provider enters a data in ProductWorkingDates with missing toDate field" time="0"/>
  <testcase name="Given productVideos is set with the following fields" classname="Scenario: provider enters a data in ProductWorkingDates with missing toDate field" time="0"/>
  <testcase name="Given productWorkingDates is set with following fields" classname="Scenario: provider enters a data in ProductWorkingDates with missing toDate field" time="0"/>
  <testcase name="Given provider creates a new product" classname="Scenario: provider enters a data in ProductWorkingDates with missing toDate field" time="0"/>
  <testcase name="Then verify status code is 500" classname="Scenario: provider enters a data in ProductWorkingDates with missing toDate field" time="0"/>
  <testcase name="Then verify the title is &quot;Internal Server Error&quot;" classname="Scenario: provider enters a data in ProductWorkingDates with missing toDate field" time="0"/>
  <testcase name="Scenario: provider enters a data in ProductWorkingDates with missing toDate field" classname="Scenario: provider enters a data in ProductWorkingDates with missing toDate field" time="0"/>
  <testcase name="Given product is set with the following fields" classname="Scenario: provider enters a data in ProductWorkingDates with null toDate field" time="0"/>
  <testcase name="Given productVideos is set with the following fields" classname="Scenario: provider enters a data in ProductWorkingDates with null toDate field" time="0"/>
  <testcase name="Given productWorkingDates is set with following fields" classname="Scenario: provider enters a data in ProductWorkingDates with null toDate field" time="0"/>
  <testcase name="Given provider creates a new product" classname="Scenario: provider enters a data in ProductWorkingDates with null toDate field" time="0"/>
  <testcase name="Then verify status code is 500" classname="Scenario: provider enters a data in ProductWorkingDates with null toDate field" time="0"/>
  <testcase name="Then verify the title is &quot;Internal Server Error&quot;" classname="Scenario: provider enters a data in ProductWorkingDates with null toDate field" time="0"/>
  <testcase name="Scenario: provider enters a data in ProductWorkingDates with null toDate field" classname="Scenario: provider enters a data in ProductWorkingDates with null toDate field" time="0"/>
  <testcase name="Given product is set with the following fields" classname="Scenario: provider enters a data in ProductWorkingDates with empty name field" time="0"/>
  <testcase name="Given productVideos is set with the following fields" classname="Scenario: provider enters a data in ProductWorkingDates with empty name field" time="0"/>
  <testcase name="Given productWorkingDates is set with following fields" classname="Scenario: provider enters a data in ProductWorkingDates with empty name field" time="0"/>
  <testcase name="Given provider creates a new product" classname="Scenario: provider enters a data in ProductWorkingDates with empty name field" time="0"/>
  <testcase name="Then verify status code is 500" classname="Scenario: provider enters a data in ProductWorkingDates with empty name field" time="0">
    <failure message="expected:&lt;500&gt; but was:&lt;200&gt;" type="java.lang.AssertionError"><![CDATA[java.lang.AssertionError: expected:<500> but was:<200>
]]></failure>
    <system-out><![CDATA[{
    "id": "Bl51P9lX",
    "name": "AutoTest",
    "productTypeId": null,
    "active": true,
    "shortDescription": "Test For Automation 1",
    "fullDescription": "Automation for API in Postman",
    "mostPopular": null,
    "longitude": 456.456,
    "latitude": 3245678.5467,
    "calendarColor": "blue",
    "address": "Bishkek",
    "cityId": "PYayMraW",
    "createdAt": "2021-06-16T11:24:09.188149",
    "productImages": [
        
    ],
    "productDocuments": [
        
    ],
    "productTypes": null,
    "productWorkingDates": [
        {
            "id": "r1lk4oO6",
            "productId": "Bl51P9lX",
            "fromDate": "2022-12-31",
            "toDate": "2022-12-31",
            "name": "",
            "strictHours": false,
            "timeSlots": [
                {
                    "id": "Jpgyerlq",
                    "productWorkingDateId": "r1lk4oO6",
                    "dayOfWeek": "Monday",
                    "startTime": "09:00:00",
                    "endTime": "20:00:00",
                    "duration": "01:00:00",
                    "quantity": 67,
                    "usedQuantity": 0,
                    "active": false,
                    "deletedAt": null
                }
            ],
            "deletedAt": null,
            "maxUsedTicketsQuantity": 0,
            "errorCode": 0
        }
    ],
    "productRegions": [
        {
            "id": "oylK4VO8",
            "productId": "Bl51P9lX",
            "regionId": "5bpJKaVE",
            "regionName": null
        }
    ],
    "productPrices": [
        {
            "id": "4eO88zOP",
            "productId": "Bl51P9lX",
            "channelId": "5bpJKaVE",
            "fromDate": "2021-05-31T00:00:00",
            "toDate": "2022-12-31T00:00:00",
            "title": "API",
            "remarks": "Test",
            "officialPrice": 0,
            "currencyId": "5bpJKaVE",
            "quantityPerDay": 123,
            "autoConfirm": false,
            "pricePerPerson": false,
            "productPriceTypes": [
                {
                    "id": "vApRgNaY",
                    "productPriceId": "4eO88zOP",
                    "productCustomerTypeId": "wOXzWnao",
                    "amount": 57,
                    "currencyId": "Belm3pnb",
                    "currencySymbol": null,
                    "isOfficial": true,
                    "productCustomerType": {
                        "id": "wOXzWnao",
                        "productId": "yxl4wVaj",
                        "name": "?????"
                    }
                }
            ],
            "deletedAt": null
        }
    ],
    "productCustomerTypes": [
        {
            "id": "YayqwYaW",
            "productId": "Bl51P9lX",
            "name": "API"
        },
        {
            "id": "3pWo8Rp4",
            "productId": "Bl51P9lX",
            "name": "?????"
        },
        {
            "id": "xl4WXqaj",
            "productId": "Bl51P9lX",
            "name": "???"
        },
        {
            "id": "Gaz7z5lV",
            "productId": "Bl51P9lX",
            "name": "?????"
        }
    ],
    "city": {
        "id": "PYayMraW",
        "name": "Israel"
    },
    "productIncludedTags": [
        {
            "id": "52aAM3aZ",
            "productId": "Bl51P9lX",
            "subTagId": "jLa3rjpz",
            "parentTagId": null,
            "subTagName": null
        }
    ],
    "productExcludedTags": [
        {
            "id": "YbpvKJaJ",
            "productId": "Bl51P9lX",
            "subTagId": "4eO8gvlP",
            "parentTagId": null,
            "subTagName": null
        }
    ],
    "productTags": [
        {
            "id": "4lrnjmld",
            "productId": "Bl51P9lX",
            "subTagId": "qeaZMepd",
            "parentTagId": null,
            "subTagName": null
        }
    ],
    "productTranslations": null,
    "productVideos": [
        {
            "id": "Ybpv37aJ",
            "productId": "Bl51P9lX",
            "path": "https://www.youtube.com/watch?v=u1yVCeXYya4&list=RDMMu1yVCeXYya4&start_radio=1"
        }
    ]
}
{
    "id": "Bl51P9lX",
    "name": "AutoTest",
    "productTypeId": null,
    "active": true,
    "shortDescription": "Test For Automation 1",
    "fullDescription": "Automation for API in Postman",
    "mostPopular": null,
    "longitude": 456.456,
    "latitude": 3245678.5467,
    "calendarColor": "blue",
    "address": "Bishkek",
    "cityId": "PYayMraW",
    "createdAt": "2021-06-16T11:24:09.188149",
    "productImages": [
        
    ],
    "productDocuments": [
        
    ],
    "productTypes": null,
    "productWorkingDates": [
        {
            "id": "r1lk4oO6",
            "productId": "Bl51P9lX",
            "fromDate": "2022-12-31",
            "toDate": "2022-12-31",
            "name": "",
            "strictHours": false,
            "timeSlots": [
                {
                    "id": "Jpgyerlq",
                    "productWorkingDateId": "r1lk4oO6",
                    "dayOfWeek": "Monday",
                    "startTime": "09:00:00",
                    "endTime": "20:00:00",
                    "duration": "01:00:00",
                    "quantity": 67,
                    "usedQuantity": 0,
                    "active": false,
                    "deletedAt": null
                }
            ],
            "deletedAt": null,
            "maxUsedTicketsQuantity": 0,
            "errorCode": 0
        }
    ],
    "productRegions": [
        {
            "id": "oylK4VO8",
            "productId": "Bl51P9lX",
            "regionId": "5bpJKaVE",
            "regionName": null
        }
    ],
    "productPrices": [
        {
            "id": "4eO88zOP",
            "productId": "Bl51P9lX",
            "channelId": "5bpJKaVE",
            "fromDate": "2021-05-31T00:00:00",
            "toDate": "2022-12-31T00:00:00",
            "title": "API",
            "remarks": "Test",
            "officialPrice": 0,
            "currencyId": "5bpJKaVE",
            "quantityPerDay": 123,
            "autoConfirm": false,
            "pricePerPerson": false,
            "productPriceTypes": [
                {
                    "id": "vApRgNaY",
                    "productPriceId": "4eO88zOP",
                    "productCustomerTypeId": "wOXzWnao",
                    "amount": 57,
                    "currencyId": "Belm3pnb",
                    "currencySymbol": null,
                    "isOfficial": true,
                    "productCustomerType": {
                        "id": "wOXzWnao",
                        "productId": "yxl4wVaj",
                        "name": "?????"
                    }
                }
            ],
            "deletedAt": null
        }
    ],
    "productCustomerTypes": [
        {
            "id": "YayqwYaW",
            "productId": "Bl51P9lX",
            "name": "API"
        },
        {
            "id": "3pWo8Rp4",
            "productId": "Bl51P9lX",
            "name": "?????"
        },
        {
            "id": "xl4WXqaj",
            "productId": "Bl51P9lX",
            "name": "???"
        },
        {
            "id": "Gaz7z5lV",
            "productId": "Bl51P9lX",
            "name": "?????"
        }
    ],
    "city": {
        "id": "PYayMraW",
        "name": "Israel"
    },
    "productIncludedTags": [
        {
            "id": "52aAM3aZ",
            "productId": "Bl51P9lX",
            "subTagId": "jLa3rjpz",
            "parentTagId": null,
            "subTagName": null
        }
    ],
    "productExcludedTags": [
        {
            "id": "YbpvKJaJ",
            "productId": "Bl51P9lX",
            "subTagId": "4eO8gvlP",
            "parentTagId": null,
            "subTagName": null
        }
    ],
    "productTags": [
        {
            "id": "4lrnjmld",
            "productId": "Bl51P9lX",
            "subTagId": "qeaZMepd",
            "parentTagId": null,
            "subTagName": null
        }
    ],
    "productTranslations": null,
    "productVideos": [
        {
            "id": "Ybpv37aJ",
            "productId": "Bl51P9lX",
            "path": "https://www.youtube.com/watch?v=u1yVCeXYya4&list=RDMMu1yVCeXYya4&start_radio=1"
        }
    ]
}
]]></system-out>
  </testcase>
  <testcase name="Scenario: provider enters a data in ProductWorkingDates with empty name field" classname="Scenario: provider enters a data in ProductWorkingDates with empty name field" time="0">
    <failure message="expected:&lt;500&gt; but was:&lt;200&gt;" type="java.lang.AssertionError"><![CDATA[java.lang.AssertionError: expected:<500> but was:<200>
]]></failure>
  </testcase>
  <testcase name="Then verify the title is &quot;Internal Server Error&quot;" classname="Scenario: provider enters a data in ProductWorkingDates with empty name field" time="0">
    <skipped/>
  </testcase>
  <testcase name="Given product is set with the following fields" classname="Scenario: provider enters a data in ProductWorkingDates with missing name field" time="0"/>
  <testcase name="Given productVideos is set with the following fields" classname="Scenario: provider enters a data in ProductWorkingDates with missing name field" time="0"/>
  <testcase name="Given productWorkingDates is set with following fields" classname="Scenario: provider enters a data in ProductWorkingDates with missing name field" time="0"/>
  <testcase name="Given provider creates a new product" classname="Scenario: provider enters a data in ProductWorkingDates with missing name field" time="0"/>
  <testcase name="Then verify status code is 500" classname="Scenario: provider enters a data in ProductWorkingDates with missing name field" time="0"/>
  <testcase name="Then verify the title is &quot;Internal Server Error&quot;" classname="Scenario: provider enters a data in ProductWorkingDates with missing name field" time="0"/>
  <testcase name="Scenario: provider enters a data in ProductWorkingDates with missing name field" classname="Scenario: provider enters a data in ProductWorkingDates with missing name field" time="0"/>
  <testcase name="Given product is set with the following fields" classname="Scenario: provider enters a data in timeSlots with empty startTime field" time="0"/>
  <testcase name="Given productVideos is set with the following fields" classname="Scenario: provider enters a data in timeSlots with empty startTime field" time="0"/>
  <testcase name="Given productWorkingDates is set with following fields" classname="Scenario: provider enters a data in timeSlots with empty startTime field" time="0"/>
  <testcase name="Given timeSlots is set with the following fields" classname="Scenario: provider enters a data in timeSlots with empty startTime field" time="0"/>
  <testcase name="Given provider creates a new product" classname="Scenario: provider enters a data in timeSlots with empty startTime field" time="0"/>
  <testcase name="Then verify status code is 400" classname="Scenario: provider enters a data in timeSlots with empty startTime field" time="0"/>
  <testcase name="Then verify the title is &quot;One or more validation errors occurred.&quot;" classname="Scenario: provider enters a data in timeSlots with empty startTime field" time="0"/>
  <testcase name="Scenario: provider enters a data in timeSlots with empty startTime field" classname="Scenario: provider enters a data in timeSlots with empty startTime field" time="0"/>
  <testcase name="Given product is set with the following fields" classname="Scenario: provider enters a data in timeSlots with null startTime field" time="0"/>
  <testcase name="Given productVideos is set with the following fields" classname="Scenario: provider enters a data in timeSlots with null startTime field" time="0"/>
  <testcase name="Given productWorkingDates is set with following fields" classname="Scenario: provider enters a data in timeSlots with null startTime field" time="0"/>
  <testcase name="Given timeSlots is set with the following fields" classname="Scenario: provider enters a data in timeSlots with null startTime field" time="0"/>
  <testcase name="Given provider creates a new product" classname="Scenario: provider enters a data in timeSlots with null startTime field" time="0"/>
  <testcase name="Then verify status code is 400" classname="Scenario: provider enters a data in timeSlots with null startTime field" time="0"/>
  <testcase name="Then verify the title is &quot;One or more validation errors occurred.&quot;" classname="Scenario: provider enters a data in timeSlots with null startTime field" time="0"/>
  <testcase name="Scenario: provider enters a data in timeSlots with null startTime field" classname="Scenario: provider enters a data in timeSlots with null startTime field" time="0"/>
  <testcase name="Given product is set with the following fields" classname="Scenario: provider enters a data in timeSlots with incorrect timing in startTime field" time="0"/>
  <testcase name="Given productVideos is set with the following fields" classname="Scenario: provider enters a data in timeSlots with incorrect timing in startTime field" time="0"/>
  <testcase name="Given productWorkingDates is set with following fields" classname="Scenario: provider enters a data in timeSlots with incorrect timing in startTime field" time="0"/>
  <testcase name="Given timeSlots is set with the following fields" classname="Scenario: provider enters a data in timeSlots with incorrect timing in startTime field" time="0"/>
  <testcase name="Given provider creates a new product" classname="Scenario: provider enters a data in timeSlots with incorrect timing in startTime field" time="0"/>
  <testcase name="Then verify status code is 400" classname="Scenario: provider enters a data in timeSlots with incorrect timing in startTime field" time="0"/>
  <testcase name="Then verify the title is &quot;One or more validation errors occurred.&quot;" classname="Scenario: provider enters a data in timeSlots with incorrect timing in startTime field" time="0"/>
  <testcase name="Scenario: provider enters a data in timeSlots with incorrect timing in startTime field" classname="Scenario: provider enters a data in timeSlots with incorrect timing in startTime field" time="0"/>
  <testcase name="Given product is set with the following fields" classname="Scenario: provider enters a data in timeSlots with special chars in startTime field" time="0"/>
  <testcase name="Given productVideos is set with the following fields" classname="Scenario: provider enters a data in timeSlots with special chars in startTime field" time="0"/>
  <testcase name="Given productWorkingDates is set with following fields" classname="Scenario: provider enters a data in timeSlots with special chars in startTime field" time="0"/>
  <testcase name="Given timeSlots is set with the following fields" classname="Scenario: provider enters a data in timeSlots with special chars in startTime field" time="0"/>
  <testcase name="Given provider creates a new product" classname="Scenario: provider enters a data in timeSlots with special chars in startTime field" time="0"/>
  <testcase name="Then verify status code is 400" classname="Scenario: provider enters a data in timeSlots with special chars in startTime field" time="0"/>
  <testcase name="Then verify the title is &quot;One or more validation errors occurred.&quot;" classname="Scenario: provider enters a data in timeSlots with special chars in startTime field" time="0"/>
  <testcase name="Scenario: provider enters a data in timeSlots with special chars in startTime field" classname="Scenario: provider enters a data in timeSlots with special chars in startTime field" time="0"/>
  <testcase name="Given product is set with the following fields" classname="Scenario: provider enters a data in timeSlots with missing startTime field" time="0"/>
  <testcase name="Given productVideos is set with the following fields" classname="Scenario: provider enters a data in timeSlots with missing startTime field" time="0"/>
  <testcase name="Given productWorkingDates is set with following fields" classname="Scenario: provider enters a data in timeSlots with missing startTime field" time="0"/>
  <testcase name="Given timeSlots is set with the following fields" classname="Scenario: provider enters a data in timeSlots with missing startTime field" time="0"/>
  <testcase name="Given provider creates a new product" classname="Scenario: provider enters a data in timeSlots with missing startTime field" time="0"/>
  <testcase name="Then verify status code is 400" classname="Scenario: provider enters a data in timeSlots with missing startTime field" time="0">
    <failure message="expected:&lt;400&gt; but was:&lt;200&gt;" type="java.lang.AssertionError"><![CDATA[java.lang.AssertionError: expected:<400> but was:<200>
]]></failure>
    <system-out><![CDATA[{
    "id": "zOPeLLpj",
    "name": "AutoTest",
    "productTypeId": null,
    "active": true,
    "shortDescription": "Test For Automation 1",
    "fullDescription": "Automation for API in Postman",
    "mostPopular": null,
    "longitude": 456.456,
    "latitude": 3245678.5467,
    "calendarColor": "blue",
    "address": "Bishkek",
    "cityId": "yxl447lj",
    "createdAt": "2021-06-16T11:24:10.35576",
    "productImages": [
        
    ],
    "productDocuments": [
        
    ],
    "productTypes": null,
    "productWorkingDates": [
        {
            "id": "7Wlq2POb",
            "productId": "zOPeLLpj",
            "fromDate": "2022-12-31",
            "toDate": "2022-12-31",
            "name": "1234",
            "strictHours": false,
            "timeSlots": [
                {
                    "id": "Gpbzy4pr",
                    "productWorkingDateId": "7Wlq2POb",
                    "dayOfWeek": "Monday",
                    "startTime": "00:00:00",
                    "endTime": "20:00:00",
                    "duration": "01:00:00",
                    "quantity": 32,
                    "usedQuantity": 0,
                    "active": false,
                    "deletedAt": null
                }
            ],
            "deletedAt": null,
            "maxUsedTicketsQuantity": 0,
            "errorCode": 0
        }
    ],
    "productRegions": [
        {
            "id": "M5l12VOW",
            "productId": "zOPeLLpj",
            "regionId": "5bpJKaVE",
            "regionName": null
        }
    ],
    "productPrices": [
        {
            "id": "PdOn5VlV",
            "productId": "zOPeLLpj",
            "channelId": "5bpJKaVE",
            "fromDate": "2021-05-31T00:00:00",
            "toDate": "2022-12-31T00:00:00",
            "title": "API",
            "remarks": "Test",
            "officialPrice": 0,
            "currencyId": "5bpJKaVE",
            "quantityPerDay": 123,
            "autoConfirm": false,
            "pricePerPerson": false,
            "productPriceTypes": [
                {
                    "id": "q7OxPNO6",
                    "productPriceId": "PdOn5VlV",
                    "productCustomerTypeId": "Jpgy0vlq",
                    "amount": 57,
                    "currencyId": "Belm3pnb",
                    "currencySymbol": null,
                    "isOfficial": true,
                    "productCustomerType": {
                        "id": "Jpgy0vlq",
                        "productId": "yxl4wVaj",
                        "name": "?????"
                    }
                }
            ],
            "deletedAt": null
        }
    ],
    "productCustomerTypes": [
        {
            "id": "GpbzV5pr",
            "productId": "zOPeLLpj",
            "name": "API"
        },
        {
            "id": "zpM9QRp6",
            "productId": "zOPeLLpj",
            "name": "?????"
        },
        {
            "id": "ZOwL9Dpx",
            "productId": "zOPeLLpj",
            "name": "???"
        },
        {
            "id": "Bl51E9lX",
            "productId": "zOPeLLpj",
            "name": "?????"
        }
    ],
    "city": {
        "id": "yxl447lj",
        "name": "Israel"
    },
    "productIncludedTags": [
        {
            "id": "QrO9EoOe",
            "productId": "zOPeLLpj",
            "subTagId": "jLa3rjpz",
            "parentTagId": null,
            "subTagName": null
        }
    ],
    "productExcludedTags": [
        {
            "id": "VblVJLlw",
            "productId": "zOPeLLpj",
            "subTagId": "4eO8gvlP",
            "parentTagId": null,
            "subTagName": null
        }
    ],
    "productTags": [
        {
            "id": "jpjeo1OM",
            "productId": "zOPeLLpj",
            "subTagId": "qeaZMepd",
            "parentTagId": null,
            "subTagName": null
        }
    ],
    "productTranslations": null,
    "productVideos": [
        {
            "id": "VblVbVlw",
            "productId": "zOPeLLpj",
            "path": "https://www.youtube.com/watch?v=u1yVCeXYya4&list=RDMMu1yVCeXYya4&start_radio=1"
        }
    ]
}
{
    "id": "zOPeLLpj",
    "name": "AutoTest",
    "productTypeId": null,
    "active": true,
    "shortDescription": "Test For Automation 1",
    "fullDescription": "Automation for API in Postman",
    "mostPopular": null,
    "longitude": 456.456,
    "latitude": 3245678.5467,
    "calendarColor": "blue",
    "address": "Bishkek",
    "cityId": "yxl447lj",
    "createdAt": "2021-06-16T11:24:10.35576",
    "productImages": [
        
    ],
    "productDocuments": [
        
    ],
    "productTypes": null,
    "productWorkingDates": [
        {
            "id": "7Wlq2POb",
            "productId": "zOPeLLpj",
            "fromDate": "2022-12-31",
            "toDate": "2022-12-31",
            "name": "1234",
            "strictHours": false,
            "timeSlots": [
                {
                    "id": "Gpbzy4pr",
                    "productWorkingDateId": "7Wlq2POb",
                    "dayOfWeek": "Monday",
                    "startTime": "00:00:00",
                    "endTime": "20:00:00",
                    "duration": "01:00:00",
                    "quantity": 32,
                    "usedQuantity": 0,
                    "active": false,
                    "deletedAt": null
                }
            ],
            "deletedAt": null,
            "maxUsedTicketsQuantity": 0,
            "errorCode": 0
        }
    ],
    "productRegions": [
        {
            "id": "M5l12VOW",
            "productId": "zOPeLLpj",
            "regionId": "5bpJKaVE",
            "regionName": null
        }
    ],
    "productPrices": [
        {
            "id": "PdOn5VlV",
            "productId": "zOPeLLpj",
            "channelId": "5bpJKaVE",
            "fromDate": "2021-05-31T00:00:00",
            "toDate": "2022-12-31T00:00:00",
            "title": "API",
            "remarks": "Test",
            "officialPrice": 0,
            "currencyId": "5bpJKaVE",
            "quantityPerDay": 123,
            "autoConfirm": false,
            "pricePerPerson": false,
            "productPriceTypes": [
                {
                    "id": "q7OxPNO6",
                    "productPriceId": "PdOn5VlV",
                    "productCustomerTypeId": "Jpgy0vlq",
                    "amount": 57,
                    "currencyId": "Belm3pnb",
                    "currencySymbol": null,
                    "isOfficial": true,
                    "productCustomerType": {
                        "id": "Jpgy0vlq",
                        "productId": "yxl4wVaj",
                        "name": "?????"
                    }
                }
            ],
            "deletedAt": null
        }
    ],
    "productCustomerTypes": [
        {
            "id": "GpbzV5pr",
            "productId": "zOPeLLpj",
            "name": "API"
        },
        {
            "id": "zpM9QRp6",
            "productId": "zOPeLLpj",
            "name": "?????"
        },
        {
            "id": "ZOwL9Dpx",
            "productId": "zOPeLLpj",
            "name": "???"
        },
        {
            "id": "Bl51E9lX",
            "productId": "zOPeLLpj",
            "name": "?????"
        }
    ],
    "city": {
        "id": "yxl447lj",
        "name": "Israel"
    },
    "productIncludedTags": [
        {
            "id": "QrO9EoOe",
            "productId": "zOPeLLpj",
            "subTagId": "jLa3rjpz",
            "parentTagId": null,
            "subTagName": null
        }
    ],
    "productExcludedTags": [
        {
            "id": "VblVJLlw",
            "productId": "zOPeLLpj",
            "subTagId": "4eO8gvlP",
            "parentTagId": null,
            "subTagName": null
        }
    ],
    "productTags": [
        {
            "id": "jpjeo1OM",
            "productId": "zOPeLLpj",
            "subTagId": "qeaZMepd",
            "parentTagId": null,
            "subTagName": null
        }
    ],
    "productTranslations": null,
    "productVideos": [
        {
            "id": "VblVbVlw",
            "productId": "zOPeLLpj",
            "path": "https://www.youtube.com/watch?v=u1yVCeXYya4&list=RDMMu1yVCeXYya4&start_radio=1"
        }
    ]
}
]]></system-out>
  </testcase>
  <testcase name="Scenario: provider enters a data in timeSlots with missing startTime field" classname="Scenario: provider enters a data in timeSlots with missing startTime field" time="0">
    <failure message="expected:&lt;400&gt; but was:&lt;200&gt;" type="java.lang.AssertionError"><![CDATA[java.lang.AssertionError: expected:<400> but was:<200>
]]></failure>
  </testcase>
  <testcase name="Then verify the title is &quot;One or more validation errors occurred.&quot;" classname="Scenario: provider enters a data in timeSlots with missing startTime field" time="0">
    <skipped/>
  </testcase>
  <testcase name="Given product is set with the following fields" classname="Scenario: provider enters a data in timeSlots with empty endTime field" time="0"/>
  <testcase name="Given productVideos is set with the following fields" classname="Scenario: provider enters a data in timeSlots with empty endTime field" time="0"/>
  <testcase name="Given productWorkingDates is set with following fields" classname="Scenario: provider enters a data in timeSlots with empty endTime field" time="0"/>
  <testcase name="Given timeSlots is set with the following fields" classname="Scenario: provider enters a data in timeSlots with empty endTime field" time="0"/>
  <testcase name="Given provider creates a new product" classname="Scenario: provider enters a data in timeSlots with empty endTime field" time="0"/>
  <testcase name="Then verify status code is 400" classname="Scenario: provider enters a data in timeSlots with empty endTime field" time="0"/>
  <testcase name="Then verify the title is &quot;One or more validation errors occurred.&quot;" classname="Scenario: provider enters a data in timeSlots with empty endTime field" time="0"/>
  <testcase name="Scenario: provider enters a data in timeSlots with empty endTime field" classname="Scenario: provider enters a data in timeSlots with empty endTime field" time="0"/>
  <testcase name="Given product is set with the following fields" classname="Scenario: provider enters a data in timeSlots with null endTime field" time="0"/>
  <testcase name="Given productVideos is set with the following fields" classname="Scenario: provider enters a data in timeSlots with null endTime field" time="0"/>
  <testcase name="Given productWorkingDates is set with following fields" classname="Scenario: provider enters a data in timeSlots with null endTime field" time="0"/>
  <testcase name="Given timeSlots is set with the following fields" classname="Scenario: provider enters a data in timeSlots with null endTime field" time="0"/>
  <testcase name="Given provider creates a new product" classname="Scenario: provider enters a data in timeSlots with null endTime field" time="0"/>
  <testcase name="Then verify status code is 400" classname="Scenario: provider enters a data in timeSlots with null endTime field" time="0"/>
  <testcase name="Then verify the title is &quot;One or more validation errors occurred.&quot;" classname="Scenario: provider enters a data in timeSlots with null endTime field" time="0"/>
  <testcase name="Scenario: provider enters a data in timeSlots with null endTime field" classname="Scenario: provider enters a data in timeSlots with null endTime field" time="0"/>
  <testcase name="Given product is set with the following fields" classname="Scenario: provider enters a data in timeSlots with incorrect timing in endTime field" time="0"/>
  <testcase name="Given productVideos is set with the following fields" classname="Scenario: provider enters a data in timeSlots with incorrect timing in endTime field" time="0"/>
  <testcase name="Given productWorkingDates is set with following fields" classname="Scenario: provider enters a data in timeSlots with incorrect timing in endTime field" time="0"/>
  <testcase name="Given timeSlots is set with the following fields" classname="Scenario: provider enters a data in timeSlots with incorrect timing in endTime field" time="0"/>
  <testcase name="Given provider creates a new product" classname="Scenario: provider enters a data in timeSlots with incorrect timing in endTime field" time="0"/>
  <testcase name="Then verify status code is 400" classname="Scenario: provider enters a data in timeSlots with incorrect timing in endTime field" time="0"/>
  <testcase name="Then verify the title is &quot;One or more validation errors occurred.&quot;" classname="Scenario: provider enters a data in timeSlots with incorrect timing in endTime field" time="0"/>
  <testcase name="Scenario: provider enters a data in timeSlots with incorrect timing in endTime field" classname="Scenario: provider enters a data in timeSlots with incorrect timing in endTime field" time="0"/>
  <testcase name="Given product is set with the following fields" classname="Scenario: provider enters a data in timeSlots with special char in endTime field" time="0"/>
  <testcase name="Given productVideos is set with the following fields" classname="Scenario: provider enters a data in timeSlots with special char in endTime field" time="0"/>
  <testcase name="Given productWorkingDates is set with following fields" classname="Scenario: provider enters a data in timeSlots with special char in endTime field" time="0"/>
  <testcase name="Given timeSlots is set with the following fields" classname="Scenario: provider enters a data in timeSlots with special char in endTime field" time="0"/>
  <testcase name="Given provider creates a new product" classname="Scenario: provider enters a data in timeSlots with special char in endTime field" time="0"/>
  <testcase name="Then verify status code is 400" classname="Scenario: provider enters a data in timeSlots with special char in endTime field" time="0"/>
  <testcase name="Then verify the title is &quot;One or more validation errors occurred.&quot;" classname="Scenario: provider enters a data in timeSlots with special char in endTime field" time="0"/>
  <testcase name="Scenario: provider enters a data in timeSlots with special char in endTime field" classname="Scenario: provider enters a data in timeSlots with special char in endTime field" time="0"/>
  <testcase name="Given product is set with the following fields" classname="Scenario: provider enters a data in timeSlots with missing endTime field" time="0"/>
  <testcase name="Given productVideos is set with the following fields" classname="Scenario: provider enters a data in timeSlots with missing endTime field" time="0"/>
  <testcase name="Given productWorkingDates is set with following fields" classname="Scenario: provider enters a data in timeSlots with missing endTime field" time="0"/>
  <testcase name="Given timeSlots is set with the following fields" classname="Scenario: provider enters a data in timeSlots with missing endTime field" time="0"/>
  <testcase name="Given provider creates a new product" classname="Scenario: provider enters a data in timeSlots with missing endTime field" time="0"/>
  <testcase name="Then verify status code is 400" classname="Scenario: provider enters a data in timeSlots with missing endTime field" time="0">
    <failure message="expected:&lt;400&gt; but was:&lt;200&gt;" type="java.lang.AssertionError"><![CDATA[java.lang.AssertionError: expected:<400> but was:<200>
]]></failure>
    <system-out><![CDATA[{
    "id": "blVXWYpw",
    "name": "AutoTest",
    "productTypeId": null,
    "active": true,
    "shortDescription": "Test For Automation 1",
    "fullDescription": "Automation for API in Postman",
    "mostPopular": null,
    "longitude": 456.456,
    "latitude": 3245678.5467,
    "calendarColor": "blue",
    "address": "Bishkek",
    "cityId": "nGaz5WpV",
    "createdAt": "2021-06-16T11:24:11.268371",
    "productImages": [
        
    ],
    "productDocuments": [
        
    ],
    "productTypes": null,
    "productWorkingDates": [
        {
            "id": "GrOEdjlY",
            "productId": "blVXWYpw",
            "fromDate": "2022-12-31",
            "toDate": "2022-12-31",
            "name": "1234",
            "strictHours": false,
            "timeSlots": [
                {
                    "id": "zpM9wbp6",
                    "productWorkingDateId": "GrOEdjlY",
                    "dayOfWeek": "Monday",
                    "startTime": "09:00:00",
                    "endTime": "00:00:00",
                    "duration": "01:00:00",
                    "quantity": 32,
                    "usedQuantity": 0,
                    "active": false,
                    "deletedAt": null
                }
            ],
            "deletedAt": null,
            "maxUsedTicketsQuantity": 0,
            "errorCode": 0
        }
    ],
    "productRegions": [
        {
            "id": "WYp65nOK",
            "productId": "blVXWYpw",
            "regionId": "5bpJKaVE",
            "regionName": null
        }
    ],
    "productPrices": [
        {
            "id": "Ejpj41lM",
            "productId": "blVXWYpw",
            "channelId": "5bpJKaVE",
            "fromDate": "2021-05-31T00:00:00",
            "toDate": "2022-12-31T00:00:00",
            "title": "API",
            "remarks": "Test",
            "officialPrice": 0,
            "currencyId": "5bpJKaVE",
            "quantityPerDay": 123,
            "autoConfirm": false,
            "pricePerPerson": false,
            "productPriceTypes": [
                {
                    "id": "Kdl2gBOX",
                    "productPriceId": "Ejpj41lM",
                    "productCustomerTypeId": "bpvjLqpJ",
                    "amount": 57,
                    "currencyId": "Belm3pnb",
                    "currencySymbol": null,
                    "isOfficial": true,
                    "productCustomerType": {
                        "id": "bpvjLqpJ",
                        "productId": "yxl4wVaj",
                        "name": "?????"
                    }
                }
            ],
            "deletedAt": null
        }
    ],
    "productCustomerTypes": [
        {
            "id": "zOPeNLpj",
            "productId": "blVXWYpw",
            "name": "API"
        },
        {
            "id": "blVXYYpw",
            "productId": "blVXWYpw",
            "name": "?????"
        },
        {
            "id": "waD3BEp3",
            "productId": "blVXWYpw",
            "name": "???"
        },
        {
            "id": "La3r0qpz",
            "productId": "blVXWYpw",
            "name": "?????"
        }
    ],
    "city": {
        "id": "nGaz5WpV",
        "name": "Israel"
    },
    "productIncludedTags": [
        {
            "id": "qeaZV9ad",
            "productId": "blVXWYpw",
            "subTagId": "jLa3rjpz",
            "parentTagId": null,
            "subTagName": null
        }
    ],
    "productExcludedTags": [
        {
            "id": "4waD8na3",
            "productId": "blVXWYpw",
            "subTagId": "4eO8gvlP",
            "parentTagId": null,
            "subTagName": null
        }
    ],
    "productTags": [
        {
            "id": "1lkv3wa6",
            "productId": "blVXWYpw",
            "subTagId": "qeaZMepd",
            "parentTagId": null,
            "subTagName": null
        }
    ],
    "productTranslations": null,
    "productVideos": [
        {
            "id": "4waDdma3",
            "productId": "blVXWYpw",
            "path": "https://www.youtube.com/watch?v=u1yVCeXYya4&list=RDMMu1yVCeXYya4&start_radio=1"
        }
    ]
}
{
    "id": "blVXWYpw",
    "name": "AutoTest",
    "productTypeId": null,
    "active": true,
    "shortDescription": "Test For Automation 1",
    "fullDescription": "Automation for API in Postman",
    "mostPopular": null,
    "longitude": 456.456,
    "latitude": 3245678.5467,
    "calendarColor": "blue",
    "address": "Bishkek",
    "cityId": "nGaz5WpV",
    "createdAt": "2021-06-16T11:24:11.268371",
    "productImages": [
        
    ],
    "productDocuments": [
        
    ],
    "productTypes": null,
    "productWorkingDates": [
        {
            "id": "GrOEdjlY",
            "productId": "blVXWYpw",
            "fromDate": "2022-12-31",
            "toDate": "2022-12-31",
            "name": "1234",
            "strictHours": false,
            "timeSlots": [
                {
                    "id": "zpM9wbp6",
                    "productWorkingDateId": "GrOEdjlY",
                    "dayOfWeek": "Monday",
                    "startTime": "09:00:00",
                    "endTime": "00:00:00",
                    "duration": "01:00:00",
                    "quantity": 32,
                    "usedQuantity": 0,
                    "active": false,
                    "deletedAt": null
                }
            ],
            "deletedAt": null,
            "maxUsedTicketsQuantity": 0,
            "errorCode": 0
        }
    ],
    "productRegions": [
        {
            "id": "WYp65nOK",
            "productId": "blVXWYpw",
            "regionId": "5bpJKaVE",
            "regionName": null
        }
    ],
    "productPrices": [
        {
            "id": "Ejpj41lM",
            "productId": "blVXWYpw",
            "channelId": "5bpJKaVE",
            "fromDate": "2021-05-31T00:00:00",
            "toDate": "2022-12-31T00:00:00",
            "title": "API",
            "remarks": "Test",
            "officialPrice": 0,
            "currencyId": "5bpJKaVE",
            "quantityPerDay": 123,
            "autoConfirm": false,
            "pricePerPerson": false,
            "productPriceTypes": [
                {
                    "id": "Kdl2gBOX",
                    "productPriceId": "Ejpj41lM",
                    "productCustomerTypeId": "bpvjLqpJ",
                    "amount": 57,
                    "currencyId": "Belm3pnb",
                    "currencySymbol": null,
                    "isOfficial": true,
                    "productCustomerType": {
                        "id": "bpvjLqpJ",
                        "productId": "yxl4wVaj",
                        "name": "?????"
                    }
                }
            ],
            "deletedAt": null
        }
    ],
    "productCustomerTypes": [
        {
            "id": "zOPeNLpj",
            "productId": "blVXWYpw",
            "name": "API"
        },
        {
            "id": "blVXYYpw",
            "productId": "blVXWYpw",
            "name": "?????"
        },
        {
            "id": "waD3BEp3",
            "productId": "blVXWYpw",
            "name": "???"
        },
        {
            "id": "La3r0qpz",
            "productId": "blVXWYpw",
            "name": "?????"
        }
    ],
    "city": {
        "id": "nGaz5WpV",
        "name": "Israel"
    },
    "productIncludedTags": [
        {
            "id": "qeaZV9ad",
            "productId": "blVXWYpw",
            "subTagId": "jLa3rjpz",
            "parentTagId": null,
            "subTagName": null
        }
    ],
    "productExcludedTags": [
        {
            "id": "4waD8na3",
            "productId": "blVXWYpw",
            "subTagId": "4eO8gvlP",
            "parentTagId": null,
            "subTagName": null
        }
    ],
    "productTags": [
        {
            "id": "1lkv3wa6",
            "productId": "blVXWYpw",
            "subTagId": "qeaZMepd",
            "parentTagId": null,
            "subTagName": null
        }
    ],
    "productTranslations": null,
    "productVideos": [
        {
            "id": "4waDdma3",
            "productId": "blVXWYpw",
            "path": "https://www.youtube.com/watch?v=u1yVCeXYya4&list=RDMMu1yVCeXYya4&start_radio=1"
        }
    ]
}
]]></system-out>
  </testcase>
  <testcase name="Scenario: provider enters a data in timeSlots with missing endTime field" classname="Scenario: provider enters a data in timeSlots with missing endTime field" time="0">
    <failure message="expected:&lt;400&gt; but was:&lt;200&gt;" type="java.lang.AssertionError"><![CDATA[java.lang.AssertionError: expected:<400> but was:<200>
]]></failure>
  </testcase>
  <testcase name="Then verify the title is &quot;One or more validation errors occurred.&quot;" classname="Scenario: provider enters a data in timeSlots with missing endTime field" time="0">
    <skipped/>
  </testcase>
  <testcase name="Given product is set with the following fields" classname="Scenario: provider enters a data in timeSlots with special char in dayOfWeek field" time="0"/>
  <testcase name="Given productVideos is set with the following fields" classname="Scenario: provider enters a data in timeSlots with special char in dayOfWeek field" time="0"/>
  <testcase name="Given productWorkingDates is set with following fields" classname="Scenario: provider enters a data in timeSlots with special char in dayOfWeek field" time="0"/>
  <testcase name="Given timeSlots is set with the following fields" classname="Scenario: provider enters a data in timeSlots with special char in dayOfWeek field" time="0"/>
  <testcase name="Given provider creates a new product" classname="Scenario: provider enters a data in timeSlots with special char in dayOfWeek field" time="0"/>
  <testcase name="Then verify status code is 500" classname="Scenario: provider enters a data in timeSlots with special char in dayOfWeek field" time="0"/>
  <testcase name="Then verify the title is &quot;Internal Server Error&quot;" classname="Scenario: provider enters a data in timeSlots with special char in dayOfWeek field" time="0"/>
  <testcase name="Scenario: provider enters a data in timeSlots with special char in dayOfWeek field" classname="Scenario: provider enters a data in timeSlots with special char in dayOfWeek field" time="0"/>
  <testcase name="Given product is set with the following fields" classname="Scenario: provider enters a data in timeSlots with null  dayOfWeek field" time="0"/>
  <testcase name="Given productVideos is set with the following fields" classname="Scenario: provider enters a data in timeSlots with null  dayOfWeek field" time="0"/>
  <testcase name="Given productWorkingDates is set with following fields" classname="Scenario: provider enters a data in timeSlots with null  dayOfWeek field" time="0"/>
  <testcase name="Given timeSlots is set with the following fields" classname="Scenario: provider enters a data in timeSlots with null  dayOfWeek field" time="0"/>
  <testcase name="Given provider creates a new product" classname="Scenario: provider enters a data in timeSlots with null  dayOfWeek field" time="0"/>
  <testcase name="Then verify status code is 500" classname="Scenario: provider enters a data in timeSlots with null  dayOfWeek field" time="0"/>
  <testcase name="Then verify the title is &quot;Internal Server Error&quot;" classname="Scenario: provider enters a data in timeSlots with null  dayOfWeek field" time="0"/>
  <testcase name="Scenario: provider enters a data in timeSlots with null  dayOfWeek field" classname="Scenario: provider enters a data in timeSlots with null  dayOfWeek field" time="0"/>
  <testcase name="Given product is set with the following fields" classname="Scenario: provider enters a data in timeSlots with empty  dayOfWeek field" time="0"/>
  <testcase name="Given productVideos is set with the following fields" classname="Scenario: provider enters a data in timeSlots with empty  dayOfWeek field" time="0"/>
  <testcase name="Given productWorkingDates is set with following fields" classname="Scenario: provider enters a data in timeSlots with empty  dayOfWeek field" time="0"/>
  <testcase name="Given timeSlots is set with the following fields" classname="Scenario: provider enters a data in timeSlots with empty  dayOfWeek field" time="0"/>
  <testcase name="Given provider creates a new product" classname="Scenario: provider enters a data in timeSlots with empty  dayOfWeek field" time="0"/>
  <testcase name="Then verify status code is 500" classname="Scenario: provider enters a data in timeSlots with empty  dayOfWeek field" time="0">
    <failure message="expected:&lt;500&gt; but was:&lt;200&gt;" type="java.lang.AssertionError"><![CDATA[java.lang.AssertionError: expected:<500> but was:<200>
]]></failure>
    <system-out><![CDATA[{
    "id": "waD3vEp3",
    "name": "AutoTest",
    "productTypeId": null,
    "active": true,
    "shortDescription": "Test For Automation 1",
    "fullDescription": "Automation for API in Postman",
    "mostPopular": null,
    "longitude": 456.456,
    "latitude": 3245678.5467,
    "calendarColor": "blue",
    "address": "Bishkek",
    "cityId": "k8p0GJOJ",
    "createdAt": "2021-06-16T11:24:11.864363",
    "productImages": [
        
    ],
    "productDocuments": [
        
    ],
    "productTypes": null,
    "productWorkingDates": [
        {
            "id": "q1loRXa7",
            "productId": "waD3vEp3",
            "fromDate": "2022-12-31",
            "toDate": "2022-12-31",
            "name": "1234",
            "strictHours": false,
            "timeSlots": [
                {
                    "id": "ZOwLAZpx",
                    "productWorkingDateId": "q1loRXa7",
                    "dayOfWeek": "None",
                    "startTime": "09:00:00",
                    "endTime": "20:00:00",
                    "duration": "01:00:00",
                    "quantity": 32,
                    "usedQuantity": 0,
                    "active": false,
                    "deletedAt": null
                }
            ],
            "deletedAt": null,
            "maxUsedTicketsQuantity": 0,
            "errorCode": 0
        }
    ],
    "productRegions": [
        {
            "id": "kwOXPkOo",
            "productId": "waD3vEp3",
            "regionId": "5bpJKaVE",
            "regionName": null
        }
    ],
    "productPrices": [
        {
            "id": "r1lkzwa6",
            "productId": "waD3vEp3",
            "channelId": "5bpJKaVE",
            "fromDate": "2021-05-31T00:00:00",
            "toDate": "2022-12-31T00:00:00",
            "title": "API",
            "remarks": "Test",
            "officialPrice": 0,
            "currencyId": "5bpJKaVE",
            "quantityPerDay": 123,
            "autoConfirm": false,
            "pricePerPerson": false,
            "productPriceTypes": [
                {
                    "id": "BJpg6QOq",
                    "productPriceId": "r1lkzwa6",
                    "productCustomerTypeId": "eO8gE3lP",
                    "amount": 57,
                    "currencyId": "Belm3pnb",
                    "currencySymbol": null,
                    "isOfficial": true,
                    "productCustomerType": {
                        "id": "eO8gE3lP",
                        "productId": "yxl4wVaj",
                        "name": "?????"
                    }
                }
            ],
            "deletedAt": null
        }
    ],
    "productCustomerTypes": [
        {
            "id": "4lrWm9Od",
            "productId": "waD3vEp3",
            "name": "API"
        },
        {
            "id": "dOnnRZOV",
            "productId": "waD3vEp3",
            "name": "?????"
        },
        {
            "id": "jpjP0DlM",
            "productId": "waD3vEp3",
            "name": "???"
        },
        {
            "id": "1lkV0Za6",
            "productId": "waD3vEp3",
            "name": "?????"
        }
    ],
    "city": {
        "id": "k8p0GJOJ",
        "name": "Israel"
    },
    "productIncludedTags": [
        {
            "id": "5rO7ELa6",
            "productId": "waD3vEp3",
            "subTagId": "jLa3rjpz",
            "parentTagId": null,
            "subTagName": null
        }
    ],
    "productExcludedTags": [
        {
            "id": "jLa31wOz",
            "productId": "waD3vEp3",
            "subTagId": "4eO8gvlP",
            "parentTagId": null,
            "subTagName": null
        }
    ],
    "productTags": [
        {
            "id": "blBEn9aR",
            "productId": "waD3vEp3",
            "subTagId": "qeaZMepd",
            "parentTagId": null,
            "subTagName": null
        }
    ],
    "productTranslations": null,
    "productVideos": [
        {
            "id": "jLa3AYOz",
            "productId": "waD3vEp3",
            "path": "https://www.youtube.com/watch?v=u1yVCeXYya4&list=RDMMu1yVCeXYya4&start_radio=1"
        }
    ]
}
{
    "id": "waD3vEp3",
    "name": "AutoTest",
    "productTypeId": null,
    "active": true,
    "shortDescription": "Test For Automation 1",
    "fullDescription": "Automation for API in Postman",
    "mostPopular": null,
    "longitude": 456.456,
    "latitude": 3245678.5467,
    "calendarColor": "blue",
    "address": "Bishkek",
    "cityId": "k8p0GJOJ",
    "createdAt": "2021-06-16T11:24:11.864363",
    "productImages": [
        
    ],
    "productDocuments": [
        
    ],
    "productTypes": null,
    "productWorkingDates": [
        {
            "id": "q1loRXa7",
            "productId": "waD3vEp3",
            "fromDate": "2022-12-31",
            "toDate": "2022-12-31",
            "name": "1234",
            "strictHours": false,
            "timeSlots": [
                {
                    "id": "ZOwLAZpx",
                    "productWorkingDateId": "q1loRXa7",
                    "dayOfWeek": "None",
                    "startTime": "09:00:00",
                    "endTime": "20:00:00",
                    "duration": "01:00:00",
                    "quantity": 32,
                    "usedQuantity": 0,
                    "active": false,
                    "deletedAt": null
                }
            ],
            "deletedAt": null,
            "maxUsedTicketsQuantity": 0,
            "errorCode": 0
        }
    ],
    "productRegions": [
        {
            "id": "kwOXPkOo",
            "productId": "waD3vEp3",
            "regionId": "5bpJKaVE",
            "regionName": null
        }
    ],
    "productPrices": [
        {
            "id": "r1lkzwa6",
            "productId": "waD3vEp3",
            "channelId": "5bpJKaVE",
            "fromDate": "2021-05-31T00:00:00",
            "toDate": "2022-12-31T00:00:00",
            "title": "API",
            "remarks": "Test",
            "officialPrice": 0,
            "currencyId": "5bpJKaVE",
            "quantityPerDay": 123,
            "autoConfirm": false,
            "pricePerPerson": false,
            "productPriceTypes": [
                {
                    "id": "BJpg6QOq",
                    "productPriceId": "r1lkzwa6",
                    "productCustomerTypeId": "eO8gE3lP",
                    "amount": 57,
                    "currencyId": "Belm3pnb",
                    "currencySymbol": null,
                    "isOfficial": true,
                    "productCustomerType": {
                        "id": "eO8gE3lP",
                        "productId": "yxl4wVaj",
                        "name": "?????"
                    }
                }
            ],
            "deletedAt": null
        }
    ],
    "productCustomerTypes": [
        {
            "id": "4lrWm9Od",
            "productId": "waD3vEp3",
            "name": "API"
        },
        {
            "id": "dOnnRZOV",
            "productId": "waD3vEp3",
            "name": "?????"
        },
        {
            "id": "jpjP0DlM",
            "productId": "waD3vEp3",
            "name": "???"
        },
        {
            "id": "1lkV0Za6",
            "productId": "waD3vEp3",
            "name": "?????"
        }
    ],
    "city": {
        "id": "k8p0GJOJ",
        "name": "Israel"
    },
    "productIncludedTags": [
        {
            "id": "5rO7ELa6",
            "productId": "waD3vEp3",
            "subTagId": "jLa3rjpz",
            "parentTagId": null,
            "subTagName": null
        }
    ],
    "productExcludedTags": [
        {
            "id": "jLa31wOz",
            "productId": "waD3vEp3",
            "subTagId": "4eO8gvlP",
            "parentTagId": null,
            "subTagName": null
        }
    ],
    "productTags": [
        {
            "id": "blBEn9aR",
            "productId": "waD3vEp3",
            "subTagId": "qeaZMepd",
            "parentTagId": null,
            "subTagName": null
        }
    ],
    "productTranslations": null,
    "productVideos": [
        {
            "id": "jLa3AYOz",
            "productId": "waD3vEp3",
            "path": "https://www.youtube.com/watch?v=u1yVCeXYya4&list=RDMMu1yVCeXYya4&start_radio=1"
        }
    ]
}
]]></system-out>
  </testcase>
  <testcase name="Scenario: provider enters a data in timeSlots with empty  dayOfWeek field" classname="Scenario: provider enters a data in timeSlots with empty  dayOfWeek field" time="0">
    <failure message="expected:&lt;500&gt; but was:&lt;200&gt;" type="java.lang.AssertionError"><![CDATA[java.lang.AssertionError: expected:<500> but was:<200>
]]></failure>
  </testcase>
  <testcase name="Then verify the title is &quot;Internal Server Error&quot;" classname="Scenario: provider enters a data in timeSlots with empty  dayOfWeek field" time="0">
    <skipped/>
  </testcase>
  <testcase name="Given product is set with the following fields" classname="Scenario: provider enters a data in timeSlots with missing  dayOfWeek field" time="0"/>
  <testcase name="Given productVideos is set with the following fields" classname="Scenario: provider enters a data in timeSlots with missing  dayOfWeek field" time="0"/>
  <testcase name="Given productWorkingDates is set with following fields" classname="Scenario: provider enters a data in timeSlots with missing  dayOfWeek field" time="0"/>
  <testcase name="Given timeSlots is set with the following fields" classname="Scenario: provider enters a data in timeSlots with missing  dayOfWeek field" time="0"/>
  <testcase name="Given provider creates a new product" classname="Scenario: provider enters a data in timeSlots with missing  dayOfWeek field" time="0"/>
  <testcase name="Then verify status code is 500" classname="Scenario: provider enters a data in timeSlots with missing  dayOfWeek field" time="0">
    <failure message="expected:&lt;500&gt; but was:&lt;200&gt;" type="java.lang.AssertionError"><![CDATA[java.lang.AssertionError: expected:<500> but was:<200>
]]></failure>
    <system-out><![CDATA[{
    "id": "La3rXqpz",
    "name": "AutoTest",
    "productTypeId": null,
    "active": true,
    "shortDescription": "Test For Automation 1",
    "fullDescription": "Automation for API in Postman",
    "mostPopular": null,
    "longitude": 456.456,
    "latitude": 3245678.5467,
    "calendarColor": "blue",
    "address": "Bishkek",
    "cityId": "KPlevjOv",
    "createdAt": "2021-06-16T11:24:12.198306",
    "productImages": [
        
    ],
    "productDocuments": [
        
    ],
    "productTypes": null,
    "productWorkingDates": [
        {
            "id": "LbaQ2MlA",
            "productId": "La3rXqpz",
            "fromDate": "2022-12-31",
            "toDate": "2022-12-31",
            "name": "1234",
            "strictHours": false,
            "timeSlots": [
                {
                    "id": "Bl51A5lX",
                    "productWorkingDateId": "LbaQ2MlA",
                    "dayOfWeek": "None",
                    "startTime": "09:00:00",
                    "endTime": "20:00:00",
                    "duration": "01:00:00",
                    "quantity": 32,
                    "usedQuantity": 0,
                    "active": false,
                    "deletedAt": null
                }
            ],
            "deletedAt": null,
            "maxUsedTicketsQuantity": 0,
            "errorCode": 0
        }
    ],
    "productRegions": [
        {
            "id": "PYayQDaW",
            "productId": "La3rXqpz",
            "regionId": "5bpJKaVE",
            "regionName": null
        }
    ],
    "productPrices": [
        {
            "id": "zblBb9lR",
            "productId": "La3rXqpz",
            "channelId": "5bpJKaVE",
            "fromDate": "2021-05-31T00:00:00",
            "toDate": "2022-12-31T00:00:00",
            "title": "API",
            "remarks": "Test",
            "officialPrice": 0,
            "currencyId": "5bpJKaVE",
            "quantityPerDay": 123,
            "autoConfirm": false,
            "pricePerPerson": false,
            "productPriceTypes": [
                {
                    "id": "0GpbYwOr",
                    "productPriceId": "zblBb9lR",
                    "productCustomerTypeId": "blB7DxOR",
                    "amount": 57,
                    "currencyId": "Belm3pnb",
                    "currencySymbol": null,
                    "isOfficial": true,
                    "productCustomerType": {
                        "id": "blB7DxOR",
                        "productId": "yxl4wVaj",
                        "name": "?????"
                    }
                }
            ],
            "deletedAt": null
        }
    ],
    "productCustomerTypes": [
        {
            "id": "WlqMQ5lb",
            "productId": "La3rXqpz",
            "name": "API"
        },
        {
            "id": "rOEE6mOY",
            "productId": "La3rXqpz",
            "name": "?????"
        },
        {
            "id": "1lon0Aa7",
            "productId": "La3rXqpz",
            "name": "???"
        },
        {
            "id": "baQkAEOA",
            "productId": "La3rXqpz",
            "name": "?????"
        }
    ],
    "city": {
        "id": "KPlevjOv",
        "name": "Israel"
    },
    "productIncludedTags": [
        {
            "id": "JnlYVyOz",
            "productId": "La3rXqpz",
            "subTagId": "jLa3rjpz",
            "parentTagId": null,
            "subTagName": null
        }
    ],
    "productExcludedTags": [
        {
            "id": "4eO844OP",
            "productId": "La3rXqpz",
            "subTagId": "4eO8gvlP",
            "parentTagId": null,
            "subTagName": null
        }
    ],
    "productTags": [
        {
            "id": "Wlqb3GOb",
            "productId": "La3rXqpz",
            "subTagId": "qeaZMepd",
            "parentTagId": null,
            "subTagName": null
        }
    ],
    "productTranslations": null,
    "productVideos": [
        {
            "id": "4eO8QLpP",
            "productId": "La3rXqpz",
            "path": "https://www.youtube.com/watch?v=u1yVCeXYya4&list=RDMMu1yVCeXYya4&start_radio=1"
        }
    ]
}
{
    "id": "La3rXqpz",
    "name": "AutoTest",
    "productTypeId": null,
    "active": true,
    "shortDescription": "Test For Automation 1",
    "fullDescription": "Automation for API in Postman",
    "mostPopular": null,
    "longitude": 456.456,
    "latitude": 3245678.5467,
    "calendarColor": "blue",
    "address": "Bishkek",
    "cityId": "KPlevjOv",
    "createdAt": "2021-06-16T11:24:12.198306",
    "productImages": [
        
    ],
    "productDocuments": [
        
    ],
    "productTypes": null,
    "productWorkingDates": [
        {
            "id": "LbaQ2MlA",
            "productId": "La3rXqpz",
            "fromDate": "2022-12-31",
            "toDate": "2022-12-31",
            "name": "1234",
            "strictHours": false,
            "timeSlots": [
                {
                    "id": "Bl51A5lX",
                    "productWorkingDateId": "LbaQ2MlA",
                    "dayOfWeek": "None",
                    "startTime": "09:00:00",
                    "endTime": "20:00:00",
                    "duration": "01:00:00",
                    "quantity": 32,
                    "usedQuantity": 0,
                    "active": false,
                    "deletedAt": null
                }
            ],
            "deletedAt": null,
            "maxUsedTicketsQuantity": 0,
            "errorCode": 0
        }
    ],
    "productRegions": [
        {
            "id": "PYayQDaW",
            "productId": "La3rXqpz",
            "regionId": "5bpJKaVE",
            "regionName": null
        }
    ],
    "productPrices": [
        {
            "id": "zblBb9lR",
            "productId": "La3rXqpz",
            "channelId": "5bpJKaVE",
            "fromDate": "2021-05-31T00:00:00",
            "toDate": "2022-12-31T00:00:00",
            "title": "API",
            "remarks": "Test",
            "officialPrice": 0,
            "currencyId": "5bpJKaVE",
            "quantityPerDay": 123,
            "autoConfirm": false,
            "pricePerPerson": false,
            "productPriceTypes": [
                {
                    "id": "0GpbYwOr",
                    "productPriceId": "zblBb9lR",
                    "productCustomerTypeId": "blB7DxOR",
                    "amount": 57,
                    "currencyId": "Belm3pnb",
                    "currencySymbol": null,
                    "isOfficial": true,
                    "productCustomerType": {
                        "id": "blB7DxOR",
                        "productId": "yxl4wVaj",
                        "name": "?????"
                    }
                }
            ],
            "deletedAt": null
        }
    ],
    "productCustomerTypes": [
        {
            "id": "WlqMQ5lb",
            "productId": "La3rXqpz",
            "name": "API"
        },
        {
            "id": "rOEE6mOY",
            "productId": "La3rXqpz",
            "name": "?????"
        },
        {
            "id": "1lon0Aa7",
            "productId": "La3rXqpz",
            "name": "???"
        },
        {
            "id": "baQkAEOA",
            "productId": "La3rXqpz",
            "name": "?????"
        }
    ],
    "city": {
        "id": "KPlevjOv",
        "name": "Israel"
    },
    "productIncludedTags": [
        {
            "id": "JnlYVyOz",
            "productId": "La3rXqpz",
            "subTagId": "jLa3rjpz",
            "parentTagId": null,
            "subTagName": null
        }
    ],
    "productExcludedTags": [
        {
            "id": "4eO844OP",
            "productId": "La3rXqpz",
            "subTagId": "4eO8gvlP",
            "parentTagId": null,
            "subTagName": null
        }
    ],
    "productTags": [
        {
            "id": "Wlqb3GOb",
            "productId": "La3rXqpz",
            "subTagId": "qeaZMepd",
            "parentTagId": null,
            "subTagName": null
        }
    ],
    "productTranslations": null,
    "productVideos": [
        {
            "id": "4eO8QLpP",
            "productId": "La3rXqpz",
            "path": "https://www.youtube.com/watch?v=u1yVCeXYya4&list=RDMMu1yVCeXYya4&start_radio=1"
        }
    ]
}
]]></system-out>
  </testcase>
  <testcase name="Scenario: provider enters a data in timeSlots with missing  dayOfWeek field" classname="Scenario: provider enters a data in timeSlots with missing  dayOfWeek field" time="0">
    <failure message="expected:&lt;500&gt; but was:&lt;200&gt;" type="java.lang.AssertionError"><![CDATA[java.lang.AssertionError: expected:<500> but was:<200>
]]></failure>
  </testcase>
  <testcase name="Then verify the title is &quot;Internal Server Error&quot;" classname="Scenario: provider enters a data in timeSlots with missing  dayOfWeek field" time="0">
    <skipped/>
  </testcase>
  <testcase name="Given product is set with the following fields" classname="Scenario: provider enters a data in timeSlots with empty  duration field" time="0"/>
  <testcase name="Given productVideos is set with the following fields" classname="Scenario: provider enters a data in timeSlots with empty  duration field" time="0"/>
  <testcase name="Given productWorkingDates is set with following fields" classname="Scenario: provider enters a data in timeSlots with empty  duration field" time="0"/>
  <testcase name="Given timeSlots is set with the following fields" classname="Scenario: provider enters a data in timeSlots with empty  duration field" time="0"/>
  <testcase name="Given provider creates a new product" classname="Scenario: provider enters a data in timeSlots with empty  duration field" time="0"/>
  <testcase name="Then verify status code is 400" classname="Scenario: provider enters a data in timeSlots with empty  duration field" time="0"/>
  <testcase name="Then verify the title is &quot;One or more validation errors occurred.&quot;" classname="Scenario: provider enters a data in timeSlots with empty  duration field" time="0"/>
  <testcase name="Scenario: provider enters a data in timeSlots with empty  duration field" classname="Scenario: provider enters a data in timeSlots with empty  duration field" time="0"/>
  <testcase name="Given product is set with the following fields" classname="Scenario: provider enters a data in timeSlots with incorrect timing  duration field" time="0"/>
  <testcase name="Given productVideos is set with the following fields" classname="Scenario: provider enters a data in timeSlots with incorrect timing  duration field" time="0"/>
  <testcase name="Given productWorkingDates is set with following fields" classname="Scenario: provider enters a data in timeSlots with incorrect timing  duration field" time="0"/>
  <testcase name="Given timeSlots is set with the following fields" classname="Scenario: provider enters a data in timeSlots with incorrect timing  duration field" time="0"/>
  <testcase name="Given provider creates a new product" classname="Scenario: provider enters a data in timeSlots with incorrect timing  duration field" time="0"/>
  <testcase name="Then verify status code is 400" classname="Scenario: provider enters a data in timeSlots with incorrect timing  duration field" time="0"/>
  <testcase name="Then verify the title is &quot;One or more validation errors occurred.&quot;" classname="Scenario: provider enters a data in timeSlots with incorrect timing  duration field" time="0"/>
  <testcase name="Scenario: provider enters a data in timeSlots with incorrect timing  duration field" classname="Scenario: provider enters a data in timeSlots with incorrect timing  duration field" time="0"/>
  <testcase name="Given product is set with the following fields" classname="Scenario: provider enters a data in timeSlots with special char  duration field" time="0"/>
  <testcase name="Given productVideos is set with the following fields" classname="Scenario: provider enters a data in timeSlots with special char  duration field" time="0"/>
  <testcase name="Given productWorkingDates is set with following fields" classname="Scenario: provider enters a data in timeSlots with special char  duration field" time="0"/>
  <testcase name="Given timeSlots is set with the following fields" classname="Scenario: provider enters a data in timeSlots with special char  duration field" time="0"/>
  <testcase name="Given provider creates a new product" classname="Scenario: provider enters a data in timeSlots with special char  duration field" time="0"/>
  <testcase name="Then verify status code is 400" classname="Scenario: provider enters a data in timeSlots with special char  duration field" time="0"/>
  <testcase name="Then verify the title is &quot;One or more validation errors occurred.&quot;" classname="Scenario: provider enters a data in timeSlots with special char  duration field" time="0"/>
  <testcase name="Scenario: provider enters a data in timeSlots with special char  duration field" classname="Scenario: provider enters a data in timeSlots with special char  duration field" time="0"/>
  <testcase name="Given product is set with the following fields" classname="Scenario: provider enters a data in timeSlots with missing  duration field" time="0"/>
  <testcase name="Given productVideos is set with the following fields" classname="Scenario: provider enters a data in timeSlots with missing  duration field" time="0"/>
  <testcase name="Given productWorkingDates is set with following fields" classname="Scenario: provider enters a data in timeSlots with missing  duration field" time="0"/>
  <testcase name="Given timeSlots is set with the following fields" classname="Scenario: provider enters a data in timeSlots with missing  duration field" time="0"/>
  <testcase name="Given provider creates a new product" classname="Scenario: provider enters a data in timeSlots with missing  duration field" time="0"/>
  <testcase name="Then verify status code is 400" classname="Scenario: provider enters a data in timeSlots with missing  duration field" time="0">
    <failure message="expected:&lt;400&gt; but was:&lt;200&gt;" type="java.lang.AssertionError"><![CDATA[java.lang.AssertionError: expected:<400> but was:<200>
]]></failure>
    <system-out><![CDATA[{
    "id": "eO8gz3lP",
    "name": "AutoTest",
    "productTypeId": null,
    "active": true,
    "shortDescription": "Test For Automation 1",
    "fullDescription": "Automation for API in Postman",
    "mostPopular": null,
    "longitude": 456.456,
    "latitude": 3245678.5467,
    "calendarColor": "blue",
    "address": "Bishkek",
    "cityId": "vApR8klY",
    "createdAt": "2021-06-16T11:24:12.895175",
    "productImages": [
        
    ],
    "productDocuments": [
        
    ],
    "productTypes": null,
    "productWorkingDates": [
        {
            "id": "Belm0Lan",
            "productId": "eO8gz3lP",
            "fromDate": "2022-12-31",
            "toDate": "2022-12-31",
            "name": "1234",
            "strictHours": false,
            "timeSlots": [
                {
                    "id": "bpvjNxpJ",
                    "productWorkingDateId": "Belm0Lan",
                    "dayOfWeek": "Monday",
                    "startTime": "09:00:00",
                    "endTime": "20:00:00",
                    "duration": "00:00:00",
                    "quantity": 32,
                    "usedQuantity": 0,
                    "active": false,
                    "deletedAt": null
                }
            ],
            "deletedAt": null,
            "maxUsedTicketsQuantity": 0,
            "errorCode": 0
        }
    ],
    "productRegions": [
        {
            "id": "D3pWvdO4",
            "productId": "eO8gz3lP",
            "regionId": "5bpJKaVE",
            "regionName": null
        }
    ],
    "productPrices": [
        {
            "id": "7Wlq5Glb",
            "productId": "eO8gz3lP",
            "channelId": "5bpJKaVE",
            "fromDate": "2021-05-31T00:00:00",
            "toDate": "2022-12-31T00:00:00",
            "title": "API",
            "remarks": "Test",
            "officialPrice": 0,
            "currencyId": "5bpJKaVE",
            "quantityPerDay": 123,
            "autoConfirm": false,
            "pricePerPerson": false,
            "productPriceTypes": [
                {
                    "id": "dzpM0XO6",
                    "productPriceId": "7Wlq5Glb",
                    "productCustomerTypeId": "elm3VKpn",
                    "amount": 57,
                    "currencyId": "Belm3pnb",
                    "currencySymbol": null,
                    "isOfficial": true,
                    "productCustomerType": {
                        "id": "elm3VKpn",
                        "productId": "yxl4wVaj",
                        "name": "?????"
                    }
                }
            ],
            "deletedAt": null
        }
    ],
    "productCustomerTypes": [
        {
            "id": "bpJRyApV",
            "productId": "eO8gz3lP",
            "name": "API"
        },
        {
            "id": "WaNXmQOd",
            "productId": "eO8gz3lP",
            "name": "?????"
        },
        {
            "id": "2aAgMzOZ",
            "productId": "eO8gz3lP",
            "name": "???"
        },
        {
            "id": "4aLL4kan",
            "productId": "eO8gz3lP",
            "name": "?????"
        }
    ],
    "city": {
        "id": "vApR8klY",
        "name": "Israel"
    },
    "productIncludedTags": [
        {
            "id": "kMaGXmlD",
            "productId": "eO8gz3lP",
            "subTagId": "jLa3rjpz",
            "parentTagId": null,
            "subTagName": null
        }
    ],
    "productExcludedTags": [
        {
            "id": "N4lrZDld",
            "productId": "eO8gz3lP",
            "subTagId": "4eO8gvlP",
            "parentTagId": null,
            "subTagName": null
        }
    ],
    "productTags": [
        {
            "id": "rOEK12aY",
            "productId": "eO8gz3lP",
            "subTagId": "qeaZMepd",
            "parentTagId": null,
            "subTagName": null
        }
    ],
    "productTranslations": null,
    "productVideos": [
        {
            "id": "N4lrjJld",
            "productId": "eO8gz3lP",
            "path": "https://www.youtube.com/watch?v=u1yVCeXYya4&list=RDMMu1yVCeXYya4&start_radio=1"
        }
    ]
}
{
    "id": "eO8gz3lP",
    "name": "AutoTest",
    "productTypeId": null,
    "active": true,
    "shortDescription": "Test For Automation 1",
    "fullDescription": "Automation for API in Postman",
    "mostPopular": null,
    "longitude": 456.456,
    "latitude": 3245678.5467,
    "calendarColor": "blue",
    "address": "Bishkek",
    "cityId": "vApR8klY",
    "createdAt": "2021-06-16T11:24:12.895175",
    "productImages": [
        
    ],
    "productDocuments": [
        
    ],
    "productTypes": null,
    "productWorkingDates": [
        {
            "id": "Belm0Lan",
            "productId": "eO8gz3lP",
            "fromDate": "2022-12-31",
            "toDate": "2022-12-31",
            "name": "1234",
            "strictHours": false,
            "timeSlots": [
                {
                    "id": "bpvjNxpJ",
                    "productWorkingDateId": "Belm0Lan",
                    "dayOfWeek": "Monday",
                    "startTime": "09:00:00",
                    "endTime": "20:00:00",
                    "duration": "00:00:00",
                    "quantity": 32,
                    "usedQuantity": 0,
                    "active": false,
                    "deletedAt": null
                }
            ],
            "deletedAt": null,
            "maxUsedTicketsQuantity": 0,
            "errorCode": 0
        }
    ],
    "productRegions": [
        {
            "id": "D3pWvdO4",
            "productId": "eO8gz3lP",
            "regionId": "5bpJKaVE",
            "regionName": null
        }
    ],
    "productPrices": [
        {
            "id": "7Wlq5Glb",
            "productId": "eO8gz3lP",
            "channelId": "5bpJKaVE",
            "fromDate": "2021-05-31T00:00:00",
            "toDate": "2022-12-31T00:00:00",
            "title": "API",
            "remarks": "Test",
            "officialPrice": 0,
            "currencyId": "5bpJKaVE",
            "quantityPerDay": 123,
            "autoConfirm": false,
            "pricePerPerson": false,
            "productPriceTypes": [
                {
                    "id": "dzpM0XO6",
                    "productPriceId": "7Wlq5Glb",
                    "productCustomerTypeId": "elm3VKpn",
                    "amount": 57,
                    "currencyId": "Belm3pnb",
                    "currencySymbol": null,
                    "isOfficial": true,
                    "productCustomerType": {
                        "id": "elm3VKpn",
                        "productId": "yxl4wVaj",
                        "name": "?????"
                    }
                }
            ],
            "deletedAt": null
        }
    ],
    "productCustomerTypes": [
        {
            "id": "bpJRyApV",
            "productId": "eO8gz3lP",
            "name": "API"
        },
        {
            "id": "WaNXmQOd",
            "productId": "eO8gz3lP",
            "name": "?????"
        },
        {
            "id": "2aAgMzOZ",
            "productId": "eO8gz3lP",
            "name": "???"
        },
        {
            "id": "4aLL4kan",
            "productId": "eO8gz3lP",
            "name": "?????"
        }
    ],
    "city": {
        "id": "vApR8klY",
        "name": "Israel"
    },
    "productIncludedTags": [
        {
            "id": "kMaGXmlD",
            "productId": "eO8gz3lP",
            "subTagId": "jLa3rjpz",
            "parentTagId": null,
            "subTagName": null
        }
    ],
    "productExcludedTags": [
        {
            "id": "N4lrZDld",
            "productId": "eO8gz3lP",
            "subTagId": "4eO8gvlP",
            "parentTagId": null,
            "subTagName": null
        }
    ],
    "productTags": [
        {
            "id": "rOEK12aY",
            "productId": "eO8gz3lP",
            "subTagId": "qeaZMepd",
            "parentTagId": null,
            "subTagName": null
        }
    ],
    "productTranslations": null,
    "productVideos": [
        {
            "id": "N4lrjJld",
            "productId": "eO8gz3lP",
            "path": "https://www.youtube.com/watch?v=u1yVCeXYya4&list=RDMMu1yVCeXYya4&start_radio=1"
        }
    ]
}
]]></system-out>
  </testcase>
  <testcase name="Scenario: provider enters a data in timeSlots with missing  duration field" classname="Scenario: provider enters a data in timeSlots with missing  duration field" time="0">
    <failure message="expected:&lt;400&gt; but was:&lt;200&gt;" type="java.lang.AssertionError"><![CDATA[java.lang.AssertionError: expected:<400> but was:<200>
]]></failure>
  </testcase>
  <testcase name="Then verify the title is &quot;One or more validation errors occurred.&quot;" classname="Scenario: provider enters a data in timeSlots with missing  duration field" time="0">
    <skipped/>
  </testcase>
  <testcase name="Given product name is set with &quot;a&quot; 40 times" classname="Scenario: provider enters in name field more than 30 char" time="0"/>
  <testcase name="Given product is set with the following fields" classname="Scenario: provider enters in name field more than 30 char" time="0"/>
  <testcase name="Given product video is created with bellow given path" classname="Scenario: provider enters in name field more than 30 char" time="0"/>
  <testcase name="Given provider sends a new product" classname="Scenario: provider enters in name field more than 30 char" time="0"/>
  <testcase name="Then verify status code is 500" classname="Scenario: provider enters in name field more than 30 char" time="0"/>
  <testcase name="Then verify the title is &quot;Internal Server Error&quot;" classname="Scenario: provider enters in name field more than 30 char" time="0"/>
  <testcase name="Scenario: provider enters in name field more than 30 char" classname="Scenario: provider enters in name field more than 30 char" time="0"/>
  <testcase name="Given product shortDescription is set with &quot;a&quot; 100 times" classname="Scenario: provider enters in shortDescription field more than 60 char" time="0"/>
  <testcase name="Given product is set with the following fields" classname="Scenario: provider enters in shortDescription field more than 60 char" time="0"/>
  <testcase name="Given product video is created with bellow given path" classname="Scenario: provider enters in shortDescription field more than 60 char" time="0"/>
  <testcase name="Given provider sends a new product" classname="Scenario: provider enters in shortDescription field more than 60 char" time="0"/>
  <testcase name="Then verify status code is 500" classname="Scenario: provider enters in shortDescription field more than 60 char" time="0"/>
  <testcase name="Then verify the title is &quot;Internal Server Error&quot;" classname="Scenario: provider enters in shortDescription field more than 60 char" time="0"/>
  <testcase name="Scenario: provider enters in shortDescription field more than 60 char" classname="Scenario: provider enters in shortDescription field more than 60 char" time="0"/>
  <testcase name="Given product fullDescription is set with &quot;a&quot; 1000 times" classname="Scenario: provider enters in fullDescription field more than 900 char" time="0"/>
  <testcase name="Given product is set with the following fields" classname="Scenario: provider enters in fullDescription field more than 900 char" time="0"/>
  <testcase name="Given product video is created with bellow given path" classname="Scenario: provider enters in fullDescription field more than 900 char" time="0"/>
  <testcase name="Given provider sends a new product" classname="Scenario: provider enters in fullDescription field more than 900 char" time="0"/>
  <testcase name="Then verify status code is 500" classname="Scenario: provider enters in fullDescription field more than 900 char" time="0"/>
  <testcase name="Then verify the title is &quot;Internal Server Error&quot;" classname="Scenario: provider enters in fullDescription field more than 900 char" time="0"/>
  <testcase name="Scenario: provider enters in fullDescription field more than 900 char" classname="Scenario: provider enters in fullDescription field more than 900 char" time="0"/>
  <testcase name="Given product is set with the following fields" classname="Scenario: provider enters a data in productPrices with empty  fromDate field" time="0"/>
  <testcase name="Given product is set with the following fields" classname="Scenario: provider enters a data in productPrices with empty  fromDate field" time="0"/>
  <testcase name="Given productVideos is set with the following fields" classname="Scenario: provider enters a data in productPrices with empty  fromDate field" time="0"/>
  <testcase name="Given productVideos is set with the following fields" classname="Scenario: provider enters a data in productPrices with empty  fromDate field" time="0"/>
  <testcase name="Given productPrices is set with the following fields" classname="Scenario: provider enters a data in productPrices with empty  fromDate field" time="0"/>
  <testcase name="Given productPrices is set with the following fields" classname="Scenario: provider enters a data in productPrices with empty  fromDate field" time="0"/>
  <testcase name="Given provider creates a new product" classname="Scenario: provider enters a data in productPrices with empty  fromDate field" time="0"/>
  <testcase name="Given provider creates a new product" classname="Scenario: provider enters a data in productPrices with empty  fromDate field" time="0"/>
  <testcase name="Then verify status code is 400" classname="Scenario: provider enters a data in productPrices with empty  fromDate field" time="0"/>
  <testcase name="Then verify status code is 400" classname="Scenario: provider enters a data in productPrices with empty  fromDate field" time="0"/>
  <testcase name="Then verify the title is &quot;One or more validation errors occurred.&quot;" classname="Scenario: provider enters a data in productPrices with empty  fromDate field" time="0"/>
  <testcase name="Then verify the title is &quot;One or more validation errors occurred.&quot;" classname="Scenario: provider enters a data in productPrices with empty  fromDate field" time="0"/>
  <testcase name="Scenario: provider enters a data in productPrices with empty  fromDate field" classname="Scenario: provider enters a data in productPrices with empty  fromDate field" time="0"/>
  <testcase name="Scenario: provider enters a data in productPrices with empty  fromDate field" classname="Scenario: provider enters a data in productPrices with empty  fromDate field" time="0"/>
  <testcase name="Given product is set with the following fields" classname="Scenario: provider enters a data in productPrices with missing  fromDate field" time="0"/>
  <testcase name="Given productVideos is set with the following fields" classname="Scenario: provider enters a data in productPrices with missing  fromDate field" time="0"/>
  <testcase name="Given productPrices is set with the following fields" classname="Scenario: provider enters a data in productPrices with missing  fromDate field" time="0"/>
  <testcase name="Given provider creates a new product" classname="Scenario: provider enters a data in productPrices with missing  fromDate field" time="0"/>
  <testcase name="Then verify status code is 400" classname="Scenario: provider enters a data in productPrices with missing  fromDate field" time="0">
    <failure message="expected:&lt;400&gt; but was:&lt;200&gt;" type="java.lang.AssertionError"><![CDATA[java.lang.AssertionError: expected:<400> but was:<200>
]]></failure>
    <system-out><![CDATA[{
    "id": "4lrWb9Od",
    "name": "AutoTest",
    "productTypeId": null,
    "active": true,
    "shortDescription": "Test For Automation 1",
    "fullDescription": "Automation for API in Postman",
    "mostPopular": null,
    "longitude": 456.456,
    "latitude": 3245678.5467,
    "calendarColor": "blue",
    "address": "Bishkek",
    "cityId": "q7OxgEl6",
    "createdAt": "2021-06-16T11:24:13.893668",
    "productImages": [
        
    ],
    "productDocuments": [
        
    ],
    "productTypes": null,
    "productWorkingDates": [
        {
            "id": "5bpJWVaV",
            "productId": "4lrWb9Od",
            "fromDate": "2022-12-31",
            "toDate": "2022-12-31",
            "name": "1234",
            "strictHours": false,
            "timeSlots": [
                {
                    "id": "zOPeoPpj",
                    "productWorkingDateId": "5bpJWVaV",
                    "dayOfWeek": "Monday",
                    "startTime": "09:00:00",
                    "endTime": "20:00:00",
                    "duration": "00:00:00",
                    "quantity": 32,
                    "usedQuantity": 0,
                    "active": false,
                    "deletedAt": null
                }
            ],
            "deletedAt": null,
            "maxUsedTicketsQuantity": 0,
            "errorCode": 0
        }
    ],
    "productRegions": [
        {
            "id": "yxl4MPOj",
            "productId": "4lrWb9Od",
            "regionId": "5bpJKaVE",
            "regionName": null
        }
    ],
    "productPrices": [
        {
            "id": "GrOEB2pY",
            "productId": "4lrWb9Od",
            "channelId": "LbaQGOAx",
            "fromDate": "0001-01-01T00:00:00",
            "toDate": "2022-12-31T00:00:00",
            "title": "API",
            "remarks": "Test",
            "officialPrice": 0,
            "currencyId": "5bpJKaVE",
            "quantityPerDay": 123,
            "autoConfirm": false,
            "pricePerPerson": false,
            "productPriceTypes": [
                {
                    "id": "0ZOwv4lx",
                    "productPriceId": "GrOEB2pY",
                    "productCustomerTypeId": "rO98Exle",
                    "amount": 57,
                    "currencyId": "Belm3pnb",
                    "currencySymbol": null,
                    "isOfficial": true,
                    "productCustomerType": {
                        "id": "rO98Exle",
                        "productId": "yxl4wVaj",
                        "name": "?????"
                    }
                }
            ],
            "deletedAt": null
        }
    ],
    "productCustomerTypes": [
        {
            "id": "eaZLVbOd",
            "productId": "4lrWb9Od",
            "name": "API"
        },
        {
            "id": "rO7nEvl6",
            "productId": "4lrWb9Od",
            "name": "?????"
        },
        {
            "id": "nlYxVZaz",
            "productId": "4lrWb9Od",
            "name": "???"
        },
        {
            "id": "MaGEXjOD",
            "productId": "4lrWb9Od",
            "name": "?????"
        }
    ],
    "city": {
        "id": "q7OxgEl6",
        "name": "Israel"
    },
    "productIncludedTags": [
        {
            "id": "oylK05O8",
            "productId": "4lrWb9Od",
            "subTagId": "jLa3rjpz",
            "parentTagId": null,
            "subTagName": null
        }
    ],
    "productExcludedTags": [
        {
            "id": "PdOnNdOV",
            "productId": "4lrWb9Od",
            "subTagId": "4eO8gvlP",
            "parentTagId": null,
            "subTagName": null
        }
    ],
    "productTags": [
        {
            "id": "1loz3Ka7",
            "productId": "4lrWb9Od",
            "subTagId": "qeaZMepd",
            "parentTagId": null,
            "subTagName": null
        }
    ],
    "productTranslations": null,
    "productVideos": [
        {
            "id": "PdOn3ApV",
            "productId": "4lrWb9Od",
            "path": "https://www.youtube.com/watch?v=u1yVCeXYya4&list=RDMMu1yVCeXYya4&start_radio=1"
        }
    ]
}
{
    "id": "4lrWb9Od",
    "name": "AutoTest",
    "productTypeId": null,
    "active": true,
    "shortDescription": "Test For Automation 1",
    "fullDescription": "Automation for API in Postman",
    "mostPopular": null,
    "longitude": 456.456,
    "latitude": 3245678.5467,
    "calendarColor": "blue",
    "address": "Bishkek",
    "cityId": "q7OxgEl6",
    "createdAt": "2021-06-16T11:24:13.893668",
    "productImages": [
        
    ],
    "productDocuments": [
        
    ],
    "productTypes": null,
    "productWorkingDates": [
        {
            "id": "5bpJWVaV",
            "productId": "4lrWb9Od",
            "fromDate": "2022-12-31",
            "toDate": "2022-12-31",
            "name": "1234",
            "strictHours": false,
            "timeSlots": [
                {
                    "id": "zOPeoPpj",
                    "productWorkingDateId": "5bpJWVaV",
                    "dayOfWeek": "Monday",
                    "startTime": "09:00:00",
                    "endTime": "20:00:00",
                    "duration": "00:00:00",
                    "quantity": 32,
                    "usedQuantity": 0,
                    "active": false,
                    "deletedAt": null
                }
            ],
            "deletedAt": null,
            "maxUsedTicketsQuantity": 0,
            "errorCode": 0
        }
    ],
    "productRegions": [
        {
            "id": "yxl4MPOj",
            "productId": "4lrWb9Od",
            "regionId": "5bpJKaVE",
            "regionName": null
        }
    ],
    "productPrices": [
        {
            "id": "GrOEB2pY",
            "productId": "4lrWb9Od",
            "channelId": "LbaQGOAx",
            "fromDate": "0001-01-01T00:00:00",
            "toDate": "2022-12-31T00:00:00",
            "title": "API",
            "remarks": "Test",
            "officialPrice": 0,
            "currencyId": "5bpJKaVE",
            "quantityPerDay": 123,
            "autoConfirm": false,
            "pricePerPerson": false,
            "productPriceTypes": [
                {
                    "id": "0ZOwv4lx",
                    "productPriceId": "GrOEB2pY",
                    "productCustomerTypeId": "rO98Exle",
                    "amount": 57,
                    "currencyId": "Belm3pnb",
                    "currencySymbol": null,
                    "isOfficial": true,
                    "productCustomerType": {
                        "id": "rO98Exle",
                        "productId": "yxl4wVaj",
                        "name": "?????"
                    }
                }
            ],
            "deletedAt": null
        }
    ],
    "productCustomerTypes": [
        {
            "id": "eaZLVbOd",
            "productId": "4lrWb9Od",
            "name": "API"
        },
        {
            "id": "rO7nEvl6",
            "productId": "4lrWb9Od",
            "name": "?????"
        },
        {
            "id": "nlYxVZaz",
            "productId": "4lrWb9Od",
            "name": "???"
        },
        {
            "id": "MaGEXjOD",
            "productId": "4lrWb9Od",
            "name": "?????"
        }
    ],
    "city": {
        "id": "q7OxgEl6",
        "name": "Israel"
    },
    "productIncludedTags": [
        {
            "id": "oylK05O8",
            "productId": "4lrWb9Od",
            "subTagId": "jLa3rjpz",
            "parentTagId": null,
            "subTagName": null
        }
    ],
    "productExcludedTags": [
        {
            "id": "PdOnNdOV",
            "productId": "4lrWb9Od",
            "subTagId": "4eO8gvlP",
            "parentTagId": null,
            "subTagName": null
        }
    ],
    "productTags": [
        {
            "id": "1loz3Ka7",
            "productId": "4lrWb9Od",
            "subTagId": "qeaZMepd",
            "parentTagId": null,
            "subTagName": null
        }
    ],
    "productTranslations": null,
    "productVideos": [
        {
            "id": "PdOn3ApV",
            "productId": "4lrWb9Od",
            "path": "https://www.youtube.com/watch?v=u1yVCeXYya4&list=RDMMu1yVCeXYya4&start_radio=1"
        }
    ]
}
]]></system-out>
  </testcase>
  <testcase name="Scenario: provider enters a data in productPrices with missing  fromDate field" classname="Scenario: provider enters a data in productPrices with missing  fromDate field" time="0">
    <failure message="expected:&lt;400&gt; but was:&lt;200&gt;" type="java.lang.AssertionError"><![CDATA[java.lang.AssertionError: expected:<400> but was:<200>
]]></failure>
  </testcase>
  <testcase name="Then verify the title is &quot;One or more validation errors occurred.&quot;" classname="Scenario: provider enters a data in productPrices with missing  fromDate field" time="0">
    <skipped/>
  </testcase>
  <testcase name="Given product is set with the following fields" classname="Scenario: provider enters a data in productPrices with empty  toDate field" time="0"/>
  <testcase name="Given productVideos is set with the following fields" classname="Scenario: provider enters a data in productPrices with empty  toDate field" time="0"/>
  <testcase name="Given productPrices is set with the following fields" classname="Scenario: provider enters a data in productPrices with empty  toDate field" time="0"/>
  <testcase name="Given provider creates a new product" classname="Scenario: provider enters a data in productPrices with empty  toDate field" time="0"/>
  <testcase name="Then verify status code is 400" classname="Scenario: provider enters a data in productPrices with empty  toDate field" time="0"/>
  <testcase name="Then verify the title is &quot;One or more validation errors occurred.&quot;" classname="Scenario: provider enters a data in productPrices with empty  toDate field" time="0"/>
  <testcase name="Scenario: provider enters a data in productPrices with empty  toDate field" classname="Scenario: provider enters a data in productPrices with empty  toDate field" time="0"/>
  <testcase name="Given product is set with the following fields" classname="Scenario: provider enters a data in productPrices with missing  toDate field" time="0"/>
  <testcase name="Given productVideos is set with the following fields" classname="Scenario: provider enters a data in productPrices with missing  toDate field" time="0"/>
  <testcase name="Given productPrices is set with the following fields" classname="Scenario: provider enters a data in productPrices with missing  toDate field" time="0"/>
  <testcase name="Given provider creates a new product" classname="Scenario: provider enters a data in productPrices with missing  toDate field" time="0"/>
  <testcase name="Then verify status code is 500" classname="Scenario: provider enters a data in productPrices with missing  toDate field" time="0"/>
  <testcase name="Then verify the title is &quot;Internal Server Error&quot;" classname="Scenario: provider enters a data in productPrices with missing  toDate field" time="0"/>
  <testcase name="Scenario: provider enters a data in productPrices with missing  toDate field" classname="Scenario: provider enters a data in productPrices with missing  toDate field" time="0"/>
  <testcase name="Given product is set with the following fields" classname="Scenario: provider enters a data in productPrices with special char  toDate field" time="0"/>
  <testcase name="Given productVideos is set with the following fields" classname="Scenario: provider enters a data in productPrices with special char  toDate field" time="0"/>
  <testcase name="Given productPrices is set with the following fields" classname="Scenario: provider enters a data in productPrices with special char  toDate field" time="0"/>
  <testcase name="Given provider creates a new product" classname="Scenario: provider enters a data in productPrices with special char  toDate field" time="0"/>
  <testcase name="Then verify status code is 400" classname="Scenario: provider enters a data in productPrices with special char  toDate field" time="0"/>
  <testcase name="Then verify the title is &quot;One or more validation errors occurred.&quot;" classname="Scenario: provider enters a data in productPrices with special char  toDate field" time="0"/>
  <testcase name="Scenario: provider enters a data in productPrices with special char  toDate field" classname="Scenario: provider enters a data in productPrices with special char  toDate field" time="0"/>
  <testcase name="Given product is set with the following fields" classname="Scenario: provider enters a data in productPrices with empty  title field" time="0"/>
  <testcase name="Given productVideos is set with the following fields" classname="Scenario: provider enters a data in productPrices with empty  title field" time="0"/>
  <testcase name="Given productPrices is set with the following fields" classname="Scenario: provider enters a data in productPrices with empty  title field" time="0"/>
  <testcase name="Given provider creates a new product" classname="Scenario: provider enters a data in productPrices with empty  title field" time="0"/>
  <testcase name="Then verify status code is 400" classname="Scenario: provider enters a data in productPrices with empty  title field" time="0">
    <failure message="expected:&lt;400&gt; but was:&lt;200&gt;" type="java.lang.AssertionError"><![CDATA[java.lang.AssertionError: expected:<400> but was:<200>
]]></failure>
    <system-out><![CDATA[{
    "id": "jpjPYDlM",
    "name": "AutoTest",
    "productTypeId": null,
    "active": true,
    "shortDescription": "Test For Automation 1",
    "fullDescription": "Automation for API in Postman",
    "mostPopular": null,
    "longitude": 456.456,
    "latitude": 3245678.5467,
    "calendarColor": "blue",
    "address": "Bishkek",
    "cityId": "BJpg3epq",
    "createdAt": "2021-06-16T11:24:14.747598",
    "productImages": [
        
    ],
    "productDocuments": [
        
    ],
    "productTypes": null,
    "productWorkingDates": [
        {
            "id": "0WaNeopd",
            "productId": "jpjPYDlM",
            "fromDate": "2022-12-31",
            "toDate": "2022-12-31",
            "name": "1234",
            "strictHours": false,
            "timeSlots": [
                {
                    "id": "blVXGEpw",
                    "productWorkingDateId": "0WaNeopd",
                    "dayOfWeek": "Monday",
                    "startTime": "09:00:00",
                    "endTime": "20:00:00",
                    "duration": "00:00:00",
                    "quantity": 32,
                    "usedQuantity": 0,
                    "active": false,
                    "deletedAt": null
                }
            ],
            "deletedAt": null,
            "maxUsedTicketsQuantity": 0,
            "errorCode": 0
        }
    ],
    "productRegions": [
        {
            "id": "nGazmzpV",
            "productId": "jpjPYDlM",
            "regionId": "5bpJKaVE",
            "regionName": null
        }
    ],
    "productPrices": [
        {
            "id": "LbaQnQlA",
            "productId": "jpjPYDlM",
            "channelId": "LbaQGOAx",
            "fromDate": "2021-05-31T00:00:00",
            "toDate": "2022-12-31T00:00:00",
            "title": "",
            "remarks": "Test",
            "officialPrice": 0,
            "currencyId": "5bpJKaVE",
            "quantityPerDay": 123,
            "autoConfirm": false,
            "pricePerPerson": false,
            "productPriceTypes": [
                {
                    "id": "bBl5wRpX",
                    "productPriceId": "LbaQnQlA",
                    "productCustomerTypeId": "2aAgMDOZ",
                    "amount": 57,
                    "currencyId": "Belm3pnb",
                    "currencySymbol": null,
                    "isOfficial": true,
                    "productCustomerType": {
                        "id": "2aAgMDOZ",
                        "productId": "yxl4wVaj",
                        "name": "?????"
                    }
                }
            ],
            "deletedAt": null
        }
    ],
    "productCustomerTypes": [
        {
            "id": "4aLL4Kan",
            "productId": "jpjPYDlM",
            "name": "API"
        },
        {
            "id": "rO98EAle",
            "productId": "jpjPYDlM",
            "name": "?????"
        },
        {
            "id": "eaZLV7Od",
            "productId": "jpjPYDlM",
            "name": "???"
        },
        {
            "id": "rO7nyBl6",
            "productId": "jpjPYDlM",
            "name": "?????"
        }
    ],
    "city": {
        "id": "BJpg3epq",
        "name": "Israel"
    },
    "productIncludedTags": [
        {
            "id": "M5l10MaW",
            "productId": "jpjPYDlM",
            "subTagId": "jLa3rjpz",
            "parentTagId": null,
            "subTagName": null
        }
    ],
    "productExcludedTags": [
        {
            "id": "r1lkQJp6",
            "productId": "jpjPYDlM",
            "subTagId": "4eO8gvlP",
            "parentTagId": null,
            "subTagName": null
        }
    ],
    "productTags": [
        {
            "id": "baQroQlA",
            "productId": "jpjPYDlM",
            "subTagId": "qeaZMepd",
            "parentTagId": null,
            "subTagName": null
        }
    ],
    "productTranslations": null,
    "productVideos": [
        {
            "id": "EjpjoKaM",
            "productId": "jpjPYDlM",
            "path": "https://www.youtube.com/watch?v=u1yVCeXYya4&list=RDMMu1yVCeXYya4&start_radio=1"
        }
    ]
}
{
    "id": "jpjPYDlM",
    "name": "AutoTest",
    "productTypeId": null,
    "active": true,
    "shortDescription": "Test For Automation 1",
    "fullDescription": "Automation for API in Postman",
    "mostPopular": null,
    "longitude": 456.456,
    "latitude": 3245678.5467,
    "calendarColor": "blue",
    "address": "Bishkek",
    "cityId": "BJpg3epq",
    "createdAt": "2021-06-16T11:24:14.747598",
    "productImages": [
        
    ],
    "productDocuments": [
        
    ],
    "productTypes": null,
    "productWorkingDates": [
        {
            "id": "0WaNeopd",
            "productId": "jpjPYDlM",
            "fromDate": "2022-12-31",
            "toDate": "2022-12-31",
            "name": "1234",
            "strictHours": false,
            "timeSlots": [
                {
                    "id": "blVXGEpw",
                    "productWorkingDateId": "0WaNeopd",
                    "dayOfWeek": "Monday",
                    "startTime": "09:00:00",
                    "endTime": "20:00:00",
                    "duration": "00:00:00",
                    "quantity": 32,
                    "usedQuantity": 0,
                    "active": false,
                    "deletedAt": null
                }
            ],
            "deletedAt": null,
            "maxUsedTicketsQuantity": 0,
            "errorCode": 0
        }
    ],
    "productRegions": [
        {
            "id": "nGazmzpV",
            "productId": "jpjPYDlM",
            "regionId": "5bpJKaVE",
            "regionName": null
        }
    ],
    "productPrices": [
        {
            "id": "LbaQnQlA",
            "productId": "jpjPYDlM",
            "channelId": "LbaQGOAx",
            "fromDate": "2021-05-31T00:00:00",
            "toDate": "2022-12-31T00:00:00",
            "title": "",
            "remarks": "Test",
            "officialPrice": 0,
            "currencyId": "5bpJKaVE",
            "quantityPerDay": 123,
            "autoConfirm": false,
            "pricePerPerson": false,
            "productPriceTypes": [
                {
                    "id": "bBl5wRpX",
                    "productPriceId": "LbaQnQlA",
                    "productCustomerTypeId": "2aAgMDOZ",
                    "amount": 57,
                    "currencyId": "Belm3pnb",
                    "currencySymbol": null,
                    "isOfficial": true,
                    "productCustomerType": {
                        "id": "2aAgMDOZ",
                        "productId": "yxl4wVaj",
                        "name": "?????"
                    }
                }
            ],
            "deletedAt": null
        }
    ],
    "productCustomerTypes": [
        {
            "id": "4aLL4Kan",
            "productId": "jpjPYDlM",
            "name": "API"
        },
        {
            "id": "rO98EAle",
            "productId": "jpjPYDlM",
            "name": "?????"
        },
        {
            "id": "eaZLV7Od",
            "productId": "jpjPYDlM",
            "name": "???"
        },
        {
            "id": "rO7nyBl6",
            "productId": "jpjPYDlM",
            "name": "?????"
        }
    ],
    "city": {
        "id": "BJpg3epq",
        "name": "Israel"
    },
    "productIncludedTags": [
        {
            "id": "M5l10MaW",
            "productId": "jpjPYDlM",
            "subTagId": "jLa3rjpz",
            "parentTagId": null,
            "subTagName": null
        }
    ],
    "productExcludedTags": [
        {
            "id": "r1lkQJp6",
            "productId": "jpjPYDlM",
            "subTagId": "4eO8gvlP",
            "parentTagId": null,
            "subTagName": null
        }
    ],
    "productTags": [
        {
            "id": "baQroQlA",
            "productId": "jpjPYDlM",
            "subTagId": "qeaZMepd",
            "parentTagId": null,
            "subTagName": null
        }
    ],
    "productTranslations": null,
    "productVideos": [
        {
            "id": "EjpjoKaM",
            "productId": "jpjPYDlM",
            "path": "https://www.youtube.com/watch?v=u1yVCeXYya4&list=RDMMu1yVCeXYya4&start_radio=1"
        }
    ]
}
]]></system-out>
  </testcase>
  <testcase name="Scenario: provider enters a data in productPrices with empty  title field" classname="Scenario: provider enters a data in productPrices with empty  title field" time="0">
    <failure message="expected:&lt;400&gt; but was:&lt;200&gt;" type="java.lang.AssertionError"><![CDATA[java.lang.AssertionError: expected:<400> but was:<200>
]]></failure>
  </testcase>
  <testcase name="Then verify the title is &quot;One or more validation errors occurred.&quot;" classname="Scenario: provider enters a data in productPrices with empty  title field" time="0">
    <skipped/>
  </testcase>
  <testcase name="Given product is set with the following fields" classname="Scenario: provider enters a data in productPrices with missing  title field" time="0"/>
  <testcase name="Given productVideos is set with the following fields" classname="Scenario: provider enters a data in productPrices with missing  title field" time="0"/>
  <testcase name="Given productPrices is set with the following fields" classname="Scenario: provider enters a data in productPrices with missing  title field" time="0"/>
  <testcase name="Given provider creates a new product" classname="Scenario: provider enters a data in productPrices with missing  title field" time="0"/>
  <testcase name="Then verify status code is 400" classname="Scenario: provider enters a data in productPrices with missing  title field" time="0">
    <failure message="expected:&lt;400&gt; but was:&lt;200&gt;" type="java.lang.AssertionError"><![CDATA[java.lang.AssertionError: expected:<400> but was:<200>
]]></failure>
    <system-out><![CDATA[{
    "id": "1lkVGZa6",
    "name": "AutoTest",
    "productTypeId": null,
    "active": true,
    "shortDescription": "Test For Automation 1",
    "fullDescription": "Automation for API in Postman",
    "mostPopular": null,
    "longitude": 456.456,
    "latitude": 3245678.5467,
    "calendarColor": "blue",
    "address": "Bishkek",
    "cityId": "0Gpb2Rpr",
    "createdAt": "2021-06-16T11:24:14.958635",
    "productImages": [
        
    ],
    "productDocuments": [
        
    ],
    "productTypes": null,
    "productWorkingDates": [
        {
            "id": "52aA7DOZ",
            "productId": "1lkVGZa6",
            "fromDate": "2022-12-31",
            "toDate": "2022-12-31",
            "name": "1234",
            "strictHours": false,
            "timeSlots": [
                {
                    "id": "waD3j3p3",
                    "productWorkingDateId": "52aA7DOZ",
                    "dayOfWeek": "Monday",
                    "startTime": "09:00:00",
                    "endTime": "20:00:00",
                    "duration": "00:00:00",
                    "quantity": 32,
                    "usedQuantity": 0,
                    "active": false,
                    "deletedAt": null
                }
            ],
            "deletedAt": null,
            "maxUsedTicketsQuantity": 0,
            "errorCode": 0
        }
    ],
    "productRegions": [
        {
            "id": "k8p0x0pJ",
            "productId": "1lkVGZa6",
            "regionId": "5bpJKaVE",
            "regionName": null
        }
    ],
    "productPrices": [
        {
            "id": "BelmjjOn",
            "productId": "1lkVGZa6",
            "channelId": "LbaQGOAx",
            "fromDate": "2021-05-31T00:00:00",
            "toDate": "2022-12-31T00:00:00",
            "title": null,
            "remarks": "Test",
            "officialPrice": 0,
            "currencyId": "5bpJKaVE",
            "quantityPerDay": 123,
            "autoConfirm": false,
            "pricePerPerson": false,
            "productPriceTypes": [
                {
                    "id": "Ybpv5BOJ",
                    "productPriceId": "BelmjjOn",
                    "productCustomerTypeId": "nlYxoxaz",
                    "amount": 57,
                    "currencyId": "Belm3pnb",
                    "currencySymbol": null,
                    "isOfficial": true,
                    "productCustomerType": {
                        "id": "nlYxoxaz",
                        "productId": "yxl4wVaj",
                        "name": "?????"
                    }
                }
            ],
            "deletedAt": null
        }
    ],
    "productCustomerTypes": [
        {
            "id": "MaGEbyOD",
            "productId": "1lkVGZa6",
            "name": "API"
        },
        {
            "id": "ylKd3VO8",
            "productId": "1lkVGZa6",
            "name": "?????"
        },
        {
            "id": "dpd5BYa7",
            "productId": "1lkVGZa6",
            "name": "???"
        },
        {
            "id": "5l1ArVlW",
            "productId": "1lkVGZa6",
            "name": "?????"
        }
    ],
    "city": {
        "id": "0Gpb2Rpr",
        "name": "Israel"
    },
    "productIncludedTags": [
        {
            "id": "WYp6E0OK",
            "productId": "1lkVGZa6",
            "subTagId": "jLa3rjpz",
            "parentTagId": null,
            "subTagName": null
        }
    ],
    "productExcludedTags": [
        {
            "id": "zblB80pR",
            "productId": "1lkVGZa6",
            "subTagId": "4eO8gvlP",
            "parentTagId": null,
            "subTagName": null
        }
    ],
    "productTags": [
        {
            "id": "elmvdjOn",
            "productId": "1lkVGZa6",
            "subTagId": "qeaZMepd",
            "parentTagId": null,
            "subTagName": null
        }
    ],
    "productTranslations": null,
    "productVideos": [
        {
            "id": "r1lk3El6",
            "productId": "1lkVGZa6",
            "path": "https://www.youtube.com/watch?v=u1yVCeXYya4&list=RDMMu1yVCeXYya4&start_radio=1"
        }
    ]
}
{
    "id": "1lkVGZa6",
    "name": "AutoTest",
    "productTypeId": null,
    "active": true,
    "shortDescription": "Test For Automation 1",
    "fullDescription": "Automation for API in Postman",
    "mostPopular": null,
    "longitude": 456.456,
    "latitude": 3245678.5467,
    "calendarColor": "blue",
    "address": "Bishkek",
    "cityId": "0Gpb2Rpr",
    "createdAt": "2021-06-16T11:24:14.958635",
    "productImages": [
        
    ],
    "productDocuments": [
        
    ],
    "productTypes": null,
    "productWorkingDates": [
        {
            "id": "52aA7DOZ",
            "productId": "1lkVGZa6",
            "fromDate": "2022-12-31",
            "toDate": "2022-12-31",
            "name": "1234",
            "strictHours": false,
            "timeSlots": [
                {
                    "id": "waD3j3p3",
                    "productWorkingDateId": "52aA7DOZ",
                    "dayOfWeek": "Monday",
                    "startTime": "09:00:00",
                    "endTime": "20:00:00",
                    "duration": "00:00:00",
                    "quantity": 32,
                    "usedQuantity": 0,
                    "active": false,
                    "deletedAt": null
                }
            ],
            "deletedAt": null,
            "maxUsedTicketsQuantity": 0,
            "errorCode": 0
        }
    ],
    "productRegions": [
        {
            "id": "k8p0x0pJ",
            "productId": "1lkVGZa6",
            "regionId": "5bpJKaVE",
            "regionName": null
        }
    ],
    "productPrices": [
        {
            "id": "BelmjjOn",
            "productId": "1lkVGZa6",
            "channelId": "LbaQGOAx",
            "fromDate": "2021-05-31T00:00:00",
            "toDate": "2022-12-31T00:00:00",
            "title": null,
            "remarks": "Test",
            "officialPrice": 0,
            "currencyId": "5bpJKaVE",
            "quantityPerDay": 123,
            "autoConfirm": false,
            "pricePerPerson": false,
            "productPriceTypes": [
                {
                    "id": "Ybpv5BOJ",
                    "productPriceId": "BelmjjOn",
                    "productCustomerTypeId": "nlYxoxaz",
                    "amount": 57,
                    "currencyId": "Belm3pnb",
                    "currencySymbol": null,
                    "isOfficial": true,
                    "productCustomerType": {
                        "id": "nlYxoxaz",
                        "productId": "yxl4wVaj",
                        "name": "?????"
                    }
                }
            ],
            "deletedAt": null
        }
    ],
    "productCustomerTypes": [
        {
            "id": "MaGEbyOD",
            "productId": "1lkVGZa6",
            "name": "API"
        },
        {
            "id": "ylKd3VO8",
            "productId": "1lkVGZa6",
            "name": "?????"
        },
        {
            "id": "dpd5BYa7",
            "productId": "1lkVGZa6",
            "name": "???"
        },
        {
            "id": "5l1ArVlW",
            "productId": "1lkVGZa6",
            "name": "?????"
        }
    ],
    "city": {
        "id": "0Gpb2Rpr",
        "name": "Israel"
    },
    "productIncludedTags": [
        {
            "id": "WYp6E0OK",
            "productId": "1lkVGZa6",
            "subTagId": "jLa3rjpz",
            "parentTagId": null,
            "subTagName": null
        }
    ],
    "productExcludedTags": [
        {
            "id": "zblB80pR",
            "productId": "1lkVGZa6",
            "subTagId": "4eO8gvlP",
            "parentTagId": null,
            "subTagName": null
        }
    ],
    "productTags": [
        {
            "id": "elmvdjOn",
            "productId": "1lkVGZa6",
            "subTagId": "qeaZMepd",
            "parentTagId": null,
            "subTagName": null
        }
    ],
    "productTranslations": null,
    "productVideos": [
        {
            "id": "r1lk3El6",
            "productId": "1lkVGZa6",
            "path": "https://www.youtube.com/watch?v=u1yVCeXYya4&list=RDMMu1yVCeXYya4&start_radio=1"
        }
    ]
}
]]></system-out>
  </testcase>
  <testcase name="Scenario: provider enters a data in productPrices with missing  title field" classname="Scenario: provider enters a data in productPrices with missing  title field" time="0">
    <failure message="expected:&lt;400&gt; but was:&lt;200&gt;" type="java.lang.AssertionError"><![CDATA[java.lang.AssertionError: expected:<400> but was:<200>
]]></failure>
  </testcase>
  <testcase name="Then verify the title is &quot;One or more validation errors occurred.&quot;" classname="Scenario: provider enters a data in productPrices with missing  title field" time="0">
    <skipped/>
  </testcase>
</testsuite>