<?xml version="1.0" encoding="UTF-8"?>
<testsuite xmlns:xsi="http://www.w3.org/2001/XMLSchema-instance" xsi:noNamespaceSchemaLocation="https://maven.apache.org/surefire/maven-surefire-plugin/xsd/surefire-test-report.xsd" name="www.logisense.com.cucumber.testrunners.wizard.WizardNewProductRequestTest" time="47.944" tests="395" errors="0" skipped="18" failures="46">
  <properties>
    <property name="java.specification.version" value="14"/>
    <property name="sun.cpu.isalist" value="amd64"/>
    <property name="sun.jnu.encoding" value="Cp1252"/>
    <property name="java.class.path" value="C:\Users\azaos\IdeaProjects\Book_It_LogiSense\target\test-classes;C:\Users\azaos\IdeaProjects\Book_It_LogiSense\target\classes;C:\Users\azaos\.m2\repository\junit\junit\4.11\junit-4.11.jar;C:\Users\azaos\.m2\repository\org\hamcrest\hamcrest-core\1.3\hamcrest-core-1.3.jar;C:\Users\azaos\.m2\repository\io\cucumber\cucumber-junit\1.2.6\cucumber-junit-1.2.6.jar;C:\Users\azaos\.m2\repository\io\cucumber\cucumber-java\1.2.6\cucumber-java-1.2.6.jar;C:\Users\azaos\.m2\repository\io\cucumber\cucumber-core\1.2.6\cucumber-core-1.2.6.jar;C:\Users\azaos\.m2\repository\info\cukes\cucumber-html\0.2.3\cucumber-html-0.2.3.jar;C:\Users\azaos\.m2\repository\info\cukes\cucumber-jvm-deps\1.0.5\cucumber-jvm-deps-1.0.5.jar;C:\Users\azaos\.m2\repository\info\cukes\gherkin\2.12.2\gherkin-2.12.2.jar;C:\Users\azaos\.m2\repository\io\rest-assured\rest-assured\4.3.3\rest-assured-4.3.3.jar;C:\Users\azaos\.m2\repository\org\codehaus\groovy\groovy\3.0.7\groovy-3.0.7.jar;C:\Users\azaos\.m2\repository\org\codehaus\groovy\groovy-xml\3.0.7\groovy-xml-3.0.7.jar;C:\Users\azaos\.m2\repository\org\apache\httpcomponents\httpclient\4.5.3\httpclient-4.5.3.jar;C:\Users\azaos\.m2\repository\org\apache\httpcomponents\httpcore\4.4.6\httpcore-4.4.6.jar;C:\Users\azaos\.m2\repository\commons-logging\commons-logging\1.2\commons-logging-1.2.jar;C:\Users\azaos\.m2\repository\commons-codec\commons-codec\1.9\commons-codec-1.9.jar;C:\Users\azaos\.m2\repository\org\apache\httpcomponents\httpmime\4.5.3\httpmime-4.5.3.jar;C:\Users\azaos\.m2\repository\org\hamcrest\hamcrest\2.1\hamcrest-2.1.jar;C:\Users\azaos\.m2\repository\org\ccil\cowan\tagsoup\tagsoup\1.2.1\tagsoup-1.2.1.jar;C:\Users\azaos\.m2\repository\io\rest-assured\json-path\4.3.3\json-path-4.3.3.jar;C:\Users\azaos\.m2\repository\org\codehaus\groovy\groovy-json\3.0.7\groovy-json-3.0.7.jar;C:\Users\azaos\.m2\repository\io\rest-assured\rest-assured-common\4.3.3\rest-assured-common-4.3.3.jar;C:\Users\azaos\.m2\repository\io\rest-assured\xml-path\4.3.3\xml-path-4.3.3.jar;C:\Users\azaos\.m2\repository\org\apache\commons\commons-lang3\3.11\commons-lang3-3.11.jar;C:\Users\azaos\.m2\repository\jakarta\xml\bind\jakarta.xml.bind-api\2.3.3\jakarta.xml.bind-api-2.3.3.jar;C:\Users\azaos\.m2\repository\jakarta\activation\jakarta.activation-api\1.2.2\jakarta.activation-api-1.2.2.jar;C:\Users\azaos\.m2\repository\com\sun\xml\bind\jaxb-impl\2.3.3\jaxb-impl-2.3.3.jar;C:\Users\azaos\.m2\repository\org\hamcrest\hamcrest-all\1.3\hamcrest-all-1.3.jar;C:\Users\azaos\.m2\repository\org\projectlombok\lombok\1.18.16\lombok-1.18.16.jar;C:\Users\azaos\.m2\repository\com\google\code\gson\gson\2.8.5\gson-2.8.5.jar;C:\Users\azaos\.m2\repository\io\cucumber\cucumber-picocontainer\1.2.6\cucumber-picocontainer-1.2.6.jar;C:\Users\azaos\.m2\repository\org\picocontainer\picocontainer\2.15\picocontainer-2.15.jar;C:\Users\azaos\.m2\repository\org\apache\logging\log4j\log4j-core\2.14.0\log4j-core-2.14.0.jar;C:\Users\azaos\.m2\repository\org\apache\logging\log4j\log4j-api\2.14.0\log4j-api-2.14.0.jar;"/>
    <property name="java.vm.vendor" value="Oracle Corporation"/>
    <property name="sun.arch.data.model" value="64"/>
    <property name="user.variant" value=""/>
    <property name="java.vendor.url" value="https://java.oracle.com/"/>
    <property name="os.name" value="Windows 10"/>
    <property name="java.vm.specification.version" value="14"/>
    <property name="sun.java.launcher" value="SUN_STANDARD"/>
    <property name="user.country" value="US"/>
    <property name="sun.boot.library.path" value="C:\Program Files\Java\jdk-14.0.1\bin"/>
    <property name="sun.java.command" value="C:\Users\azaos\AppData\Local\Temp\surefire15235175838104118399\surefirebooter11840558498083660976.jar C:\Users\azaos\AppData\Local\Temp\surefire15235175838104118399 2021-06-16T08-25-00_936-jvmRun1 surefire10398474347867899425tmp surefire_016088543408090537078tmp"/>
    <property name="jdk.debug" value="release"/>
    <property name="surefire.test.class.path" value="C:\Users\azaos\IdeaProjects\Book_It_LogiSense\target\test-classes;C:\Users\azaos\IdeaProjects\Book_It_LogiSense\target\classes;C:\Users\azaos\.m2\repository\junit\junit\4.11\junit-4.11.jar;C:\Users\azaos\.m2\repository\org\hamcrest\hamcrest-core\1.3\hamcrest-core-1.3.jar;C:\Users\azaos\.m2\repository\io\cucumber\cucumber-junit\1.2.6\cucumber-junit-1.2.6.jar;C:\Users\azaos\.m2\repository\io\cucumber\cucumber-java\1.2.6\cucumber-java-1.2.6.jar;C:\Users\azaos\.m2\repository\io\cucumber\cucumber-core\1.2.6\cucumber-core-1.2.6.jar;C:\Users\azaos\.m2\repository\info\cukes\cucumber-html\0.2.3\cucumber-html-0.2.3.jar;C:\Users\azaos\.m2\repository\info\cukes\cucumber-jvm-deps\1.0.5\cucumber-jvm-deps-1.0.5.jar;C:\Users\azaos\.m2\repository\info\cukes\gherkin\2.12.2\gherkin-2.12.2.jar;C:\Users\azaos\.m2\repository\io\rest-assured\rest-assured\4.3.3\rest-assured-4.3.3.jar;C:\Users\azaos\.m2\repository\org\codehaus\groovy\groovy\3.0.7\groovy-3.0.7.jar;C:\Users\azaos\.m2\repository\org\codehaus\groovy\groovy-xml\3.0.7\groovy-xml-3.0.7.jar;C:\Users\azaos\.m2\repository\org\apache\httpcomponents\httpclient\4.5.3\httpclient-4.5.3.jar;C:\Users\azaos\.m2\repository\org\apache\httpcomponents\httpcore\4.4.6\httpcore-4.4.6.jar;C:\Users\azaos\.m2\repository\commons-logging\commons-logging\1.2\commons-logging-1.2.jar;C:\Users\azaos\.m2\repository\commons-codec\commons-codec\1.9\commons-codec-1.9.jar;C:\Users\azaos\.m2\repository\org\apache\httpcomponents\httpmime\4.5.3\httpmime-4.5.3.jar;C:\Users\azaos\.m2\repository\org\hamcrest\hamcrest\2.1\hamcrest-2.1.jar;C:\Users\azaos\.m2\repository\org\ccil\cowan\tagsoup\tagsoup\1.2.1\tagsoup-1.2.1.jar;C:\Users\azaos\.m2\repository\io\rest-assured\json-path\4.3.3\json-path-4.3.3.jar;C:\Users\azaos\.m2\repository\org\codehaus\groovy\groovy-json\3.0.7\groovy-json-3.0.7.jar;C:\Users\azaos\.m2\repository\io\rest-assured\rest-assured-common\4.3.3\rest-assured-common-4.3.3.jar;C:\Users\azaos\.m2\repository\io\rest-assured\xml-path\4.3.3\xml-path-4.3.3.jar;C:\Users\azaos\.m2\repository\org\apache\commons\commons-lang3\3.11\commons-lang3-3.11.jar;C:\Users\azaos\.m2\repository\jakarta\xml\bind\jakarta.xml.bind-api\2.3.3\jakarta.xml.bind-api-2.3.3.jar;C:\Users\azaos\.m2\repository\jakarta\activation\jakarta.activation-api\1.2.2\jakarta.activation-api-1.2.2.jar;C:\Users\azaos\.m2\repository\com\sun\xml\bind\jaxb-impl\2.3.3\jaxb-impl-2.3.3.jar;C:\Users\azaos\.m2\repository\org\hamcrest\hamcrest-all\1.3\hamcrest-all-1.3.jar;C:\Users\azaos\.m2\repository\org\projectlombok\lombok\1.18.16\lombok-1.18.16.jar;C:\Users\azaos\.m2\repository\com\google\code\gson\gson\2.8.5\gson-2.8.5.jar;C:\Users\azaos\.m2\repository\io\cucumber\cucumber-picocontainer\1.2.6\cucumber-picocontainer-1.2.6.jar;C:\Users\azaos\.m2\repository\org\picocontainer\picocontainer\2.15\picocontainer-2.15.jar;C:\Users\azaos\.m2\repository\org\apache\logging\log4j\log4j-core\2.14.0\log4j-core-2.14.0.jar;C:\Users\azaos\.m2\repository\org\apache\logging\log4j\log4j-api\2.14.0\log4j-api-2.14.0.jar;"/>
    <property name="sun.cpu.endian" value="little"/>
    <property name="user.home" value="C:\Users\azaos"/>
    <property name="user.language" value="en"/>
    <property name="java.specification.vendor" value="Oracle Corporation"/>
    <property name="java.version.date" value="2020-04-14"/>
    <property name="java.home" value="C:\Program Files\Java\jdk-14.0.1"/>
    <property name="file.separator" value="\"/>
    <property name="basedir" value="C:\Users\azaos\IdeaProjects\Book_It_LogiSense"/>
    <property name="java.vm.compressedOopsMode" value="32-bit"/>
    <property name="line.separator" value="&#10;"/>
    <property name="java.vm.specification.vendor" value="Oracle Corporation"/>
    <property name="java.specification.name" value="Java Platform API Specification"/>
    <property name="surefire.real.class.path" value="C:\Users\azaos\AppData\Local\Temp\surefire15235175838104118399\surefirebooter11840558498083660976.jar"/>
    <property name="user.script" value=""/>
    <property name="sun.management.compiler" value="HotSpot 64-Bit Tiered Compilers"/>
    <property name="java.runtime.version" value="14.0.1+7"/>
    <property name="user.name" value="azaos"/>
    <property name="path.separator" value=";"/>
    <property name="os.version" value="10.0"/>
    <property name="java.runtime.name" value="Java(TM) SE Runtime Environment"/>
    <property name="file.encoding" value="Cp1252"/>
    <property name="java.vm.name" value="Java HotSpot(TM) 64-Bit Server VM"/>
    <property name="localRepository" value="C:\Users\azaos\.m2\repository"/>
    <property name="cucumber.options" value="--tags @smoke"/>
    <property name="java.vendor.url.bug" value="https://bugreport.java.com/bugreport/"/>
    <property name="java.io.tmpdir" value="C:\Users\azaos\AppData\Local\Temp\"/>
    <property name="java.version" value="14.0.1"/>
    <property name="user.dir" value="C:\Users\azaos\IdeaProjects\Book_It_LogiSense"/>
    <property name="os.arch" value="amd64"/>
    <property name="java.vm.specification.name" value="Java Virtual Machine Specification"/>
    <property name="sun.os.patch.level" value=""/>
    <property name="java.library.path" value="C:\Program Files\Java\jdk-14.0.1\bin;C:\WINDOWS\Sun\Java\bin;C:\WINDOWS\system32;C:\WINDOWS;C:\WINDOWS\system32;C:\WINDOWS;C:\WINDOWS\System32\Wbem;C:\WINDOWS\System32\WindowsPowerShell\v1.0\;C:\WINDOWS\System32\OpenSSH\;C:\Program Files\Java\jdk-14.0.1\bin;C:\Program Files\Git\cmd;C:\Users\azaos\Downloads\apache-maven-3.6.3-bin\apache-maven-3.6.3\bin;C:\Users\azaos\AppData\Local\Microsoft\WindowsApps;C:\Program Files\JetBrains\IntelliJ IDEA Community Edition 2020.1.2\bin;;MAVEN_HOME\bin;C:\Users\azaos\Downloads\apache-maven-3.6.3-bin\apache-maven-3.6.3\bin;;C:\Users\azaos\AppData\Local\Programs\Fiddler;."/>
    <property name="java.vm.info" value="mixed mode, sharing"/>
    <property name="java.vendor" value="Oracle Corporation"/>
    <property name="java.vm.version" value="14.0.1+7"/>
    <property name="sun.io.unicode.encoding" value="UnicodeLittle"/>
    <property name="java.class.version" value="58.0"/>
  </properties>
  <testcase name="Given product is set with the following fields" classname="Scenario: provider creates a new product" time="0"/>
  <testcase name="Scenario: provider creates a new product" classname="Scenario: provider creates a new product" time="0"/>
  <testcase name="Given productTypes is set with following fields" classname="Scenario: provider enters a data in productTypes" time="0"/>
  <testcase name="Scenario: provider enters a data in productTypes" classname="Scenario: provider enters a data in productTypes" time="0"/>
  <testcase name="Given productWorkingDates is set with following fields" classname="Scenario: provider enters a data in ProductWorkingDates" time="0"/>
  <testcase name="Scenario: provider enters a data in ProductWorkingDates" classname="Scenario: provider enters a data in ProductWorkingDates" time="0"/>
  <testcase name="Given timeSlots is set with the following fields" classname="Scenario: provider enters a data in timeSlots" time="0"/>
  <testcase name="Scenario: provider enters a data in timeSlots" classname="Scenario: provider enters a data in timeSlots" time="0"/>
  <testcase name="Given productRegions is set with the following fields" classname="Scenario: provider enters a data in ProductRegions" time="0"/>
  <testcase name="Scenario: provider enters a data in ProductRegions" classname="Scenario: provider enters a data in ProductRegions" time="0"/>
  <testcase name="Given productPrices is set with the following fields" classname="Scenario: provider enters a data in ProductPrices" time="0"/>
  <testcase name="Scenario: provider enters a data in ProductPrices" classname="Scenario: provider enters a data in ProductPrices" time="0"/>
  <testcase name="Then productPriceTypes is set with the following dates" classname="Scenario: provider enters a data in productPriceTypes" time="0"/>
  <testcase name="Scenario: provider enters a data in productPriceTypes" classname="Scenario: provider enters a data in productPriceTypes" time="0"/>
  <testcase name="Given productCustomerType is set with the following fields" classname="Scenario: provider enters a data in productCustomerType" time="0"/>
  <testcase name="Scenario: provider enters a data in productCustomerType" classname="Scenario: provider enters a data in productCustomerType" time="0"/>
  <testcase name="Given productCustomerTypes is set with following fields" classname="Scenario: provider enters a data in productCustomerTypes" time="0"/>
  <testcase name="Scenario: provider enters a data in productCustomerTypes" classname="Scenario: provider enters a data in productCustomerTypes" time="0"/>
  <testcase name="Given City is set with the following fields" classname="Scenario: provider enters a data in City" time="0"/>
  <testcase name="Scenario: provider enters a data in City" classname="Scenario: provider enters a data in City" time="0"/>
  <testcase name="Given productIncludedTags is set with the following fields" classname="Scenario: provider enters a data in productIncludedTags" time="0"/>
  <testcase name="Scenario: provider enters a data in productIncludedTags" classname="Scenario: provider enters a data in productIncludedTags" time="0"/>
  <testcase name="Given productExcludedTags is set with the following fields" classname="Scenario: provider enters a data in productExcludedTags" time="0"/>
  <testcase name="Scenario: provider enters a data in productExcludedTags" classname="Scenario: provider enters a data in productExcludedTags" time="0"/>
  <testcase name="Given productTags is set with the following fields" classname="Scenario: provider enters a data in productTags" time="0"/>
  <testcase name="Scenario: provider enters a data in productTags" classname="Scenario: provider enters a data in productTags" time="0"/>
  <testcase name="Given productVideos is set with the following fields" classname="Scenario: provider enters a data in product videos" time="0"/>
  <testcase name="Scenario: provider enters a data in product videos" classname="Scenario: provider enters a data in product videos" time="0"/>
  <testcase name="Given provider creates a new product" classname="Scenario: Provider creates a new product" time="0"/>
  <testcase name="Then verify status code is 200" classname="Scenario: Provider creates a new product" time="0"/>
  <testcase name="Scenario: Provider creates a new product" classname="Scenario: Provider creates a new product" time="0"/>
  <testcase name="Then verify that new product is set with following fields" classname="Scenario: verify that product has been created" time="0"/>
  <testcase name="Scenario: verify that product has been created" classname="Scenario: verify that product has been created" time="0"/>
  <testcase name="Given verify that ProductWorkingDates is set with following fields" classname="Scenario: verify that ProductWorkingDates has been created" time="0"/>
  <testcase name="Scenario: verify that ProductWorkingDates has been created" classname="Scenario: verify that ProductWorkingDates has been created" time="0"/>
  <testcase name="Given verify that timeSlots is set with following fields" classname="Scenario: verify that timeSlots has been created" time="0">
    <failure message="failure of quantity  expected: java.lang.String&lt;67&gt; but was: java.lang.Integer&lt;67&gt;" type="java.lang.AssertionError"><![CDATA[java.lang.AssertionError: failure of quantity  expected: java.lang.String<67> but was: java.lang.Integer<67>
]]></failure>
    <system-out><![CDATA[
  #  Scenario: verify that productTypes has been created
  #    Given verify that productTypes is set with following fields
  #      | name    | id       |
  #      | TestAPI | 5bpJ0olV |
  Scenario: verify that ProductWorkingDates has been created           &amp#27;[90m# features/wizard/wizardNewProduct.feature:101&amp#27;[0m
    &amp#27;[32mGiven &amp#27;[0m&amp#27;[32mverify that ProductWorkingDates is set with following fields&amp#27;[0m &amp#27;[90m# CreateNewProductSteps.verifyThatProductWorkingDatesIsSetWithFollowingFields(String,String>>)&amp#27;[0m
]]></system-out>
  </testcase>
  <testcase name="Scenario: verify that timeSlots has been created" classname="Scenario: verify that timeSlots has been created" time="0">
    <failure message="failure of quantity  expected: java.lang.String&lt;67&gt; but was: java.lang.Integer&lt;67&gt;" type="java.lang.AssertionError"><![CDATA[java.lang.AssertionError: failure of quantity  expected: java.lang.String<67> but was: java.lang.Integer<67>
]]></failure>
  </testcase>
  <testcase name="Given verify that productRegions is set with following fields" classname="Scenario: verify that productRegions have been created" time="0">
    <failure message="failure of regionName  expected:&lt;Eilat&gt; but was:&lt;null&gt;" type="java.lang.AssertionError"><![CDATA[java.lang.AssertionError: failure of regionName  expected:<Eilat> but was:<null>
]]></failure>
    <system-out><![CDATA[
  Scenario: verify that timeSlots has been created           &amp#27;[90m# features/wizard/wizardNewProduct.feature:106&amp#27;[0m
    &amp#27;[31mGiven &amp#27;[0m&amp#27;[31mverify that timeSlots is set with following fields&amp#27;[0m &amp#27;[90m# CreateNewProductSteps.verifyThatTimeSlotsIsSetWithFollowingFields(String,String>>)&amp#27;[0m
      &amp#27;[31mjava.lang.AssertionError: failure of quantity  expected: java.lang.String<67> but was: java.lang.Integer<67>
      	at org.junit.Assert.fail(Assert.java:88)
      	at org.junit.Assert.failNotEquals(Assert.java:743)
      	at org.junit.Assert.assertEquals(Assert.java:118)
      	at www.logisense.com.cucumber.steps.newProduct.CreateNewProductSteps.verifyThatTimeSlotsIsSetWithFollowingFields(CreateNewProductSteps.java:424)
      	at ?.Given verify that timeSlots is set with following fields(features/wizard/wizardNewProduct.feature:107)
      &amp#27;[0m
]]></system-out>
  </testcase>
  <testcase name="Scenario: verify that productRegions have been created" classname="Scenario: verify that productRegions have been created" time="0">
    <failure message="failure of regionName  expected:&lt;Eilat&gt; but was:&lt;null&gt;" type="java.lang.AssertionError"><![CDATA[java.lang.AssertionError: failure of regionName  expected:<Eilat> but was:<null>
]]></failure>
  </testcase>
  <testcase name="Given verify that productPrices is set with following field" classname="Scenario: verify that productPrices have been created" time="0"/>
  <testcase name="Scenario: verify that productPrices have been created" classname="Scenario: verify that productPrices have been created" time="0"/>
  <testcase name="Given verify that productPriceTypes is set with following fields" classname="Scenario: verify that productPriceTypes have been created" time="0"/>
  <testcase name="Scenario: verify that productPriceTypes have been created" classname="Scenario: verify that productPriceTypes have been created" time="0"/>
  <testcase name="Given verify that productCustomerType is set with following fields" classname="Scenario: verify that productCustomerType has been created" time="0"/>
  <testcase name="Scenario: verify that productCustomerType has been created" classname="Scenario: verify that productCustomerType has been created" time="0"/>
  <testcase name="Given verify that productCustomerTypes is set with following fields" classname="Scenario: verify that productCustomerTypes have been created" time="0"/>
  <testcase name="Scenario: verify that productCustomerTypes have been created" classname="Scenario: verify that productCustomerTypes have been created" time="0"/>
  <testcase name="Given verify that city is set with following fields" classname="Scenario: verify that city has been created" time="0"/>
  <testcase name="Scenario: verify that city has been created" classname="Scenario: verify that city has been created" time="0"/>
  <testcase name="Given verify that productIncludedTags is set with following fields" classname="Scenario: verify that productIncludedTags have been created" time="0">
    <failure message="failure of subTagName  expected:&lt;WiFi&gt; but was:&lt;null&gt;" type="java.lang.AssertionError"><![CDATA[java.lang.AssertionError: failure of subTagName  expected:<WiFi> but was:<null>
]]></failure>
    <system-out><![CDATA[
  Scenario: verify that city has been created           &amp#27;[90m# features/wizard/wizardNewProduct.feature:137&amp#27;[0m
    &amp#27;[32mGiven &amp#27;[0m&amp#27;[32mverify that city is set with following fields&amp#27;[0m &amp#27;[90m# CreateNewProductSteps.verifyThatCityIsSetWithFollowingFields(String,String>>)&amp#27;[0m
]]></system-out>
  </testcase>
  <testcase name="Scenario: verify that productIncludedTags have been created" classname="Scenario: verify that productIncludedTags have been created" time="0">
    <failure message="failure of subTagName  expected:&lt;WiFi&gt; but was:&lt;null&gt;" type="java.lang.AssertionError"><![CDATA[java.lang.AssertionError: failure of subTagName  expected:<WiFi> but was:<null>
]]></failure>
  </testcase>
  <testcase name="Given verify that productExcludedTags is set with following fields" classname="Scenario: verify that productExcludedTags have been created" time="0">
    <failure message="failure of subTagName  expected:&lt;Food&gt; but was:&lt;null&gt;" type="java.lang.AssertionError"><![CDATA[java.lang.AssertionError: failure of subTagName  expected:<Food> but was:<null>
]]></failure>
    <system-out><![CDATA[
  Scenario: verify that productIncludedTags have been created          &amp#27;[90m# features/wizard/wizardNewProduct.feature:142&amp#27;[0m
    &amp#27;[31mGiven &amp#27;[0m&amp#27;[31mverify that productIncludedTags is set with following fields&amp#27;[0m &amp#27;[90m# CreateNewProductSteps.verifyThatProductIncludedTagsIsSetWithFollowingFields(String,String>>)&amp#27;[0m
      &amp#27;[31mjava.lang.AssertionError: failure of subTagName  expected:<WiFi> but was:<null>
      	at org.junit.Assert.fail(Assert.java:88)
      	at org.junit.Assert.failNotEquals(Assert.java:743)
      	at org.junit.Assert.assertEquals(Assert.java:118)
      	at www.logisense.com.cucumber.steps.newProduct.CreateNewProductSteps.verifyThatProductIncludedTagsIsSetWithFollowingFields(CreateNewProductSteps.java:524)
      	at ?.Given verify that productIncludedTags is set with following fields(features/wizard/wizardNewProduct.feature:143)
      &amp#27;[0m
]]></system-out>
  </testcase>
  <testcase name="Scenario: verify that productExcludedTags have been created" classname="Scenario: verify that productExcludedTags have been created" time="0">
    <failure message="failure of subTagName  expected:&lt;Food&gt; but was:&lt;null&gt;" type="java.lang.AssertionError"><![CDATA[java.lang.AssertionError: failure of subTagName  expected:<Food> but was:<null>
]]></failure>
  </testcase>
  <testcase name="Given verify that productTags is set with following fields" classname="Scenario: verify that productTags has been created" time="0">
    <failure message="failure of subTagName  expected:&lt;Extreme&gt; but was:&lt;null&gt;" type="java.lang.AssertionError"><![CDATA[java.lang.AssertionError: failure of subTagName  expected:<Extreme> but was:<null>
]]></failure>
    <system-out><![CDATA[
  Scenario: verify that productExcludedTags have been created          &amp#27;[90m# features/wizard/wizardNewProduct.feature:147&amp#27;[0m
    &amp#27;[31mGiven &amp#27;[0m&amp#27;[31mverify that productExcludedTags is set with following fields&amp#27;[0m &amp#27;[90m# CreateNewProductSteps.verifyThatProductExcludedTagsIsSetWithFollowingFields(String,String>>)&amp#27;[0m
      &amp#27;[31mjava.lang.AssertionError: failure of subTagName  expected:<Food> but was:<null>
      	at org.junit.Assert.fail(Assert.java:88)
      	at org.junit.Assert.failNotEquals(Assert.java:743)
      	at org.junit.Assert.assertEquals(Assert.java:118)
      	at www.logisense.com.cucumber.steps.newProduct.CreateNewProductSteps.verifyThatProductExcludedTagsIsSetWithFollowingFields(CreateNewProductSteps.java:533)
      	at ?.Given verify that productExcludedTags is set with following fields(features/wizard/wizardNewProduct.feature:148)
      &amp#27;[0m
]]></system-out>
  </testcase>
  <testcase name="Scenario: verify that productTags has been created" classname="Scenario: verify that productTags has been created" time="0">
    <failure message="failure of subTagName  expected:&lt;Extreme&gt; but was:&lt;null&gt;" type="java.lang.AssertionError"><![CDATA[java.lang.AssertionError: failure of subTagName  expected:<Extreme> but was:<null>
]]></failure>
  </testcase>
  <testcase name="Given verify that productVideos is set with following fields" classname="Scenario: verify that productVideos have been created" time="0"/>
  <testcase name="Scenario: verify that productVideos have been created" classname="Scenario: verify that productVideos have been created" time="0"/>
  <testcase name="Given product is set with the following fields" classname="Scenario: Provider creates a new product with the same data" time="0"/>
  <testcase name="Given productVideos is set with the following fields" classname="Scenario: Provider creates a new product with the same data" time="0"/>
  <testcase name="Given provider creates a new product" classname="Scenario: Provider creates a new product with the same data" time="0"/>
  <testcase name="Then verify status code is 500" classname="Scenario: Provider creates a new product with the same data" time="0">
    <failure message="expected:&lt;500&gt; but was:&lt;200&gt;" type="java.lang.AssertionError"><![CDATA[java.lang.AssertionError: expected:<500> but was:<200>
]]></failure>
    <system-out><![CDATA[{
    "id": "elm3Wepn",
    "name": "AutoTest",
    "productTypeId": null,
    "active": true,
    "shortDescription": "Test For Automation 1",
    "fullDescription": "Automation for API in Postman",
    "mostPopular": null,
    "longitude": 456.456,
    "latitude": 3245678.5467,
    "calendarColor": "blue",
    "address": "Bishkek",
    "cityId": "jLa3BWpz",
    "createdAt": "2021-06-16T04:25:23.149842",
    "productImages": [
        
    ],
    "productDocuments": [
        
    ],
    "productTypes": null,
    "productWorkingDates": [
        {
            "id": "0WaN6oad",
            "productId": "elm3Wepn",
            "fromDate": "2021-05-27",
            "toDate": "2022-12-31",
            "name": "1234567sdfgh#$#%^%&",
            "strictHours": false,
            "timeSlots": [
                {
                    "id": "blB7Y3OR",
                    "productWorkingDateId": "0WaN6oad",
                    "dayOfWeek": "Monday",
                    "startTime": "09:00:00",
                    "endTime": "20:00:00",
                    "duration": "01:00:00",
                    "quantity": 67,
                    "usedQuantity": 0,
                    "active": false,
                    "deletedAt": null
                }
            ],
            "deletedAt": null,
            "maxUsedTicketsQuantity": 0,
            "errorCode": 0
        }
    ],
    "productRegions": [
        {
            "id": "bBl5o9pX",
            "productId": "elm3Wepn",
            "regionId": "5bpJKaVE",
            "regionName": null
        }
    ],
    "productPrices": [
        {
            "id": "qeaZYNpd",
            "productId": "elm3Wepn",
            "channelId": "5bpJKaVE",
            "fromDate": "2021-05-31T00:00:00",
            "toDate": "2022-12-31T00:00:00",
            "title": "API",
            "remarks": "Test",
            "officialPrice": 0,
            "currencyId": "5bpJKaVE",
            "quantityPerDay": 123,
            "autoConfirm": false,
            "pricePerPerson": false,
            "productPriceTypes": [
                {
                    "id": "EjpjEDOM",
                    "productPriceId": "qeaZYNpd",
                    "productCustomerTypeId": "JpgyDLlq",
                    "amount": 57,
                    "currencyId": "Belm3pnb",
                    "currencySymbol": null,
                    "isOfficial": true,
                    "productCustomerType": {
                        "id": "JpgyDLlq",
                        "productId": "yxl4wVaj",
                        "name": "?????"
                    }
                }
            ],
            "deletedAt": null
        }
    ],
    "productCustomerTypes": [
        {
            "id": "Gpbzn8pr",
            "productId": "elm3Wepn",
            "name": "API"
        },
        {
            "id": "zpM9R5p6",
            "productId": "elm3Wepn",
            "name": "?????"
        },
        {
            "id": "ZOwL0Wpx",
            "productId": "elm3Wepn",
            "name": "???"
        },
        {
            "id": "Bl51vklX",
            "productId": "elm3Wepn",
            "name": "?????"
        }
    ],
    "city": {
        "id": "jLa3BWpz",
        "name": "Israel"
    },
    "productIncludedTags": [
        {
            "id": "oylKQ5p8",
            "productId": "elm3Wepn",
            "subTagId": "jLa3rjpz",
            "parentTagId": null,
            "subTagName": null
        }
    ],
    "productExcludedTags": [
        {
            "id": "QrO9o1ae",
            "productId": "elm3Wepn",
            "subTagId": "4eO8gvlP",
            "parentTagId": null,
            "subTagName": null
        }
    ],
    "productTags": [
        {
            "id": "bpvADZOJ",
            "productId": "elm3Wepn",
            "subTagId": "qeaZMepd",
            "parentTagId": null,
            "subTagName": null
        }
    ],
    "productTranslations": null,
    "productVideos": [
        {
            "id": "qeaZz7ad",
            "productId": "elm3Wepn",
            "path": "https://www.youtube.com/watch?v=u1yVCeXYya4&list=RDMMu1yVCeXYya4&start_radio=1"
        }
    ]
}
{
    "id": "elm3Wepn",
    "name": "AutoTest",
    "productTypeId": null,
    "active": true,
    "shortDescription": "Test For Automation 1",
    "fullDescription": "Automation for API in Postman",
    "mostPopular": null,
    "longitude": 456.456,
    "latitude": 3245678.5467,
    "calendarColor": "blue",
    "address": "Bishkek",
    "cityId": "jLa3BWpz",
    "createdAt": "2021-06-16T04:25:23.149842",
    "productImages": [
        
    ],
    "productDocuments": [
        
    ],
    "productTypes": null,
    "productWorkingDates": [
        {
            "id": "0WaN6oad",
            "productId": "elm3Wepn",
            "fromDate": "2021-05-27",
            "toDate": "2022-12-31",
            "name": "1234567sdfgh#$#%^%&",
            "strictHours": false,
            "timeSlots": [
                {
                    "id": "blB7Y3OR",
                    "productWorkingDateId": "0WaN6oad",
                    "dayOfWeek": "Monday",
                    "startTime": "09:00:00",
                    "endTime": "20:00:00",
                    "duration": "01:00:00",
                    "quantity": 67,
                    "usedQuantity": 0,
                    "active": false,
                    "deletedAt": null
                }
            ],
            "deletedAt": null,
            "maxUsedTicketsQuantity": 0,
            "errorCode": 0
        }
    ],
    "productRegions": [
        {
            "id": "bBl5o9pX",
            "productId": "elm3Wepn",
            "regionId": "5bpJKaVE",
            "regionName": null
        }
    ],
    "productPrices": [
        {
            "id": "qeaZYNpd",
            "productId": "elm3Wepn",
            "channelId": "5bpJKaVE",
            "fromDate": "2021-05-31T00:00:00",
            "toDate": "2022-12-31T00:00:00",
            "title": "API",
            "remarks": "Test",
            "officialPrice": 0,
            "currencyId": "5bpJKaVE",
            "quantityPerDay": 123,
            "autoConfirm": false,
            "pricePerPerson": false,
            "productPriceTypes": [
                {
                    "id": "EjpjEDOM",
                    "productPriceId": "qeaZYNpd",
                    "productCustomerTypeId": "JpgyDLlq",
                    "amount": 57,
                    "currencyId": "Belm3pnb",
                    "currencySymbol": null,
                    "isOfficial": true,
                    "productCustomerType": {
                        "id": "JpgyDLlq",
                        "productId": "yxl4wVaj",
                        "name": "?????"
                    }
                }
            ],
            "deletedAt": null
        }
    ],
    "productCustomerTypes": [
        {
            "id": "Gpbzn8pr",
            "productId": "elm3Wepn",
            "name": "API"
        },
        {
            "id": "zpM9R5p6",
            "productId": "elm3Wepn",
            "name": "?????"
        },
        {
            "id": "ZOwL0Wpx",
            "productId": "elm3Wepn",
            "name": "???"
        },
        {
            "id": "Bl51vklX",
            "productId": "elm3Wepn",
            "name": "?????"
        }
    ],
    "city": {
        "id": "jLa3BWpz",
        "name": "Israel"
    },
    "productIncludedTags": [
        {
            "id": "oylKQ5p8",
            "productId": "elm3Wepn",
            "subTagId": "jLa3rjpz",
            "parentTagId": null,
            "subTagName": null
        }
    ],
    "productExcludedTags": [
        {
            "id": "QrO9o1ae",
            "productId": "elm3Wepn",
            "subTagId": "4eO8gvlP",
            "parentTagId": null,
            "subTagName": null
        }
    ],
    "productTags": [
        {
            "id": "bpvADZOJ",
            "productId": "elm3Wepn",
            "subTagId": "qeaZMepd",
            "parentTagId": null,
            "subTagName": null
        }
    ],
    "productTranslations": null,
    "productVideos": [
        {
            "id": "qeaZz7ad",
            "productId": "elm3Wepn",
            "path": "https://www.youtube.com/watch?v=u1yVCeXYya4&list=RDMMu1yVCeXYya4&start_radio=1"
        }
    ]
}
]]></system-out>
  </testcase>
  <testcase name="Scenario: Provider creates a new product with the same data" classname="Scenario: Provider creates a new product with the same data" time="0">
    <failure message="expected:&lt;500&gt; but was:&lt;200&gt;" type="java.lang.AssertionError"><![CDATA[java.lang.AssertionError: expected:<500> but was:<200>
]]></failure>
  </testcase>
  <testcase name="Then verify the title is &quot;Internal Server Error&quot;" classname="Scenario: Provider creates a new product with the same data" time="0">
    <skipped/>
  </testcase>
  <testcase name="Given product is set with the following fields" classname="Scenario: Provider creates a new product with missing name field" time="0"/>
  <testcase name="Given productVideos is set with the following fields" classname="Scenario: Provider creates a new product with missing name field" time="0"/>
  <testcase name="Given provider creates a new product" classname="Scenario: Provider creates a new product with missing name field" time="0"/>
  <testcase name="Then verify status code is 500" classname="Scenario: Provider creates a new product with missing name field" time="0"/>
  <testcase name="Then verify the title is &quot;Internal Server Error&quot;" classname="Scenario: Provider creates a new product with missing name field" time="0"/>
  <testcase name="Scenario: Provider creates a new product with missing name field" classname="Scenario: Provider creates a new product with missing name field" time="0"/>
  <testcase name="Given product is set with the following fields" classname="Scenario: Provider creates a new product with empty name field" time="0"/>
  <testcase name="Given productVideos is set with the following fields" classname="Scenario: Provider creates a new product with empty name field" time="0"/>
  <testcase name="Given provider creates a new product" classname="Scenario: Provider creates a new product with empty name field" time="0"/>
  <testcase name="Then verify status code is 400" classname="Scenario: Provider creates a new product with empty name field" time="0">
    <failure message="expected:&lt;400&gt; but was:&lt;200&gt;" type="java.lang.AssertionError"><![CDATA[java.lang.AssertionError: expected:<400> but was:<200>
]]></failure>
    <system-out><![CDATA[{
    "id": "WaNXEBOd",
    "name": "",
    "productTypeId": null,
    "active": true,
    "shortDescription": "Test For Automation 1",
    "fullDescription": "Automation for API in Postman",
    "mostPopular": null,
    "longitude": 456.456,
    "latitude": 3245678.5467,
    "calendarColor": "blue",
    "address": "Bishkek",
    "cityId": "N4lrzgld",
    "createdAt": "2021-06-16T04:25:25.65353",
    "productImages": [
        
    ],
    "productDocuments": [
        
    ],
    "productTypes": null,
    "productWorkingDates": [
        {
            "id": "52aAoDOZ",
            "productId": "WaNXEBOd",
            "fromDate": "2021-05-27",
            "toDate": "2022-12-31",
            "name": "1234567sdfgh#$#%^%&",
            "strictHours": false,
            "timeSlots": [
                {
                    "id": "WlqM2Zlb",
                    "productWorkingDateId": "52aAoDOZ",
                    "dayOfWeek": "Monday",
                    "startTime": "09:00:00",
                    "endTime": "20:00:00",
                    "duration": "01:00:00",
                    "quantity": 67,
                    "usedQuantity": 0,
                    "active": false,
                    "deletedAt": null
                }
            ],
            "deletedAt": null,
            "maxUsedTicketsQuantity": 0,
            "errorCode": 0
        }
    ],
    "productRegions": [
        {
            "id": "YbpvEqOJ",
            "productId": "WaNXEBOd",
            "regionId": "5bpJKaVE",
            "regionName": null
        }
    ],
    "productPrices": [
        {
            "id": "5rO764l6",
            "productId": "WaNXEBOd",
            "channelId": "5bpJKaVE",
            "fromDate": "2021-05-31T00:00:00",
            "toDate": "2022-12-31T00:00:00",
            "title": "API",
            "remarks": "Test",
            "officialPrice": 0,
            "currencyId": "5bpJKaVE",
            "quantityPerDay": 123,
            "autoConfirm": false,
            "pricePerPerson": false,
            "productPriceTypes": [
                {
                    "id": "r1lkoZl6",
                    "productPriceId": "5rO764l6",
                    "productCustomerTypeId": "zOPeYypj",
                    "amount": 57,
                    "currencyId": "Belm3pnb",
                    "currencySymbol": null,
                    "isOfficial": true,
                    "productCustomerType": {
                        "id": "zOPeYypj",
                        "productId": "yxl4wVaj",
                        "name": "?????"
                    }
                }
            ],
            "deletedAt": null
        }
    ],
    "productCustomerTypes": [
        {
            "id": "blVXq5pw",
            "productId": "WaNXEBOd",
            "name": "API"
        },
        {
            "id": "waD3Mzp3",
            "productId": "WaNXEBOd",
            "name": "?????"
        },
        {
            "id": "La3rnjpz",
            "productId": "WaNXEBOd",
            "name": "???"
        },
        {
            "id": "eO8gevlP",
            "productId": "WaNXEBOd",
            "name": "?????"
        }
    ],
    "city": {
        "id": "N4lrzgld",
        "name": "Israel"
    },
    "productIncludedTags": [
        {
            "id": "1dpdNbl7",
            "productId": "WaNXEBOd",
            "subTagId": "jLa3rjpz",
            "parentTagId": null,
            "subTagName": null
        }
    ],
    "productExcludedTags": [
        {
            "id": "qeaZrdad",
            "productId": "WaNXEBOd",
            "subTagId": "4eO8gvlP",
            "parentTagId": null,
            "subTagName": null
        }
    ],
    "productTags": [
        {
            "id": "zOPqWYpj",
            "productId": "WaNXEBOd",
            "subTagId": "qeaZMepd",
            "parentTagId": null,
            "subTagName": null
        }
    ],
    "productTranslations": null,
    "productVideos": [
        {
            "id": "5rO77BO6",
            "productId": "WaNXEBOd",
            "path": "https://www.youtube.com/watch?v=u1yVCeXYya4&list=RDMMu1yVCeXYya4&start_radio=1"
        }
    ]
}
{
    "id": "WaNXEBOd",
    "name": "",
    "productTypeId": null,
    "active": true,
    "shortDescription": "Test For Automation 1",
    "fullDescription": "Automation for API in Postman",
    "mostPopular": null,
    "longitude": 456.456,
    "latitude": 3245678.5467,
    "calendarColor": "blue",
    "address": "Bishkek",
    "cityId": "N4lrzgld",
    "createdAt": "2021-06-16T04:25:25.65353",
    "productImages": [
        
    ],
    "productDocuments": [
        
    ],
    "productTypes": null,
    "productWorkingDates": [
        {
            "id": "52aAoDOZ",
            "productId": "WaNXEBOd",
            "fromDate": "2021-05-27",
            "toDate": "2022-12-31",
            "name": "1234567sdfgh#$#%^%&",
            "strictHours": false,
            "timeSlots": [
                {
                    "id": "WlqM2Zlb",
                    "productWorkingDateId": "52aAoDOZ",
                    "dayOfWeek": "Monday",
                    "startTime": "09:00:00",
                    "endTime": "20:00:00",
                    "duration": "01:00:00",
                    "quantity": 67,
                    "usedQuantity": 0,
                    "active": false,
                    "deletedAt": null
                }
            ],
            "deletedAt": null,
            "maxUsedTicketsQuantity": 0,
            "errorCode": 0
        }
    ],
    "productRegions": [
        {
            "id": "YbpvEqOJ",
            "productId": "WaNXEBOd",
            "regionId": "5bpJKaVE",
            "regionName": null
        }
    ],
    "productPrices": [
        {
            "id": "5rO764l6",
            "productId": "WaNXEBOd",
            "channelId": "5bpJKaVE",
            "fromDate": "2021-05-31T00:00:00",
            "toDate": "2022-12-31T00:00:00",
            "title": "API",
            "remarks": "Test",
            "officialPrice": 0,
            "currencyId": "5bpJKaVE",
            "quantityPerDay": 123,
            "autoConfirm": false,
            "pricePerPerson": false,
            "productPriceTypes": [
                {
                    "id": "r1lkoZl6",
                    "productPriceId": "5rO764l6",
                    "productCustomerTypeId": "zOPeYypj",
                    "amount": 57,
                    "currencyId": "Belm3pnb",
                    "currencySymbol": null,
                    "isOfficial": true,
                    "productCustomerType": {
                        "id": "zOPeYypj",
                        "productId": "yxl4wVaj",
                        "name": "?????"
                    }
                }
            ],
            "deletedAt": null
        }
    ],
    "productCustomerTypes": [
        {
            "id": "blVXq5pw",
            "productId": "WaNXEBOd",
            "name": "API"
        },
        {
            "id": "waD3Mzp3",
            "productId": "WaNXEBOd",
            "name": "?????"
        },
        {
            "id": "La3rnjpz",
            "productId": "WaNXEBOd",
            "name": "???"
        },
        {
            "id": "eO8gevlP",
            "productId": "WaNXEBOd",
            "name": "?????"
        }
    ],
    "city": {
        "id": "N4lrzgld",
        "name": "Israel"
    },
    "productIncludedTags": [
        {
            "id": "1dpdNbl7",
            "productId": "WaNXEBOd",
            "subTagId": "jLa3rjpz",
            "parentTagId": null,
            "subTagName": null
        }
    ],
    "productExcludedTags": [
        {
            "id": "qeaZrdad",
            "productId": "WaNXEBOd",
            "subTagId": "4eO8gvlP",
            "parentTagId": null,
            "subTagName": null
        }
    ],
    "productTags": [
        {
            "id": "zOPqWYpj",
            "productId": "WaNXEBOd",
            "subTagId": "qeaZMepd",
            "parentTagId": null,
            "subTagName": null
        }
    ],
    "productTranslations": null,
    "productVideos": [
        {
            "id": "5rO77BO6",
            "productId": "WaNXEBOd",
            "path": "https://www.youtube.com/watch?v=u1yVCeXYya4&list=RDMMu1yVCeXYya4&start_radio=1"
        }
    ]
}
]]></system-out>
  </testcase>
  <testcase name="Scenario: Provider creates a new product with empty name field" classname="Scenario: Provider creates a new product with empty name field" time="0">
    <failure message="expected:&lt;400&gt; but was:&lt;200&gt;" type="java.lang.AssertionError"><![CDATA[java.lang.AssertionError: expected:<400> but was:<200>
]]></failure>
  </testcase>
  <testcase name="Then verify the title is &quot;One or more validation errors occurred.&quot;" classname="Scenario: Provider creates a new product with empty name field" time="0">
    <skipped/>
  </testcase>
  <testcase name="When product is set with the following fields" classname="Scenario: Provider creates a new product with missing shortDescription field" time="0"/>
  <testcase name="Given productVideos is set with the following fields" classname="Scenario: Provider creates a new product with missing shortDescription field" time="0"/>
  <testcase name="Given provider creates a new product" classname="Scenario: Provider creates a new product with missing shortDescription field" time="0"/>
  <testcase name="Then verify status code is 500" classname="Scenario: Provider creates a new product with missing shortDescription field" time="0">
    <failure message="expected:&lt;500&gt; but was:&lt;200&gt;" type="java.lang.AssertionError"><![CDATA[java.lang.AssertionError: expected:<500> but was:<200>
]]></failure>
    <system-out><![CDATA[{
    "id": "2aAgJLOZ",
    "name": "AutoTest",
    "productTypeId": null,
    "active": true,
    "shortDescription": null,
    "fullDescription": "Automation for API in Postman",
    "mostPopular": null,
    "longitude": 456.456,
    "latitude": 3245678.5467,
    "calendarColor": "blue",
    "address": "Bishkek",
    "cityId": "PdOnXwaV",
    "createdAt": "2021-06-16T04:25:26.001524",
    "productImages": [
        
    ],
    "productDocuments": [
        
    ],
    "productTypes": null,
    "productWorkingDates": [
        {
            "id": "Q4aLdKan",
            "productId": "2aAgJLOZ",
            "fromDate": "2021-05-27",
            "toDate": "2022-12-31",
            "name": "1234567sdfgh#$#%^%&",
            "strictHours": false,
            "timeSlots": [
                {
                    "id": "rOEEdyOY",
                    "productWorkingDateId": "Q4aLdKan",
                    "dayOfWeek": "Monday",
                    "startTime": "09:00:00",
                    "endTime": "20:00:00",
                    "duration": "01:00:00",
                    "quantity": 67,
                    "usedQuantity": 0,
                    "active": false,
                    "deletedAt": null
                }
            ],
            "deletedAt": null,
            "maxUsedTicketsQuantity": 0,
            "errorCode": 0
        }
    ],
    "productRegions": [
        {
            "id": "ozOPyLpj",
            "productId": "2aAgJLOZ",
            "regionId": "5bpJKaVE",
            "regionName": null
        }
    ],
    "productPrices": [
        {
            "id": "JnlY7Npz",
            "productId": "2aAgJLOZ",
            "channelId": "5bpJKaVE",
            "fromDate": "2021-05-31T00:00:00",
            "toDate": "2022-12-31T00:00:00",
            "title": "API",
            "remarks": "Test",
            "officialPrice": 0,
            "currencyId": "5bpJKaVE",
            "quantityPerDay": 123,
            "autoConfirm": false,
            "pricePerPerson": false,
            "productPriceTypes": [
                {
                    "id": "zblBJxlR",
                    "productPriceId": "JnlY7Npz",
                    "productCustomerTypeId": "4lrWvkOd",
                    "amount": 57,
                    "currencyId": "Belm3pnb",
                    "currencySymbol": null,
                    "isOfficial": true,
                    "productCustomerType": {
                        "id": "4lrWvkOd",
                        "productId": "yxl4wVaj",
                        "name": "?????"
                    }
                }
            ],
            "deletedAt": null
        }
    ],
    "productCustomerTypes": [
        {
            "id": "dOnn19OV",
            "productId": "2aAgJLOZ",
            "name": "API"
        },
        {
            "id": "jpjPXblM",
            "productId": "2aAgJLOZ",
            "name": "?????"
        },
        {
            "id": "1lkVyWa6",
            "productId": "2aAgJLOZ",
            "name": "???"
        },
        {
            "id": "blB7B3OR",
            "productId": "2aAgJLOZ",
            "name": "?????"
        }
    ],
    "city": {
        "id": "PdOnXwaV",
        "name": "Israel"
    },
    "productIncludedTags": [
        {
            "id": "M5l1vMOW",
            "productId": "2aAgJLOZ",
            "subTagId": "jLa3rjpz",
            "parentTagId": null,
            "subTagName": null
        }
    ],
    "productExcludedTags": [
        {
            "id": "5rO7wYO6",
            "productId": "2aAgJLOZ",
            "subTagId": "4eO8gvlP",
            "parentTagId": null,
            "subTagName": null
        }
    ],
    "productTags": [
        {
            "id": "blVm22aw",
            "productId": "2aAgJLOZ",
            "subTagId": "qeaZMepd",
            "parentTagId": null,
            "subTagName": null
        }
    ],
    "productTranslations": null,
    "productVideos": [
        {
            "id": "JnlY6xOz",
            "productId": "2aAgJLOZ",
            "path": "https://www.youtube.com/watch?v=u1yVCeXYya4&list=RDMMu1yVCeXYya4&start_radio=1"
        }
    ]
}
{
    "id": "2aAgJLOZ",
    "name": "AutoTest",
    "productTypeId": null,
    "active": true,
    "shortDescription": null,
    "fullDescription": "Automation for API in Postman",
    "mostPopular": null,
    "longitude": 456.456,
    "latitude": 3245678.5467,
    "calendarColor": "blue",
    "address": "Bishkek",
    "cityId": "PdOnXwaV",
    "createdAt": "2021-06-16T04:25:26.001524",
    "productImages": [
        
    ],
    "productDocuments": [
        
    ],
    "productTypes": null,
    "productWorkingDates": [
        {
            "id": "Q4aLdKan",
            "productId": "2aAgJLOZ",
            "fromDate": "2021-05-27",
            "toDate": "2022-12-31",
            "name": "1234567sdfgh#$#%^%&",
            "strictHours": false,
            "timeSlots": [
                {
                    "id": "rOEEdyOY",
                    "productWorkingDateId": "Q4aLdKan",
                    "dayOfWeek": "Monday",
                    "startTime": "09:00:00",
                    "endTime": "20:00:00",
                    "duration": "01:00:00",
                    "quantity": 67,
                    "usedQuantity": 0,
                    "active": false,
                    "deletedAt": null
                }
            ],
            "deletedAt": null,
            "maxUsedTicketsQuantity": 0,
            "errorCode": 0
        }
    ],
    "productRegions": [
        {
            "id": "ozOPyLpj",
            "productId": "2aAgJLOZ",
            "regionId": "5bpJKaVE",
            "regionName": null
        }
    ],
    "productPrices": [
        {
            "id": "JnlY7Npz",
            "productId": "2aAgJLOZ",
            "channelId": "5bpJKaVE",
            "fromDate": "2021-05-31T00:00:00",
            "toDate": "2022-12-31T00:00:00",
            "title": "API",
            "remarks": "Test",
            "officialPrice": 0,
            "currencyId": "5bpJKaVE",
            "quantityPerDay": 123,
            "autoConfirm": false,
            "pricePerPerson": false,
            "productPriceTypes": [
                {
                    "id": "zblBJxlR",
                    "productPriceId": "JnlY7Npz",
                    "productCustomerTypeId": "4lrWvkOd",
                    "amount": 57,
                    "currencyId": "Belm3pnb",
                    "currencySymbol": null,
                    "isOfficial": true,
                    "productCustomerType": {
                        "id": "4lrWvkOd",
                        "productId": "yxl4wVaj",
                        "name": "?????"
                    }
                }
            ],
            "deletedAt": null
        }
    ],
    "productCustomerTypes": [
        {
            "id": "dOnn19OV",
            "productId": "2aAgJLOZ",
            "name": "API"
        },
        {
            "id": "jpjPXblM",
            "productId": "2aAgJLOZ",
            "name": "?????"
        },
        {
            "id": "1lkVyWa6",
            "productId": "2aAgJLOZ",
            "name": "???"
        },
        {
            "id": "blB7B3OR",
            "productId": "2aAgJLOZ",
            "name": "?????"
        }
    ],
    "city": {
        "id": "PdOnXwaV",
        "name": "Israel"
    },
    "productIncludedTags": [
        {
            "id": "M5l1vMOW",
            "productId": "2aAgJLOZ",
            "subTagId": "jLa3rjpz",
            "parentTagId": null,
            "subTagName": null
        }
    ],
    "productExcludedTags": [
        {
            "id": "5rO7wYO6",
            "productId": "2aAgJLOZ",
            "subTagId": "4eO8gvlP",
            "parentTagId": null,
            "subTagName": null
        }
    ],
    "productTags": [
        {
            "id": "blVm22aw",
            "productId": "2aAgJLOZ",
            "subTagId": "qeaZMepd",
            "parentTagId": null,
            "subTagName": null
        }
    ],
    "productTranslations": null,
    "productVideos": [
        {
            "id": "JnlY6xOz",
            "productId": "2aAgJLOZ",
            "path": "https://www.youtube.com/watch?v=u1yVCeXYya4&list=RDMMu1yVCeXYya4&start_radio=1"
        }
    ]
}
]]></system-out>
  </testcase>
  <testcase name="Scenario: Provider creates a new product with missing shortDescription field" classname="Scenario: Provider creates a new product with missing shortDescription field" time="0">
    <failure message="expected:&lt;500&gt; but was:&lt;200&gt;" type="java.lang.AssertionError"><![CDATA[java.lang.AssertionError: expected:<500> but was:<200>
]]></failure>
  </testcase>
  <testcase name="Then verify the title is &quot;Internal Server Error&quot;" classname="Scenario: Provider creates a new product with missing shortDescription field" time="0">
    <skipped/>
  </testcase>
  <testcase name="When product is set with the following fields" classname="Scenario: Provider creates a new product with missing fullDescription field" time="0"/>
  <testcase name="Given productVideos is set with the following fields" classname="Scenario: Provider creates a new product with missing fullDescription field" time="0"/>
  <testcase name="Given provider creates a new product" classname="Scenario: Provider creates a new product with missing fullDescription field" time="0"/>
  <testcase name="Then verify status code is 500" classname="Scenario: Provider creates a new product with missing fullDescription field" time="0">
    <failure message="expected:&lt;500&gt; but was:&lt;200&gt;" type="java.lang.AssertionError"><![CDATA[java.lang.AssertionError: expected:<500> but was:<200>
]]></failure>
    <system-out><![CDATA[{
    "id": "4aLLDZan",
    "name": "AutoTest",
    "productTypeId": null,
    "active": true,
    "shortDescription": "Test For Automation 1",
    "fullDescription": null,
    "mostPopular": null,
    "longitude": 456.456,
    "latitude": 3245678.5467,
    "calendarColor": "blue",
    "address": "Bishkek",
    "cityId": "EjpjKvaM",
    "createdAt": "2021-06-16T04:25:26.210402",
    "productImages": [
        
    ],
    "productDocuments": [
        
    ],
    "productTypes": null,
    "productWorkingDates": [
        {
            "id": "QrO92Ape",
            "productId": "4aLLDZan",
            "fromDate": "2021-05-27",
            "toDate": "2022-12-31",
            "name": "1234567sdfgh#$#%^%&",
            "strictHours": false,
            "timeSlots": [
                {
                    "id": "1lonRZa7",
                    "productWorkingDateId": "QrO92Ape",
                    "dayOfWeek": "Monday",
                    "startTime": "09:00:00",
                    "endTime": "20:00:00",
                    "duration": "01:00:00",
                    "quantity": 67,
                    "usedQuantity": 0,
                    "active": false,
                    "deletedAt": null
                }
            ],
            "deletedAt": null,
            "maxUsedTicketsQuantity": 0,
            "errorCode": 0
        }
    ],
    "productRegions": [
        {
            "id": "VblVRYlw",
            "productId": "4aLLDZan",
            "regionId": "5bpJKaVE",
            "regionName": null
        }
    ],
    "productPrices": [
        {
            "id": "kMaGwzaD",
            "productId": "4aLLDZan",
            "channelId": "5bpJKaVE",
            "fromDate": "2021-05-31T00:00:00",
            "toDate": "2022-12-31T00:00:00",
            "title": "API",
            "remarks": "Test",
            "officialPrice": 0,
            "currencyId": "5bpJKaVE",
            "quantityPerDay": 123,
            "autoConfirm": false,
            "pricePerPerson": false,
            "productPriceTypes": [
                {
                    "id": "7WlqE5lb",
                    "productPriceId": "kMaGwzaD",
                    "productCustomerTypeId": "WlqMvZlb",
                    "amount": 57,
                    "currencyId": "Belm3pnb",
                    "currencySymbol": null,
                    "isOfficial": true,
                    "productCustomerType": {
                        "id": "WlqMvZlb",
                        "productId": "yxl4wVaj",
                        "name": "?????"
                    }
                }
            ],
            "deletedAt": null
        }
    ],
    "productCustomerTypes": [
        {
            "id": "rOEEDyOY",
            "productId": "4aLLDZan",
            "name": "API"
        },
        {
            "id": "1lon4Za7",
            "productId": "4aLLDZan",
            "name": "?????"
        },
        {
            "id": "baQkRGOA",
            "productId": "4aLLDZan",
            "name": "???"
        },
        {
            "id": "elm3P3pn",
            "productId": "4aLLDZan",
            "name": "?????"
        }
    ],
    "city": {
        "id": "EjpjKvaM",
        "name": "Israel"
    },
    "productIncludedTags": [
        {
            "id": "WYp6X0lK",
            "productId": "4aLLDZan",
            "subTagId": "jLa3rjpz",
            "parentTagId": null,
            "subTagName": null
        }
    ],
    "productExcludedTags": [
        {
            "id": "JnlYeklz",
            "productId": "4aLLDZan",
            "subTagId": "4eO8gvlP",
            "parentTagId": null,
            "subTagName": null
        }
    ],
    "productTags": [
        {
            "id": "waD1edl3",
            "productId": "4aLLDZan",
            "subTagId": "qeaZMepd",
            "parentTagId": null,
            "subTagName": null
        }
    ],
    "productTranslations": null,
    "productVideos": [
        {
            "id": "kMaGdylD",
            "productId": "4aLLDZan",
            "path": "https://www.youtube.com/watch?v=u1yVCeXYya4&list=RDMMu1yVCeXYya4&start_radio=1"
        }
    ]
}
{
    "id": "4aLLDZan",
    "name": "AutoTest",
    "productTypeId": null,
    "active": true,
    "shortDescription": "Test For Automation 1",
    "fullDescription": null,
    "mostPopular": null,
    "longitude": 456.456,
    "latitude": 3245678.5467,
    "calendarColor": "blue",
    "address": "Bishkek",
    "cityId": "EjpjKvaM",
    "createdAt": "2021-06-16T04:25:26.210402",
    "productImages": [
        
    ],
    "productDocuments": [
        
    ],
    "productTypes": null,
    "productWorkingDates": [
        {
            "id": "QrO92Ape",
            "productId": "4aLLDZan",
            "fromDate": "2021-05-27",
            "toDate": "2022-12-31",
            "name": "1234567sdfgh#$#%^%&",
            "strictHours": false,
            "timeSlots": [
                {
                    "id": "1lonRZa7",
                    "productWorkingDateId": "QrO92Ape",
                    "dayOfWeek": "Monday",
                    "startTime": "09:00:00",
                    "endTime": "20:00:00",
                    "duration": "01:00:00",
                    "quantity": 67,
                    "usedQuantity": 0,
                    "active": false,
                    "deletedAt": null
                }
            ],
            "deletedAt": null,
            "maxUsedTicketsQuantity": 0,
            "errorCode": 0
        }
    ],
    "productRegions": [
        {
            "id": "VblVRYlw",
            "productId": "4aLLDZan",
            "regionId": "5bpJKaVE",
            "regionName": null
        }
    ],
    "productPrices": [
        {
            "id": "kMaGwzaD",
            "productId": "4aLLDZan",
            "channelId": "5bpJKaVE",
            "fromDate": "2021-05-31T00:00:00",
            "toDate": "2022-12-31T00:00:00",
            "title": "API",
            "remarks": "Test",
            "officialPrice": 0,
            "currencyId": "5bpJKaVE",
            "quantityPerDay": 123,
            "autoConfirm": false,
            "pricePerPerson": false,
            "productPriceTypes": [
                {
                    "id": "7WlqE5lb",
                    "productPriceId": "kMaGwzaD",
                    "productCustomerTypeId": "WlqMvZlb",
                    "amount": 57,
                    "currencyId": "Belm3pnb",
                    "currencySymbol": null,
                    "isOfficial": true,
                    "productCustomerType": {
                        "id": "WlqMvZlb",
                        "productId": "yxl4wVaj",
                        "name": "?????"
                    }
                }
            ],
            "deletedAt": null
        }
    ],
    "productCustomerTypes": [
        {
            "id": "rOEEDyOY",
            "productId": "4aLLDZan",
            "name": "API"
        },
        {
            "id": "1lon4Za7",
            "productId": "4aLLDZan",
            "name": "?????"
        },
        {
            "id": "baQkRGOA",
            "productId": "4aLLDZan",
            "name": "???"
        },
        {
            "id": "elm3P3pn",
            "productId": "4aLLDZan",
            "name": "?????"
        }
    ],
    "city": {
        "id": "EjpjKvaM",
        "name": "Israel"
    },
    "productIncludedTags": [
        {
            "id": "WYp6X0lK",
            "productId": "4aLLDZan",
            "subTagId": "jLa3rjpz",
            "parentTagId": null,
            "subTagName": null
        }
    ],
    "productExcludedTags": [
        {
            "id": "JnlYeklz",
            "productId": "4aLLDZan",
            "subTagId": "4eO8gvlP",
            "parentTagId": null,
            "subTagName": null
        }
    ],
    "productTags": [
        {
            "id": "waD1edl3",
            "productId": "4aLLDZan",
            "subTagId": "qeaZMepd",
            "parentTagId": null,
            "subTagName": null
        }
    ],
    "productTranslations": null,
    "productVideos": [
        {
            "id": "kMaGdylD",
            "productId": "4aLLDZan",
            "path": "https://www.youtube.com/watch?v=u1yVCeXYya4&list=RDMMu1yVCeXYya4&start_radio=1"
        }
    ]
}
]]></system-out>
  </testcase>
  <testcase name="Scenario: Provider creates a new product with missing fullDescription field" classname="Scenario: Provider creates a new product with missing fullDescription field" time="0">
    <failure message="expected:&lt;500&gt; but was:&lt;200&gt;" type="java.lang.AssertionError"><![CDATA[java.lang.AssertionError: expected:<500> but was:<200>
]]></failure>
  </testcase>
  <testcase name="Then verify the title is &quot;Internal Server Error&quot;" classname="Scenario: Provider creates a new product with missing fullDescription field" time="0">
    <skipped/>
  </testcase>
  <testcase name="Given product is set with the following fields" classname="Scenario: Provider creates a new product with empty shortDescription field" time="0"/>
  <testcase name="Given productVideos is set with the following fields" classname="Scenario: Provider creates a new product with empty shortDescription field" time="0.016"/>
  <testcase name="Given provider creates a new product" classname="Scenario: Provider creates a new product with empty shortDescription field" time="0"/>
  <testcase name="Then verify status code is 500" classname="Scenario: Provider creates a new product with empty shortDescription field" time="0">
    <failure message="expected:&lt;500&gt; but was:&lt;200&gt;" type="java.lang.AssertionError"><![CDATA[java.lang.AssertionError: expected:<500> but was:<200>
]]></failure>
    <system-out><![CDATA[{
    "id": "rO98eble",
    "name": "AutoTest",
    "productTypeId": null,
    "active": true,
    "shortDescription": "",
    "fullDescription": "Automation for API in Postman",
    "mostPopular": null,
    "longitude": 456.456,
    "latitude": 3245678.5467,
    "calendarColor": "blue",
    "address": "Bishkek",
    "cityId": "r1lkdKO6",
    "createdAt": "2021-06-16T04:25:26.406434",
    "productImages": [
        
    ],
    "productDocuments": [
        
    ],
    "productTypes": null,
    "productWorkingDates": [
        {
            "id": "qeaZb7ad",
            "productId": "rO98eble",
            "fromDate": "2021-05-27",
            "toDate": "2022-12-31",
            "name": "1234567sdfgh#$#%^%&",
            "strictHours": false,
            "timeSlots": [
                {
                    "id": "baQkVGOA",
                    "productWorkingDateId": "qeaZb7ad",
                    "dayOfWeek": "Monday",
                    "startTime": "09:00:00",
                    "endTime": "20:00:00",
                    "duration": "01:00:00",
                    "quantity": 67,
                    "usedQuantity": 0,
                    "active": false,
                    "deletedAt": null
                }
            ],
            "deletedAt": null,
            "maxUsedTicketsQuantity": 0,
            "errorCode": 0
        }
    ],
    "productRegions": [
        {
            "id": "4waDAEl3",
            "productId": "rO98eble",
            "regionId": "5bpJKaVE",
            "regionName": null
        }
    ],
    "productPrices": [
        {
            "id": "oylKx1O8",
            "productId": "rO98eble",
            "channelId": "5bpJKaVE",
            "fromDate": "2021-05-31T00:00:00",
            "toDate": "2022-12-31T00:00:00",
            "title": "API",
            "remarks": "Test",
            "officialPrice": 0,
            "currencyId": "5bpJKaVE",
            "quantityPerDay": 123,
            "autoConfirm": false,
            "pricePerPerson": false,
            "productPriceTypes": [
                {
                    "id": "GrOELmlY",
                    "productPriceId": "oylKx1O8",
                    "productCustomerTypeId": "bpJREKpV",
                    "amount": 57,
                    "currencyId": "Belm3pnb",
                    "currencySymbol": null,
                    "isOfficial": true,
                    "productCustomerType": {
                        "id": "bpJREKpV",
                        "productId": "yxl4wVaj",
                        "name": "?????"
                    }
                }
            ],
            "deletedAt": null
        }
    ],
    "productCustomerTypes": [
        {
            "id": "WaNXVDOd",
            "productId": "rO98eble",
            "name": "API"
        },
        {
            "id": "2aAg9GOZ",
            "productId": "rO98eble",
            "name": "?????"
        },
        {
            "id": "4aLLvyan",
            "productId": "rO98eble",
            "name": "???"
        },
        {
            "id": "rO98vBle",
            "productId": "rO98eble",
            "name": "?????"
        }
    ],
    "city": {
        "id": "r1lkdKO6",
        "name": "Israel"
    },
    "productIncludedTags": [
        {
            "id": "kwOXW2lo",
            "productId": "rO98eble",
            "subTagId": "jLa3rjpz",
            "parentTagId": null,
            "subTagName": null
        }
    ],
    "productExcludedTags": [
        {
            "id": "kMaGNPpD",
            "productId": "rO98eble",
            "subTagId": "4eO8gvlP",
            "parentTagId": null,
            "subTagName": null
        }
    ],
    "productTags": [
        {
            "id": "La386Elz",
            "productId": "rO98eble",
            "subTagId": "qeaZMepd",
            "parentTagId": null,
            "subTagName": null
        }
    ],
    "productTranslations": null,
    "productVideos": [
        {
            "id": "oylKMVp8",
            "productId": "rO98eble",
            "path": "https://www.youtube.com/watch?v=u1yVCeXYya4&list=RDMMu1yVCeXYya4&start_radio=1"
        }
    ]
}
{
    "id": "rO98eble",
    "name": "AutoTest",
    "productTypeId": null,
    "active": true,
    "shortDescription": "",
    "fullDescription": "Automation for API in Postman",
    "mostPopular": null,
    "longitude": 456.456,
    "latitude": 3245678.5467,
    "calendarColor": "blue",
    "address": "Bishkek",
    "cityId": "r1lkdKO6",
    "createdAt": "2021-06-16T04:25:26.406434",
    "productImages": [
        
    ],
    "productDocuments": [
        
    ],
    "productTypes": null,
    "productWorkingDates": [
        {
            "id": "qeaZb7ad",
            "productId": "rO98eble",
            "fromDate": "2021-05-27",
            "toDate": "2022-12-31",
            "name": "1234567sdfgh#$#%^%&",
            "strictHours": false,
            "timeSlots": [
                {
                    "id": "baQkVGOA",
                    "productWorkingDateId": "qeaZb7ad",
                    "dayOfWeek": "Monday",
                    "startTime": "09:00:00",
                    "endTime": "20:00:00",
                    "duration": "01:00:00",
                    "quantity": 67,
                    "usedQuantity": 0,
                    "active": false,
                    "deletedAt": null
                }
            ],
            "deletedAt": null,
            "maxUsedTicketsQuantity": 0,
            "errorCode": 0
        }
    ],
    "productRegions": [
        {
            "id": "4waDAEl3",
            "productId": "rO98eble",
            "regionId": "5bpJKaVE",
            "regionName": null
        }
    ],
    "productPrices": [
        {
            "id": "oylKx1O8",
            "productId": "rO98eble",
            "channelId": "5bpJKaVE",
            "fromDate": "2021-05-31T00:00:00",
            "toDate": "2022-12-31T00:00:00",
            "title": "API",
            "remarks": "Test",
            "officialPrice": 0,
            "currencyId": "5bpJKaVE",
            "quantityPerDay": 123,
            "autoConfirm": false,
            "pricePerPerson": false,
            "productPriceTypes": [
                {
                    "id": "GrOELmlY",
                    "productPriceId": "oylKx1O8",
                    "productCustomerTypeId": "bpJREKpV",
                    "amount": 57,
                    "currencyId": "Belm3pnb",
                    "currencySymbol": null,
                    "isOfficial": true,
                    "productCustomerType": {
                        "id": "bpJREKpV",
                        "productId": "yxl4wVaj",
                        "name": "?????"
                    }
                }
            ],
            "deletedAt": null
        }
    ],
    "productCustomerTypes": [
        {
            "id": "WaNXVDOd",
            "productId": "rO98eble",
            "name": "API"
        },
        {
            "id": "2aAg9GOZ",
            "productId": "rO98eble",
            "name": "?????"
        },
        {
            "id": "4aLLvyan",
            "productId": "rO98eble",
            "name": "???"
        },
        {
            "id": "rO98vBle",
            "productId": "rO98eble",
            "name": "?????"
        }
    ],
    "city": {
        "id": "r1lkdKO6",
        "name": "Israel"
    },
    "productIncludedTags": [
        {
            "id": "kwOXW2lo",
            "productId": "rO98eble",
            "subTagId": "jLa3rjpz",
            "parentTagId": null,
            "subTagName": null
        }
    ],
    "productExcludedTags": [
        {
            "id": "kMaGNPpD",
            "productId": "rO98eble",
            "subTagId": "4eO8gvlP",
            "parentTagId": null,
            "subTagName": null
        }
    ],
    "productTags": [
        {
            "id": "La386Elz",
            "productId": "rO98eble",
            "subTagId": "qeaZMepd",
            "parentTagId": null,
            "subTagName": null
        }
    ],
    "productTranslations": null,
    "productVideos": [
        {
            "id": "oylKMVp8",
            "productId": "rO98eble",
            "path": "https://www.youtube.com/watch?v=u1yVCeXYya4&list=RDMMu1yVCeXYya4&start_radio=1"
        }
    ]
}
]]></system-out>
  </testcase>
  <testcase name="Scenario: Provider creates a new product with empty shortDescription field" classname="Scenario: Provider creates a new product with empty shortDescription field" time="0">
    <failure message="expected:&lt;500&gt; but was:&lt;200&gt;" type="java.lang.AssertionError"><![CDATA[java.lang.AssertionError: expected:<500> but was:<200>
]]></failure>
  </testcase>
  <testcase name="Then verify the title is &quot;Internal Server Error&quot;" classname="Scenario: Provider creates a new product with empty shortDescription field" time="0">
    <skipped/>
  </testcase>
  <testcase name="Given product is set with the following fields" classname="Scenario: Provider creates a new product with empty fullDescription field" time="0"/>
  <testcase name="Given productVideos is set with the following fields" classname="Scenario: Provider creates a new product with empty fullDescription field" time="0"/>
  <testcase name="Given provider creates a new product" classname="Scenario: Provider creates a new product with empty fullDescription field" time="0"/>
  <testcase name="Then verify status code is 500" classname="Scenario: Provider creates a new product with empty fullDescription field" time="0">
    <failure message="expected:&lt;500&gt; but was:&lt;200&gt;" type="java.lang.AssertionError"><![CDATA[java.lang.AssertionError: expected:<500> but was:<200>
]]></failure>
    <system-out><![CDATA[{
    "id": "eaZL1vOd",
    "name": "AutoTest",
    "productTypeId": null,
    "active": true,
    "shortDescription": "Test For Automation 1",
    "fullDescription": "",
    "mostPopular": null,
    "longitude": 456.456,
    "latitude": 3245678.5467,
    "calendarColor": "blue",
    "address": "Bishkek",
    "cityId": "zblB1daR",
    "createdAt": "2021-06-16T04:25:26.658051",
    "productImages": [
        
    ],
    "productDocuments": [
        
    ],
    "productTypes": null,
    "productWorkingDates": [
        {
            "id": "5rO7vBl6",
            "productId": "eaZL1vOd",
            "fromDate": "2021-05-27",
            "toDate": "2022-12-31",
            "name": "1234567sdfgh#$#%^%&",
            "strictHours": false,
            "timeSlots": [
                {
                    "id": "elm3M3pn",
                    "productWorkingDateId": "5rO7vBl6",
                    "dayOfWeek": "Monday",
                    "startTime": "09:00:00",
                    "endTime": "20:00:00",
                    "duration": "01:00:00",
                    "quantity": 67,
                    "usedQuantity": 0,
                    "active": false,
                    "deletedAt": null
                }
            ],
            "deletedAt": null,
            "maxUsedTicketsQuantity": 0,
            "errorCode": 0
        }
    ],
    "productRegions": [
        {
            "id": "jLa34qlz",
            "productId": "eaZL1vOd",
            "regionId": "5bpJKaVE",
            "regionName": null
        }
    ],
    "productPrices": [
        {
            "id": "LbaQQQaA",
            "productId": "eaZL1vOd",
            "channelId": "5bpJKaVE",
            "fromDate": "2021-05-31T00:00:00",
            "toDate": "2022-12-31T00:00:00",
            "title": "API",
            "remarks": "Test",
            "officialPrice": 0,
            "currencyId": "5bpJKaVE",
            "quantityPerDay": 123,
            "autoConfirm": false,
            "pricePerPerson": false,
            "productPriceTypes": [
                {
                    "id": "q1loEAp7",
                    "productPriceId": "LbaQQQaA",
                    "productCustomerTypeId": "eaZLzeOd",
                    "amount": 57,
                    "currencyId": "Belm3pnb",
                    "currencySymbol": null,
                    "isOfficial": true,
                    "productCustomerType": {
                        "id": "eaZLzeOd",
                        "productId": "yxl4wVaj",
                        "name": "?????"
                    }
                }
            ],
            "deletedAt": null
        }
    ],
    "productCustomerTypes": [
        {
            "id": "rO7n00l6",
            "productId": "eaZL1vOd",
            "name": "API"
        },
        {
            "id": "nlYx46az",
            "productId": "eaZL1vOd",
            "name": "?????"
        },
        {
            "id": "MaGE27OD",
            "productId": "eaZL1vOd",
            "name": "???"
        },
        {
            "id": "ylKdvQO8",
            "productId": "eaZL1vOd",
            "name": "?????"
        }
    ],
    "city": {
        "id": "zblB1daR",
        "name": "Israel"
    },
    "productIncludedTags": [
        {
            "id": "PYaywQOW",
            "productId": "eaZL1vOd",
            "subTagId": "jLa3rjpz",
            "parentTagId": null,
            "subTagName": null
        }
    ],
    "productExcludedTags": [
        {
            "id": "oylKZKa8",
            "productId": "eaZL1vOd",
            "subTagId": "4eO8gvlP",
            "parentTagId": null,
            "subTagName": null
        }
    ],
    "productTags": [
        {
            "id": "eO8W0zlP",
            "productId": "eaZL1vOd",
            "subTagId": "qeaZMepd",
            "parentTagId": null,
            "subTagName": null
        }
    ],
    "productTranslations": null,
    "productVideos": [
        {
            "id": "LbaQoeOA",
            "productId": "eaZL1vOd",
            "path": "https://www.youtube.com/watch?v=u1yVCeXYya4&list=RDMMu1yVCeXYya4&start_radio=1"
        }
    ]
}
{
    "id": "eaZL1vOd",
    "name": "AutoTest",
    "productTypeId": null,
    "active": true,
    "shortDescription": "Test For Automation 1",
    "fullDescription": "",
    "mostPopular": null,
    "longitude": 456.456,
    "latitude": 3245678.5467,
    "calendarColor": "blue",
    "address": "Bishkek",
    "cityId": "zblB1daR",
    "createdAt": "2021-06-16T04:25:26.658051",
    "productImages": [
        
    ],
    "productDocuments": [
        
    ],
    "productTypes": null,
    "productWorkingDates": [
        {
            "id": "5rO7vBl6",
            "productId": "eaZL1vOd",
            "fromDate": "2021-05-27",
            "toDate": "2022-12-31",
            "name": "1234567sdfgh#$#%^%&",
            "strictHours": false,
            "timeSlots": [
                {
                    "id": "elm3M3pn",
                    "productWorkingDateId": "5rO7vBl6",
                    "dayOfWeek": "Monday",
                    "startTime": "09:00:00",
                    "endTime": "20:00:00",
                    "duration": "01:00:00",
                    "quantity": 67,
                    "usedQuantity": 0,
                    "active": false,
                    "deletedAt": null
                }
            ],
            "deletedAt": null,
            "maxUsedTicketsQuantity": 0,
            "errorCode": 0
        }
    ],
    "productRegions": [
        {
            "id": "jLa34qlz",
            "productId": "eaZL1vOd",
            "regionId": "5bpJKaVE",
            "regionName": null
        }
    ],
    "productPrices": [
        {
            "id": "LbaQQQaA",
            "productId": "eaZL1vOd",
            "channelId": "5bpJKaVE",
            "fromDate": "2021-05-31T00:00:00",
            "toDate": "2022-12-31T00:00:00",
            "title": "API",
            "remarks": "Test",
            "officialPrice": 0,
            "currencyId": "5bpJKaVE",
            "quantityPerDay": 123,
            "autoConfirm": false,
            "pricePerPerson": false,
            "productPriceTypes": [
                {
                    "id": "q1loEAp7",
                    "productPriceId": "LbaQQQaA",
                    "productCustomerTypeId": "eaZLzeOd",
                    "amount": 57,
                    "currencyId": "Belm3pnb",
                    "currencySymbol": null,
                    "isOfficial": true,
                    "productCustomerType": {
                        "id": "eaZLzeOd",
                        "productId": "yxl4wVaj",
                        "name": "?????"
                    }
                }
            ],
            "deletedAt": null
        }
    ],
    "productCustomerTypes": [
        {
            "id": "rO7n00l6",
            "productId": "eaZL1vOd",
            "name": "API"
        },
        {
            "id": "nlYx46az",
            "productId": "eaZL1vOd",
            "name": "?????"
        },
        {
            "id": "MaGE27OD",
            "productId": "eaZL1vOd",
            "name": "???"
        },
        {
            "id": "ylKdvQO8",
            "productId": "eaZL1vOd",
            "name": "?????"
        }
    ],
    "city": {
        "id": "zblB1daR",
        "name": "Israel"
    },
    "productIncludedTags": [
        {
            "id": "PYaywQOW",
            "productId": "eaZL1vOd",
            "subTagId": "jLa3rjpz",
            "parentTagId": null,
            "subTagName": null
        }
    ],
    "productExcludedTags": [
        {
            "id": "oylKZKa8",
            "productId": "eaZL1vOd",
            "subTagId": "4eO8gvlP",
            "parentTagId": null,
            "subTagName": null
        }
    ],
    "productTags": [
        {
            "id": "eO8W0zlP",
            "productId": "eaZL1vOd",
            "subTagId": "qeaZMepd",
            "parentTagId": null,
            "subTagName": null
        }
    ],
    "productTranslations": null,
    "productVideos": [
        {
            "id": "LbaQoeOA",
            "productId": "eaZL1vOd",
            "path": "https://www.youtube.com/watch?v=u1yVCeXYya4&list=RDMMu1yVCeXYya4&start_radio=1"
        }
    ]
}
]]></system-out>
  </testcase>
  <testcase name="Scenario: Provider creates a new product with empty fullDescription field" classname="Scenario: Provider creates a new product with empty fullDescription field" time="0">
    <failure message="expected:&lt;500&gt; but was:&lt;200&gt;" type="java.lang.AssertionError"><![CDATA[java.lang.AssertionError: expected:<500> but was:<200>
]]></failure>
  </testcase>
  <testcase name="Then verify the title is &quot;Internal Server Error&quot;" classname="Scenario: Provider creates a new product with empty fullDescription field" time="0">
    <skipped/>
  </testcase>
  <testcase name="Given product is set with the following fields" classname="Scenario: Provider creates a new product with empty address field" time="0"/>
  <testcase name="Given productVideos is set with the following fields" classname="Scenario: Provider creates a new product with empty address field" time="0"/>
  <testcase name="Given provider creates a new product" classname="Scenario: Provider creates a new product with empty address field" time="0"/>
  <testcase name="Then verify status code is 500" classname="Scenario: Provider creates a new product with empty address field" time="0">
    <failure message="expected:&lt;500&gt; but was:&lt;200&gt;" type="java.lang.AssertionError"><![CDATA[java.lang.AssertionError: expected:<500> but was:<200>
]]></failure>
    <system-out><![CDATA[{
    "id": "rO7nX6l6",
    "name": "AutoTest",
    "productTypeId": null,
    "active": true,
    "shortDescription": "Test For Automation 1",
    "fullDescription": "Automation for API in Postman",
    "mostPopular": null,
    "longitude": 456.456,
    "latitude": 3245678.5467,
    "calendarColor": "blue",
    "address": "",
    "cityId": "7Wlq4Yab",
    "createdAt": "2021-06-16T04:25:26.864282",
    "productImages": [
        
    ],
    "productDocuments": [
        
    ],
    "productTypes": null,
    "productWorkingDates": [
        {
            "id": "JnlYQxlz",
            "productId": "rO7nX6l6",
            "fromDate": "2021-05-27",
            "toDate": "2022-12-31",
            "name": "1234567sdfgh#$#%^%&",
            "strictHours": false,
            "timeSlots": [
                {
                    "id": "bpJRgKpV",
                    "productWorkingDateId": "JnlYQxlz",
                    "dayOfWeek": "Monday",
                    "startTime": "09:00:00",
                    "endTime": "20:00:00",
                    "duration": "01:00:00",
                    "quantity": 67,
                    "usedQuantity": 0,
                    "active": false,
                    "deletedAt": null
                }
            ],
            "deletedAt": null,
            "maxUsedTicketsQuantity": 0,
            "errorCode": 0
        }
    ],
    "productRegions": [
        {
            "id": "4eO8x3OP",
            "productId": "rO7nX6l6",
            "regionId": "5bpJKaVE",
            "regionName": null
        }
    ],
    "productPrices": [
        {
            "id": "Belm7jpn",
            "productId": "rO7nX6l6",
            "channelId": "5bpJKaVE",
            "fromDate": "2021-05-31T00:00:00",
            "toDate": "2022-12-31T00:00:00",
            "title": "API",
            "remarks": "Test",
            "officialPrice": 0,
            "currencyId": "5bpJKaVE",
            "quantityPerDay": 123,
            "autoConfirm": false,
            "pricePerPerson": false,
            "productPriceTypes": [
                {
                    "id": "LbaQWEOA",
                    "productPriceId": "Belm7jpn",
                    "productCustomerTypeId": "baQkRAOA",
                    "amount": 57,
                    "currencyId": "Belm3pnb",
                    "currencySymbol": null,
                    "isOfficial": true,
                    "productCustomerType": {
                        "id": "baQkRAOA",
                        "productId": "yxl4wVaj",
                        "name": "?????"
                    }
                }
            ],
            "deletedAt": null
        }
    ],
    "productCustomerTypes": [
        {
            "id": "elm3Pepn",
            "productId": "rO7nX6l6",
            "name": "API"
        },
        {
            "id": "bpJREqpV",
            "productId": "rO7nX6l6",
            "name": "?????"
        },
        {
            "id": "WaNXVBOd",
            "productId": "rO7nX6l6",
            "name": "???"
        },
        {
            "id": "2aAg9LOZ",
            "productId": "rO7nX6l6",
            "name": "?????"
        }
    ],
    "city": {
        "id": "7Wlq4Yab",
        "name": "Israel"
    },
    "productIncludedTags": [
        {
            "id": "D3pW8La4",
            "productId": "rO7nX6l6",
            "subTagId": "jLa3rjpz",
            "parentTagId": null,
            "subTagName": null
        }
    ],
    "productExcludedTags": [
        {
            "id": "LbaQ12aA",
            "productId": "rO7nX6l6",
            "subTagId": "4eO8gvlP",
            "parentTagId": null,
            "subTagName": null
        }
    ],
    "productTags": [
        {
            "id": "4lrnPmld",
            "productId": "rO7nX6l6",
            "subTagId": "qeaZMepd",
            "parentTagId": null,
            "subTagName": null
        }
    ],
    "productTranslations": null,
    "productVideos": [
        {
            "id": "Belmdqan",
            "productId": "rO7nX6l6",
            "path": "https://www.youtube.com/watch?v=u1yVCeXYya4&list=RDMMu1yVCeXYya4&start_radio=1"
        }
    ]
}
{
    "id": "rO7nX6l6",
    "name": "AutoTest",
    "productTypeId": null,
    "active": true,
    "shortDescription": "Test For Automation 1",
    "fullDescription": "Automation for API in Postman",
    "mostPopular": null,
    "longitude": 456.456,
    "latitude": 3245678.5467,
    "calendarColor": "blue",
    "address": "",
    "cityId": "7Wlq4Yab",
    "createdAt": "2021-06-16T04:25:26.864282",
    "productImages": [
        
    ],
    "productDocuments": [
        
    ],
    "productTypes": null,
    "productWorkingDates": [
        {
            "id": "JnlYQxlz",
            "productId": "rO7nX6l6",
            "fromDate": "2021-05-27",
            "toDate": "2022-12-31",
            "name": "1234567sdfgh#$#%^%&",
            "strictHours": false,
            "timeSlots": [
                {
                    "id": "bpJRgKpV",
                    "productWorkingDateId": "JnlYQxlz",
                    "dayOfWeek": "Monday",
                    "startTime": "09:00:00",
                    "endTime": "20:00:00",
                    "duration": "01:00:00",
                    "quantity": 67,
                    "usedQuantity": 0,
                    "active": false,
                    "deletedAt": null
                }
            ],
            "deletedAt": null,
            "maxUsedTicketsQuantity": 0,
            "errorCode": 0
        }
    ],
    "productRegions": [
        {
            "id": "4eO8x3OP",
            "productId": "rO7nX6l6",
            "regionId": "5bpJKaVE",
            "regionName": null
        }
    ],
    "productPrices": [
        {
            "id": "Belm7jpn",
            "productId": "rO7nX6l6",
            "channelId": "5bpJKaVE",
            "fromDate": "2021-05-31T00:00:00",
            "toDate": "2022-12-31T00:00:00",
            "title": "API",
            "remarks": "Test",
            "officialPrice": 0,
            "currencyId": "5bpJKaVE",
            "quantityPerDay": 123,
            "autoConfirm": false,
            "pricePerPerson": false,
            "productPriceTypes": [
                {
                    "id": "LbaQWEOA",
                    "productPriceId": "Belm7jpn",
                    "productCustomerTypeId": "baQkRAOA",
                    "amount": 57,
                    "currencyId": "Belm3pnb",
                    "currencySymbol": null,
                    "isOfficial": true,
                    "productCustomerType": {
                        "id": "baQkRAOA",
                        "productId": "yxl4wVaj",
                        "name": "?????"
                    }
                }
            ],
            "deletedAt": null
        }
    ],
    "productCustomerTypes": [
        {
            "id": "elm3Pepn",
            "productId": "rO7nX6l6",
            "name": "API"
        },
        {
            "id": "bpJREqpV",
            "productId": "rO7nX6l6",
            "name": "?????"
        },
        {
            "id": "WaNXVBOd",
            "productId": "rO7nX6l6",
            "name": "???"
        },
        {
            "id": "2aAg9LOZ",
            "productId": "rO7nX6l6",
            "name": "?????"
        }
    ],
    "city": {
        "id": "7Wlq4Yab",
        "name": "Israel"
    },
    "productIncludedTags": [
        {
            "id": "D3pW8La4",
            "productId": "rO7nX6l6",
            "subTagId": "jLa3rjpz",
            "parentTagId": null,
            "subTagName": null
        }
    ],
    "productExcludedTags": [
        {
            "id": "LbaQ12aA",
            "productId": "rO7nX6l6",
            "subTagId": "4eO8gvlP",
            "parentTagId": null,
            "subTagName": null
        }
    ],
    "productTags": [
        {
            "id": "4lrnPmld",
            "productId": "rO7nX6l6",
            "subTagId": "qeaZMepd",
            "parentTagId": null,
            "subTagName": null
        }
    ],
    "productTranslations": null,
    "productVideos": [
        {
            "id": "Belmdqan",
            "productId": "rO7nX6l6",
            "path": "https://www.youtube.com/watch?v=u1yVCeXYya4&list=RDMMu1yVCeXYya4&start_radio=1"
        }
    ]
}
]]></system-out>
  </testcase>
  <testcase name="Scenario: Provider creates a new product with empty address field" classname="Scenario: Provider creates a new product with empty address field" time="0">
    <failure message="expected:&lt;500&gt; but was:&lt;200&gt;" type="java.lang.AssertionError"><![CDATA[java.lang.AssertionError: expected:<500> but was:<200>
]]></failure>
  </testcase>
  <testcase name="Then verify the title is &quot;Internal Server Error&quot;" classname="Scenario: Provider creates a new product with empty address field" time="0">
    <skipped/>
  </testcase>
  <testcase name="Given product is set with the following fields" classname="Scenario: Provider creates a new product with missing address field" time="0"/>
  <testcase name="Given productVideos is set with the following fields" classname="Scenario: Provider creates a new product with missing address field" time="0"/>
  <testcase name="Given provider creates a new product" classname="Scenario: Provider creates a new product with missing address field" time="0"/>
  <testcase name="Then verify status code is 500" classname="Scenario: Provider creates a new product with missing address field" time="0">
    <failure message="expected:&lt;500&gt; but was:&lt;200&gt;" type="java.lang.AssertionError"><![CDATA[java.lang.AssertionError: expected:<500> but was:<200>
]]></failure>
    <system-out><![CDATA[{
    "id": "nlYxvmaz",
    "name": "AutoTest",
    "productTypeId": null,
    "active": true,
    "shortDescription": "Test For Automation 1",
    "fullDescription": "Automation for API in Postman",
    "mostPopular": null,
    "longitude": 456.456,
    "latitude": 3245678.5467,
    "calendarColor": "blue",
    "address": null,
    "cityId": "GrOEyMOY",
    "createdAt": "2021-06-16T04:25:27.059777",
    "productImages": [
        
    ],
    "productDocuments": [
        
    ],
    "productTypes": null,
    "productWorkingDates": [
        {
            "id": "kMaG6ypD",
            "productId": "nlYxvmaz",
            "fromDate": "2021-05-27",
            "toDate": "2022-12-31",
            "name": "1234567sdfgh#$#%^%&",
            "strictHours": false,
            "timeSlots": [
                {
                    "id": "WaNX5DOd",
                    "productWorkingDateId": "kMaG6ypD",
                    "dayOfWeek": "Monday",
                    "startTime": "09:00:00",
                    "endTime": "20:00:00",
                    "duration": "01:00:00",
                    "quantity": 67,
                    "usedQuantity": 0,
                    "active": false,
                    "deletedAt": null
                }
            ],
            "deletedAt": null,
            "maxUsedTicketsQuantity": 0,
            "errorCode": 0
        }
    ],
    "productRegions": [
        {
            "id": "N4lrE9ad",
            "productId": "nlYxvmaz",
            "regionId": "5bpJKaVE",
            "regionName": null
        }
    ],
    "productPrices": [
        {
            "id": "5bpJM9OV",
            "productId": "nlYxvmaz",
            "channelId": "5bpJKaVE",
            "fromDate": "2021-05-31T00:00:00",
            "toDate": "2022-12-31T00:00:00",
            "title": "API",
            "remarks": "Test",
            "officialPrice": 0,
            "currencyId": "5bpJKaVE",
            "quantityPerDay": 123,
            "autoConfirm": false,
            "pricePerPerson": false,
            "productPriceTypes": [
                {
                    "id": "BelmEKln",
                    "productPriceId": "5bpJM9OV",
                    "productCustomerTypeId": "4aLLvZan",
                    "amount": 57,
                    "currencyId": "Belm3pnb",
                    "currencySymbol": null,
                    "isOfficial": true,
                    "productCustomerType": {
                        "id": "4aLLvZan",
                        "productId": "yxl4wVaj",
                        "name": "?????"
                    }
                }
            ],
            "deletedAt": null
        }
    ],
    "productCustomerTypes": [
        {
            "id": "rO98vble",
            "productId": "nlYxvmaz",
            "name": "API"
        },
        {
            "id": "eaZLzvOd",
            "productId": "nlYxvmaz",
            "name": "?????"
        },
        {
            "id": "rO7n06l6",
            "productId": "nlYxvmaz",
            "name": "???"
        },
        {
            "id": "nlYx4maz",
            "productId": "nlYxvmaz",
            "name": "?????"
        }
    ],
    "city": {
        "id": "GrOEyMOY",
        "name": "Israel"
    },
    "productIncludedTags": [
        {
            "id": "yxl4Xjlj",
            "productId": "nlYxvmaz",
            "subTagId": "jLa3rjpz",
            "parentTagId": null,
            "subTagName": null
        }
    ],
    "productExcludedTags": [
        {
            "id": "BelmrMOn",
            "productId": "nlYxvmaz",
            "subTagId": "4eO8gvlP",
            "parentTagId": null,
            "subTagName": null
        }
    ],
    "productTags": [
        {
            "id": "dOnzbVOV",
            "productId": "nlYxvmaz",
            "subTagId": "qeaZMepd",
            "parentTagId": null,
            "subTagName": null
        }
    ],
    "productTranslations": null,
    "productVideos": [
        {
            "id": "5bpJ27pV",
            "productId": "nlYxvmaz",
            "path": "https://www.youtube.com/watch?v=u1yVCeXYya4&list=RDMMu1yVCeXYya4&start_radio=1"
        }
    ]
}
{
    "id": "nlYxvmaz",
    "name": "AutoTest",
    "productTypeId": null,
    "active": true,
    "shortDescription": "Test For Automation 1",
    "fullDescription": "Automation for API in Postman",
    "mostPopular": null,
    "longitude": 456.456,
    "latitude": 3245678.5467,
    "calendarColor": "blue",
    "address": null,
    "cityId": "GrOEyMOY",
    "createdAt": "2021-06-16T04:25:27.059777",
    "productImages": [
        
    ],
    "productDocuments": [
        
    ],
    "productTypes": null,
    "productWorkingDates": [
        {
            "id": "kMaG6ypD",
            "productId": "nlYxvmaz",
            "fromDate": "2021-05-27",
            "toDate": "2022-12-31",
            "name": "1234567sdfgh#$#%^%&",
            "strictHours": false,
            "timeSlots": [
                {
                    "id": "WaNX5DOd",
                    "productWorkingDateId": "kMaG6ypD",
                    "dayOfWeek": "Monday",
                    "startTime": "09:00:00",
                    "endTime": "20:00:00",
                    "duration": "01:00:00",
                    "quantity": 67,
                    "usedQuantity": 0,
                    "active": false,
                    "deletedAt": null
                }
            ],
            "deletedAt": null,
            "maxUsedTicketsQuantity": 0,
            "errorCode": 0
        }
    ],
    "productRegions": [
        {
            "id": "N4lrE9ad",
            "productId": "nlYxvmaz",
            "regionId": "5bpJKaVE",
            "regionName": null
        }
    ],
    "productPrices": [
        {
            "id": "5bpJM9OV",
            "productId": "nlYxvmaz",
            "channelId": "5bpJKaVE",
            "fromDate": "2021-05-31T00:00:00",
            "toDate": "2022-12-31T00:00:00",
            "title": "API",
            "remarks": "Test",
            "officialPrice": 0,
            "currencyId": "5bpJKaVE",
            "quantityPerDay": 123,
            "autoConfirm": false,
            "pricePerPerson": false,
            "productPriceTypes": [
                {
                    "id": "BelmEKln",
                    "productPriceId": "5bpJM9OV",
                    "productCustomerTypeId": "4aLLvZan",
                    "amount": 57,
                    "currencyId": "Belm3pnb",
                    "currencySymbol": null,
                    "isOfficial": true,
                    "productCustomerType": {
                        "id": "4aLLvZan",
                        "productId": "yxl4wVaj",
                        "name": "?????"
                    }
                }
            ],
            "deletedAt": null
        }
    ],
    "productCustomerTypes": [
        {
            "id": "rO98vble",
            "productId": "nlYxvmaz",
            "name": "API"
        },
        {
            "id": "eaZLzvOd",
            "productId": "nlYxvmaz",
            "name": "?????"
        },
        {
            "id": "rO7n06l6",
            "productId": "nlYxvmaz",
            "name": "???"
        },
        {
            "id": "nlYx4maz",
            "productId": "nlYxvmaz",
            "name": "?????"
        }
    ],
    "city": {
        "id": "GrOEyMOY",
        "name": "Israel"
    },
    "productIncludedTags": [
        {
            "id": "yxl4Xjlj",
            "productId": "nlYxvmaz",
            "subTagId": "jLa3rjpz",
            "parentTagId": null,
            "subTagName": null
        }
    ],
    "productExcludedTags": [
        {
            "id": "BelmrMOn",
            "productId": "nlYxvmaz",
            "subTagId": "4eO8gvlP",
            "parentTagId": null,
            "subTagName": null
        }
    ],
    "productTags": [
        {
            "id": "dOnzbVOV",
            "productId": "nlYxvmaz",
            "subTagId": "qeaZMepd",
            "parentTagId": null,
            "subTagName": null
        }
    ],
    "productTranslations": null,
    "productVideos": [
        {
            "id": "5bpJ27pV",
            "productId": "nlYxvmaz",
            "path": "https://www.youtube.com/watch?v=u1yVCeXYya4&list=RDMMu1yVCeXYya4&start_radio=1"
        }
    ]
}
]]></system-out>
  </testcase>
  <testcase name="Scenario: Provider creates a new product with missing address field" classname="Scenario: Provider creates a new product with missing address field" time="0">
    <failure message="expected:&lt;500&gt; but was:&lt;200&gt;" type="java.lang.AssertionError"><![CDATA[java.lang.AssertionError: expected:<500> but was:<200>
]]></failure>
  </testcase>
  <testcase name="Then verify the title is &quot;Internal Server Error&quot;" classname="Scenario: Provider creates a new product with missing address field" time="0">
    <skipped/>
  </testcase>
  <testcase name="Given product is set with the following fields" classname="Scenario: provider enters a data in productTypes with missing name field" time="0"/>
  <testcase name="Given productVideos is set with the following fields" classname="Scenario: provider enters a data in productTypes with missing name field" time="0"/>
  <testcase name="Given productTypes is set with following fields" classname="Scenario: provider enters a data in productTypes with missing name field" time="0"/>
  <testcase name="Given provider creates a new product" classname="Scenario: provider enters a data in productTypes with missing name field" time="0"/>
  <testcase name="Then verify status code is 500" classname="Scenario: provider enters a data in productTypes with missing name field" time="0">
    <failure message="expected:&lt;500&gt; but was:&lt;200&gt;" type="java.lang.AssertionError"><![CDATA[java.lang.AssertionError: expected:<500> but was:<200>
]]></failure>
    <system-out><![CDATA[{
    "id": "MaGE7NOD",
    "name": "AutoTest",
    "productTypeId": null,
    "active": true,
    "shortDescription": "Test For Automation 1",
    "fullDescription": "Automation for API in Postman",
    "mostPopular": null,
    "longitude": 456.456,
    "latitude": 3245678.5467,
    "calendarColor": "blue",
    "address": "Bishkek",
    "cityId": "q1loyep7",
    "createdAt": "2021-06-16T04:25:27.293571",
    "productImages": [
        
    ],
    "productDocuments": [
        
    ],
    "productTypes": null,
    "productWorkingDates": [
        {
            "id": "oylK4VO8",
            "productId": "MaGE7NOD",
            "fromDate": "2021-05-27",
            "toDate": "2022-12-31",
            "name": "1234567sdfgh#$#%^%&",
            "strictHours": false,
            "timeSlots": [
                {
                    "id": "2aAgyGOZ",
                    "productWorkingDateId": "oylK4VO8",
                    "dayOfWeek": "Monday",
                    "startTime": "09:00:00",
                    "endTime": "20:00:00",
                    "duration": "01:00:00",
                    "quantity": 67,
                    "usedQuantity": 0,
                    "active": false,
                    "deletedAt": null
                }
            ],
            "deletedAt": null,
            "maxUsedTicketsQuantity": 0,
            "errorCode": 0
        }
    ],
    "productRegions": [
        {
            "id": "PdOnEZlV",
            "productId": "MaGE7NOD",
            "regionId": "5bpJKaVE",
            "regionName": null
        }
    ],
    "productPrices": [
        {
            "id": "0WaNx8Od",
            "productId": "MaGE7NOD",
            "channelId": "5bpJKaVE",
            "fromDate": "2021-05-31T00:00:00",
            "toDate": "2022-12-31T00:00:00",
            "title": "API",
            "remarks": "Test",
            "officialPrice": 0,
            "currencyId": "5bpJKaVE",
            "quantityPerDay": 123,
            "autoConfirm": false,
            "pricePerPerson": false,
            "productPriceTypes": [
                {
                    "id": "5bpJGAaV",
                    "productPriceId": "0WaNx8Od",
                    "productCustomerTypeId": "MaGE2NOD",
                    "amount": 57,
                    "currencyId": "Belm3pnb",
                    "currencySymbol": null,
                    "isOfficial": true,
                    "productCustomerType": {
                        "id": "MaGE2NOD",
                        "productId": "yxl4wVaj",
                        "name": "?????"
                    }
                }
            ],
            "deletedAt": null
        }
    ],
    "productCustomerTypes": [
        {
            "id": "ylKdv8O8",
            "productId": "MaGE7NOD",
            "name": "API"
        },
        {
            "id": "dpd5mga7",
            "productId": "MaGE7NOD",
            "name": "?????"
        },
        {
            "id": "5l1AGmlW",
            "productId": "MaGE7NOD",
            "name": "???"
        },
        {
            "id": "Yp6g6GaK",
            "productId": "MaGE7NOD",
            "name": "?????"
        }
    ],
    "city": {
        "id": "q1loyep7",
        "name": "Israel"
    },
    "productIncludedTags": [
        {
            "id": "nGazzbaV",
            "productId": "MaGE7NOD",
            "subTagId": "jLa3rjpz",
            "parentTagId": null,
            "subTagName": null
        }
    ],
    "productExcludedTags": [
        {
            "id": "5bpJ9jOV",
            "productId": "MaGE7NOD",
            "subTagId": "4eO8gvlP",
            "parentTagId": null,
            "subTagName": null
        }
    ],
    "productTags": [
        {
            "id": "jpjeZ1OM",
            "productId": "MaGE7NOD",
            "subTagId": "qeaZMepd",
            "parentTagId": null,
            "subTagName": null
        }
    ],
    "productTranslations": null,
    "productVideos": [
        {
            "id": "0WaNj0ad",
            "productId": "MaGE7NOD",
            "path": "https://www.youtube.com/watch?v=u1yVCeXYya4&list=RDMMu1yVCeXYya4&start_radio=1"
        }
    ]
}
{
    "id": "MaGE7NOD",
    "name": "AutoTest",
    "productTypeId": null,
    "active": true,
    "shortDescription": "Test For Automation 1",
    "fullDescription": "Automation for API in Postman",
    "mostPopular": null,
    "longitude": 456.456,
    "latitude": 3245678.5467,
    "calendarColor": "blue",
    "address": "Bishkek",
    "cityId": "q1loyep7",
    "createdAt": "2021-06-16T04:25:27.293571",
    "productImages": [
        
    ],
    "productDocuments": [
        
    ],
    "productTypes": null,
    "productWorkingDates": [
        {
            "id": "oylK4VO8",
            "productId": "MaGE7NOD",
            "fromDate": "2021-05-27",
            "toDate": "2022-12-31",
            "name": "1234567sdfgh#$#%^%&",
            "strictHours": false,
            "timeSlots": [
                {
                    "id": "2aAgyGOZ",
                    "productWorkingDateId": "oylK4VO8",
                    "dayOfWeek": "Monday",
                    "startTime": "09:00:00",
                    "endTime": "20:00:00",
                    "duration": "01:00:00",
                    "quantity": 67,
                    "usedQuantity": 0,
                    "active": false,
                    "deletedAt": null
                }
            ],
            "deletedAt": null,
            "maxUsedTicketsQuantity": 0,
            "errorCode": 0
        }
    ],
    "productRegions": [
        {
            "id": "PdOnEZlV",
            "productId": "MaGE7NOD",
            "regionId": "5bpJKaVE",
            "regionName": null
        }
    ],
    "productPrices": [
        {
            "id": "0WaNx8Od",
            "productId": "MaGE7NOD",
            "channelId": "5bpJKaVE",
            "fromDate": "2021-05-31T00:00:00",
            "toDate": "2022-12-31T00:00:00",
            "title": "API",
            "remarks": "Test",
            "officialPrice": 0,
            "currencyId": "5bpJKaVE",
            "quantityPerDay": 123,
            "autoConfirm": false,
            "pricePerPerson": false,
            "productPriceTypes": [
                {
                    "id": "5bpJGAaV",
                    "productPriceId": "0WaNx8Od",
                    "productCustomerTypeId": "MaGE2NOD",
                    "amount": 57,
                    "currencyId": "Belm3pnb",
                    "currencySymbol": null,
                    "isOfficial": true,
                    "productCustomerType": {
                        "id": "MaGE2NOD",
                        "productId": "yxl4wVaj",
                        "name": "?????"
                    }
                }
            ],
            "deletedAt": null
        }
    ],
    "productCustomerTypes": [
        {
            "id": "ylKdv8O8",
            "productId": "MaGE7NOD",
            "name": "API"
        },
        {
            "id": "dpd5mga7",
            "productId": "MaGE7NOD",
            "name": "?????"
        },
        {
            "id": "5l1AGmlW",
            "productId": "MaGE7NOD",
            "name": "???"
        },
        {
            "id": "Yp6g6GaK",
            "productId": "MaGE7NOD",
            "name": "?????"
        }
    ],
    "city": {
        "id": "q1loyep7",
        "name": "Israel"
    },
    "productIncludedTags": [
        {
            "id": "nGazzbaV",
            "productId": "MaGE7NOD",
            "subTagId": "jLa3rjpz",
            "parentTagId": null,
            "subTagName": null
        }
    ],
    "productExcludedTags": [
        {
            "id": "5bpJ9jOV",
            "productId": "MaGE7NOD",
            "subTagId": "4eO8gvlP",
            "parentTagId": null,
            "subTagName": null
        }
    ],
    "productTags": [
        {
            "id": "jpjeZ1OM",
            "productId": "MaGE7NOD",
            "subTagId": "qeaZMepd",
            "parentTagId": null,
            "subTagName": null
        }
    ],
    "productTranslations": null,
    "productVideos": [
        {
            "id": "0WaNj0ad",
            "productId": "MaGE7NOD",
            "path": "https://www.youtube.com/watch?v=u1yVCeXYya4&list=RDMMu1yVCeXYya4&start_radio=1"
        }
    ]
}
]]></system-out>
  </testcase>
  <testcase name="Scenario: provider enters a data in productTypes with missing name field" classname="Scenario: provider enters a data in productTypes with missing name field" time="0">
    <failure message="expected:&lt;500&gt; but was:&lt;200&gt;" type="java.lang.AssertionError"><![CDATA[java.lang.AssertionError: expected:<500> but was:<200>
]]></failure>
  </testcase>
  <testcase name="Then verify the title is &quot;Internal Server Error&quot;" classname="Scenario: provider enters a data in productTypes with missing name field" time="0">
    <skipped/>
  </testcase>
  <testcase name="Given product is set with the following fields" classname="Scenario: provider enters a data in ProductWorkingDates with missing fromDate field" time="0"/>
  <testcase name="Given productVideos is set with the following fields" classname="Scenario: provider enters a data in ProductWorkingDates with missing fromDate field" time="0"/>
  <testcase name="Given productWorkingDates is set with following fields" classname="Scenario: provider enters a data in ProductWorkingDates with missing fromDate field" time="0"/>
  <testcase name="Given provider creates a new product" classname="Scenario: provider enters a data in ProductWorkingDates with missing fromDate field" time="0"/>
  <testcase name="Then verify status code is 500" classname="Scenario: provider enters a data in ProductWorkingDates with missing fromDate field" time="0"/>
  <testcase name="Then verify the title is &quot;Internal Server Error&quot;" classname="Scenario: provider enters a data in ProductWorkingDates with missing fromDate field" time="0"/>
  <testcase name="Scenario: provider enters a data in ProductWorkingDates with missing fromDate field" classname="Scenario: provider enters a data in ProductWorkingDates with missing fromDate field" time="0"/>
  <testcase name="Given product is set with the following fields" classname="Scenario: provider enters a data in ProductWorkingDates with empty fromDate field" time="0"/>
  <testcase name="Given productVideos is set with the following fields" classname="Scenario: provider enters a data in ProductWorkingDates with empty fromDate field" time="0"/>
  <testcase name="Given productWorkingDates is set with following fields" classname="Scenario: provider enters a data in ProductWorkingDates with empty fromDate field" time="0"/>
  <testcase name="Given provider creates a new product" classname="Scenario: provider enters a data in ProductWorkingDates with empty fromDate field" time="0"/>
  <testcase name="Then verify status code is 500" classname="Scenario: provider enters a data in ProductWorkingDates with empty fromDate field" time="0"/>
  <testcase name="Then verify the title is &quot;Internal Server Error&quot;" classname="Scenario: provider enters a data in ProductWorkingDates with empty fromDate field" time="0"/>
  <testcase name="Scenario: provider enters a data in ProductWorkingDates with empty fromDate field" classname="Scenario: provider enters a data in ProductWorkingDates with empty fromDate field" time="0"/>
  <testcase name="Given product is set with the following fields" classname="Scenario: provider enters a data in ProductWorkingDates with null fromDate field" time="0"/>
  <testcase name="Given productVideos is set with the following fields" classname="Scenario: provider enters a data in ProductWorkingDates with null fromDate field" time="0"/>
  <testcase name="Given productWorkingDates is set with following fields" classname="Scenario: provider enters a data in ProductWorkingDates with null fromDate field" time="0"/>
  <testcase name="Given provider creates a new product" classname="Scenario: provider enters a data in ProductWorkingDates with null fromDate field" time="0"/>
  <testcase name="Then verify status code is 500" classname="Scenario: provider enters a data in ProductWorkingDates with null fromDate field" time="0"/>
  <testcase name="Then verify the title is &quot;Internal Server Error&quot;" classname="Scenario: provider enters a data in ProductWorkingDates with null fromDate field" time="0"/>
  <testcase name="Scenario: provider enters a data in ProductWorkingDates with null fromDate field" classname="Scenario: provider enters a data in ProductWorkingDates with null fromDate field" time="0"/>
  <testcase name="Given product is set with the following fields" classname="Scenario: provider enters a data in ProductWorkingDates with empty toDate field" time="0"/>
  <testcase name="Given productVideos is set with the following fields" classname="Scenario: provider enters a data in ProductWorkingDates with empty toDate field" time="0"/>
  <testcase name="Given productWorkingDates is set with following fields" classname="Scenario: provider enters a data in ProductWorkingDates with empty toDate field" time="0"/>
  <testcase name="Given provider creates a new product" classname="Scenario: provider enters a data in ProductWorkingDates with empty toDate field" time="0"/>
  <testcase name="Then verify status code is 500" classname="Scenario: provider enters a data in ProductWorkingDates with empty toDate field" time="0"/>
  <testcase name="Then verify the title is &quot;Internal Server Error&quot;" classname="Scenario: provider enters a data in ProductWorkingDates with empty toDate field" time="0"/>
  <testcase name="Scenario: provider enters a data in ProductWorkingDates with empty toDate field" classname="Scenario: provider enters a data in ProductWorkingDates with empty toDate field" time="0"/>
  <testcase name="Given product is set with the following fields" classname="Scenario: provider enters a data in ProductWorkingDates with missing toDate field" time="0"/>
  <testcase name="Given productVideos is set with the following fields" classname="Scenario: provider enters a data in ProductWorkingDates with missing toDate field" time="0"/>
  <testcase name="Given productWorkingDates is set with following fields" classname="Scenario: provider enters a data in ProductWorkingDates with missing toDate field" time="0"/>
  <testcase name="Given provider creates a new product" classname="Scenario: provider enters a data in ProductWorkingDates with missing toDate field" time="0"/>
  <testcase name="Then verify status code is 500" classname="Scenario: provider enters a data in ProductWorkingDates with missing toDate field" time="0"/>
  <testcase name="Then verify the title is &quot;Internal Server Error&quot;" classname="Scenario: provider enters a data in ProductWorkingDates with missing toDate field" time="0"/>
  <testcase name="Scenario: provider enters a data in ProductWorkingDates with missing toDate field" classname="Scenario: provider enters a data in ProductWorkingDates with missing toDate field" time="0"/>
  <testcase name="Given product is set with the following fields" classname="Scenario: provider enters a data in ProductWorkingDates with null toDate field" time="0"/>
  <testcase name="Given productVideos is set with the following fields" classname="Scenario: provider enters a data in ProductWorkingDates with null toDate field" time="0"/>
  <testcase name="Given productWorkingDates is set with following fields" classname="Scenario: provider enters a data in ProductWorkingDates with null toDate field" time="0"/>
  <testcase name="Given provider creates a new product" classname="Scenario: provider enters a data in ProductWorkingDates with null toDate field" time="0"/>
  <testcase name="Then verify status code is 500" classname="Scenario: provider enters a data in ProductWorkingDates with null toDate field" time="0"/>
  <testcase name="Then verify the title is &quot;Internal Server Error&quot;" classname="Scenario: provider enters a data in ProductWorkingDates with null toDate field" time="0"/>
  <testcase name="Scenario: provider enters a data in ProductWorkingDates with null toDate field" classname="Scenario: provider enters a data in ProductWorkingDates with null toDate field" time="0"/>
  <testcase name="Given product is set with the following fields" classname="Scenario: provider enters a data in ProductWorkingDates with empty name field" time="0"/>
  <testcase name="Given productVideos is set with the following fields" classname="Scenario: provider enters a data in ProductWorkingDates with empty name field" time="0"/>
  <testcase name="Given productWorkingDates is set with following fields" classname="Scenario: provider enters a data in ProductWorkingDates with empty name field" time="0"/>
  <testcase name="Given provider creates a new product" classname="Scenario: provider enters a data in ProductWorkingDates with empty name field" time="0"/>
  <testcase name="Then verify status code is 500" classname="Scenario: provider enters a data in ProductWorkingDates with empty name field" time="0">
    <failure message="expected:&lt;500&gt; but was:&lt;200&gt;" type="java.lang.AssertionError"><![CDATA[java.lang.AssertionError: expected:<500> but was:<200>
]]></failure>
    <system-out><![CDATA[{
    "id": "ylKdg8O8",
    "name": "AutoTest",
    "productTypeId": null,
    "active": true,
    "shortDescription": "Test For Automation 1",
    "fullDescription": "Automation for API in Postman",
    "mostPopular": null,
    "longitude": 456.456,
    "latitude": 3245678.5467,
    "calendarColor": "blue",
    "address": "Bishkek",
    "cityId": "LbaQwYOA",
    "createdAt": "2021-06-16T04:25:28.945814",
    "productImages": [
        
    ],
    "productDocuments": [
        
    ],
    "productTypes": null,
    "productWorkingDates": [
        {
            "id": "1dpdKYO7",
            "productId": "ylKdg8O8",
            "fromDate": "2022-12-31",
            "toDate": "2022-12-31",
            "name": "",
            "strictHours": false,
            "timeSlots": [
                {
                    "id": "4aLLMyan",
                    "productWorkingDateId": "1dpdKYO7",
                    "dayOfWeek": "Monday",
                    "startTime": "09:00:00",
                    "endTime": "20:00:00",
                    "duration": "01:00:00",
                    "quantity": 67,
                    "usedQuantity": 0,
                    "active": false,
                    "deletedAt": null
                }
            ],
            "deletedAt": null,
            "maxUsedTicketsQuantity": 0,
            "errorCode": 0
        }
    ],
    "productRegions": [
        {
            "id": "EjpjEDOM",
            "productId": "ylKdg8O8",
            "regionId": "5bpJKaVE",
            "regionName": null
        }
    ],
    "productPrices": [
        {
            "id": "52aA3XOZ",
            "productId": "ylKdg8O8",
            "channelId": "5bpJKaVE",
            "fromDate": "2021-05-31T00:00:00",
            "toDate": "2022-12-31T00:00:00",
            "title": "API",
            "remarks": "Test",
            "officialPrice": 0,
            "currencyId": "5bpJKaVE",
            "quantityPerDay": 123,
            "autoConfirm": false,
            "pricePerPerson": false,
            "productPriceTypes": [
                {
                    "id": "0WaN6Qad",
                    "productPriceId": "52aA3XOZ",
                    "productCustomerTypeId": "wOXzvGao",
                    "amount": 57,
                    "currencyId": "Belm3pnb",
                    "currencySymbol": null,
                    "isOfficial": true,
                    "productCustomerType": {
                        "id": "wOXzvGao",
                        "productId": "yxl4wVaj",
                        "name": "?????"
                    }
                }
            ],
            "deletedAt": null
        }
    ],
    "productCustomerTypes": [
        {
            "id": "YayqDzaW",
            "productId": "ylKdg8O8",
            "name": "API"
        },
        {
            "id": "3pWoMjp4",
            "productId": "ylKdg8O8",
            "name": "?????"
        },
        {
            "id": "xl4Wxoaj",
            "productId": "ylKdg8O8",
            "name": "???"
        },
        {
            "id": "Gaz7DElV",
            "productId": "ylKdg8O8",
            "name": "?????"
        }
    ],
    "city": {
        "id": "LbaQwYOA",
        "name": "Israel"
    },
    "productIncludedTags": [
        {
            "id": "k8p0PvpJ",
            "productId": "ylKdg8O8",
            "subTagId": "jLa3rjpz",
            "parentTagId": null,
            "subTagName": null
        }
    ],
    "productExcludedTags": [
        {
            "id": "0WaNGWld",
            "productId": "ylKdg8O8",
            "subTagId": "4eO8gvlP",
            "parentTagId": null,
            "subTagName": null
        }
    ],
    "productTags": [
        {
            "id": "1lkv6wa6",
            "productId": "ylKdg8O8",
            "subTagId": "qeaZMepd",
            "parentTagId": null,
            "subTagName": null
        }
    ],
    "productTranslations": null,
    "productVideos": [
        {
            "id": "52aAE9aZ",
            "productId": "ylKdg8O8",
            "path": "https://www.youtube.com/watch?v=u1yVCeXYya4&list=RDMMu1yVCeXYya4&start_radio=1"
        }
    ]
}
{
    "id": "ylKdg8O8",
    "name": "AutoTest",
    "productTypeId": null,
    "active": true,
    "shortDescription": "Test For Automation 1",
    "fullDescription": "Automation for API in Postman",
    "mostPopular": null,
    "longitude": 456.456,
    "latitude": 3245678.5467,
    "calendarColor": "blue",
    "address": "Bishkek",
    "cityId": "LbaQwYOA",
    "createdAt": "2021-06-16T04:25:28.945814",
    "productImages": [
        
    ],
    "productDocuments": [
        
    ],
    "productTypes": null,
    "productWorkingDates": [
        {
            "id": "1dpdKYO7",
            "productId": "ylKdg8O8",
            "fromDate": "2022-12-31",
            "toDate": "2022-12-31",
            "name": "",
            "strictHours": false,
            "timeSlots": [
                {
                    "id": "4aLLMyan",
                    "productWorkingDateId": "1dpdKYO7",
                    "dayOfWeek": "Monday",
                    "startTime": "09:00:00",
                    "endTime": "20:00:00",
                    "duration": "01:00:00",
                    "quantity": 67,
                    "usedQuantity": 0,
                    "active": false,
                    "deletedAt": null
                }
            ],
            "deletedAt": null,
            "maxUsedTicketsQuantity": 0,
            "errorCode": 0
        }
    ],
    "productRegions": [
        {
            "id": "EjpjEDOM",
            "productId": "ylKdg8O8",
            "regionId": "5bpJKaVE",
            "regionName": null
        }
    ],
    "productPrices": [
        {
            "id": "52aA3XOZ",
            "productId": "ylKdg8O8",
            "channelId": "5bpJKaVE",
            "fromDate": "2021-05-31T00:00:00",
            "toDate": "2022-12-31T00:00:00",
            "title": "API",
            "remarks": "Test",
            "officialPrice": 0,
            "currencyId": "5bpJKaVE",
            "quantityPerDay": 123,
            "autoConfirm": false,
            "pricePerPerson": false,
            "productPriceTypes": [
                {
                    "id": "0WaN6Qad",
                    "productPriceId": "52aA3XOZ",
                    "productCustomerTypeId": "wOXzvGao",
                    "amount": 57,
                    "currencyId": "Belm3pnb",
                    "currencySymbol": null,
                    "isOfficial": true,
                    "productCustomerType": {
                        "id": "wOXzvGao",
                        "productId": "yxl4wVaj",
                        "name": "?????"
                    }
                }
            ],
            "deletedAt": null
        }
    ],
    "productCustomerTypes": [
        {
            "id": "YayqDzaW",
            "productId": "ylKdg8O8",
            "name": "API"
        },
        {
            "id": "3pWoMjp4",
            "productId": "ylKdg8O8",
            "name": "?????"
        },
        {
            "id": "xl4Wxoaj",
            "productId": "ylKdg8O8",
            "name": "???"
        },
        {
            "id": "Gaz7DElV",
            "productId": "ylKdg8O8",
            "name": "?????"
        }
    ],
    "city": {
        "id": "LbaQwYOA",
        "name": "Israel"
    },
    "productIncludedTags": [
        {
            "id": "k8p0PvpJ",
            "productId": "ylKdg8O8",
            "subTagId": "jLa3rjpz",
            "parentTagId": null,
            "subTagName": null
        }
    ],
    "productExcludedTags": [
        {
            "id": "0WaNGWld",
            "productId": "ylKdg8O8",
            "subTagId": "4eO8gvlP",
            "parentTagId": null,
            "subTagName": null
        }
    ],
    "productTags": [
        {
            "id": "1lkv6wa6",
            "productId": "ylKdg8O8",
            "subTagId": "qeaZMepd",
            "parentTagId": null,
            "subTagName": null
        }
    ],
    "productTranslations": null,
    "productVideos": [
        {
            "id": "52aAE9aZ",
            "productId": "ylKdg8O8",
            "path": "https://www.youtube.com/watch?v=u1yVCeXYya4&list=RDMMu1yVCeXYya4&start_radio=1"
        }
    ]
}
]]></system-out>
  </testcase>
  <testcase name="Scenario: provider enters a data in ProductWorkingDates with empty name field" classname="Scenario: provider enters a data in ProductWorkingDates with empty name field" time="0">
    <failure message="expected:&lt;500&gt; but was:&lt;200&gt;" type="java.lang.AssertionError"><![CDATA[java.lang.AssertionError: expected:<500> but was:<200>
]]></failure>
  </testcase>
  <testcase name="Then verify the title is &quot;Internal Server Error&quot;" classname="Scenario: provider enters a data in ProductWorkingDates with empty name field" time="0">
    <skipped/>
  </testcase>
  <testcase name="Given product is set with the following fields" classname="Scenario: provider enters a data in ProductWorkingDates with missing name field" time="0"/>
  <testcase name="Given productVideos is set with the following fields" classname="Scenario: provider enters a data in ProductWorkingDates with missing name field" time="0"/>
  <testcase name="Given productWorkingDates is set with following fields" classname="Scenario: provider enters a data in ProductWorkingDates with missing name field" time="0"/>
  <testcase name="Given provider creates a new product" classname="Scenario: provider enters a data in ProductWorkingDates with missing name field" time="0"/>
  <testcase name="Then verify status code is 500" classname="Scenario: provider enters a data in ProductWorkingDates with missing name field" time="0"/>
  <testcase name="Then verify the title is &quot;Internal Server Error&quot;" classname="Scenario: provider enters a data in ProductWorkingDates with missing name field" time="0"/>
  <testcase name="Scenario: provider enters a data in ProductWorkingDates with missing name field" classname="Scenario: provider enters a data in ProductWorkingDates with missing name field" time="0"/>
  <testcase name="Given product is set with the following fields" classname="Scenario: provider enters a data in timeSlots with empty startTime field" time="0"/>
  <testcase name="Given productVideos is set with the following fields" classname="Scenario: provider enters a data in timeSlots with empty startTime field" time="0"/>
  <testcase name="Given productWorkingDates is set with following fields" classname="Scenario: provider enters a data in timeSlots with empty startTime field" time="0"/>
  <testcase name="Given timeSlots is set with the following fields" classname="Scenario: provider enters a data in timeSlots with empty startTime field" time="0"/>
  <testcase name="Given provider creates a new product" classname="Scenario: provider enters a data in timeSlots with empty startTime field" time="0"/>
  <testcase name="Then verify status code is 400" classname="Scenario: provider enters a data in timeSlots with empty startTime field" time="0"/>
  <testcase name="Then verify the title is &quot;One or more validation errors occurred.&quot;" classname="Scenario: provider enters a data in timeSlots with empty startTime field" time="0"/>
  <testcase name="Scenario: provider enters a data in timeSlots with empty startTime field" classname="Scenario: provider enters a data in timeSlots with empty startTime field" time="0"/>
  <testcase name="Given product is set with the following fields" classname="Scenario: provider enters a data in timeSlots with null startTime field" time="0"/>
  <testcase name="Given productVideos is set with the following fields" classname="Scenario: provider enters a data in timeSlots with null startTime field" time="0"/>
  <testcase name="Given productWorkingDates is set with following fields" classname="Scenario: provider enters a data in timeSlots with null startTime field" time="0"/>
  <testcase name="Given timeSlots is set with the following fields" classname="Scenario: provider enters a data in timeSlots with null startTime field" time="0"/>
  <testcase name="Given provider creates a new product" classname="Scenario: provider enters a data in timeSlots with null startTime field" time="0"/>
  <testcase name="Then verify status code is 400" classname="Scenario: provider enters a data in timeSlots with null startTime field" time="0"/>
  <testcase name="Then verify the title is &quot;One or more validation errors occurred.&quot;" classname="Scenario: provider enters a data in timeSlots with null startTime field" time="0"/>
  <testcase name="Scenario: provider enters a data in timeSlots with null startTime field" classname="Scenario: provider enters a data in timeSlots with null startTime field" time="0"/>
  <testcase name="Given product is set with the following fields" classname="Scenario: provider enters a data in timeSlots with incorrect timing in startTime field" time="0"/>
  <testcase name="Given productVideos is set with the following fields" classname="Scenario: provider enters a data in timeSlots with incorrect timing in startTime field" time="0"/>
  <testcase name="Given productWorkingDates is set with following fields" classname="Scenario: provider enters a data in timeSlots with incorrect timing in startTime field" time="0"/>
  <testcase name="Given timeSlots is set with the following fields" classname="Scenario: provider enters a data in timeSlots with incorrect timing in startTime field" time="0"/>
  <testcase name="Given provider creates a new product" classname="Scenario: provider enters a data in timeSlots with incorrect timing in startTime field" time="0"/>
  <testcase name="Then verify status code is 400" classname="Scenario: provider enters a data in timeSlots with incorrect timing in startTime field" time="0"/>
  <testcase name="Then verify the title is &quot;One or more validation errors occurred.&quot;" classname="Scenario: provider enters a data in timeSlots with incorrect timing in startTime field" time="0"/>
  <testcase name="Scenario: provider enters a data in timeSlots with incorrect timing in startTime field" classname="Scenario: provider enters a data in timeSlots with incorrect timing in startTime field" time="0"/>
  <testcase name="Given product is set with the following fields" classname="Scenario: provider enters a data in timeSlots with special chars in startTime field" time="0"/>
  <testcase name="Given productVideos is set with the following fields" classname="Scenario: provider enters a data in timeSlots with special chars in startTime field" time="0"/>
  <testcase name="Given productWorkingDates is set with following fields" classname="Scenario: provider enters a data in timeSlots with special chars in startTime field" time="0"/>
  <testcase name="Given timeSlots is set with the following fields" classname="Scenario: provider enters a data in timeSlots with special chars in startTime field" time="0"/>
  <testcase name="Given provider creates a new product" classname="Scenario: provider enters a data in timeSlots with special chars in startTime field" time="0"/>
  <testcase name="Then verify status code is 400" classname="Scenario: provider enters a data in timeSlots with special chars in startTime field" time="0"/>
  <testcase name="Then verify the title is &quot;One or more validation errors occurred.&quot;" classname="Scenario: provider enters a data in timeSlots with special chars in startTime field" time="0"/>
  <testcase name="Scenario: provider enters a data in timeSlots with special chars in startTime field" classname="Scenario: provider enters a data in timeSlots with special chars in startTime field" time="0"/>
  <testcase name="Given product is set with the following fields" classname="Scenario: provider enters a data in timeSlots with missing startTime field" time="0"/>
  <testcase name="Given productVideos is set with the following fields" classname="Scenario: provider enters a data in timeSlots with missing startTime field" time="0"/>
  <testcase name="Given productWorkingDates is set with following fields" classname="Scenario: provider enters a data in timeSlots with missing startTime field" time="0"/>
  <testcase name="Given timeSlots is set with the following fields" classname="Scenario: provider enters a data in timeSlots with missing startTime field" time="0"/>
  <testcase name="Given provider creates a new product" classname="Scenario: provider enters a data in timeSlots with missing startTime field" time="0"/>
  <testcase name="Then verify status code is 400" classname="Scenario: provider enters a data in timeSlots with missing startTime field" time="0">
    <failure message="expected:&lt;400&gt; but was:&lt;200&gt;" type="java.lang.AssertionError"><![CDATA[java.lang.AssertionError: expected:<400> but was:<200>
]]></failure>
    <system-out><![CDATA[{
    "id": "elm3WKpn",
    "name": "AutoTest",
    "productTypeId": null,
    "active": true,
    "shortDescription": "Test For Automation 1",
    "fullDescription": "Automation for API in Postman",
    "mostPopular": null,
    "longitude": 456.456,
    "latitude": 3245678.5467,
    "calendarColor": "blue",
    "address": "Bishkek",
    "cityId": "5bpJeeOV",
    "createdAt": "2021-06-16T04:25:30.09715",
    "productImages": [
        
    ],
    "productDocuments": [
        
    ],
    "productTypes": null,
    "productWorkingDates": [
        {
            "id": "WYp65nOK",
            "productId": "elm3WKpn",
            "fromDate": "2022-12-31",
            "toDate": "2022-12-31",
            "name": "1234",
            "strictHours": false,
            "timeSlots": [
                {
                    "id": "rO987Ble",
                    "productWorkingDateId": "WYp65nOK",
                    "dayOfWeek": "Monday",
                    "startTime": "00:00:00",
                    "endTime": "20:00:00",
                    "duration": "01:00:00",
                    "quantity": 32,
                    "usedQuantity": 0,
                    "active": false,
                    "deletedAt": null
                }
            ],
            "deletedAt": null,
            "maxUsedTicketsQuantity": 0,
            "errorCode": 0
        }
    ],
    "productRegions": [
        {
            "id": "zblBJxlR",
            "productId": "elm3WKpn",
            "regionId": "5bpJKaVE",
            "regionName": null
        }
    ],
    "productPrices": [
        {
            "id": "QrO9y1Oe",
            "productId": "elm3WKpn",
            "channelId": "5bpJKaVE",
            "fromDate": "2021-05-31T00:00:00",
            "toDate": "2022-12-31T00:00:00",
            "title": "API",
            "remarks": "Test",
            "officialPrice": 0,
            "currencyId": "5bpJKaVE",
            "quantityPerDay": 123,
            "autoConfirm": false,
            "pricePerPerson": false,
            "productPriceTypes": [
                {
                    "id": "52aAozOZ",
                    "productPriceId": "QrO9y1Oe",
                    "productCustomerTypeId": "JpgyArlq",
                    "amount": 57,
                    "currencyId": "Belm3pnb",
                    "currencySymbol": null,
                    "isOfficial": true,
                    "productCustomerType": {
                        "id": "JpgyArlq",
                        "productId": "yxl4wVaj",
                        "name": "?????"
                    }
                }
            ],
            "deletedAt": null
        }
    ],
    "productCustomerTypes": [
        {
            "id": "GpbzZ4pr",
            "productId": "elm3WKpn",
            "name": "API"
        },
        {
            "id": "zpM9Kbp6",
            "productId": "elm3WKpn",
            "name": "?????"
        },
        {
            "id": "ZOwLDZpx",
            "productId": "elm3WKpn",
            "name": "???"
        },
        {
            "id": "Bl5165lX",
            "productId": "elm3WKpn",
            "name": "?????"
        }
    ],
    "city": {
        "id": "5bpJeeOV",
        "name": "Israel"
    },
    "productIncludedTags": [
        {
            "id": "vApRZJpY",
            "productId": "elm3WKpn",
            "subTagId": "jLa3rjpz",
            "parentTagId": null,
            "subTagName": null
        }
    ],
    "productExcludedTags": [
        {
            "id": "Q4aL7Ypn",
            "productId": "elm3WKpn",
            "subTagId": "4eO8gvlP",
            "parentTagId": null,
            "subTagName": null
        }
    ],
    "productTags": [
        {
            "id": "Wlqb6GOb",
            "productId": "elm3WKpn",
            "subTagId": "qeaZMepd",
            "parentTagId": null,
            "subTagName": null
        }
    ],
    "productTranslations": null,
    "productVideos": [
        {
            "id": "QrO9meOe",
            "productId": "elm3WKpn",
            "path": "https://www.youtube.com/watch?v=u1yVCeXYya4&list=RDMMu1yVCeXYya4&start_radio=1"
        }
    ]
}
{
    "id": "elm3WKpn",
    "name": "AutoTest",
    "productTypeId": null,
    "active": true,
    "shortDescription": "Test For Automation 1",
    "fullDescription": "Automation for API in Postman",
    "mostPopular": null,
    "longitude": 456.456,
    "latitude": 3245678.5467,
    "calendarColor": "blue",
    "address": "Bishkek",
    "cityId": "5bpJeeOV",
    "createdAt": "2021-06-16T04:25:30.09715",
    "productImages": [
        
    ],
    "productDocuments": [
        
    ],
    "productTypes": null,
    "productWorkingDates": [
        {
            "id": "WYp65nOK",
            "productId": "elm3WKpn",
            "fromDate": "2022-12-31",
            "toDate": "2022-12-31",
            "name": "1234",
            "strictHours": false,
            "timeSlots": [
                {
                    "id": "rO987Ble",
                    "productWorkingDateId": "WYp65nOK",
                    "dayOfWeek": "Monday",
                    "startTime": "00:00:00",
                    "endTime": "20:00:00",
                    "duration": "01:00:00",
                    "quantity": 32,
                    "usedQuantity": 0,
                    "active": false,
                    "deletedAt": null
                }
            ],
            "deletedAt": null,
            "maxUsedTicketsQuantity": 0,
            "errorCode": 0
        }
    ],
    "productRegions": [
        {
            "id": "zblBJxlR",
            "productId": "elm3WKpn",
            "regionId": "5bpJKaVE",
            "regionName": null
        }
    ],
    "productPrices": [
        {
            "id": "QrO9y1Oe",
            "productId": "elm3WKpn",
            "channelId": "5bpJKaVE",
            "fromDate": "2021-05-31T00:00:00",
            "toDate": "2022-12-31T00:00:00",
            "title": "API",
            "remarks": "Test",
            "officialPrice": 0,
            "currencyId": "5bpJKaVE",
            "quantityPerDay": 123,
            "autoConfirm": false,
            "pricePerPerson": false,
            "productPriceTypes": [
                {
                    "id": "52aAozOZ",
                    "productPriceId": "QrO9y1Oe",
                    "productCustomerTypeId": "JpgyArlq",
                    "amount": 57,
                    "currencyId": "Belm3pnb",
                    "currencySymbol": null,
                    "isOfficial": true,
                    "productCustomerType": {
                        "id": "JpgyArlq",
                        "productId": "yxl4wVaj",
                        "name": "?????"
                    }
                }
            ],
            "deletedAt": null
        }
    ],
    "productCustomerTypes": [
        {
            "id": "GpbzZ4pr",
            "productId": "elm3WKpn",
            "name": "API"
        },
        {
            "id": "zpM9Kbp6",
            "productId": "elm3WKpn",
            "name": "?????"
        },
        {
            "id": "ZOwLDZpx",
            "productId": "elm3WKpn",
            "name": "???"
        },
        {
            "id": "Bl5165lX",
            "productId": "elm3WKpn",
            "name": "?????"
        }
    ],
    "city": {
        "id": "5bpJeeOV",
        "name": "Israel"
    },
    "productIncludedTags": [
        {
            "id": "vApRZJpY",
            "productId": "elm3WKpn",
            "subTagId": "jLa3rjpz",
            "parentTagId": null,
            "subTagName": null
        }
    ],
    "productExcludedTags": [
        {
            "id": "Q4aL7Ypn",
            "productId": "elm3WKpn",
            "subTagId": "4eO8gvlP",
            "parentTagId": null,
            "subTagName": null
        }
    ],
    "productTags": [
        {
            "id": "Wlqb6GOb",
            "productId": "elm3WKpn",
            "subTagId": "qeaZMepd",
            "parentTagId": null,
            "subTagName": null
        }
    ],
    "productTranslations": null,
    "productVideos": [
        {
            "id": "QrO9meOe",
            "productId": "elm3WKpn",
            "path": "https://www.youtube.com/watch?v=u1yVCeXYya4&list=RDMMu1yVCeXYya4&start_radio=1"
        }
    ]
}
]]></system-out>
  </testcase>
  <testcase name="Scenario: provider enters a data in timeSlots with missing startTime field" classname="Scenario: provider enters a data in timeSlots with missing startTime field" time="0">
    <failure message="expected:&lt;400&gt; but was:&lt;200&gt;" type="java.lang.AssertionError"><![CDATA[java.lang.AssertionError: expected:<400> but was:<200>
]]></failure>
  </testcase>
  <testcase name="Then verify the title is &quot;One or more validation errors occurred.&quot;" classname="Scenario: provider enters a data in timeSlots with missing startTime field" time="0">
    <skipped/>
  </testcase>
  <testcase name="Given product is set with the following fields" classname="Scenario: provider enters a data in timeSlots with empty endTime field" time="0"/>
  <testcase name="Given productVideos is set with the following fields" classname="Scenario: provider enters a data in timeSlots with empty endTime field" time="0"/>
  <testcase name="Given productWorkingDates is set with following fields" classname="Scenario: provider enters a data in timeSlots with empty endTime field" time="0"/>
  <testcase name="Given timeSlots is set with the following fields" classname="Scenario: provider enters a data in timeSlots with empty endTime field" time="0"/>
  <testcase name="Given provider creates a new product" classname="Scenario: provider enters a data in timeSlots with empty endTime field" time="0"/>
  <testcase name="Then verify status code is 400" classname="Scenario: provider enters a data in timeSlots with empty endTime field" time="0"/>
  <testcase name="Then verify the title is &quot;One or more validation errors occurred.&quot;" classname="Scenario: provider enters a data in timeSlots with empty endTime field" time="0"/>
  <testcase name="Scenario: provider enters a data in timeSlots with empty endTime field" classname="Scenario: provider enters a data in timeSlots with empty endTime field" time="0"/>
  <testcase name="Given product is set with the following fields" classname="Scenario: provider enters a data in timeSlots with null endTime field" time="0"/>
  <testcase name="Given productVideos is set with the following fields" classname="Scenario: provider enters a data in timeSlots with null endTime field" time="0"/>
  <testcase name="Given productWorkingDates is set with following fields" classname="Scenario: provider enters a data in timeSlots with null endTime field" time="0"/>
  <testcase name="Given timeSlots is set with the following fields" classname="Scenario: provider enters a data in timeSlots with null endTime field" time="0"/>
  <testcase name="Given provider creates a new product" classname="Scenario: provider enters a data in timeSlots with null endTime field" time="0"/>
  <testcase name="Then verify status code is 400" classname="Scenario: provider enters a data in timeSlots with null endTime field" time="0"/>
  <testcase name="Then verify the title is &quot;One or more validation errors occurred.&quot;" classname="Scenario: provider enters a data in timeSlots with null endTime field" time="0"/>
  <testcase name="Scenario: provider enters a data in timeSlots with null endTime field" classname="Scenario: provider enters a data in timeSlots with null endTime field" time="0"/>
  <testcase name="Given product is set with the following fields" classname="Scenario: provider enters a data in timeSlots with incorrect timing in endTime field" time="0"/>
  <testcase name="Given productVideos is set with the following fields" classname="Scenario: provider enters a data in timeSlots with incorrect timing in endTime field" time="0"/>
  <testcase name="Given productWorkingDates is set with following fields" classname="Scenario: provider enters a data in timeSlots with incorrect timing in endTime field" time="0"/>
  <testcase name="Given timeSlots is set with the following fields" classname="Scenario: provider enters a data in timeSlots with incorrect timing in endTime field" time="0"/>
  <testcase name="Given provider creates a new product" classname="Scenario: provider enters a data in timeSlots with incorrect timing in endTime field" time="0"/>
  <testcase name="Then verify status code is 400" classname="Scenario: provider enters a data in timeSlots with incorrect timing in endTime field" time="0"/>
  <testcase name="Then verify the title is &quot;One or more validation errors occurred.&quot;" classname="Scenario: provider enters a data in timeSlots with incorrect timing in endTime field" time="0"/>
  <testcase name="Scenario: provider enters a data in timeSlots with incorrect timing in endTime field" classname="Scenario: provider enters a data in timeSlots with incorrect timing in endTime field" time="0"/>
  <testcase name="Given product is set with the following fields" classname="Scenario: provider enters a data in timeSlots with special char in endTime field" time="0"/>
  <testcase name="Given productVideos is set with the following fields" classname="Scenario: provider enters a data in timeSlots with special char in endTime field" time="0"/>
  <testcase name="Given productWorkingDates is set with following fields" classname="Scenario: provider enters a data in timeSlots with special char in endTime field" time="0"/>
  <testcase name="Given timeSlots is set with the following fields" classname="Scenario: provider enters a data in timeSlots with special char in endTime field" time="0"/>
  <testcase name="Given provider creates a new product" classname="Scenario: provider enters a data in timeSlots with special char in endTime field" time="0"/>
  <testcase name="Then verify status code is 400" classname="Scenario: provider enters a data in timeSlots with special char in endTime field" time="0"/>
  <testcase name="Then verify the title is &quot;One or more validation errors occurred.&quot;" classname="Scenario: provider enters a data in timeSlots with special char in endTime field" time="0"/>
  <testcase name="Scenario: provider enters a data in timeSlots with special char in endTime field" classname="Scenario: provider enters a data in timeSlots with special char in endTime field" time="0"/>
  <testcase name="Given product is set with the following fields" classname="Scenario: provider enters a data in timeSlots with missing endTime field" time="0"/>
  <testcase name="Given productVideos is set with the following fields" classname="Scenario: provider enters a data in timeSlots with missing endTime field" time="0"/>
  <testcase name="Given productWorkingDates is set with following fields" classname="Scenario: provider enters a data in timeSlots with missing endTime field" time="0"/>
  <testcase name="Given timeSlots is set with the following fields" classname="Scenario: provider enters a data in timeSlots with missing endTime field" time="0"/>
  <testcase name="Given provider creates a new product" classname="Scenario: provider enters a data in timeSlots with missing endTime field" time="0"/>
  <testcase name="Then verify status code is 400" classname="Scenario: provider enters a data in timeSlots with missing endTime field" time="0">
    <failure message="expected:&lt;400&gt; but was:&lt;200&gt;" type="java.lang.AssertionError"><![CDATA[java.lang.AssertionError: expected:<400> but was:<200>
]]></failure>
    <system-out><![CDATA[{
    "id": "bpJRDApV",
    "name": "AutoTest",
    "productTypeId": null,
    "active": true,
    "shortDescription": "Test For Automation 1",
    "fullDescription": "Automation for API in Postman",
    "mostPopular": null,
    "longitude": 456.456,
    "latitude": 3245678.5467,
    "calendarColor": "blue",
    "address": "Bishkek",
    "cityId": "0WaNgMld",
    "createdAt": "2021-06-16T04:25:31.022239",
    "productImages": [
        
    ],
    "productDocuments": [
        
    ],
    "productTypes": null,
    "productWorkingDates": [
        {
            "id": "kwOXPkOo",
            "productId": "bpJRDApV",
            "fromDate": "2022-12-31",
            "toDate": "2022-12-31",
            "name": "1234",
            "strictHours": false,
            "timeSlots": [
                {
                    "id": "eaZLoeOd",
                    "productWorkingDateId": "kwOXPkOo",
                    "dayOfWeek": "Monday",
                    "startTime": "09:00:00",
                    "endTime": "00:00:00",
                    "duration": "01:00:00",
                    "quantity": 32,
                    "usedQuantity": 0,
                    "active": false,
                    "deletedAt": null
                }
            ],
            "deletedAt": null,
            "maxUsedTicketsQuantity": 0,
            "errorCode": 0
        }
    ],
    "productRegions": [
        {
            "id": "7WlqE5lb",
            "productId": "bpJRDApV",
            "regionId": "5bpJKaVE",
            "regionName": null
        }
    ],
    "productPrices": [
        {
            "id": "qeaZYdpd",
            "productId": "bpJRDApV",
            "channelId": "5bpJKaVE",
            "fromDate": "2021-05-31T00:00:00",
            "toDate": "2022-12-31T00:00:00",
            "title": "API",
            "remarks": "Test",
            "officialPrice": 0,
            "currencyId": "5bpJKaVE",
            "quantityPerDay": 123,
            "autoConfirm": false,
            "pricePerPerson": false,
            "productPriceTypes": [
                {
                    "id": "Q4aLdkan",
                    "productPriceId": "qeaZYdpd",
                    "productCustomerTypeId": "bpvjDxpJ",
                    "amount": 57,
                    "currencyId": "Belm3pnb",
                    "currencySymbol": null,
                    "isOfficial": true,
                    "productCustomerType": {
                        "id": "bpvjDxpJ",
                        "productId": "yxl4wVaj",
                        "name": "?????"
                    }
                }
            ],
            "deletedAt": null
        }
    ],
    "productCustomerTypes": [
        {
            "id": "zOPeWPpj",
            "productId": "bpJRDApV",
            "name": "API"
        },
        {
            "id": "blVXbEpw",
            "productId": "bpJRDApV",
            "name": "?????"
        },
        {
            "id": "waD3d3p3",
            "productId": "bpJRDApV",
            "name": "???"
        },
        {
            "id": "La3rA8pz",
            "productId": "bpJRDApV",
            "name": "?????"
        }
    ],
    "city": {
        "id": "0WaNgMld",
        "name": "Israel"
    },
    "productIncludedTags": [
        {
            "id": "q7Ox0vO6",
            "productId": "bpJRDApV",
            "subTagId": "jLa3rjpz",
            "parentTagId": null,
            "subTagName": null
        }
    ],
    "productExcludedTags": [
        {
            "id": "QrO9oXae",
            "productId": "bpJRDApV",
            "subTagId": "4eO8gvlP",
            "parentTagId": null,
            "subTagName": null
        }
    ],
    "productTags": [
        {
            "id": "rOEKb2aY",
            "productId": "bpJRDApV",
            "subTagId": "qeaZMepd",
            "parentTagId": null,
            "subTagName": null
        }
    ],
    "productTranslations": null,
    "productVideos": [
        {
            "id": "qeaZBqad",
            "productId": "bpJRDApV",
            "path": "https://www.youtube.com/watch?v=u1yVCeXYya4&list=RDMMu1yVCeXYya4&start_radio=1"
        }
    ]
}
{
    "id": "bpJRDApV",
    "name": "AutoTest",
    "productTypeId": null,
    "active": true,
    "shortDescription": "Test For Automation 1",
    "fullDescription": "Automation for API in Postman",
    "mostPopular": null,
    "longitude": 456.456,
    "latitude": 3245678.5467,
    "calendarColor": "blue",
    "address": "Bishkek",
    "cityId": "0WaNgMld",
    "createdAt": "2021-06-16T04:25:31.022239",
    "productImages": [
        
    ],
    "productDocuments": [
        
    ],
    "productTypes": null,
    "productWorkingDates": [
        {
            "id": "kwOXPkOo",
            "productId": "bpJRDApV",
            "fromDate": "2022-12-31",
            "toDate": "2022-12-31",
            "name": "1234",
            "strictHours": false,
            "timeSlots": [
                {
                    "id": "eaZLoeOd",
                    "productWorkingDateId": "kwOXPkOo",
                    "dayOfWeek": "Monday",
                    "startTime": "09:00:00",
                    "endTime": "00:00:00",
                    "duration": "01:00:00",
                    "quantity": 32,
                    "usedQuantity": 0,
                    "active": false,
                    "deletedAt": null
                }
            ],
            "deletedAt": null,
            "maxUsedTicketsQuantity": 0,
            "errorCode": 0
        }
    ],
    "productRegions": [
        {
            "id": "7WlqE5lb",
            "productId": "bpJRDApV",
            "regionId": "5bpJKaVE",
            "regionName": null
        }
    ],
    "productPrices": [
        {
            "id": "qeaZYdpd",
            "productId": "bpJRDApV",
            "channelId": "5bpJKaVE",
            "fromDate": "2021-05-31T00:00:00",
            "toDate": "2022-12-31T00:00:00",
            "title": "API",
            "remarks": "Test",
            "officialPrice": 0,
            "currencyId": "5bpJKaVE",
            "quantityPerDay": 123,
            "autoConfirm": false,
            "pricePerPerson": false,
            "productPriceTypes": [
                {
                    "id": "Q4aLdkan",
                    "productPriceId": "qeaZYdpd",
                    "productCustomerTypeId": "bpvjDxpJ",
                    "amount": 57,
                    "currencyId": "Belm3pnb",
                    "currencySymbol": null,
                    "isOfficial": true,
                    "productCustomerType": {
                        "id": "bpvjDxpJ",
                        "productId": "yxl4wVaj",
                        "name": "?????"
                    }
                }
            ],
            "deletedAt": null
        }
    ],
    "productCustomerTypes": [
        {
            "id": "zOPeWPpj",
            "productId": "bpJRDApV",
            "name": "API"
        },
        {
            "id": "blVXbEpw",
            "productId": "bpJRDApV",
            "name": "?????"
        },
        {
            "id": "waD3d3p3",
            "productId": "bpJRDApV",
            "name": "???"
        },
        {
            "id": "La3rA8pz",
            "productId": "bpJRDApV",
            "name": "?????"
        }
    ],
    "city": {
        "id": "0WaNgMld",
        "name": "Israel"
    },
    "productIncludedTags": [
        {
            "id": "q7Ox0vO6",
            "productId": "bpJRDApV",
            "subTagId": "jLa3rjpz",
            "parentTagId": null,
            "subTagName": null
        }
    ],
    "productExcludedTags": [
        {
            "id": "QrO9oXae",
            "productId": "bpJRDApV",
            "subTagId": "4eO8gvlP",
            "parentTagId": null,
            "subTagName": null
        }
    ],
    "productTags": [
        {
            "id": "rOEKb2aY",
            "productId": "bpJRDApV",
            "subTagId": "qeaZMepd",
            "parentTagId": null,
            "subTagName": null
        }
    ],
    "productTranslations": null,
    "productVideos": [
        {
            "id": "qeaZBqad",
            "productId": "bpJRDApV",
            "path": "https://www.youtube.com/watch?v=u1yVCeXYya4&list=RDMMu1yVCeXYya4&start_radio=1"
        }
    ]
}
]]></system-out>
  </testcase>
  <testcase name="Scenario: provider enters a data in timeSlots with missing endTime field" classname="Scenario: provider enters a data in timeSlots with missing endTime field" time="0">
    <failure message="expected:&lt;400&gt; but was:&lt;200&gt;" type="java.lang.AssertionError"><![CDATA[java.lang.AssertionError: expected:<400> but was:<200>
]]></failure>
  </testcase>
  <testcase name="Then verify the title is &quot;One or more validation errors occurred.&quot;" classname="Scenario: provider enters a data in timeSlots with missing endTime field" time="0">
    <skipped/>
  </testcase>
  <testcase name="Given product is set with the following fields" classname="Scenario: provider enters a data in timeSlots with special char in dayOfWeek field" time="0"/>
  <testcase name="Given productVideos is set with the following fields" classname="Scenario: provider enters a data in timeSlots with special char in dayOfWeek field" time="0"/>
  <testcase name="Given productWorkingDates is set with following fields" classname="Scenario: provider enters a data in timeSlots with special char in dayOfWeek field" time="0"/>
  <testcase name="Given timeSlots is set with the following fields" classname="Scenario: provider enters a data in timeSlots with special char in dayOfWeek field" time="0"/>
  <testcase name="Given provider creates a new product" classname="Scenario: provider enters a data in timeSlots with special char in dayOfWeek field" time="0"/>
  <testcase name="Then verify status code is 500" classname="Scenario: provider enters a data in timeSlots with special char in dayOfWeek field" time="0"/>
  <testcase name="Then verify the title is &quot;Internal Server Error&quot;" classname="Scenario: provider enters a data in timeSlots with special char in dayOfWeek field" time="0"/>
  <testcase name="Scenario: provider enters a data in timeSlots with special char in dayOfWeek field" classname="Scenario: provider enters a data in timeSlots with special char in dayOfWeek field" time="0"/>
  <testcase name="Given product is set with the following fields" classname="Scenario: provider enters a data in timeSlots with null  dayOfWeek field" time="0"/>
  <testcase name="Given productVideos is set with the following fields" classname="Scenario: provider enters a data in timeSlots with null  dayOfWeek field" time="0"/>
  <testcase name="Given productWorkingDates is set with following fields" classname="Scenario: provider enters a data in timeSlots with null  dayOfWeek field" time="0"/>
  <testcase name="Given timeSlots is set with the following fields" classname="Scenario: provider enters a data in timeSlots with null  dayOfWeek field" time="0"/>
  <testcase name="Given provider creates a new product" classname="Scenario: provider enters a data in timeSlots with null  dayOfWeek field" time="0"/>
  <testcase name="Then verify status code is 500" classname="Scenario: provider enters a data in timeSlots with null  dayOfWeek field" time="0"/>
  <testcase name="Then verify the title is &quot;Internal Server Error&quot;" classname="Scenario: provider enters a data in timeSlots with null  dayOfWeek field" time="0"/>
  <testcase name="Scenario: provider enters a data in timeSlots with null  dayOfWeek field" classname="Scenario: provider enters a data in timeSlots with null  dayOfWeek field" time="0"/>
  <testcase name="Given product is set with the following fields" classname="Scenario: provider enters a data in timeSlots with empty  dayOfWeek field" time="0"/>
  <testcase name="Given productVideos is set with the following fields" classname="Scenario: provider enters a data in timeSlots with empty  dayOfWeek field" time="0"/>
  <testcase name="Given productWorkingDates is set with following fields" classname="Scenario: provider enters a data in timeSlots with empty  dayOfWeek field" time="0"/>
  <testcase name="Given timeSlots is set with the following fields" classname="Scenario: provider enters a data in timeSlots with empty  dayOfWeek field" time="0"/>
  <testcase name="Given provider creates a new product" classname="Scenario: provider enters a data in timeSlots with empty  dayOfWeek field" time="0"/>
  <testcase name="Then verify status code is 500" classname="Scenario: provider enters a data in timeSlots with empty  dayOfWeek field" time="0">
    <failure message="expected:&lt;500&gt; but was:&lt;200&gt;" type="java.lang.AssertionError"><![CDATA[java.lang.AssertionError: expected:<500> but was:<200>
]]></failure>
    <system-out><![CDATA[{
    "id": "WaNXEQOd",
    "name": "AutoTest",
    "productTypeId": null,
    "active": true,
    "shortDescription": "Test For Automation 1",
    "fullDescription": "Automation for API in Postman",
    "mostPopular": null,
    "longitude": 456.456,
    "latitude": 3245678.5467,
    "calendarColor": "blue",
    "address": "Bishkek",
    "cityId": "52aAmraZ",
    "createdAt": "2021-06-16T04:25:31.574615",
    "productImages": [
        
    ],
    "productDocuments": [
        
    ],
    "productTypes": null,
    "productWorkingDates": [
        {
            "id": "PYayQDaW",
            "productId": "WaNXEQOd",
            "fromDate": "2022-12-31",
            "toDate": "2022-12-31",
            "name": "1234",
            "strictHours": false,
            "timeSlots": [
                {
                    "id": "rO7n90l6",
                    "productWorkingDateId": "PYayQDaW",
                    "dayOfWeek": "None",
                    "startTime": "09:00:00",
                    "endTime": "20:00:00",
                    "duration": "01:00:00",
                    "quantity": 32,
                    "usedQuantity": 0,
                    "active": false,
                    "deletedAt": null
                }
            ],
            "deletedAt": null,
            "maxUsedTicketsQuantity": 0,
            "errorCode": 0
        }
    ],
    "productRegions": [
        {
            "id": "GrOELmlY",
            "productId": "WaNXEQOd",
            "regionId": "5bpJKaVE",
            "regionName": null
        }
    ],
    "productPrices": [
        {
            "id": "5rO76Yl6",
            "productId": "WaNXEQOd",
            "channelId": "5bpJKaVE",
            "fromDate": "2021-05-31T00:00:00",
            "toDate": "2022-12-31T00:00:00",
            "title": "API",
            "remarks": "Test",
            "officialPrice": 0,
            "currencyId": "5bpJKaVE",
            "quantityPerDay": 123,
            "autoConfirm": false,
            "pricePerPerson": false,
            "productPriceTypes": [
                {
                    "id": "QrO92xpe",
                    "productPriceId": "5rO76Yl6",
                    "productCustomerTypeId": "eO8gQrlP",
                    "amount": 57,
                    "currencyId": "Belm3pnb",
                    "currencySymbol": null,
                    "isOfficial": true,
                    "productCustomerType": {
                        "id": "eO8gQrlP",
                        "productId": "yxl4wVaj",
                        "name": "?????"
                    }
                }
            ],
            "deletedAt": null
        }
    ],
    "productCustomerTypes": [
        {
            "id": "4lrWjqOd",
            "productId": "WaNXEQOd",
            "name": "API"
        },
        {
            "id": "dOnn3qOV",
            "productId": "WaNXEQOd",
            "name": "?????"
        },
        {
            "id": "jpjPonlM",
            "productId": "WaNXEQOd",
            "name": "???"
        },
        {
            "id": "1lkV3ya6",
            "productId": "WaNXEQOd",
            "name": "?????"
        }
    ],
    "city": {
        "id": "52aAmraZ",
        "name": "Israel"
    },
    "productIncludedTags": [
        {
            "id": "Kdl2P4pX",
            "productId": "WaNXEQOd",
            "subTagId": "jLa3rjpz",
            "parentTagId": null,
            "subTagName": null
        }
    ],
    "productExcludedTags": [
        {
            "id": "qeaZrQad",
            "productId": "WaNXEQOd",
            "subTagId": "4eO8gvlP",
            "parentTagId": null,
            "subTagName": null
        }
    ],
    "productTags": [
        {
            "id": "1loz6Ka7",
            "productId": "WaNXEQOd",
            "subTagId": "qeaZMepd",
            "parentTagId": null,
            "subTagName": null
        }
    ],
    "productTranslations": null,
    "productVideos": [
        {
            "id": "5rO77EO6",
            "productId": "WaNXEQOd",
            "path": "https://www.youtube.com/watch?v=u1yVCeXYya4&list=RDMMu1yVCeXYya4&start_radio=1"
        }
    ]
}
{
    "id": "WaNXEQOd",
    "name": "AutoTest",
    "productTypeId": null,
    "active": true,
    "shortDescription": "Test For Automation 1",
    "fullDescription": "Automation for API in Postman",
    "mostPopular": null,
    "longitude": 456.456,
    "latitude": 3245678.5467,
    "calendarColor": "blue",
    "address": "Bishkek",
    "cityId": "52aAmraZ",
    "createdAt": "2021-06-16T04:25:31.574615",
    "productImages": [
        
    ],
    "productDocuments": [
        
    ],
    "productTypes": null,
    "productWorkingDates": [
        {
            "id": "PYayQDaW",
            "productId": "WaNXEQOd",
            "fromDate": "2022-12-31",
            "toDate": "2022-12-31",
            "name": "1234",
            "strictHours": false,
            "timeSlots": [
                {
                    "id": "rO7n90l6",
                    "productWorkingDateId": "PYayQDaW",
                    "dayOfWeek": "None",
                    "startTime": "09:00:00",
                    "endTime": "20:00:00",
                    "duration": "01:00:00",
                    "quantity": 32,
                    "usedQuantity": 0,
                    "active": false,
                    "deletedAt": null
                }
            ],
            "deletedAt": null,
            "maxUsedTicketsQuantity": 0,
            "errorCode": 0
        }
    ],
    "productRegions": [
        {
            "id": "GrOELmlY",
            "productId": "WaNXEQOd",
            "regionId": "5bpJKaVE",
            "regionName": null
        }
    ],
    "productPrices": [
        {
            "id": "5rO76Yl6",
            "productId": "WaNXEQOd",
            "channelId": "5bpJKaVE",
            "fromDate": "2021-05-31T00:00:00",
            "toDate": "2022-12-31T00:00:00",
            "title": "API",
            "remarks": "Test",
            "officialPrice": 0,
            "currencyId": "5bpJKaVE",
            "quantityPerDay": 123,
            "autoConfirm": false,
            "pricePerPerson": false,
            "productPriceTypes": [
                {
                    "id": "QrO92xpe",
                    "productPriceId": "5rO76Yl6",
                    "productCustomerTypeId": "eO8gQrlP",
                    "amount": 57,
                    "currencyId": "Belm3pnb",
                    "currencySymbol": null,
                    "isOfficial": true,
                    "productCustomerType": {
                        "id": "eO8gQrlP",
                        "productId": "yxl4wVaj",
                        "name": "?????"
                    }
                }
            ],
            "deletedAt": null
        }
    ],
    "productCustomerTypes": [
        {
            "id": "4lrWjqOd",
            "productId": "WaNXEQOd",
            "name": "API"
        },
        {
            "id": "dOnn3qOV",
            "productId": "WaNXEQOd",
            "name": "?????"
        },
        {
            "id": "jpjPonlM",
            "productId": "WaNXEQOd",
            "name": "???"
        },
        {
            "id": "1lkV3ya6",
            "productId": "WaNXEQOd",
            "name": "?????"
        }
    ],
    "city": {
        "id": "52aAmraZ",
        "name": "Israel"
    },
    "productIncludedTags": [
        {
            "id": "Kdl2P4pX",
            "productId": "WaNXEQOd",
            "subTagId": "jLa3rjpz",
            "parentTagId": null,
            "subTagName": null
        }
    ],
    "productExcludedTags": [
        {
            "id": "qeaZrQad",
            "productId": "WaNXEQOd",
            "subTagId": "4eO8gvlP",
            "parentTagId": null,
            "subTagName": null
        }
    ],
    "productTags": [
        {
            "id": "1loz6Ka7",
            "productId": "WaNXEQOd",
            "subTagId": "qeaZMepd",
            "parentTagId": null,
            "subTagName": null
        }
    ],
    "productTranslations": null,
    "productVideos": [
        {
            "id": "5rO77EO6",
            "productId": "WaNXEQOd",
            "path": "https://www.youtube.com/watch?v=u1yVCeXYya4&list=RDMMu1yVCeXYya4&start_radio=1"
        }
    ]
}
]]></system-out>
  </testcase>
  <testcase name="Scenario: provider enters a data in timeSlots with empty  dayOfWeek field" classname="Scenario: provider enters a data in timeSlots with empty  dayOfWeek field" time="0">
    <failure message="expected:&lt;500&gt; but was:&lt;200&gt;" type="java.lang.AssertionError"><![CDATA[java.lang.AssertionError: expected:<500> but was:<200>
]]></failure>
  </testcase>
  <testcase name="Then verify the title is &quot;Internal Server Error&quot;" classname="Scenario: provider enters a data in timeSlots with empty  dayOfWeek field" time="0">
    <skipped/>
  </testcase>
  <testcase name="Given product is set with the following fields" classname="Scenario: provider enters a data in timeSlots with missing  dayOfWeek field" time="0"/>
  <testcase name="Given productVideos is set with the following fields" classname="Scenario: provider enters a data in timeSlots with missing  dayOfWeek field" time="0"/>
  <testcase name="Given productWorkingDates is set with following fields" classname="Scenario: provider enters a data in timeSlots with missing  dayOfWeek field" time="0"/>
  <testcase name="Given timeSlots is set with the following fields" classname="Scenario: provider enters a data in timeSlots with missing  dayOfWeek field" time="0"/>
  <testcase name="Given provider creates a new product" classname="Scenario: provider enters a data in timeSlots with missing  dayOfWeek field" time="0"/>
  <testcase name="Then verify status code is 500" classname="Scenario: provider enters a data in timeSlots with missing  dayOfWeek field" time="0">
    <failure message="expected:&lt;500&gt; but was:&lt;200&gt;" type="java.lang.AssertionError"><![CDATA[java.lang.AssertionError: expected:<500> but was:<200>
]]></failure>
    <system-out><![CDATA[{
    "id": "2aAgJzOZ",
    "name": "AutoTest",
    "productTypeId": null,
    "active": true,
    "shortDescription": "Test For Automation 1",
    "fullDescription": "Automation for API in Postman",
    "mostPopular": null,
    "longitude": 456.456,
    "latitude": 3245678.5467,
    "calendarColor": "blue",
    "address": "Bishkek",
    "cityId": "Q4aLxLan",
    "createdAt": "2021-06-16T04:25:31.784872",
    "productImages": [
        
    ],
    "productDocuments": [
        
    ],
    "productTypes": null,
    "productWorkingDates": [
        {
            "id": "D3pWvdO4",
            "productId": "2aAgJzOZ",
            "fromDate": "2022-12-31",
            "toDate": "2022-12-31",
            "name": "1234",
            "strictHours": false,
            "timeSlots": [
                {
                    "id": "nlYxZ6az",
                    "productWorkingDateId": "D3pWvdO4",
                    "dayOfWeek": "None",
                    "startTime": "09:00:00",
                    "endTime": "20:00:00",
                    "duration": "01:00:00",
                    "quantity": 32,
                    "usedQuantity": 0,
                    "active": false,
                    "deletedAt": null
                }
            ],
            "deletedAt": null,
            "maxUsedTicketsQuantity": 0,
            "errorCode": 0
        }
    ],
    "productRegions": [
        {
            "id": "q1loEAp7",
            "productId": "2aAgJzOZ",
            "regionId": "5bpJKaVE",
            "regionName": null
        }
    ],
    "productPrices": [
        {
            "id": "JnlY7kpz",
            "productId": "2aAgJzOZ",
            "channelId": "5bpJKaVE",
            "fromDate": "2021-05-31T00:00:00",
            "toDate": "2022-12-31T00:00:00",
            "title": "API",
            "remarks": "Test",
            "officialPrice": 0,
            "currencyId": "5bpJKaVE",
            "quantityPerDay": 123,
            "autoConfirm": false,
            "pricePerPerson": false,
            "productPriceTypes": [
                {
                    "id": "qeaZbbad",
                    "productPriceId": "JnlY7kpz",
                    "productCustomerTypeId": "blB7nZOR",
                    "amount": 57,
                    "currencyId": "Belm3pnb",
                    "currencySymbol": null,
                    "isOfficial": true,
                    "productCustomerType": {
                        "id": "blB7nZOR",
                        "productId": "yxl4wVaj",
                        "name": "?????"
                    }
                }
            ],
            "deletedAt": null
        }
    ],
    "productCustomerTypes": [
        {
            "id": "WlqM33lb",
            "productId": "2aAgJzOZ",
            "name": "API"
        },
        {
            "id": "rOEE19OY",
            "productId": "2aAgJzOZ",
            "name": "?????"
        },
        {
            "id": "1lon3ja7",
            "productId": "2aAgJzOZ",
            "name": "???"
        },
        {
            "id": "baQkoAOA",
            "productId": "2aAgJzOZ",
            "name": "?????"
        }
    ],
    "city": {
        "id": "Q4aLxLan",
        "name": "Israel"
    },
    "productIncludedTags": [
        {
            "id": "BJpg9jlq",
            "productId": "2aAgJzOZ",
            "subTagId": "jLa3rjpz",
            "parentTagId": null,
            "subTagName": null
        }
    ],
    "productExcludedTags": [
        {
            "id": "5rO7wxO6",
            "productId": "2aAgJzOZ",
            "subTagId": "4eO8gvlP",
            "parentTagId": null,
            "subTagName": null
        }
    ],
    "productTags": [
        {
            "id": "baQrRQlA",
            "productId": "2aAgJzOZ",
            "subTagId": "qeaZMepd",
            "parentTagId": null,
            "subTagName": null
        }
    ],
    "productTranslations": null,
    "productVideos": [
        {
            "id": "JnlY6oOz",
            "productId": "2aAgJzOZ",
            "path": "https://www.youtube.com/watch?v=u1yVCeXYya4&list=RDMMu1yVCeXYya4&start_radio=1"
        }
    ]
}
{
    "id": "2aAgJzOZ",
    "name": "AutoTest",
    "productTypeId": null,
    "active": true,
    "shortDescription": "Test For Automation 1",
    "fullDescription": "Automation for API in Postman",
    "mostPopular": null,
    "longitude": 456.456,
    "latitude": 3245678.5467,
    "calendarColor": "blue",
    "address": "Bishkek",
    "cityId": "Q4aLxLan",
    "createdAt": "2021-06-16T04:25:31.784872",
    "productImages": [
        
    ],
    "productDocuments": [
        
    ],
    "productTypes": null,
    "productWorkingDates": [
        {
            "id": "D3pWvdO4",
            "productId": "2aAgJzOZ",
            "fromDate": "2022-12-31",
            "toDate": "2022-12-31",
            "name": "1234",
            "strictHours": false,
            "timeSlots": [
                {
                    "id": "nlYxZ6az",
                    "productWorkingDateId": "D3pWvdO4",
                    "dayOfWeek": "None",
                    "startTime": "09:00:00",
                    "endTime": "20:00:00",
                    "duration": "01:00:00",
                    "quantity": 32,
                    "usedQuantity": 0,
                    "active": false,
                    "deletedAt": null
                }
            ],
            "deletedAt": null,
            "maxUsedTicketsQuantity": 0,
            "errorCode": 0
        }
    ],
    "productRegions": [
        {
            "id": "q1loEAp7",
            "productId": "2aAgJzOZ",
            "regionId": "5bpJKaVE",
            "regionName": null
        }
    ],
    "productPrices": [
        {
            "id": "JnlY7kpz",
            "productId": "2aAgJzOZ",
            "channelId": "5bpJKaVE",
            "fromDate": "2021-05-31T00:00:00",
            "toDate": "2022-12-31T00:00:00",
            "title": "API",
            "remarks": "Test",
            "officialPrice": 0,
            "currencyId": "5bpJKaVE",
            "quantityPerDay": 123,
            "autoConfirm": false,
            "pricePerPerson": false,
            "productPriceTypes": [
                {
                    "id": "qeaZbbad",
                    "productPriceId": "JnlY7kpz",
                    "productCustomerTypeId": "blB7nZOR",
                    "amount": 57,
                    "currencyId": "Belm3pnb",
                    "currencySymbol": null,
                    "isOfficial": true,
                    "productCustomerType": {
                        "id": "blB7nZOR",
                        "productId": "yxl4wVaj",
                        "name": "?????"
                    }
                }
            ],
            "deletedAt": null
        }
    ],
    "productCustomerTypes": [
        {
            "id": "WlqM33lb",
            "productId": "2aAgJzOZ",
            "name": "API"
        },
        {
            "id": "rOEE19OY",
            "productId": "2aAgJzOZ",
            "name": "?????"
        },
        {
            "id": "1lon3ja7",
            "productId": "2aAgJzOZ",
            "name": "???"
        },
        {
            "id": "baQkoAOA",
            "productId": "2aAgJzOZ",
            "name": "?????"
        }
    ],
    "city": {
        "id": "Q4aLxLan",
        "name": "Israel"
    },
    "productIncludedTags": [
        {
            "id": "BJpg9jlq",
            "productId": "2aAgJzOZ",
            "subTagId": "jLa3rjpz",
            "parentTagId": null,
            "subTagName": null
        }
    ],
    "productExcludedTags": [
        {
            "id": "5rO7wxO6",
            "productId": "2aAgJzOZ",
            "subTagId": "4eO8gvlP",
            "parentTagId": null,
            "subTagName": null
        }
    ],
    "productTags": [
        {
            "id": "baQrRQlA",
            "productId": "2aAgJzOZ",
            "subTagId": "qeaZMepd",
            "parentTagId": null,
            "subTagName": null
        }
    ],
    "productTranslations": null,
    "productVideos": [
        {
            "id": "JnlY6oOz",
            "productId": "2aAgJzOZ",
            "path": "https://www.youtube.com/watch?v=u1yVCeXYya4&list=RDMMu1yVCeXYya4&start_radio=1"
        }
    ]
}
]]></system-out>
  </testcase>
  <testcase name="Scenario: provider enters a data in timeSlots with missing  dayOfWeek field" classname="Scenario: provider enters a data in timeSlots with missing  dayOfWeek field" time="0">
    <failure message="expected:&lt;500&gt; but was:&lt;200&gt;" type="java.lang.AssertionError"><![CDATA[java.lang.AssertionError: expected:<500> but was:<200>
]]></failure>
  </testcase>
  <testcase name="Then verify the title is &quot;Internal Server Error&quot;" classname="Scenario: provider enters a data in timeSlots with missing  dayOfWeek field" time="0">
    <skipped/>
  </testcase>
  <testcase name="Given product is set with the following fields" classname="Scenario: provider enters a data in timeSlots with empty  duration field" time="0"/>
  <testcase name="Given productVideos is set with the following fields" classname="Scenario: provider enters a data in timeSlots with empty  duration field" time="0"/>
  <testcase name="Given productWorkingDates is set with following fields" classname="Scenario: provider enters a data in timeSlots with empty  duration field" time="0"/>
  <testcase name="Given timeSlots is set with the following fields" classname="Scenario: provider enters a data in timeSlots with empty  duration field" time="0"/>
  <testcase name="Given provider creates a new product" classname="Scenario: provider enters a data in timeSlots with empty  duration field" time="0"/>
  <testcase name="Then verify status code is 400" classname="Scenario: provider enters a data in timeSlots with empty  duration field" time="0"/>
  <testcase name="Then verify the title is &quot;One or more validation errors occurred.&quot;" classname="Scenario: provider enters a data in timeSlots with empty  duration field" time="0"/>
  <testcase name="Scenario: provider enters a data in timeSlots with empty  duration field" classname="Scenario: provider enters a data in timeSlots with empty  duration field" time="0"/>
  <testcase name="Given product is set with the following fields" classname="Scenario: provider enters a data in timeSlots with incorrect timing  duration field" time="0"/>
  <testcase name="Given productVideos is set with the following fields" classname="Scenario: provider enters a data in timeSlots with incorrect timing  duration field" time="0"/>
  <testcase name="Given productWorkingDates is set with following fields" classname="Scenario: provider enters a data in timeSlots with incorrect timing  duration field" time="0"/>
  <testcase name="Given timeSlots is set with the following fields" classname="Scenario: provider enters a data in timeSlots with incorrect timing  duration field" time="0"/>
  <testcase name="Given provider creates a new product" classname="Scenario: provider enters a data in timeSlots with incorrect timing  duration field" time="0"/>
  <testcase name="Then verify status code is 400" classname="Scenario: provider enters a data in timeSlots with incorrect timing  duration field" time="0"/>
  <testcase name="Then verify the title is &quot;One or more validation errors occurred.&quot;" classname="Scenario: provider enters a data in timeSlots with incorrect timing  duration field" time="0"/>
  <testcase name="Scenario: provider enters a data in timeSlots with incorrect timing  duration field" classname="Scenario: provider enters a data in timeSlots with incorrect timing  duration field" time="0"/>
  <testcase name="Given product is set with the following fields" classname="Scenario: provider enters a data in timeSlots with special char  duration field" time="0"/>
  <testcase name="Given productVideos is set with the following fields" classname="Scenario: provider enters a data in timeSlots with special char  duration field" time="0"/>
  <testcase name="Given productWorkingDates is set with following fields" classname="Scenario: provider enters a data in timeSlots with special char  duration field" time="0"/>
  <testcase name="Given timeSlots is set with the following fields" classname="Scenario: provider enters a data in timeSlots with special char  duration field" time="0"/>
  <testcase name="Given provider creates a new product" classname="Scenario: provider enters a data in timeSlots with special char  duration field" time="0"/>
  <testcase name="Then verify status code is 400" classname="Scenario: provider enters a data in timeSlots with special char  duration field" time="0"/>
  <testcase name="Then verify the title is &quot;One or more validation errors occurred.&quot;" classname="Scenario: provider enters a data in timeSlots with special char  duration field" time="0"/>
  <testcase name="Scenario: provider enters a data in timeSlots with special char  duration field" classname="Scenario: provider enters a data in timeSlots with special char  duration field" time="0"/>
  <testcase name="Given product is set with the following fields" classname="Scenario: provider enters a data in timeSlots with missing  duration field" time="0"/>
  <testcase name="Given productVideos is set with the following fields" classname="Scenario: provider enters a data in timeSlots with missing  duration field" time="0"/>
  <testcase name="Given productWorkingDates is set with following fields" classname="Scenario: provider enters a data in timeSlots with missing  duration field" time="0"/>
  <testcase name="Given timeSlots is set with the following fields" classname="Scenario: provider enters a data in timeSlots with missing  duration field" time="0"/>
  <testcase name="Given provider creates a new product" classname="Scenario: provider enters a data in timeSlots with missing  duration field" time="0"/>
  <testcase name="Then verify status code is 400" classname="Scenario: provider enters a data in timeSlots with missing  duration field" time="0">
    <failure message="expected:&lt;400&gt; but was:&lt;200&gt;" type="java.lang.AssertionError"><![CDATA[java.lang.AssertionError: expected:<400> but was:<200>
]]></failure>
    <system-out><![CDATA[{
    "id": "4aLLDkan",
    "name": "AutoTest",
    "productTypeId": null,
    "active": true,
    "shortDescription": "Test For Automation 1",
    "fullDescription": "Automation for API in Postman",
    "mostPopular": null,
    "longitude": 456.456,
    "latitude": 3245678.5467,
    "calendarColor": "blue",
    "address": "Bishkek",
    "cityId": "QrO9wrae",
    "createdAt": "2021-06-16T04:25:32.511567",
    "productImages": [
        
    ],
    "productDocuments": [
        
    ],
    "productTypes": null,
    "productWorkingDates": [
        {
            "id": "yxl4MPOj",
            "productId": "4aLLDkan",
            "fromDate": "2022-12-31",
            "toDate": "2022-12-31",
            "name": "1234",
            "strictHours": false,
            "timeSlots": [
                {
                    "id": "MaGER7OD",
                    "productWorkingDateId": "yxl4MPOj",
                    "dayOfWeek": "Monday",
                    "startTime": "09:00:00",
                    "endTime": "20:00:00",
                    "duration": "00:00:00",
                    "quantity": 32,
                    "usedQuantity": 0,
                    "active": false,
                    "deletedAt": null
                }
            ],
            "deletedAt": null,
            "maxUsedTicketsQuantity": 0,
            "errorCode": 0
        }
    ],
    "productRegions": [
        {
            "id": "LbaQWEOA",
            "productId": "4aLLDkan",
            "regionId": "5bpJKaVE",
            "regionName": null
        }
    ],
    "productPrices": [
        {
            "id": "kMaGwPaD",
            "productId": "4aLLDkan",
            "channelId": "5bpJKaVE",
            "fromDate": "2021-05-31T00:00:00",
            "toDate": "2022-12-31T00:00:00",
            "title": "API",
            "remarks": "Test",
            "officialPrice": 0,
            "currencyId": "5bpJKaVE",
            "quantityPerDay": 123,
            "autoConfirm": false,
            "pricePerPerson": false,
            "productPriceTypes": [
                {
                    "id": "5rO7Rvl6",
                    "productPriceId": "kMaGwPaD",
                    "productCustomerTypeId": "elm3depn",
                    "amount": 57,
                    "currencyId": "Belm3pnb",
                    "currencySymbol": null,
                    "isOfficial": true,
                    "productCustomerType": {
                        "id": "elm3depn",
                        "productId": "yxl4wVaj",
                        "name": "?????"
                    }
                }
            ],
            "deletedAt": null
        }
    ],
    "productCustomerTypes": [
        {
            "id": "bpJR2qpV",
            "productId": "4aLLDkan",
            "name": "API"
        },
        {
            "id": "WaNXjBOd",
            "productId": "4aLLDkan",
            "name": "?????"
        },
        {
            "id": "2aAgELOZ",
            "productId": "4aLLDkan",
            "name": "???"
        },
        {
            "id": "4aLL2Zan",
            "productId": "4aLLDkan",
            "name": "?????"
        }
    ],
    "city": {
        "id": "QrO9wrae",
        "name": "Israel"
    },
    "productIncludedTags": [
        {
            "id": "0GpbmNOr",
            "productId": "4aLLDkan",
            "subTagId": "jLa3rjpz",
            "parentTagId": null,
            "subTagName": null
        }
    ],
    "productExcludedTags": [
        {
            "id": "JnlYe2lz",
            "productId": "4aLLDkan",
            "subTagId": "4eO8gvlP",
            "parentTagId": null,
            "subTagName": null
        }
    ],
    "productTags": [
        {
            "id": "elmvPjOn",
            "productId": "4aLLDkan",
            "subTagId": "qeaZMepd",
            "parentTagId": null,
            "subTagName": null
        }
    ],
    "productTranslations": null,
    "productVideos": [
        {
            "id": "kMaGdqlD",
            "productId": "4aLLDkan",
            "path": "https://www.youtube.com/watch?v=u1yVCeXYya4&list=RDMMu1yVCeXYya4&start_radio=1"
        }
    ]
}
{
    "id": "4aLLDkan",
    "name": "AutoTest",
    "productTypeId": null,
    "active": true,
    "shortDescription": "Test For Automation 1",
    "fullDescription": "Automation for API in Postman",
    "mostPopular": null,
    "longitude": 456.456,
    "latitude": 3245678.5467,
    "calendarColor": "blue",
    "address": "Bishkek",
    "cityId": "QrO9wrae",
    "createdAt": "2021-06-16T04:25:32.511567",
    "productImages": [
        
    ],
    "productDocuments": [
        
    ],
    "productTypes": null,
    "productWorkingDates": [
        {
            "id": "yxl4MPOj",
            "productId": "4aLLDkan",
            "fromDate": "2022-12-31",
            "toDate": "2022-12-31",
            "name": "1234",
            "strictHours": false,
            "timeSlots": [
                {
                    "id": "MaGER7OD",
                    "productWorkingDateId": "yxl4MPOj",
                    "dayOfWeek": "Monday",
                    "startTime": "09:00:00",
                    "endTime": "20:00:00",
                    "duration": "00:00:00",
                    "quantity": 32,
                    "usedQuantity": 0,
                    "active": false,
                    "deletedAt": null
                }
            ],
            "deletedAt": null,
            "maxUsedTicketsQuantity": 0,
            "errorCode": 0
        }
    ],
    "productRegions": [
        {
            "id": "LbaQWEOA",
            "productId": "4aLLDkan",
            "regionId": "5bpJKaVE",
            "regionName": null
        }
    ],
    "productPrices": [
        {
            "id": "kMaGwPaD",
            "productId": "4aLLDkan",
            "channelId": "5bpJKaVE",
            "fromDate": "2021-05-31T00:00:00",
            "toDate": "2022-12-31T00:00:00",
            "title": "API",
            "remarks": "Test",
            "officialPrice": 0,
            "currencyId": "5bpJKaVE",
            "quantityPerDay": 123,
            "autoConfirm": false,
            "pricePerPerson": false,
            "productPriceTypes": [
                {
                    "id": "5rO7Rvl6",
                    "productPriceId": "kMaGwPaD",
                    "productCustomerTypeId": "elm3depn",
                    "amount": 57,
                    "currencyId": "Belm3pnb",
                    "currencySymbol": null,
                    "isOfficial": true,
                    "productCustomerType": {
                        "id": "elm3depn",
                        "productId": "yxl4wVaj",
                        "name": "?????"
                    }
                }
            ],
            "deletedAt": null
        }
    ],
    "productCustomerTypes": [
        {
            "id": "bpJR2qpV",
            "productId": "4aLLDkan",
            "name": "API"
        },
        {
            "id": "WaNXjBOd",
            "productId": "4aLLDkan",
            "name": "?????"
        },
        {
            "id": "2aAgELOZ",
            "productId": "4aLLDkan",
            "name": "???"
        },
        {
            "id": "4aLL2Zan",
            "productId": "4aLLDkan",
            "name": "?????"
        }
    ],
    "city": {
        "id": "QrO9wrae",
        "name": "Israel"
    },
    "productIncludedTags": [
        {
            "id": "0GpbmNOr",
            "productId": "4aLLDkan",
            "subTagId": "jLa3rjpz",
            "parentTagId": null,
            "subTagName": null
        }
    ],
    "productExcludedTags": [
        {
            "id": "JnlYe2lz",
            "productId": "4aLLDkan",
            "subTagId": "4eO8gvlP",
            "parentTagId": null,
            "subTagName": null
        }
    ],
    "productTags": [
        {
            "id": "elmvPjOn",
            "productId": "4aLLDkan",
            "subTagId": "qeaZMepd",
            "parentTagId": null,
            "subTagName": null
        }
    ],
    "productTranslations": null,
    "productVideos": [
        {
            "id": "kMaGdqlD",
            "productId": "4aLLDkan",
            "path": "https://www.youtube.com/watch?v=u1yVCeXYya4&list=RDMMu1yVCeXYya4&start_radio=1"
        }
    ]
}
]]></system-out>
  </testcase>
  <testcase name="Scenario: provider enters a data in timeSlots with missing  duration field" classname="Scenario: provider enters a data in timeSlots with missing  duration field" time="0">
    <failure message="expected:&lt;400&gt; but was:&lt;200&gt;" type="java.lang.AssertionError"><![CDATA[java.lang.AssertionError: expected:<400> but was:<200>
]]></failure>
  </testcase>
  <testcase name="Then verify the title is &quot;One or more validation errors occurred.&quot;" classname="Scenario: provider enters a data in timeSlots with missing  duration field" time="0">
    <skipped/>
  </testcase>
  <testcase name="Given product name is set with &quot;a&quot; 40 times" classname="Scenario: provider enters in name field more than 30 char" time="0"/>
  <testcase name="Given product is set with the following fields" classname="Scenario: provider enters in name field more than 30 char" time="0"/>
  <testcase name="Given product video is created with bellow given path" classname="Scenario: provider enters in name field more than 30 char" time="0"/>
  <testcase name="Given provider sends a new product" classname="Scenario: provider enters in name field more than 30 char" time="0"/>
  <testcase name="Then verify status code is 500" classname="Scenario: provider enters in name field more than 30 char" time="0"/>
  <testcase name="Then verify the title is &quot;Internal Server Error&quot;" classname="Scenario: provider enters in name field more than 30 char" time="0"/>
  <testcase name="Scenario: provider enters in name field more than 30 char" classname="Scenario: provider enters in name field more than 30 char" time="0"/>
  <testcase name="Given product shortDescription is set with &quot;a&quot; 100 times" classname="Scenario: provider enters in shortDescription field more than 60 char" time="0"/>
  <testcase name="Given product is set with the following fields" classname="Scenario: provider enters in shortDescription field more than 60 char" time="0"/>
  <testcase name="Given product video is created with bellow given path" classname="Scenario: provider enters in shortDescription field more than 60 char" time="0"/>
  <testcase name="Given provider sends a new product" classname="Scenario: provider enters in shortDescription field more than 60 char" time="0"/>
  <testcase name="Then verify status code is 500" classname="Scenario: provider enters in shortDescription field more than 60 char" time="0"/>
  <testcase name="Then verify the title is &quot;Internal Server Error&quot;" classname="Scenario: provider enters in shortDescription field more than 60 char" time="0"/>
  <testcase name="Scenario: provider enters in shortDescription field more than 60 char" classname="Scenario: provider enters in shortDescription field more than 60 char" time="0"/>
  <testcase name="Given product fullDescription is set with &quot;a&quot; 1000 times" classname="Scenario: provider enters in fullDescription field more than 900 char" time="0"/>
  <testcase name="Given product is set with the following fields" classname="Scenario: provider enters in fullDescription field more than 900 char" time="0"/>
  <testcase name="Given product video is created with bellow given path" classname="Scenario: provider enters in fullDescription field more than 900 char" time="0"/>
  <testcase name="Given provider sends a new product" classname="Scenario: provider enters in fullDescription field more than 900 char" time="0"/>
  <testcase name="Then verify status code is 500" classname="Scenario: provider enters in fullDescription field more than 900 char" time="0"/>
  <testcase name="Then verify the title is &quot;Internal Server Error&quot;" classname="Scenario: provider enters in fullDescription field more than 900 char" time="0"/>
  <testcase name="Scenario: provider enters in fullDescription field more than 900 char" classname="Scenario: provider enters in fullDescription field more than 900 char" time="0"/>
  <testcase name="Given product is set with the following fields" classname="Scenario: provider enters a data in productPrices with empty  fromDate field" time="0"/>
  <testcase name="Given product is set with the following fields" classname="Scenario: provider enters a data in productPrices with empty  fromDate field" time="0"/>
  <testcase name="Given productVideos is set with the following fields" classname="Scenario: provider enters a data in productPrices with empty  fromDate field" time="0"/>
  <testcase name="Given productVideos is set with the following fields" classname="Scenario: provider enters a data in productPrices with empty  fromDate field" time="0"/>
  <testcase name="Given productPrices is set with the following fields" classname="Scenario: provider enters a data in productPrices with empty  fromDate field" time="0"/>
  <testcase name="Given productPrices is set with the following fields" classname="Scenario: provider enters a data in productPrices with empty  fromDate field" time="0"/>
  <testcase name="Given provider creates a new product" classname="Scenario: provider enters a data in productPrices with empty  fromDate field" time="0"/>
  <testcase name="Given provider creates a new product" classname="Scenario: provider enters a data in productPrices with empty  fromDate field" time="0"/>
  <testcase name="Then verify status code is 400" classname="Scenario: provider enters a data in productPrices with empty  fromDate field" time="0"/>
  <testcase name="Then verify status code is 400" classname="Scenario: provider enters a data in productPrices with empty  fromDate field" time="0"/>
  <testcase name="Then verify the title is &quot;One or more validation errors occurred.&quot;" classname="Scenario: provider enters a data in productPrices with empty  fromDate field" time="0"/>
  <testcase name="Then verify the title is &quot;One or more validation errors occurred.&quot;" classname="Scenario: provider enters a data in productPrices with empty  fromDate field" time="0"/>
  <testcase name="Scenario: provider enters a data in productPrices with empty  fromDate field" classname="Scenario: provider enters a data in productPrices with empty  fromDate field" time="0"/>
  <testcase name="Scenario: provider enters a data in productPrices with empty  fromDate field" classname="Scenario: provider enters a data in productPrices with empty  fromDate field" time="0"/>
  <testcase name="Given product is set with the following fields" classname="Scenario: provider enters a data in productPrices with missing  fromDate field" time="0"/>
  <testcase name="Given productVideos is set with the following fields" classname="Scenario: provider enters a data in productPrices with missing  fromDate field" time="0"/>
  <testcase name="Given productPrices is set with the following fields" classname="Scenario: provider enters a data in productPrices with missing  fromDate field" time="0"/>
  <testcase name="Given provider creates a new product" classname="Scenario: provider enters a data in productPrices with missing  fromDate field" time="0"/>
  <testcase name="Then verify status code is 400" classname="Scenario: provider enters a data in productPrices with missing  fromDate field" time="0">
    <failure message="expected:&lt;400&gt; but was:&lt;200&gt;" type="java.lang.AssertionError"><![CDATA[java.lang.AssertionError: expected:<400> but was:<200>
]]></failure>
    <system-out><![CDATA[{
    "id": "rO98exle",
    "name": "AutoTest",
    "productTypeId": null,
    "active": true,
    "shortDescription": "Test For Automation 1",
    "fullDescription": "Automation for API in Postman",
    "mostPopular": null,
    "longitude": 456.456,
    "latitude": 3245678.5467,
    "calendarColor": "blue",
    "address": "Bishkek",
    "cityId": "qeaZ7Rld",
    "createdAt": "2021-06-16T04:25:33.478343",
    "productImages": [
        
    ],
    "productDocuments": [
        
    ],
    "productTypes": null,
    "productWorkingDates": [
        {
            "id": "nGazmzpV",
            "productId": "rO98exle",
            "fromDate": "2022-12-31",
            "toDate": "2022-12-31",
            "name": "1234",
            "strictHours": false,
            "timeSlots": [
                {
                    "id": "ylKdbQO8",
                    "productWorkingDateId": "nGazmzpV",
                    "dayOfWeek": "Monday",
                    "startTime": "09:00:00",
                    "endTime": "20:00:00",
                    "duration": "00:00:00",
                    "quantity": 32,
                    "usedQuantity": 0,
                    "active": false,
                    "deletedAt": null
                }
            ],
            "deletedAt": null,
            "maxUsedTicketsQuantity": 0,
            "errorCode": 0
        }
    ],
    "productRegions": [
        {
            "id": "BelmEKln",
            "productId": "rO98exle",
            "regionId": "5bpJKaVE",
            "regionName": null
        }
    ],
    "productPrices": [
        {
            "id": "oylKxKO8",
            "productId": "rO98exle",
            "channelId": "LbaQGOAx",
            "fromDate": "0001-01-01T00:00:00",
            "toDate": "2022-12-31T00:00:00",
            "title": "API",
            "remarks": "Test",
            "officialPrice": 0,
            "currencyId": "5bpJKaVE",
            "quantityPerDay": 123,
            "autoConfirm": false,
            "pricePerPerson": false,
            "productPriceTypes": [
                {
                    "id": "JnlYgZpz",
                    "productPriceId": "oylKxKO8",
                    "productCustomerTypeId": "rO98mble",
                    "amount": 57,
                    "currencyId": "Belm3pnb",
                    "currencySymbol": null,
                    "isOfficial": true,
                    "productCustomerType": {
                        "id": "rO98mble",
                        "productId": "yxl4wVaj",
                        "name": "?????"
                    }
                }
            ],
            "deletedAt": null
        }
    ],
    "productCustomerTypes": [
        {
            "id": "eaZLBvOd",
            "productId": "rO98exle",
            "name": "API"
        },
        {
            "id": "rO7n76l6",
            "productId": "rO98exle",
            "name": "?????"
        },
        {
            "id": "nlYx6maz",
            "productId": "rO98exle",
            "name": "???"
        },
        {
            "id": "MaGEdNOD",
            "productId": "rO98exle",
            "name": "?????"
        }
    ],
    "city": {
        "id": "qeaZ7Rld",
        "name": "Israel"
    },
    "productIncludedTags": [
        {
            "id": "dzpMJga6",
            "productId": "rO98exle",
            "subTagId": "jLa3rjpz",
            "parentTagId": null,
            "subTagName": null
        }
    ],
    "productExcludedTags": [
        {
            "id": "kMaGN4pD",
            "productId": "rO98exle",
            "subTagId": "4eO8gvlP",
            "parentTagId": null,
            "subTagName": null
        }
    ],
    "productTags": [
        {
            "id": "bpJKE9aV",
            "productId": "rO98exle",
            "subTagId": "qeaZMepd",
            "parentTagId": null,
            "subTagName": null
        }
    ],
    "productTranslations": null,
    "productVideos": [
        {
            "id": "oylKMBp8",
            "productId": "rO98exle",
            "path": "https://www.youtube.com/watch?v=u1yVCeXYya4&list=RDMMu1yVCeXYya4&start_radio=1"
        }
    ]
}
{
    "id": "rO98exle",
    "name": "AutoTest",
    "productTypeId": null,
    "active": true,
    "shortDescription": "Test For Automation 1",
    "fullDescription": "Automation for API in Postman",
    "mostPopular": null,
    "longitude": 456.456,
    "latitude": 3245678.5467,
    "calendarColor": "blue",
    "address": "Bishkek",
    "cityId": "qeaZ7Rld",
    "createdAt": "2021-06-16T04:25:33.478343",
    "productImages": [
        
    ],
    "productDocuments": [
        
    ],
    "productTypes": null,
    "productWorkingDates": [
        {
            "id": "nGazmzpV",
            "productId": "rO98exle",
            "fromDate": "2022-12-31",
            "toDate": "2022-12-31",
            "name": "1234",
            "strictHours": false,
            "timeSlots": [
                {
                    "id": "ylKdbQO8",
                    "productWorkingDateId": "nGazmzpV",
                    "dayOfWeek": "Monday",
                    "startTime": "09:00:00",
                    "endTime": "20:00:00",
                    "duration": "00:00:00",
                    "quantity": 32,
                    "usedQuantity": 0,
                    "active": false,
                    "deletedAt": null
                }
            ],
            "deletedAt": null,
            "maxUsedTicketsQuantity": 0,
            "errorCode": 0
        }
    ],
    "productRegions": [
        {
            "id": "BelmEKln",
            "productId": "rO98exle",
            "regionId": "5bpJKaVE",
            "regionName": null
        }
    ],
    "productPrices": [
        {
            "id": "oylKxKO8",
            "productId": "rO98exle",
            "channelId": "LbaQGOAx",
            "fromDate": "0001-01-01T00:00:00",
            "toDate": "2022-12-31T00:00:00",
            "title": "API",
            "remarks": "Test",
            "officialPrice": 0,
            "currencyId": "5bpJKaVE",
            "quantityPerDay": 123,
            "autoConfirm": false,
            "pricePerPerson": false,
            "productPriceTypes": [
                {
                    "id": "JnlYgZpz",
                    "productPriceId": "oylKxKO8",
                    "productCustomerTypeId": "rO98mble",
                    "amount": 57,
                    "currencyId": "Belm3pnb",
                    "currencySymbol": null,
                    "isOfficial": true,
                    "productCustomerType": {
                        "id": "rO98mble",
                        "productId": "yxl4wVaj",
                        "name": "?????"
                    }
                }
            ],
            "deletedAt": null
        }
    ],
    "productCustomerTypes": [
        {
            "id": "eaZLBvOd",
            "productId": "rO98exle",
            "name": "API"
        },
        {
            "id": "rO7n76l6",
            "productId": "rO98exle",
            "name": "?????"
        },
        {
            "id": "nlYx6maz",
            "productId": "rO98exle",
            "name": "???"
        },
        {
            "id": "MaGEdNOD",
            "productId": "rO98exle",
            "name": "?????"
        }
    ],
    "city": {
        "id": "qeaZ7Rld",
        "name": "Israel"
    },
    "productIncludedTags": [
        {
            "id": "dzpMJga6",
            "productId": "rO98exle",
            "subTagId": "jLa3rjpz",
            "parentTagId": null,
            "subTagName": null
        }
    ],
    "productExcludedTags": [
        {
            "id": "kMaGN4pD",
            "productId": "rO98exle",
            "subTagId": "4eO8gvlP",
            "parentTagId": null,
            "subTagName": null
        }
    ],
    "productTags": [
        {
            "id": "bpJKE9aV",
            "productId": "rO98exle",
            "subTagId": "qeaZMepd",
            "parentTagId": null,
            "subTagName": null
        }
    ],
    "productTranslations": null,
    "productVideos": [
        {
            "id": "oylKMBp8",
            "productId": "rO98exle",
            "path": "https://www.youtube.com/watch?v=u1yVCeXYya4&list=RDMMu1yVCeXYya4&start_radio=1"
        }
    ]
}
]]></system-out>
  </testcase>
  <testcase name="Scenario: provider enters a data in productPrices with missing  fromDate field" classname="Scenario: provider enters a data in productPrices with missing  fromDate field" time="0">
    <failure message="expected:&lt;400&gt; but was:&lt;200&gt;" type="java.lang.AssertionError"><![CDATA[java.lang.AssertionError: expected:<400> but was:<200>
]]></failure>
  </testcase>
  <testcase name="Then verify the title is &quot;One or more validation errors occurred.&quot;" classname="Scenario: provider enters a data in productPrices with missing  fromDate field" time="0">
    <skipped/>
  </testcase>
  <testcase name="Given product is set with the following fields" classname="Scenario: provider enters a data in productPrices with empty  toDate field" time="0"/>
  <testcase name="Given productVideos is set with the following fields" classname="Scenario: provider enters a data in productPrices with empty  toDate field" time="0"/>
  <testcase name="Given productPrices is set with the following fields" classname="Scenario: provider enters a data in productPrices with empty  toDate field" time="0"/>
  <testcase name="Given provider creates a new product" classname="Scenario: provider enters a data in productPrices with empty  toDate field" time="0"/>
  <testcase name="Then verify status code is 400" classname="Scenario: provider enters a data in productPrices with empty  toDate field" time="0"/>
  <testcase name="Then verify the title is &quot;One or more validation errors occurred.&quot;" classname="Scenario: provider enters a data in productPrices with empty  toDate field" time="0"/>
  <testcase name="Scenario: provider enters a data in productPrices with empty  toDate field" classname="Scenario: provider enters a data in productPrices with empty  toDate field" time="0"/>
  <testcase name="Given product is set with the following fields" classname="Scenario: provider enters a data in productPrices with missing  toDate field" time="0"/>
  <testcase name="Given productVideos is set with the following fields" classname="Scenario: provider enters a data in productPrices with missing  toDate field" time="0"/>
  <testcase name="Given productPrices is set with the following fields" classname="Scenario: provider enters a data in productPrices with missing  toDate field" time="0"/>
  <testcase name="Given provider creates a new product" classname="Scenario: provider enters a data in productPrices with missing  toDate field" time="0"/>
  <testcase name="Then verify status code is 500" classname="Scenario: provider enters a data in productPrices with missing  toDate field" time="0"/>
  <testcase name="Then verify the title is &quot;Internal Server Error&quot;" classname="Scenario: provider enters a data in productPrices with missing  toDate field" time="0"/>
  <testcase name="Scenario: provider enters a data in productPrices with missing  toDate field" classname="Scenario: provider enters a data in productPrices with missing  toDate field" time="0"/>
  <testcase name="Given product is set with the following fields" classname="Scenario: provider enters a data in productPrices with special char  toDate field" time="0"/>
  <testcase name="Given productVideos is set with the following fields" classname="Scenario: provider enters a data in productPrices with special char  toDate field" time="0"/>
  <testcase name="Given productPrices is set with the following fields" classname="Scenario: provider enters a data in productPrices with special char  toDate field" time="0"/>
  <testcase name="Given provider creates a new product" classname="Scenario: provider enters a data in productPrices with special char  toDate field" time="0"/>
  <testcase name="Then verify status code is 400" classname="Scenario: provider enters a data in productPrices with special char  toDate field" time="0"/>
  <testcase name="Then verify the title is &quot;One or more validation errors occurred.&quot;" classname="Scenario: provider enters a data in productPrices with special char  toDate field" time="0"/>
  <testcase name="Scenario: provider enters a data in productPrices with special char  toDate field" classname="Scenario: provider enters a data in productPrices with special char  toDate field" time="0"/>
  <testcase name="Given product is set with the following fields" classname="Scenario: provider enters a data in productPrices with empty  title field" time="0"/>
  <testcase name="Given productVideos is set with the following fields" classname="Scenario: provider enters a data in productPrices with empty  title field" time="0"/>
  <testcase name="Given productPrices is set with the following fields" classname="Scenario: provider enters a data in productPrices with empty  title field" time="0.015"/>
  <testcase name="Given provider creates a new product" classname="Scenario: provider enters a data in productPrices with empty  title field" time="0"/>
  <testcase name="Then verify status code is 400" classname="Scenario: provider enters a data in productPrices with empty  title field" time="0">
    <failure message="expected:&lt;400&gt; but was:&lt;200&gt;" type="java.lang.AssertionError"><![CDATA[java.lang.AssertionError: expected:<400> but was:<200>
]]></failure>
    <system-out><![CDATA[{
    "id": "rO7nXvl6",
    "name": "AutoTest",
    "productTypeId": null,
    "active": true,
    "shortDescription": "Test For Automation 1",
    "fullDescription": "Automation for API in Postman",
    "mostPopular": null,
    "longitude": 456.456,
    "latitude": 3245678.5467,
    "calendarColor": "blue",
    "address": "Bishkek",
    "cityId": "JnlY9blz",
    "createdAt": "2021-06-16T04:25:34.439384",
    "productImages": [
        
    ],
    "productDocuments": [
        
    ],
    "productTypes": null,
    "productWorkingDates": [
        {
            "id": "k8p0x0pJ",
            "productId": "rO7nXvl6",
            "fromDate": "2022-12-31",
            "toDate": "2022-12-31",
            "name": "1234",
            "strictHours": false,
            "timeSlots": [
                {
                    "id": "baQkVAOA",
                    "productWorkingDateId": "k8p0x0pJ",
                    "dayOfWeek": "Monday",
                    "startTime": "09:00:00",
                    "endTime": "20:00:00",
                    "duration": "00:00:00",
                    "quantity": 32,
                    "usedQuantity": 0,
                    "active": false,
                    "deletedAt": null
                }
            ],
            "deletedAt": null,
            "maxUsedTicketsQuantity": 0,
            "errorCode": 0
        }
    ],
    "productRegions": [
        {
            "id": "5bpJGAaV",
            "productId": "rO7nXvl6",
            "regionId": "5bpJKaVE",
            "regionName": null
        }
    ],
    "productPrices": [
        {
            "id": "M5l17QpW",
            "productId": "rO7nXvl6",
            "channelId": "LbaQGOAx",
            "fromDate": "2021-05-31T00:00:00",
            "toDate": "2022-12-31T00:00:00",
            "title": "",
            "remarks": "Test",
            "officialPrice": 0,
            "currencyId": "5bpJKaVE",
            "quantityPerDay": 123,
            "autoConfirm": false,
            "pricePerPerson": false,
            "productPriceTypes": [
                {
                    "id": "kMaGZjpD",
                    "productPriceId": "M5l17QpW",
                    "productCustomerTypeId": "Yayq3zaW",
                    "amount": 57,
                    "currencyId": "Belm3pnb",
                    "currencySymbol": null,
                    "isOfficial": true,
                    "productCustomerType": {
                        "id": "Yayq3zaW",
                        "productId": "yxl4wVaj",
                        "name": "?????"
                    }
                }
            ],
            "deletedAt": null
        }
    ],
    "productCustomerTypes": [
        {
            "id": "3pWodjp4",
            "productId": "rO7nXvl6",
            "name": "API"
        },
        {
            "id": "xl4WLoaj",
            "productId": "rO7nXvl6",
            "name": "?????"
        },
        {
            "id": "Gaz7KElV",
            "productId": "rO7nXvl6",
            "name": "???"
        },
        {
            "id": "8p0NmxlJ",
            "productId": "rO7nXvl6",
            "name": "?????"
        }
    ],
    "city": {
        "id": "JnlY9blz",
        "name": "Israel"
    },
    "productIncludedTags": [
        {
            "id": "bBl5E1lX",
            "productId": "rO7nXvl6",
            "subTagId": "jLa3rjpz",
            "parentTagId": null,
            "subTagName": null
        }
    ],
    "productExcludedTags": [
        {
            "id": "1dpdyva7",
            "productId": "rO7nXvl6",
            "subTagId": "4eO8gvlP",
            "parentTagId": null,
            "subTagName": null
        }
    ],
    "productTags": [
        {
            "id": "WaNdV8Od",
            "productId": "rO7nXvl6",
            "subTagId": "qeaZMepd",
            "parentTagId": null,
            "subTagName": null
        }
    ],
    "productTranslations": null,
    "productVideos": [
        {
            "id": "1dpdx7p7",
            "productId": "rO7nXvl6",
            "path": "https://www.youtube.com/watch?v=u1yVCeXYya4&list=RDMMu1yVCeXYya4&start_radio=1"
        }
    ]
}
{
    "id": "rO7nXvl6",
    "name": "AutoTest",
    "productTypeId": null,
    "active": true,
    "shortDescription": "Test For Automation 1",
    "fullDescription": "Automation for API in Postman",
    "mostPopular": null,
    "longitude": 456.456,
    "latitude": 3245678.5467,
    "calendarColor": "blue",
    "address": "Bishkek",
    "cityId": "JnlY9blz",
    "createdAt": "2021-06-16T04:25:34.439384",
    "productImages": [
        
    ],
    "productDocuments": [
        
    ],
    "productTypes": null,
    "productWorkingDates": [
        {
            "id": "k8p0x0pJ",
            "productId": "rO7nXvl6",
            "fromDate": "2022-12-31",
            "toDate": "2022-12-31",
            "name": "1234",
            "strictHours": false,
            "timeSlots": [
                {
                    "id": "baQkVAOA",
                    "productWorkingDateId": "k8p0x0pJ",
                    "dayOfWeek": "Monday",
                    "startTime": "09:00:00",
                    "endTime": "20:00:00",
                    "duration": "00:00:00",
                    "quantity": 32,
                    "usedQuantity": 0,
                    "active": false,
                    "deletedAt": null
                }
            ],
            "deletedAt": null,
            "maxUsedTicketsQuantity": 0,
            "errorCode": 0
        }
    ],
    "productRegions": [
        {
            "id": "5bpJGAaV",
            "productId": "rO7nXvl6",
            "regionId": "5bpJKaVE",
            "regionName": null
        }
    ],
    "productPrices": [
        {
            "id": "M5l17QpW",
            "productId": "rO7nXvl6",
            "channelId": "LbaQGOAx",
            "fromDate": "2021-05-31T00:00:00",
            "toDate": "2022-12-31T00:00:00",
            "title": "",
            "remarks": "Test",
            "officialPrice": 0,
            "currencyId": "5bpJKaVE",
            "quantityPerDay": 123,
            "autoConfirm": false,
            "pricePerPerson": false,
            "productPriceTypes": [
                {
                    "id": "kMaGZjpD",
                    "productPriceId": "M5l17QpW",
                    "productCustomerTypeId": "Yayq3zaW",
                    "amount": 57,
                    "currencyId": "Belm3pnb",
                    "currencySymbol": null,
                    "isOfficial": true,
                    "productCustomerType": {
                        "id": "Yayq3zaW",
                        "productId": "yxl4wVaj",
                        "name": "?????"
                    }
                }
            ],
            "deletedAt": null
        }
    ],
    "productCustomerTypes": [
        {
            "id": "3pWodjp4",
            "productId": "rO7nXvl6",
            "name": "API"
        },
        {
            "id": "xl4WLoaj",
            "productId": "rO7nXvl6",
            "name": "?????"
        },
        {
            "id": "Gaz7KElV",
            "productId": "rO7nXvl6",
            "name": "???"
        },
        {
            "id": "8p0NmxlJ",
            "productId": "rO7nXvl6",
            "name": "?????"
        }
    ],
    "city": {
        "id": "JnlY9blz",
        "name": "Israel"
    },
    "productIncludedTags": [
        {
            "id": "bBl5E1lX",
            "productId": "rO7nXvl6",
            "subTagId": "jLa3rjpz",
            "parentTagId": null,
            "subTagName": null
        }
    ],
    "productExcludedTags": [
        {
            "id": "1dpdyva7",
            "productId": "rO7nXvl6",
            "subTagId": "4eO8gvlP",
            "parentTagId": null,
            "subTagName": null
        }
    ],
    "productTags": [
        {
            "id": "WaNdV8Od",
            "productId": "rO7nXvl6",
            "subTagId": "qeaZMepd",
            "parentTagId": null,
            "subTagName": null
        }
    ],
    "productTranslations": null,
    "productVideos": [
        {
            "id": "1dpdx7p7",
            "productId": "rO7nXvl6",
            "path": "https://www.youtube.com/watch?v=u1yVCeXYya4&list=RDMMu1yVCeXYya4&start_radio=1"
        }
    ]
}
]]></system-out>
  </testcase>
  <testcase name="Scenario: provider enters a data in productPrices with empty  title field" classname="Scenario: provider enters a data in productPrices with empty  title field" time="0">
    <failure message="expected:&lt;400&gt; but was:&lt;200&gt;" type="java.lang.AssertionError"><![CDATA[java.lang.AssertionError: expected:<400> but was:<200>
]]></failure>
  </testcase>
  <testcase name="Then verify the title is &quot;One or more validation errors occurred.&quot;" classname="Scenario: provider enters a data in productPrices with empty  title field" time="0">
    <skipped/>
  </testcase>
  <testcase name="Given product is set with the following fields" classname="Scenario: provider enters a data in productPrices with missing  title field" time="0"/>
  <testcase name="Given productVideos is set with the following fields" classname="Scenario: provider enters a data in productPrices with missing  title field" time="0"/>
  <testcase name="Given productPrices is set with the following fields" classname="Scenario: provider enters a data in productPrices with missing  title field" time="0"/>
  <testcase name="Given provider creates a new product" classname="Scenario: provider enters a data in productPrices with missing  title field" time="0"/>
  <testcase name="Then verify status code is 400" classname="Scenario: provider enters a data in productPrices with missing  title field" time="0">
    <failure message="expected:&lt;400&gt; but was:&lt;200&gt;" type="java.lang.AssertionError"><![CDATA[java.lang.AssertionError: expected:<400> but was:<200>
]]></failure>
    <system-out><![CDATA[{
    "id": "nlYxvZaz",
    "name": "AutoTest",
    "productTypeId": null,
    "active": true,
    "shortDescription": "Test For Automation 1",
    "fullDescription": "Automation for API in Postman",
    "mostPopular": null,
    "longitude": 456.456,
    "latitude": 3245678.5467,
    "calendarColor": "blue",
    "address": "Bishkek",
    "cityId": "kMaG1DOD",
    "createdAt": "2021-06-16T04:25:34.661962",
    "productImages": [
        
    ],
    "productDocuments": [
        
    ],
    "productTypes": null,
    "productWorkingDates": [
        {
            "id": "KPledbav",
            "productId": "nlYxvZaz",
            "fromDate": "2022-12-31",
            "toDate": "2022-12-31",
            "name": "1234",
            "strictHours": false,
            "timeSlots": [
                {
                    "id": "elm3Mepn",
                    "productWorkingDateId": "KPledbav",
                    "dayOfWeek": "Monday",
                    "startTime": "09:00:00",
                    "endTime": "20:00:00",
                    "duration": "00:00:00",
                    "quantity": 32,
                    "usedQuantity": 0,
                    "active": false,
                    "deletedAt": null
                }
            ],
            "deletedAt": null,
            "maxUsedTicketsQuantity": 0,
            "errorCode": 0
        }
    ],
    "productRegions": [
        {
            "id": "0WaN6Qad",
            "productId": "nlYxvZaz",
            "regionId": "5bpJKaVE",
            "regionName": null
        }
    ],
    "productPrices": [
        {
            "id": "WYp61jOK",
            "productId": "nlYxvZaz",
            "channelId": "LbaQGOAx",
            "fromDate": "2021-05-31T00:00:00",
            "toDate": "2022-12-31T00:00:00",
            "title": null,
            "remarks": "Test",
            "officialPrice": 0,
            "currencyId": "5bpJKaVE",
            "quantityPerDay": 123,
            "autoConfirm": false,
            "pricePerPerson": false,
            "productPriceTypes": [
                {
                    "id": "oylKK6l8",
                    "productPriceId": "WYp61jOK",
                    "productCustomerTypeId": "PleoVzpv",
                    "amount": 57,
                    "currencyId": "Belm3pnb",
                    "currencySymbol": null,
                    "isOfficial": true,
                    "productCustomerType": {
                        "id": "PleoVzpv",
                        "productId": "yxl4wVaj",
                        "name": "?????"
                    }
                }
            ],
            "deletedAt": null
        }
    ],
    "productCustomerTypes": [
        {
            "id": "ApRD29lY",
            "productId": "nlYxvZaz",
            "name": "API"
        },
        {
            "id": "7OxMq2p6",
            "productId": "nlYxvZaz",
            "name": "?????"
        },
        {
            "id": "dl2oNVOX",
            "productId": "nlYxvZaz",
            "name": "???"
        },
        {
            "id": "Jpgydrlq",
            "productId": "nlYxvZaz",
            "name": "?????"
        }
    ],
    "city": {
        "id": "kMaG1DOD",
        "name": "Israel"
    },
    "productIncludedTags": [
        {
            "id": "YbpvLAlJ",
            "productId": "nlYxvZaz",
            "subTagId": "jLa3rjpz",
            "parentTagId": null,
            "subTagName": null
        }
    ],
    "productExcludedTags": [
        {
            "id": "M5l1KApW",
            "productId": "nlYxvZaz",
            "subTagId": "4eO8gvlP",
            "parentTagId": null,
            "subTagName": null
        }
    ],
    "productTags": [
        {
            "id": "2aAY9XaZ",
            "productId": "nlYxvZaz",
            "subTagId": "qeaZMepd",
            "parentTagId": null,
            "subTagName": null
        }
    ],
    "productTranslations": null,
    "productVideos": [
        {
            "id": "M5l1J6OW",
            "productId": "nlYxvZaz",
            "path": "https://www.youtube.com/watch?v=u1yVCeXYya4&list=RDMMu1yVCeXYya4&start_radio=1"
        }
    ]
}
{
    "id": "nlYxvZaz",
    "name": "AutoTest",
    "productTypeId": null,
    "active": true,
    "shortDescription": "Test For Automation 1",
    "fullDescription": "Automation for API in Postman",
    "mostPopular": null,
    "longitude": 456.456,
    "latitude": 3245678.5467,
    "calendarColor": "blue",
    "address": "Bishkek",
    "cityId": "kMaG1DOD",
    "createdAt": "2021-06-16T04:25:34.661962",
    "productImages": [
        
    ],
    "productDocuments": [
        
    ],
    "productTypes": null,
    "productWorkingDates": [
        {
            "id": "KPledbav",
            "productId": "nlYxvZaz",
            "fromDate": "2022-12-31",
            "toDate": "2022-12-31",
            "name": "1234",
            "strictHours": false,
            "timeSlots": [
                {
                    "id": "elm3Mepn",
                    "productWorkingDateId": "KPledbav",
                    "dayOfWeek": "Monday",
                    "startTime": "09:00:00",
                    "endTime": "20:00:00",
                    "duration": "00:00:00",
                    "quantity": 32,
                    "usedQuantity": 0,
                    "active": false,
                    "deletedAt": null
                }
            ],
            "deletedAt": null,
            "maxUsedTicketsQuantity": 0,
            "errorCode": 0
        }
    ],
    "productRegions": [
        {
            "id": "0WaN6Qad",
            "productId": "nlYxvZaz",
            "regionId": "5bpJKaVE",
            "regionName": null
        }
    ],
    "productPrices": [
        {
            "id": "WYp61jOK",
            "productId": "nlYxvZaz",
            "channelId": "LbaQGOAx",
            "fromDate": "2021-05-31T00:00:00",
            "toDate": "2022-12-31T00:00:00",
            "title": null,
            "remarks": "Test",
            "officialPrice": 0,
            "currencyId": "5bpJKaVE",
            "quantityPerDay": 123,
            "autoConfirm": false,
            "pricePerPerson": false,
            "productPriceTypes": [
                {
                    "id": "oylKK6l8",
                    "productPriceId": "WYp61jOK",
                    "productCustomerTypeId": "PleoVzpv",
                    "amount": 57,
                    "currencyId": "Belm3pnb",
                    "currencySymbol": null,
                    "isOfficial": true,
                    "productCustomerType": {
                        "id": "PleoVzpv",
                        "productId": "yxl4wVaj",
                        "name": "?????"
                    }
                }
            ],
            "deletedAt": null
        }
    ],
    "productCustomerTypes": [
        {
            "id": "ApRD29lY",
            "productId": "nlYxvZaz",
            "name": "API"
        },
        {
            "id": "7OxMq2p6",
            "productId": "nlYxvZaz",
            "name": "?????"
        },
        {
            "id": "dl2oNVOX",
            "productId": "nlYxvZaz",
            "name": "???"
        },
        {
            "id": "Jpgydrlq",
            "productId": "nlYxvZaz",
            "name": "?????"
        }
    ],
    "city": {
        "id": "kMaG1DOD",
        "name": "Israel"
    },
    "productIncludedTags": [
        {
            "id": "YbpvLAlJ",
            "productId": "nlYxvZaz",
            "subTagId": "jLa3rjpz",
            "parentTagId": null,
            "subTagName": null
        }
    ],
    "productExcludedTags": [
        {
            "id": "M5l1KApW",
            "productId": "nlYxvZaz",
            "subTagId": "4eO8gvlP",
            "parentTagId": null,
            "subTagName": null
        }
    ],
    "productTags": [
        {
            "id": "2aAY9XaZ",
            "productId": "nlYxvZaz",
            "subTagId": "qeaZMepd",
            "parentTagId": null,
            "subTagName": null
        }
    ],
    "productTranslations": null,
    "productVideos": [
        {
            "id": "M5l1J6OW",
            "productId": "nlYxvZaz",
            "path": "https://www.youtube.com/watch?v=u1yVCeXYya4&list=RDMMu1yVCeXYya4&start_radio=1"
        }
    ]
}
]]></system-out>
  </testcase>
  <testcase name="Scenario: provider enters a data in productPrices with missing  title field" classname="Scenario: provider enters a data in productPrices with missing  title field" time="0">
    <failure message="expected:&lt;400&gt; but was:&lt;200&gt;" type="java.lang.AssertionError"><![CDATA[java.lang.AssertionError: expected:<400> but was:<200>
]]></failure>
  </testcase>
  <testcase name="Then verify the title is &quot;One or more validation errors occurred.&quot;" classname="Scenario: provider enters a data in productPrices with missing  title field" time="0">
    <skipped/>
  </testcase>
</testsuite>