<?xml version="1.0" encoding="UTF-8"?>
<testsuite xmlns:xsi="http://www.w3.org/2001/XMLSchema-instance" xsi:noNamespaceSchemaLocation="https://maven.apache.org/surefire/maven-surefire-plugin/xsd/surefire-test-report.xsd" name="www.logisense.com.cucumber.testrunners.wizard.WizardNewProductRequestTest" time="71.368" tests="416" errors="0" skipped="21" failures="50">
  <properties>
    <property name="java.specification.version" value="14"/>
    <property name="sun.cpu.isalist" value="amd64"/>
    <property name="sun.jnu.encoding" value="Cp1252"/>
    <property name="java.class.path" value="C:\Users\azaos\IdeaProjects\Book_It_LogiSense\target\test-classes;C:\Users\azaos\IdeaProjects\Book_It_LogiSense\target\classes;C:\Users\azaos\.m2\repository\junit\junit\4.11\junit-4.11.jar;C:\Users\azaos\.m2\repository\org\hamcrest\hamcrest-core\1.3\hamcrest-core-1.3.jar;C:\Users\azaos\.m2\repository\io\cucumber\cucumber-junit\1.2.6\cucumber-junit-1.2.6.jar;C:\Users\azaos\.m2\repository\io\cucumber\cucumber-java\1.2.6\cucumber-java-1.2.6.jar;C:\Users\azaos\.m2\repository\io\cucumber\cucumber-core\1.2.6\cucumber-core-1.2.6.jar;C:\Users\azaos\.m2\repository\info\cukes\cucumber-html\0.2.3\cucumber-html-0.2.3.jar;C:\Users\azaos\.m2\repository\info\cukes\cucumber-jvm-deps\1.0.5\cucumber-jvm-deps-1.0.5.jar;C:\Users\azaos\.m2\repository\info\cukes\gherkin\2.12.2\gherkin-2.12.2.jar;C:\Users\azaos\.m2\repository\io\rest-assured\rest-assured\4.3.3\rest-assured-4.3.3.jar;C:\Users\azaos\.m2\repository\org\codehaus\groovy\groovy\3.0.7\groovy-3.0.7.jar;C:\Users\azaos\.m2\repository\org\codehaus\groovy\groovy-xml\3.0.7\groovy-xml-3.0.7.jar;C:\Users\azaos\.m2\repository\org\apache\httpcomponents\httpclient\4.5.3\httpclient-4.5.3.jar;C:\Users\azaos\.m2\repository\org\apache\httpcomponents\httpcore\4.4.6\httpcore-4.4.6.jar;C:\Users\azaos\.m2\repository\commons-logging\commons-logging\1.2\commons-logging-1.2.jar;C:\Users\azaos\.m2\repository\commons-codec\commons-codec\1.9\commons-codec-1.9.jar;C:\Users\azaos\.m2\repository\org\apache\httpcomponents\httpmime\4.5.3\httpmime-4.5.3.jar;C:\Users\azaos\.m2\repository\org\hamcrest\hamcrest\2.1\hamcrest-2.1.jar;C:\Users\azaos\.m2\repository\org\ccil\cowan\tagsoup\tagsoup\1.2.1\tagsoup-1.2.1.jar;C:\Users\azaos\.m2\repository\io\rest-assured\json-path\4.3.3\json-path-4.3.3.jar;C:\Users\azaos\.m2\repository\org\codehaus\groovy\groovy-json\3.0.7\groovy-json-3.0.7.jar;C:\Users\azaos\.m2\repository\io\rest-assured\rest-assured-common\4.3.3\rest-assured-common-4.3.3.jar;C:\Users\azaos\.m2\repository\io\rest-assured\xml-path\4.3.3\xml-path-4.3.3.jar;C:\Users\azaos\.m2\repository\org\apache\commons\commons-lang3\3.11\commons-lang3-3.11.jar;C:\Users\azaos\.m2\repository\jakarta\xml\bind\jakarta.xml.bind-api\2.3.3\jakarta.xml.bind-api-2.3.3.jar;C:\Users\azaos\.m2\repository\jakarta\activation\jakarta.activation-api\1.2.2\jakarta.activation-api-1.2.2.jar;C:\Users\azaos\.m2\repository\com\sun\xml\bind\jaxb-impl\2.3.3\jaxb-impl-2.3.3.jar;C:\Users\azaos\.m2\repository\org\hamcrest\hamcrest-all\1.3\hamcrest-all-1.3.jar;C:\Users\azaos\.m2\repository\org\projectlombok\lombok\1.18.16\lombok-1.18.16.jar;C:\Users\azaos\.m2\repository\com\google\code\gson\gson\2.8.5\gson-2.8.5.jar;C:\Users\azaos\.m2\repository\io\cucumber\cucumber-picocontainer\1.2.6\cucumber-picocontainer-1.2.6.jar;C:\Users\azaos\.m2\repository\org\picocontainer\picocontainer\2.15\picocontainer-2.15.jar;C:\Users\azaos\.m2\repository\org\apache\logging\log4j\log4j-core\2.14.0\log4j-core-2.14.0.jar;C:\Users\azaos\.m2\repository\org\apache\logging\log4j\log4j-api\2.14.0\log4j-api-2.14.0.jar;"/>
    <property name="java.vm.vendor" value="Oracle Corporation"/>
    <property name="sun.arch.data.model" value="64"/>
    <property name="user.variant" value=""/>
    <property name="java.vendor.url" value="https://java.oracle.com/"/>
    <property name="os.name" value="Windows 10"/>
    <property name="java.vm.specification.version" value="14"/>
    <property name="sun.java.launcher" value="SUN_STANDARD"/>
    <property name="user.country" value="US"/>
    <property name="sun.boot.library.path" value="C:\Program Files\Java\jdk-14.0.1\bin"/>
    <property name="sun.java.command" value="C:\Users\azaos\AppData\Local\Temp\surefire12107838553498762464\surefirebooter211112864208085161.jar C:\Users\azaos\AppData\Local\Temp\surefire12107838553498762464 2021-06-28T10-53-22_513-jvmRun1 surefire16638029143641848735tmp surefire_02100376964548804968tmp"/>
    <property name="jdk.debug" value="release"/>
    <property name="surefire.test.class.path" value="C:\Users\azaos\IdeaProjects\Book_It_LogiSense\target\test-classes;C:\Users\azaos\IdeaProjects\Book_It_LogiSense\target\classes;C:\Users\azaos\.m2\repository\junit\junit\4.11\junit-4.11.jar;C:\Users\azaos\.m2\repository\org\hamcrest\hamcrest-core\1.3\hamcrest-core-1.3.jar;C:\Users\azaos\.m2\repository\io\cucumber\cucumber-junit\1.2.6\cucumber-junit-1.2.6.jar;C:\Users\azaos\.m2\repository\io\cucumber\cucumber-java\1.2.6\cucumber-java-1.2.6.jar;C:\Users\azaos\.m2\repository\io\cucumber\cucumber-core\1.2.6\cucumber-core-1.2.6.jar;C:\Users\azaos\.m2\repository\info\cukes\cucumber-html\0.2.3\cucumber-html-0.2.3.jar;C:\Users\azaos\.m2\repository\info\cukes\cucumber-jvm-deps\1.0.5\cucumber-jvm-deps-1.0.5.jar;C:\Users\azaos\.m2\repository\info\cukes\gherkin\2.12.2\gherkin-2.12.2.jar;C:\Users\azaos\.m2\repository\io\rest-assured\rest-assured\4.3.3\rest-assured-4.3.3.jar;C:\Users\azaos\.m2\repository\org\codehaus\groovy\groovy\3.0.7\groovy-3.0.7.jar;C:\Users\azaos\.m2\repository\org\codehaus\groovy\groovy-xml\3.0.7\groovy-xml-3.0.7.jar;C:\Users\azaos\.m2\repository\org\apache\httpcomponents\httpclient\4.5.3\httpclient-4.5.3.jar;C:\Users\azaos\.m2\repository\org\apache\httpcomponents\httpcore\4.4.6\httpcore-4.4.6.jar;C:\Users\azaos\.m2\repository\commons-logging\commons-logging\1.2\commons-logging-1.2.jar;C:\Users\azaos\.m2\repository\commons-codec\commons-codec\1.9\commons-codec-1.9.jar;C:\Users\azaos\.m2\repository\org\apache\httpcomponents\httpmime\4.5.3\httpmime-4.5.3.jar;C:\Users\azaos\.m2\repository\org\hamcrest\hamcrest\2.1\hamcrest-2.1.jar;C:\Users\azaos\.m2\repository\org\ccil\cowan\tagsoup\tagsoup\1.2.1\tagsoup-1.2.1.jar;C:\Users\azaos\.m2\repository\io\rest-assured\json-path\4.3.3\json-path-4.3.3.jar;C:\Users\azaos\.m2\repository\org\codehaus\groovy\groovy-json\3.0.7\groovy-json-3.0.7.jar;C:\Users\azaos\.m2\repository\io\rest-assured\rest-assured-common\4.3.3\rest-assured-common-4.3.3.jar;C:\Users\azaos\.m2\repository\io\rest-assured\xml-path\4.3.3\xml-path-4.3.3.jar;C:\Users\azaos\.m2\repository\org\apache\commons\commons-lang3\3.11\commons-lang3-3.11.jar;C:\Users\azaos\.m2\repository\jakarta\xml\bind\jakarta.xml.bind-api\2.3.3\jakarta.xml.bind-api-2.3.3.jar;C:\Users\azaos\.m2\repository\jakarta\activation\jakarta.activation-api\1.2.2\jakarta.activation-api-1.2.2.jar;C:\Users\azaos\.m2\repository\com\sun\xml\bind\jaxb-impl\2.3.3\jaxb-impl-2.3.3.jar;C:\Users\azaos\.m2\repository\org\hamcrest\hamcrest-all\1.3\hamcrest-all-1.3.jar;C:\Users\azaos\.m2\repository\org\projectlombok\lombok\1.18.16\lombok-1.18.16.jar;C:\Users\azaos\.m2\repository\com\google\code\gson\gson\2.8.5\gson-2.8.5.jar;C:\Users\azaos\.m2\repository\io\cucumber\cucumber-picocontainer\1.2.6\cucumber-picocontainer-1.2.6.jar;C:\Users\azaos\.m2\repository\org\picocontainer\picocontainer\2.15\picocontainer-2.15.jar;C:\Users\azaos\.m2\repository\org\apache\logging\log4j\log4j-core\2.14.0\log4j-core-2.14.0.jar;C:\Users\azaos\.m2\repository\org\apache\logging\log4j\log4j-api\2.14.0\log4j-api-2.14.0.jar;"/>
    <property name="sun.cpu.endian" value="little"/>
    <property name="user.home" value="C:\Users\azaos"/>
    <property name="user.language" value="en"/>
    <property name="java.specification.vendor" value="Oracle Corporation"/>
    <property name="java.version.date" value="2020-04-14"/>
    <property name="java.home" value="C:\Program Files\Java\jdk-14.0.1"/>
    <property name="file.separator" value="\"/>
    <property name="basedir" value="C:\Users\azaos\IdeaProjects\Book_It_LogiSense"/>
    <property name="java.vm.compressedOopsMode" value="32-bit"/>
    <property name="line.separator" value="&#10;"/>
    <property name="java.vm.specification.vendor" value="Oracle Corporation"/>
    <property name="java.specification.name" value="Java Platform API Specification"/>
    <property name="surefire.real.class.path" value="C:\Users\azaos\AppData\Local\Temp\surefire12107838553498762464\surefirebooter211112864208085161.jar"/>
    <property name="user.script" value=""/>
    <property name="sun.management.compiler" value="HotSpot 64-Bit Tiered Compilers"/>
    <property name="java.runtime.version" value="14.0.1+7"/>
    <property name="user.name" value="azaos"/>
    <property name="path.separator" value=";"/>
    <property name="os.version" value="10.0"/>
    <property name="java.runtime.name" value="Java(TM) SE Runtime Environment"/>
    <property name="file.encoding" value="Cp1252"/>
    <property name="java.vm.name" value="Java HotSpot(TM) 64-Bit Server VM"/>
    <property name="localRepository" value="C:\Users\azaos\.m2\repository"/>
    <property name="cucumber.options" value="--tags @smoke"/>
    <property name="java.vendor.url.bug" value="https://bugreport.java.com/bugreport/"/>
    <property name="java.io.tmpdir" value="C:\Users\azaos\AppData\Local\Temp\"/>
    <property name="java.version" value="14.0.1"/>
    <property name="user.dir" value="C:\Users\azaos\IdeaProjects\Book_It_LogiSense"/>
    <property name="os.arch" value="amd64"/>
    <property name="java.vm.specification.name" value="Java Virtual Machine Specification"/>
    <property name="sun.os.patch.level" value=""/>
    <property name="java.library.path" value="C:\Program Files\Java\jdk-14.0.1\bin;C:\WINDOWS\Sun\Java\bin;C:\WINDOWS\system32;C:\WINDOWS;C:\Program Files (x86)\Common Files\Oracle\Java\javapath;C:\WINDOWS\system32;C:\WINDOWS;C:\WINDOWS\System32\Wbem;C:\WINDOWS\System32\WindowsPowerShell\v1.0\;C:\WINDOWS\System32\OpenSSH\;C:\Program Files\Java\jdk-14.0.1\bin;C:\Program Files\Git\cmd;C:\Users\azaos\Downloads\apache-maven-3.6.3-bin\apache-maven-3.6.3\bin;C:\Users\azaos\AppData\Local\Microsoft\WindowsApps;C:\Program Files\JetBrains\IntelliJ IDEA Community Edition 2020.1.2\bin;;MAVEN_HOME\bin;C:\Users\azaos\Downloads\apache-maven-3.6.3-bin\apache-maven-3.6.3\bin;;C:\Users\azaos\AppData\Local\Programs\Fiddler;."/>
    <property name="java.vm.info" value="mixed mode, sharing"/>
    <property name="java.vendor" value="Oracle Corporation"/>
    <property name="java.vm.version" value="14.0.1+7"/>
    <property name="sun.io.unicode.encoding" value="UnicodeLittle"/>
    <property name="java.class.version" value="58.0"/>
  </properties>
  <testcase name="Given product is set with the following fields" classname="Scenario: provider creates a new product" time="0.008"/>
  <testcase name="Scenario: provider creates a new product" classname="Scenario: provider creates a new product" time="0.008"/>
  <testcase name="Given productTypes is set with following fields" classname="Scenario: provider enters a data in productTypes" time="0"/>
  <testcase name="Scenario: provider enters a data in productTypes" classname="Scenario: provider enters a data in productTypes" time="0"/>
  <testcase name="Given productWorkingDates is set with following fields" classname="Scenario: provider enters a data in ProductWorkingDates" time="0"/>
  <testcase name="Scenario: provider enters a data in ProductWorkingDates" classname="Scenario: provider enters a data in ProductWorkingDates" time="0"/>
  <testcase name="Given timeSlots is set with the following fields" classname="Scenario: provider enters a data in timeSlots" time="0"/>
  <testcase name="Scenario: provider enters a data in timeSlots" classname="Scenario: provider enters a data in timeSlots" time="0"/>
  <testcase name="Given productRegions is set with the following fields" classname="Scenario: provider enters a data in ProductRegions" time="0"/>
  <testcase name="Scenario: provider enters a data in ProductRegions" classname="Scenario: provider enters a data in ProductRegions" time="0"/>
  <testcase name="Given productPrices is set with the following fields" classname="Scenario: provider enters a data in ProductPrices" time="0"/>
  <testcase name="Scenario: provider enters a data in ProductPrices" classname="Scenario: provider enters a data in ProductPrices" time="0"/>
  <testcase name="Then productPriceTypes is set with the following dates" classname="Scenario: provider enters a data in productPriceTypes" time="0"/>
  <testcase name="Scenario: provider enters a data in productPriceTypes" classname="Scenario: provider enters a data in productPriceTypes" time="0"/>
  <testcase name="Given productCustomerType is set with the following fields" classname="Scenario: provider enters a data in productCustomerType" time="0"/>
  <testcase name="Scenario: provider enters a data in productCustomerType" classname="Scenario: provider enters a data in productCustomerType" time="0"/>
  <testcase name="Given productCustomerTypes is set with following fields" classname="Scenario: provider enters a data in productCustomerTypes" time="0"/>
  <testcase name="Scenario: provider enters a data in productCustomerTypes" classname="Scenario: provider enters a data in productCustomerTypes" time="0"/>
  <testcase name="Given City is set with the following fields" classname="Scenario: provider enters a data in City" time="0"/>
  <testcase name="Scenario: provider enters a data in City" classname="Scenario: provider enters a data in City" time="0"/>
  <testcase name="Given productIncludedTags is set with the following fields" classname="Scenario: provider enters a data in productIncludedTags" time="0"/>
  <testcase name="Scenario: provider enters a data in productIncludedTags" classname="Scenario: provider enters a data in productIncludedTags" time="0"/>
  <testcase name="Given productExcludedTags is set with the following fields" classname="Scenario: provider enters a data in productExcludedTags" time="0"/>
  <testcase name="Scenario: provider enters a data in productExcludedTags" classname="Scenario: provider enters a data in productExcludedTags" time="0"/>
  <testcase name="Given productTags is set with the following fields" classname="Scenario: provider enters a data in productTags" time="0.008"/>
  <testcase name="Scenario: provider enters a data in productTags" classname="Scenario: provider enters a data in productTags" time="0.008"/>
  <testcase name="Given productVideos is set with the following fields" classname="Scenario: provider enters a data in product videos" time="0"/>
  <testcase name="Scenario: provider enters a data in product videos" classname="Scenario: provider enters a data in product videos" time="0"/>
  <testcase name="Given provider creates a new product" classname="Scenario: Provider creates a new product" time="0"/>
  <testcase name="Then verify status code is 200" classname="Scenario: Provider creates a new product" time="0"/>
  <testcase name="Scenario: Provider creates a new product" classname="Scenario: Provider creates a new product" time="0"/>
  <testcase name="Then verify that new product is set with following fields" classname="Scenario: verify that product has been created" time="0"/>
  <testcase name="Scenario: verify that product has been created" classname="Scenario: verify that product has been created" time="0"/>
  <testcase name="Given verify that ProductWorkingDates is set with following fields" classname="Scenario: verify that ProductWorkingDates has been created" time="0"/>
  <testcase name="Scenario: verify that ProductWorkingDates has been created" classname="Scenario: verify that ProductWorkingDates has been created" time="0"/>
  <testcase name="Given verify that timeSlots is set with following fields" classname="Scenario: verify that timeSlots has been created" time="0"/>
  <testcase name="Scenario: verify that timeSlots has been created" classname="Scenario: verify that timeSlots has been created" time="0"/>
  <testcase name="Given verify that productRegions is set with following fields" classname="Scenario: verify that productRegions have been created" time="0.008">
    <failure message="failure of regionName  expected:&lt;Eilat&gt; but was:&lt;null&gt;" type="java.lang.AssertionError"><![CDATA[java.lang.AssertionError: failure of regionName  expected:<Eilat> but was:<null>
]]></failure>
    <system-out><![CDATA[
  Scenario: verify that timeSlots has been created           &amp#27;[90m# features/wizard/wizardNewProduct.feature:106&amp#27;[0m
    &amp#27;[32mGiven &amp#27;[0m&amp#27;[32mverify that timeSlots is set with following fields&amp#27;[0m &amp#27;[90m# CreateNewProductSteps.verifyThatTimeSlotsIsSetWithFollowingFields(String,String>>)&amp#27;[0m
]]></system-out>
  </testcase>
  <testcase name="Scenario: verify that productRegions have been created" classname="Scenario: verify that productRegions have been created" time="0.008">
    <failure message="failure of regionName  expected:&lt;Eilat&gt; but was:&lt;null&gt;" type="java.lang.AssertionError"><![CDATA[java.lang.AssertionError: failure of regionName  expected:<Eilat> but was:<null>
]]></failure>
  </testcase>
  <testcase name="Given verify that productPrices is set with following field" classname="Scenario: verify that productPrices have been created" time="0"/>
  <testcase name="Scenario: verify that productPrices have been created" classname="Scenario: verify that productPrices have been created" time="0"/>
  <testcase name="Given verify that productPriceTypes is set with following fields" classname="Scenario: verify that productPriceTypes have been created" time="0"/>
  <testcase name="Scenario: verify that productPriceTypes have been created" classname="Scenario: verify that productPriceTypes have been created" time="0"/>
  <testcase name="Given verify that productCustomerType is set with following fields" classname="Scenario: verify that productCustomerType has been created" time="0"/>
  <testcase name="Scenario: verify that productCustomerType has been created" classname="Scenario: verify that productCustomerType has been created" time="0"/>
  <testcase name="Given verify that productCustomerTypes is set with following fields" classname="Scenario: verify that productCustomerTypes have been created" time="0"/>
  <testcase name="Scenario: verify that productCustomerTypes have been created" classname="Scenario: verify that productCustomerTypes have been created" time="0"/>
  <testcase name="Given verify that city is set with following fields" classname="Scenario: verify that city has been created" time="0"/>
  <testcase name="Scenario: verify that city has been created" classname="Scenario: verify that city has been created" time="0"/>
  <testcase name="Given verify that productIncludedTags is set with following fields" classname="Scenario: verify that productIncludedTags have been created" time="0">
    <failure message="failure of subTagName  expected:&lt;WiFi&gt; but was:&lt;null&gt;" type="java.lang.AssertionError"><![CDATA[java.lang.AssertionError: failure of subTagName  expected:<WiFi> but was:<null>
]]></failure>
    <system-out><![CDATA[
  Scenario: verify that city has been created           &amp#27;[90m# features/wizard/wizardNewProduct.feature:137&amp#27;[0m
    &amp#27;[32mGiven &amp#27;[0m&amp#27;[32mverify that city is set with following fields&amp#27;[0m &amp#27;[90m# CreateNewProductSteps.verifyThatCityIsSetWithFollowingFields(String,String>>)&amp#27;[0m
]]></system-out>
  </testcase>
  <testcase name="Scenario: verify that productIncludedTags have been created" classname="Scenario: verify that productIncludedTags have been created" time="0">
    <failure message="failure of subTagName  expected:&lt;WiFi&gt; but was:&lt;null&gt;" type="java.lang.AssertionError"><![CDATA[java.lang.AssertionError: failure of subTagName  expected:<WiFi> but was:<null>
]]></failure>
  </testcase>
  <testcase name="Given verify that productExcludedTags is set with following fields" classname="Scenario: verify that productExcludedTags have been created" time="0">
    <failure message="failure of subTagName  expected:&lt;Food&gt; but was:&lt;null&gt;" type="java.lang.AssertionError"><![CDATA[java.lang.AssertionError: failure of subTagName  expected:<Food> but was:<null>
]]></failure>
    <system-out><![CDATA[
  Scenario: verify that productIncludedTags have been created          &amp#27;[90m# features/wizard/wizardNewProduct.feature:142&amp#27;[0m
    &amp#27;[31mGiven &amp#27;[0m&amp#27;[31mverify that productIncludedTags is set with following fields&amp#27;[0m &amp#27;[90m# CreateNewProductSteps.verifyThatProductIncludedTagsIsSetWithFollowingFields(String,String>>)&amp#27;[0m
      &amp#27;[31mjava.lang.AssertionError: failure of subTagName  expected:<WiFi> but was:<null>
      	at org.junit.Assert.fail(Assert.java:88)
      	at org.junit.Assert.failNotEquals(Assert.java:743)
      	at org.junit.Assert.assertEquals(Assert.java:118)
      	at www.logisense.com.cucumber.steps.newProduct.CreateNewProductSteps.verifyThatProductIncludedTagsIsSetWithFollowingFields(CreateNewProductSteps.java:521)
      	at ?.Given verify that productIncludedTags is set with following fields(features/wizard/wizardNewProduct.feature:143)
      &amp#27;[0m
]]></system-out>
  </testcase>
  <testcase name="Scenario: verify that productExcludedTags have been created" classname="Scenario: verify that productExcludedTags have been created" time="0">
    <failure message="failure of subTagName  expected:&lt;Food&gt; but was:&lt;null&gt;" type="java.lang.AssertionError"><![CDATA[java.lang.AssertionError: failure of subTagName  expected:<Food> but was:<null>
]]></failure>
  </testcase>
  <testcase name="Given verify that productTags is set with following fields" classname="Scenario: verify that productTags has been created" time="0">
    <failure message="failure of subTagName  expected:&lt;Extreme&gt; but was:&lt;null&gt;" type="java.lang.AssertionError"><![CDATA[java.lang.AssertionError: failure of subTagName  expected:<Extreme> but was:<null>
]]></failure>
    <system-out><![CDATA[
  Scenario: verify that productExcludedTags have been created          &amp#27;[90m# features/wizard/wizardNewProduct.feature:147&amp#27;[0m
    &amp#27;[31mGiven &amp#27;[0m&amp#27;[31mverify that productExcludedTags is set with following fields&amp#27;[0m &amp#27;[90m# CreateNewProductSteps.verifyThatProductExcludedTagsIsSetWithFollowingFields(String,String>>)&amp#27;[0m
      &amp#27;[31mjava.lang.AssertionError: failure of subTagName  expected:<Food> but was:<null>
      	at org.junit.Assert.fail(Assert.java:88)
      	at org.junit.Assert.failNotEquals(Assert.java:743)
      	at org.junit.Assert.assertEquals(Assert.java:118)
      	at www.logisense.com.cucumber.steps.newProduct.CreateNewProductSteps.verifyThatProductExcludedTagsIsSetWithFollowingFields(CreateNewProductSteps.java:530)
      	at ?.Given verify that productExcludedTags is set with following fields(features/wizard/wizardNewProduct.feature:148)
      &amp#27;[0m
]]></system-out>
  </testcase>
  <testcase name="Scenario: verify that productTags has been created" classname="Scenario: verify that productTags has been created" time="0">
    <failure message="failure of subTagName  expected:&lt;Extreme&gt; but was:&lt;null&gt;" type="java.lang.AssertionError"><![CDATA[java.lang.AssertionError: failure of subTagName  expected:<Extreme> but was:<null>
]]></failure>
  </testcase>
  <testcase name="Given verify that productVideos is set with following fields" classname="Scenario: verify that productVideos have been created" time="0"/>
  <testcase name="Scenario: verify that productVideos have been created" classname="Scenario: verify that productVideos have been created" time="0"/>
  <testcase name="Given product is set with the following fields" classname="Scenario: Provider creates a new product with the same data" time="0"/>
  <testcase name="Given productVideos is set with the following fields" classname="Scenario: Provider creates a new product with the same data" time="0"/>
  <testcase name="Given provider creates a new product" classname="Scenario: Provider creates a new product with the same data" time="0"/>
  <testcase name="Then verify status code is 500" classname="Scenario: Provider creates a new product with the same data" time="0">
    <failure message="expected:&lt;500&gt; but was:&lt;200&gt;" type="java.lang.AssertionError"><![CDATA[java.lang.AssertionError: expected:<500> but was:<200>
]]></failure>
    <system-out><![CDATA[{
    "id": "MaGEqyOD",
    "name": "AutoTest",
    "productTypeId": null,
    "active": true,
    "shortDescription": "Test For Automation 1",
    "fullDescription": "Automation for API in Postman",
    "mostPopular": null,
    "longitude": 456.456,
    "latitude": 3245678.5467,
    "calendarColor": "blue",
    "address": "Bishkek",
    "cityId": "YayqqkaW",
    "createdAt": "2021-06-28T06:54:07.594108",
    "productImages": [
        
    ],
    "productDocuments": [
        
    ],
    "productTypes": null,
    "productWorkingDates": [
        {
            "id": "7WlqkMpb",
            "productId": "MaGEqyOD",
            "fromDate": "2021-05-27",
            "toDate": "2022-12-31",
            "name": "1234567sdfgh#$#%^%&",
            "strictHours": false,
            "timeSlots": [
                {
                    "id": "zOPeXzpj",
                    "productWorkingDateId": "7WlqkMpb",
                    "dayOfWeek": "Monday",
                    "startTime": "09:00:00",
                    "endTime": "20:00:00",
                    "duration": "01:00:00",
                    "quantity": 67,
                    "usedQuantity": 0,
                    "active": false,
                    "deletedAt": null
                }
            ],
            "deletedAt": null,
            "maxUsedTicketsQuantity": 0,
            "errorCode": 0
        }
    ],
    "productRegions": [
        {
            "id": "jLa3jYpz",
            "productId": "MaGEqyOD",
            "regionId": "5bpJKaVE",
            "regionName": null
        }
    ],
    "productPrices": [
        {
            "id": "kMaG84lD",
            "productId": "MaGEqyOD",
            "channelId": "5bpJKaVE",
            "fromDate": "2021-05-31T00:00:00",
            "toDate": "2022-12-31T00:00:00",
            "title": "API",
            "remarks": "Test",
            "officialPrice": 0,
            "currencyId": "5bpJKaVE",
            "quantityPerDay": 123,
            "autoConfirm": false,
            "pricePerPerson": false,
            "productPriceTypes": [
                {
                    "id": "k8p0R8lJ",
                    "productPriceId": "kMaG84lD",
                    "productCustomerTypeId": "4lrWyROd",
                    "amount": 57,
                    "currencyId": "Belm3pnb",
                    "currencySymbol": null,
                    "isOfficial": true,
                    "productCustomerType": {
                        "id": "4lrWyROd",
                        "productId": "yxl4wVaj",
                        "name": "?????"
                    }
                }
            ],
            "deletedAt": null
        }
    ],
    "productCustomerTypes": [
        {
            "id": "dOnndnOV",
            "productId": "MaGEqyOD",
            "name": "API"
        },
        {
            "id": "jpjP7elM",
            "productId": "MaGEqyOD",
            "name": "?????"
        },
        {
            "id": "1lkVY5a6",
            "productId": "MaGEqyOD",
            "name": "???"
        },
        {
            "id": "blB74GOR",
            "productId": "MaGEqyOD",
            "name": "?????"
        }
    ],
    "city": {
        "id": "YayqqkaW",
        "name": "Israel"
    },
    "productIncludedTags": [
        {
            "id": "k8p03YOJ",
            "productId": "MaGEqyOD",
            "subTagId": "jLa3rjpz",
            "parentTagId": null,
            "subTagName": null
        }
    ],
    "productExcludedTags": [
        {
            "id": "52aAeGaZ",
            "productId": "MaGEqyOD",
            "subTagId": "4eO8gvlP",
            "parentTagId": null,
            "subTagName": null
        }
    ],
    "productTags": [
        {
            "id": "WlqbL3Ob",
            "productId": "MaGEqyOD",
            "subTagId": "qeaZMepd",
            "parentTagId": null,
            "subTagName": null
        }
    ],
    "productTranslations": null,
    "productVideos": [
        {
            "id": "bBl5E1lX",
            "productId": "MaGEqyOD",
            "path": "https://www.youtube.com/watch?v=u1yVCeXYya4&list=RDMMu1yVCeXYya4&start_radio=1"
        }
    ]
}
{
    "id": "MaGEqyOD",
    "name": "AutoTest",
    "productTypeId": null,
    "active": true,
    "shortDescription": "Test For Automation 1",
    "fullDescription": "Automation for API in Postman",
    "mostPopular": null,
    "longitude": 456.456,
    "latitude": 3245678.5467,
    "calendarColor": "blue",
    "address": "Bishkek",
    "cityId": "YayqqkaW",
    "createdAt": "2021-06-28T06:54:07.594108",
    "productImages": [
        
    ],
    "productDocuments": [
        
    ],
    "productTypes": null,
    "productWorkingDates": [
        {
            "id": "7WlqkMpb",
            "productId": "MaGEqyOD",
            "fromDate": "2021-05-27",
            "toDate": "2022-12-31",
            "name": "1234567sdfgh#$#%^%&",
            "strictHours": false,
            "timeSlots": [
                {
                    "id": "zOPeXzpj",
                    "productWorkingDateId": "7WlqkMpb",
                    "dayOfWeek": "Monday",
                    "startTime": "09:00:00",
                    "endTime": "20:00:00",
                    "duration": "01:00:00",
                    "quantity": 67,
                    "usedQuantity": 0,
                    "active": false,
                    "deletedAt": null
                }
            ],
            "deletedAt": null,
            "maxUsedTicketsQuantity": 0,
            "errorCode": 0
        }
    ],
    "productRegions": [
        {
            "id": "jLa3jYpz",
            "productId": "MaGEqyOD",
            "regionId": "5bpJKaVE",
            "regionName": null
        }
    ],
    "productPrices": [
        {
            "id": "kMaG84lD",
            "productId": "MaGEqyOD",
            "channelId": "5bpJKaVE",
            "fromDate": "2021-05-31T00:00:00",
            "toDate": "2022-12-31T00:00:00",
            "title": "API",
            "remarks": "Test",
            "officialPrice": 0,
            "currencyId": "5bpJKaVE",
            "quantityPerDay": 123,
            "autoConfirm": false,
            "pricePerPerson": false,
            "productPriceTypes": [
                {
                    "id": "k8p0R8lJ",
                    "productPriceId": "kMaG84lD",
                    "productCustomerTypeId": "4lrWyROd",
                    "amount": 57,
                    "currencyId": "Belm3pnb",
                    "currencySymbol": null,
                    "isOfficial": true,
                    "productCustomerType": {
                        "id": "4lrWyROd",
                        "productId": "yxl4wVaj",
                        "name": "?????"
                    }
                }
            ],
            "deletedAt": null
        }
    ],
    "productCustomerTypes": [
        {
            "id": "dOnndnOV",
            "productId": "MaGEqyOD",
            "name": "API"
        },
        {
            "id": "jpjP7elM",
            "productId": "MaGEqyOD",
            "name": "?????"
        },
        {
            "id": "1lkVY5a6",
            "productId": "MaGEqyOD",
            "name": "???"
        },
        {
            "id": "blB74GOR",
            "productId": "MaGEqyOD",
            "name": "?????"
        }
    ],
    "city": {
        "id": "YayqqkaW",
        "name": "Israel"
    },
    "productIncludedTags": [
        {
            "id": "k8p03YOJ",
            "productId": "MaGEqyOD",
            "subTagId": "jLa3rjpz",
            "parentTagId": null,
            "subTagName": null
        }
    ],
    "productExcludedTags": [
        {
            "id": "52aAeGaZ",
            "productId": "MaGEqyOD",
            "subTagId": "4eO8gvlP",
            "parentTagId": null,
            "subTagName": null
        }
    ],
    "productTags": [
        {
            "id": "WlqbL3Ob",
            "productId": "MaGEqyOD",
            "subTagId": "qeaZMepd",
            "parentTagId": null,
            "subTagName": null
        }
    ],
    "productTranslations": null,
    "productVideos": [
        {
            "id": "bBl5E1lX",
            "productId": "MaGEqyOD",
            "path": "https://www.youtube.com/watch?v=u1yVCeXYya4&list=RDMMu1yVCeXYya4&start_radio=1"
        }
    ]
}
]]></system-out>
  </testcase>
  <testcase name="Scenario: Provider creates a new product with the same data" classname="Scenario: Provider creates a new product with the same data" time="0">
    <failure message="expected:&lt;500&gt; but was:&lt;200&gt;" type="java.lang.AssertionError"><![CDATA[java.lang.AssertionError: expected:<500> but was:<200>
]]></failure>
  </testcase>
  <testcase name="Then verify the title is &quot;Internal Server Error&quot;" classname="Scenario: Provider creates a new product with the same data" time="0">
    <skipped/>
  </testcase>
  <testcase name="Given product is set with the following fields" classname="Scenario: Provider creates a new product with missing name field" time="0"/>
  <testcase name="Given productVideos is set with the following fields" classname="Scenario: Provider creates a new product with missing name field" time="0"/>
  <testcase name="Given provider creates a new product" classname="Scenario: Provider creates a new product with missing name field" time="0"/>
  <testcase name="Then verify status code is 500" classname="Scenario: Provider creates a new product with missing name field" time="0"/>
  <testcase name="Then verify the title is &quot;Internal Server Error&quot;" classname="Scenario: Provider creates a new product with missing name field" time="0"/>
  <testcase name="Scenario: Provider creates a new product with missing name field" classname="Scenario: Provider creates a new product with missing name field" time="0"/>
  <testcase name="Given product is set with the following fields" classname="Scenario: Provider creates a new product with empty name field" time="0"/>
  <testcase name="Given productVideos is set with the following fields" classname="Scenario: Provider creates a new product with empty name field" time="0"/>
  <testcase name="Given provider creates a new product" classname="Scenario: Provider creates a new product with empty name field" time="0"/>
  <testcase name="Then verify status code is 400" classname="Scenario: Provider creates a new product with empty name field" time="0">
    <failure message="expected:&lt;400&gt; but was:&lt;200&gt;" type="java.lang.AssertionError"><![CDATA[java.lang.AssertionError: expected:<400> but was:<200>
]]></failure>
    <system-out><![CDATA[{
    "id": "dpd5ZYa7",
    "name": "",
    "productTypeId": null,
    "active": true,
    "shortDescription": "Test For Automation 1",
    "fullDescription": "Automation for API in Postman",
    "mostPopular": null,
    "longitude": 456.456,
    "latitude": 3245678.5467,
    "calendarColor": "blue",
    "address": "Bishkek",
    "cityId": "xl4WWGaj",
    "createdAt": "2021-06-28T06:54:10.52308",
    "productImages": [
        
    ],
    "productDocuments": [
        
    ],
    "productTypes": null,
    "productWorkingDates": [
        {
            "id": "GrOEXKlY",
            "productId": "dpd5ZYa7",
            "fromDate": "2021-05-27",
            "toDate": "2022-12-31",
            "name": "1234567sdfgh#$#%^%&",
            "strictHours": false,
            "timeSlots": [
                {
                    "id": "blVXeVpw",
                    "productWorkingDateId": "GrOEXKlY",
                    "dayOfWeek": "Monday",
                    "startTime": "09:00:00",
                    "endTime": "20:00:00",
                    "duration": "01:00:00",
                    "quantity": 67,
                    "usedQuantity": 0,
                    "active": false,
                    "deletedAt": null
                }
            ],
            "deletedAt": null,
            "maxUsedTicketsQuantity": 0,
            "errorCode": 0
        }
    ],
    "productRegions": [
        {
            "id": "4eO8jLaP",
            "productId": "dpd5ZYa7",
            "regionId": "5bpJKaVE",
            "regionName": null
        }
    ],
    "productPrices": [
        {
            "id": "oylK8eO8",
            "productId": "dpd5ZYa7",
            "channelId": "5bpJKaVE",
            "fromDate": "2021-05-31T00:00:00",
            "toDate": "2022-12-31T00:00:00",
            "title": "API",
            "remarks": "Test",
            "officialPrice": 0,
            "currencyId": "5bpJKaVE",
            "quantityPerDay": 123,
            "autoConfirm": false,
            "pricePerPerson": false,
            "productPriceTypes": [
                {
                    "id": "KPleLNav",
                    "productPriceId": "oylK8eO8",
                    "productCustomerTypeId": "rOEEeROY",
                    "amount": 57,
                    "currencyId": "Belm3pnb",
                    "currencySymbol": null,
                    "isOfficial": true,
                    "productCustomerType": {
                        "id": "rOEEeROY",
                        "productId": "yxl4wVaj",
                        "name": "?????"
                    }
                }
            ],
            "deletedAt": null
        }
    ],
    "productCustomerTypes": [
        {
            "id": "1lon14a7",
            "productId": "dpd5ZYa7",
            "name": "API"
        },
        {
            "id": "baQk7ROA",
            "productId": "dpd5ZYa7",
            "name": "?????"
        },
        {
            "id": "elm3Kdpn",
            "productId": "dpd5ZYa7",
            "name": "???"
        },
        {
            "id": "bpJRmDpV",
            "productId": "dpd5ZYa7",
            "name": "?????"
        }
    ],
    "city": {
        "id": "xl4WWGaj",
        "name": "Israel"
    },
    "productIncludedTags": [
        {
            "id": "KPle6yOv",
            "productId": "dpd5ZYa7",
            "subTagId": "jLa3rjpz",
            "parentTagId": null,
            "subTagName": null
        }
    ],
    "productExcludedTags": [
        {
            "id": "Q4aL9yln",
            "productId": "dpd5ZYa7",
            "subTagId": "4eO8gvlP",
            "parentTagId": null,
            "subTagName": null
        }
    ],
    "productTags": [
        {
            "id": "rOEKo9aY",
            "productId": "dpd5ZYa7",
            "subTagId": "qeaZMepd",
            "parentTagId": null,
            "subTagName": null
        }
    ],
    "productTranslations": null,
    "productVideos": [
        {
            "id": "YbpvLAlJ",
            "productId": "dpd5ZYa7",
            "path": "https://www.youtube.com/watch?v=u1yVCeXYya4&list=RDMMu1yVCeXYya4&start_radio=1"
        }
    ]
}
{
    "id": "dpd5ZYa7",
    "name": "",
    "productTypeId": null,
    "active": true,
    "shortDescription": "Test For Automation 1",
    "fullDescription": "Automation for API in Postman",
    "mostPopular": null,
    "longitude": 456.456,
    "latitude": 3245678.5467,
    "calendarColor": "blue",
    "address": "Bishkek",
    "cityId": "xl4WWGaj",
    "createdAt": "2021-06-28T06:54:10.52308",
    "productImages": [
        
    ],
    "productDocuments": [
        
    ],
    "productTypes": null,
    "productWorkingDates": [
        {
            "id": "GrOEXKlY",
            "productId": "dpd5ZYa7",
            "fromDate": "2021-05-27",
            "toDate": "2022-12-31",
            "name": "1234567sdfgh#$#%^%&",
            "strictHours": false,
            "timeSlots": [
                {
                    "id": "blVXeVpw",
                    "productWorkingDateId": "GrOEXKlY",
                    "dayOfWeek": "Monday",
                    "startTime": "09:00:00",
                    "endTime": "20:00:00",
                    "duration": "01:00:00",
                    "quantity": 67,
                    "usedQuantity": 0,
                    "active": false,
                    "deletedAt": null
                }
            ],
            "deletedAt": null,
            "maxUsedTicketsQuantity": 0,
            "errorCode": 0
        }
    ],
    "productRegions": [
        {
            "id": "4eO8jLaP",
            "productId": "dpd5ZYa7",
            "regionId": "5bpJKaVE",
            "regionName": null
        }
    ],
    "productPrices": [
        {
            "id": "oylK8eO8",
            "productId": "dpd5ZYa7",
            "channelId": "5bpJKaVE",
            "fromDate": "2021-05-31T00:00:00",
            "toDate": "2022-12-31T00:00:00",
            "title": "API",
            "remarks": "Test",
            "officialPrice": 0,
            "currencyId": "5bpJKaVE",
            "quantityPerDay": 123,
            "autoConfirm": false,
            "pricePerPerson": false,
            "productPriceTypes": [
                {
                    "id": "KPleLNav",
                    "productPriceId": "oylK8eO8",
                    "productCustomerTypeId": "rOEEeROY",
                    "amount": 57,
                    "currencyId": "Belm3pnb",
                    "currencySymbol": null,
                    "isOfficial": true,
                    "productCustomerType": {
                        "id": "rOEEeROY",
                        "productId": "yxl4wVaj",
                        "name": "?????"
                    }
                }
            ],
            "deletedAt": null
        }
    ],
    "productCustomerTypes": [
        {
            "id": "1lon14a7",
            "productId": "dpd5ZYa7",
            "name": "API"
        },
        {
            "id": "baQk7ROA",
            "productId": "dpd5ZYa7",
            "name": "?????"
        },
        {
            "id": "elm3Kdpn",
            "productId": "dpd5ZYa7",
            "name": "???"
        },
        {
            "id": "bpJRmDpV",
            "productId": "dpd5ZYa7",
            "name": "?????"
        }
    ],
    "city": {
        "id": "xl4WWGaj",
        "name": "Israel"
    },
    "productIncludedTags": [
        {
            "id": "KPle6yOv",
            "productId": "dpd5ZYa7",
            "subTagId": "jLa3rjpz",
            "parentTagId": null,
            "subTagName": null
        }
    ],
    "productExcludedTags": [
        {
            "id": "Q4aL9yln",
            "productId": "dpd5ZYa7",
            "subTagId": "4eO8gvlP",
            "parentTagId": null,
            "subTagName": null
        }
    ],
    "productTags": [
        {
            "id": "rOEKo9aY",
            "productId": "dpd5ZYa7",
            "subTagId": "qeaZMepd",
            "parentTagId": null,
            "subTagName": null
        }
    ],
    "productTranslations": null,
    "productVideos": [
        {
            "id": "YbpvLAlJ",
            "productId": "dpd5ZYa7",
            "path": "https://www.youtube.com/watch?v=u1yVCeXYya4&list=RDMMu1yVCeXYya4&start_radio=1"
        }
    ]
}
]]></system-out>
  </testcase>
  <testcase name="Scenario: Provider creates a new product with empty name field" classname="Scenario: Provider creates a new product with empty name field" time="0">
    <failure message="expected:&lt;400&gt; but was:&lt;200&gt;" type="java.lang.AssertionError"><![CDATA[java.lang.AssertionError: expected:<400> but was:<200>
]]></failure>
  </testcase>
  <testcase name="Then verify the title is &quot;One or more validation errors occurred.&quot;" classname="Scenario: Provider creates a new product with empty name field" time="0">
    <skipped/>
  </testcase>
  <testcase name="When product is set with the following fields" classname="Scenario: Provider creates a new product with missing shortDescription field" time="0"/>
  <testcase name="Given productVideos is set with the following fields" classname="Scenario: Provider creates a new product with missing shortDescription field" time="0"/>
  <testcase name="Given provider creates a new product" classname="Scenario: Provider creates a new product with missing shortDescription field" time="0"/>
  <testcase name="Then verify status code is 500" classname="Scenario: Provider creates a new product with missing shortDescription field" time="0">
    <failure message="expected:&lt;500&gt; but was:&lt;200&gt;" type="java.lang.AssertionError"><![CDATA[java.lang.AssertionError: expected:<500> but was:<200>
]]></failure>
    <system-out><![CDATA[{
    "id": "5l1AoVlW",
    "name": "AutoTest",
    "productTypeId": null,
    "active": true,
    "shortDescription": null,
    "fullDescription": "Automation for API in Postman",
    "mostPopular": null,
    "longitude": 456.456,
    "latitude": 3245678.5467,
    "calendarColor": "blue",
    "address": "Bishkek",
    "cityId": "Gaz77VlV",
    "createdAt": "2021-06-28T06:54:10.810637",
    "productImages": [
        
    ],
    "productDocuments": [
        
    ],
    "productTypes": null,
    "productWorkingDates": [
        {
            "id": "q1loBda7",
            "productId": "5l1AoVlW",
            "fromDate": "2021-05-27",
            "toDate": "2022-12-31",
            "name": "1234567sdfgh#$#%^%&",
            "strictHours": false,
            "timeSlots": [
                {
                    "id": "waD3Nmp3",
                    "productWorkingDateId": "q1loBda7",
                    "dayOfWeek": "Monday",
                    "startTime": "09:00:00",
                    "endTime": "20:00:00",
                    "duration": "01:00:00",
                    "quantity": 67,
                    "usedQuantity": 0,
                    "active": false,
                    "deletedAt": null
                }
            ],
            "deletedAt": null,
            "maxUsedTicketsQuantity": 0,
            "errorCode": 0
        }
    ],
    "productRegions": [
        {
            "id": "N4lrAJad",
            "productId": "5l1AoVlW",
            "regionId": "5bpJKaVE",
            "regionName": null
        }
    ],
    "productPrices": [
        {
            "id": "1dpdgvO7",
            "productId": "5l1AoVlW",
            "channelId": "5bpJKaVE",
            "fromDate": "2021-05-31T00:00:00",
            "toDate": "2022-12-31T00:00:00",
            "title": "API",
            "remarks": "Test",
            "officialPrice": 0,
            "currencyId": "5bpJKaVE",
            "quantityPerDay": 123,
            "autoConfirm": false,
            "pricePerPerson": false,
            "productPriceTypes": [
                {
                    "id": "vApRedOY",
                    "productPriceId": "1dpdgvO7",
                    "productCustomerTypeId": "WaNXLNOd",
                    "amount": 57,
                    "currencyId": "Belm3pnb",
                    "currencySymbol": null,
                    "isOfficial": true,
                    "productCustomerType": {
                        "id": "WaNXLNOd",
                        "productId": "yxl4wVaj",
                        "name": "?????"
                    }
                }
            ],
            "deletedAt": null
        }
    ],
    "productCustomerTypes": [
        {
            "id": "2aAgWMOZ",
            "productId": "5l1AoVlW",
            "name": "API"
        },
        {
            "id": "4aLLNban",
            "productId": "5l1AoVlW",
            "name": "?????"
        },
        {
            "id": "rO98Ynle",
            "productId": "5l1AoVlW",
            "name": "???"
        },
        {
            "id": "eaZLWNOd",
            "productId": "5l1AoVlW",
            "name": "?????"
        }
    ],
    "city": {
        "id": "Gaz77VlV",
        "name": "Israel"
    },
    "productIncludedTags": [
        {
            "id": "vApRBvpY",
            "productId": "5l1AoVlW",
            "subTagId": "jLa3rjpz",
            "parentTagId": null,
            "subTagName": null
        }
    ],
    "productExcludedTags": [
        {
            "id": "QrO91BOe",
            "productId": "5l1AoVlW",
            "subTagId": "4eO8gvlP",
            "parentTagId": null,
            "subTagName": null
        }
    ],
    "productTags": [
        {
            "id": "1lozNja7",
            "productId": "5l1AoVlW",
            "subTagId": "qeaZMepd",
            "parentTagId": null,
            "subTagName": null
        }
    ],
    "productTranslations": null,
    "productVideos": [
        {
            "id": "ozOPNEaj",
            "productId": "5l1AoVlW",
            "path": "https://www.youtube.com/watch?v=u1yVCeXYya4&list=RDMMu1yVCeXYya4&start_radio=1"
        }
    ]
}
{
    "id": "5l1AoVlW",
    "name": "AutoTest",
    "productTypeId": null,
    "active": true,
    "shortDescription": null,
    "fullDescription": "Automation for API in Postman",
    "mostPopular": null,
    "longitude": 456.456,
    "latitude": 3245678.5467,
    "calendarColor": "blue",
    "address": "Bishkek",
    "cityId": "Gaz77VlV",
    "createdAt": "2021-06-28T06:54:10.810637",
    "productImages": [
        
    ],
    "productDocuments": [
        
    ],
    "productTypes": null,
    "productWorkingDates": [
        {
            "id": "q1loBda7",
            "productId": "5l1AoVlW",
            "fromDate": "2021-05-27",
            "toDate": "2022-12-31",
            "name": "1234567sdfgh#$#%^%&",
            "strictHours": false,
            "timeSlots": [
                {
                    "id": "waD3Nmp3",
                    "productWorkingDateId": "q1loBda7",
                    "dayOfWeek": "Monday",
                    "startTime": "09:00:00",
                    "endTime": "20:00:00",
                    "duration": "01:00:00",
                    "quantity": 67,
                    "usedQuantity": 0,
                    "active": false,
                    "deletedAt": null
                }
            ],
            "deletedAt": null,
            "maxUsedTicketsQuantity": 0,
            "errorCode": 0
        }
    ],
    "productRegions": [
        {
            "id": "N4lrAJad",
            "productId": "5l1AoVlW",
            "regionId": "5bpJKaVE",
            "regionName": null
        }
    ],
    "productPrices": [
        {
            "id": "1dpdgvO7",
            "productId": "5l1AoVlW",
            "channelId": "5bpJKaVE",
            "fromDate": "2021-05-31T00:00:00",
            "toDate": "2022-12-31T00:00:00",
            "title": "API",
            "remarks": "Test",
            "officialPrice": 0,
            "currencyId": "5bpJKaVE",
            "quantityPerDay": 123,
            "autoConfirm": false,
            "pricePerPerson": false,
            "productPriceTypes": [
                {
                    "id": "vApRedOY",
                    "productPriceId": "1dpdgvO7",
                    "productCustomerTypeId": "WaNXLNOd",
                    "amount": 57,
                    "currencyId": "Belm3pnb",
                    "currencySymbol": null,
                    "isOfficial": true,
                    "productCustomerType": {
                        "id": "WaNXLNOd",
                        "productId": "yxl4wVaj",
                        "name": "?????"
                    }
                }
            ],
            "deletedAt": null
        }
    ],
    "productCustomerTypes": [
        {
            "id": "2aAgWMOZ",
            "productId": "5l1AoVlW",
            "name": "API"
        },
        {
            "id": "4aLLNban",
            "productId": "5l1AoVlW",
            "name": "?????"
        },
        {
            "id": "rO98Ynle",
            "productId": "5l1AoVlW",
            "name": "???"
        },
        {
            "id": "eaZLWNOd",
            "productId": "5l1AoVlW",
            "name": "?????"
        }
    ],
    "city": {
        "id": "Gaz77VlV",
        "name": "Israel"
    },
    "productIncludedTags": [
        {
            "id": "vApRBvpY",
            "productId": "5l1AoVlW",
            "subTagId": "jLa3rjpz",
            "parentTagId": null,
            "subTagName": null
        }
    ],
    "productExcludedTags": [
        {
            "id": "QrO91BOe",
            "productId": "5l1AoVlW",
            "subTagId": "4eO8gvlP",
            "parentTagId": null,
            "subTagName": null
        }
    ],
    "productTags": [
        {
            "id": "1lozNja7",
            "productId": "5l1AoVlW",
            "subTagId": "qeaZMepd",
            "parentTagId": null,
            "subTagName": null
        }
    ],
    "productTranslations": null,
    "productVideos": [
        {
            "id": "ozOPNEaj",
            "productId": "5l1AoVlW",
            "path": "https://www.youtube.com/watch?v=u1yVCeXYya4&list=RDMMu1yVCeXYya4&start_radio=1"
        }
    ]
}
]]></system-out>
  </testcase>
  <testcase name="Scenario: Provider creates a new product with missing shortDescription field" classname="Scenario: Provider creates a new product with missing shortDescription field" time="0.008">
    <failure message="expected:&lt;500&gt; but was:&lt;200&gt;" type="java.lang.AssertionError"><![CDATA[java.lang.AssertionError: expected:<500> but was:<200>
]]></failure>
  </testcase>
  <testcase name="Then verify the title is &quot;Internal Server Error&quot;" classname="Scenario: Provider creates a new product with missing shortDescription field" time="0">
    <skipped/>
  </testcase>
  <testcase name="When product is set with the following fields" classname="Scenario: Provider creates a new product with missing fullDescription field" time="0"/>
  <testcase name="Given productVideos is set with the following fields" classname="Scenario: Provider creates a new product with missing fullDescription field" time="0"/>
  <testcase name="Given provider creates a new product" classname="Scenario: Provider creates a new product with missing fullDescription field" time="0"/>
  <testcase name="Then verify status code is 500" classname="Scenario: Provider creates a new product with missing fullDescription field" time="0">
    <failure message="expected:&lt;500&gt; but was:&lt;200&gt;" type="java.lang.AssertionError"><![CDATA[java.lang.AssertionError: expected:<500> but was:<200>
]]></failure>
    <system-out><![CDATA[{
    "id": "Yp6gMnaK",
    "name": "AutoTest",
    "productTypeId": null,
    "active": true,
    "shortDescription": "Test For Automation 1",
    "fullDescription": null,
    "mostPopular": null,
    "longitude": 456.456,
    "latitude": 3245678.5467,
    "calendarColor": "blue",
    "address": "Bishkek",
    "cityId": "8p0NNylJ",
    "createdAt": "2021-06-28T06:54:11.145518",
    "productImages": [
        
    ],
    "productDocuments": [
        
    ],
    "productTypes": null,
    "productWorkingDates": [
        {
            "id": "LbaQMeaA",
            "productId": "Yp6gMnaK",
            "fromDate": "2021-05-27",
            "toDate": "2022-12-31",
            "name": "1234567sdfgh#$#%^%&",
            "strictHours": false,
            "timeSlots": [
                {
                    "id": "La3rMYpz",
                    "productWorkingDateId": "LbaQMeaA",
                    "dayOfWeek": "Monday",
                    "startTime": "09:00:00",
                    "endTime": "20:00:00",
                    "duration": "01:00:00",
                    "quantity": 67,
                    "usedQuantity": 0,
                    "active": false,
                    "deletedAt": null
                }
            ],
            "deletedAt": null,
            "maxUsedTicketsQuantity": 0,
            "errorCode": 0
        }
    ],
    "productRegions": [
        {
            "id": "PdOnQAlV",
            "productId": "Yp6gMnaK",
            "regionId": "5bpJKaVE",
            "regionName": null
        }
    ],
    "productPrices": [
        {
            "id": "M5l18AaW",
            "productId": "Yp6gMnaK",
            "channelId": "5bpJKaVE",
            "fromDate": "2021-05-31T00:00:00",
            "toDate": "2022-12-31T00:00:00",
            "title": "API",
            "remarks": "Test",
            "officialPrice": 0,
            "currencyId": "5bpJKaVE",
            "quantityPerDay": 123,
            "autoConfirm": false,
            "pricePerPerson": false,
            "productPriceTypes": [
                {
                    "id": "q7Ox2Xa6",
                    "productPriceId": "M5l18AaW",
                    "productCustomerTypeId": "rO7nZ4l6",
                    "amount": 57,
                    "currencyId": "Belm3pnb",
                    "currencySymbol": null,
                    "isOfficial": true,
                    "productCustomerType": {
                        "id": "rO7nZ4l6",
                        "productId": "yxl4wVaj",
                        "name": "?????"
                    }
                }
            ],
            "deletedAt": null
        }
    ],
    "productCustomerTypes": [
        {
            "id": "nlYxyNaz",
            "productId": "Yp6gMnaK",
            "name": "API"
        },
        {
            "id": "MaGExzOD",
            "productId": "Yp6gMnaK",
            "name": "?????"
        },
        {
            "id": "ylKdJ1O8",
            "productId": "Yp6gMnaK",
            "name": "???"
        },
        {
            "id": "dpd5Jza7",
            "productId": "Yp6gMnaK",
            "name": "?????"
        }
    ],
    "city": {
        "id": "8p0NNylJ",
        "name": "Israel"
    },
    "productIncludedTags": [
        {
            "id": "q7OxNwa6",
            "productId": "Yp6gMnaK",
            "subTagId": "jLa3rjpz",
            "parentTagId": null,
            "subTagName": null
        }
    ],
    "productExcludedTags": [
        {
            "id": "qeaZ0eOd",
            "productId": "Yp6gMnaK",
            "subTagId": "4eO8gvlP",
            "parentTagId": null,
            "subTagName": null
        }
    ],
    "productTags": [
        {
            "id": "baQr3AlA",
            "productId": "Yp6gMnaK",
            "subTagId": "qeaZMepd",
            "parentTagId": null,
            "subTagName": null
        }
    ],
    "productTranslations": null,
    "productVideos": [
        {
            "id": "VblVYMaw",
            "productId": "Yp6gMnaK",
            "path": "https://www.youtube.com/watch?v=u1yVCeXYya4&list=RDMMu1yVCeXYya4&start_radio=1"
        }
    ]
}
{
    "id": "Yp6gMnaK",
    "name": "AutoTest",
    "productTypeId": null,
    "active": true,
    "shortDescription": "Test For Automation 1",
    "fullDescription": null,
    "mostPopular": null,
    "longitude": 456.456,
    "latitude": 3245678.5467,
    "calendarColor": "blue",
    "address": "Bishkek",
    "cityId": "8p0NNylJ",
    "createdAt": "2021-06-28T06:54:11.145518",
    "productImages": [
        
    ],
    "productDocuments": [
        
    ],
    "productTypes": null,
    "productWorkingDates": [
        {
            "id": "LbaQMeaA",
            "productId": "Yp6gMnaK",
            "fromDate": "2021-05-27",
            "toDate": "2022-12-31",
            "name": "1234567sdfgh#$#%^%&",
            "strictHours": false,
            "timeSlots": [
                {
                    "id": "La3rMYpz",
                    "productWorkingDateId": "LbaQMeaA",
                    "dayOfWeek": "Monday",
                    "startTime": "09:00:00",
                    "endTime": "20:00:00",
                    "duration": "01:00:00",
                    "quantity": 67,
                    "usedQuantity": 0,
                    "active": false,
                    "deletedAt": null
                }
            ],
            "deletedAt": null,
            "maxUsedTicketsQuantity": 0,
            "errorCode": 0
        }
    ],
    "productRegions": [
        {
            "id": "PdOnQAlV",
            "productId": "Yp6gMnaK",
            "regionId": "5bpJKaVE",
            "regionName": null
        }
    ],
    "productPrices": [
        {
            "id": "M5l18AaW",
            "productId": "Yp6gMnaK",
            "channelId": "5bpJKaVE",
            "fromDate": "2021-05-31T00:00:00",
            "toDate": "2022-12-31T00:00:00",
            "title": "API",
            "remarks": "Test",
            "officialPrice": 0,
            "currencyId": "5bpJKaVE",
            "quantityPerDay": 123,
            "autoConfirm": false,
            "pricePerPerson": false,
            "productPriceTypes": [
                {
                    "id": "q7Ox2Xa6",
                    "productPriceId": "M5l18AaW",
                    "productCustomerTypeId": "rO7nZ4l6",
                    "amount": 57,
                    "currencyId": "Belm3pnb",
                    "currencySymbol": null,
                    "isOfficial": true,
                    "productCustomerType": {
                        "id": "rO7nZ4l6",
                        "productId": "yxl4wVaj",
                        "name": "?????"
                    }
                }
            ],
            "deletedAt": null
        }
    ],
    "productCustomerTypes": [
        {
            "id": "nlYxyNaz",
            "productId": "Yp6gMnaK",
            "name": "API"
        },
        {
            "id": "MaGExzOD",
            "productId": "Yp6gMnaK",
            "name": "?????"
        },
        {
            "id": "ylKdJ1O8",
            "productId": "Yp6gMnaK",
            "name": "???"
        },
        {
            "id": "dpd5Jza7",
            "productId": "Yp6gMnaK",
            "name": "?????"
        }
    ],
    "city": {
        "id": "8p0NNylJ",
        "name": "Israel"
    },
    "productIncludedTags": [
        {
            "id": "q7OxNwa6",
            "productId": "Yp6gMnaK",
            "subTagId": "jLa3rjpz",
            "parentTagId": null,
            "subTagName": null
        }
    ],
    "productExcludedTags": [
        {
            "id": "qeaZ0eOd",
            "productId": "Yp6gMnaK",
            "subTagId": "4eO8gvlP",
            "parentTagId": null,
            "subTagName": null
        }
    ],
    "productTags": [
        {
            "id": "baQr3AlA",
            "productId": "Yp6gMnaK",
            "subTagId": "qeaZMepd",
            "parentTagId": null,
            "subTagName": null
        }
    ],
    "productTranslations": null,
    "productVideos": [
        {
            "id": "VblVYMaw",
            "productId": "Yp6gMnaK",
            "path": "https://www.youtube.com/watch?v=u1yVCeXYya4&list=RDMMu1yVCeXYya4&start_radio=1"
        }
    ]
}
]]></system-out>
  </testcase>
  <testcase name="Scenario: Provider creates a new product with missing fullDescription field" classname="Scenario: Provider creates a new product with missing fullDescription field" time="0">
    <failure message="expected:&lt;500&gt; but was:&lt;200&gt;" type="java.lang.AssertionError"><![CDATA[java.lang.AssertionError: expected:<500> but was:<200>
]]></failure>
  </testcase>
  <testcase name="Then verify the title is &quot;Internal Server Error&quot;" classname="Scenario: Provider creates a new product with missing fullDescription field" time="0">
    <skipped/>
  </testcase>
  <testcase name="Given product is set with the following fields" classname="Scenario: Provider creates a new product with empty shortDescription field" time="0"/>
  <testcase name="Given productVideos is set with the following fields" classname="Scenario: Provider creates a new product with empty shortDescription field" time="0"/>
  <testcase name="Given provider creates a new product" classname="Scenario: Provider creates a new product with empty shortDescription field" time="0"/>
  <testcase name="Then verify status code is 500" classname="Scenario: Provider creates a new product with empty shortDescription field" time="0">
    <failure message="expected:&lt;500&gt; but was:&lt;200&gt;" type="java.lang.AssertionError"><![CDATA[java.lang.AssertionError: expected:<500> but was:<200>
]]></failure>
    <system-out><![CDATA[{
    "id": "wOXzYkao",
    "name": "AutoTest",
    "productTypeId": null,
    "active": true,
    "shortDescription": "",
    "fullDescription": "Automation for API in Postman",
    "mostPopular": null,
    "longitude": 456.456,
    "latitude": 3245678.5467,
    "calendarColor": "blue",
    "address": "Bishkek",
    "cityId": "Pleoorpv",
    "createdAt": "2021-06-28T06:54:11.439951",
    "productImages": [
        
    ],
    "productDocuments": [
        
    ],
    "productTypes": null,
    "productWorkingDates": [
        {
            "id": "Belmkqpn",
            "productId": "wOXzYkao",
            "fromDate": "2021-05-27",
            "toDate": "2022-12-31",
            "name": "1234567sdfgh#$#%^%&",
            "strictHours": false,
            "timeSlots": [
                {
                    "id": "eO8gVLlP",
                    "productWorkingDateId": "Belmkqpn",
                    "dayOfWeek": "Monday",
                    "startTime": "09:00:00",
                    "endTime": "20:00:00",
                    "duration": "01:00:00",
                    "quantity": 67,
                    "usedQuantity": 0,
                    "active": false,
                    "deletedAt": null
                }
            ],
            "deletedAt": null,
            "maxUsedTicketsQuantity": 0,
            "errorCode": 0
        }
    ],
    "productRegions": [
        {
            "id": "EjpjvKpM",
            "productId": "wOXzYkao",
            "regionId": "5bpJKaVE",
            "regionName": null
        }
    ],
    "productPrices": [
        {
            "id": "WYp6AYOK",
            "productId": "wOXzYkao",
            "channelId": "5bpJKaVE",
            "fromDate": "2021-05-31T00:00:00",
            "toDate": "2022-12-31T00:00:00",
            "title": "API",
            "remarks": "Test",
            "officialPrice": 0,
            "currencyId": "5bpJKaVE",
            "quantityPerDay": 123,
            "autoConfirm": false,
            "pricePerPerson": false,
            "productPriceTypes": [
                {
                    "id": "Kdl22AlX",
                    "productPriceId": "WYp6AYOK",
                    "productCustomerTypeId": "5l1AmRlW",
                    "amount": 57,
                    "currencyId": "Belm3pnb",
                    "currencySymbol": null,
                    "isOfficial": true,
                    "productCustomerType": {
                        "id": "5l1AmRlW",
                        "productId": "yxl4wVaj",
                        "name": "?????"
                    }
                }
            ],
            "deletedAt": null
        }
    ],
    "productCustomerTypes": [
        {
            "id": "Yp6g98aK",
            "productId": "wOXzYkao",
            "name": "API"
        },
        {
            "id": "wOXzXoao",
            "productId": "wOXzYkao",
            "name": "?????"
        },
        {
            "id": "YayqxraW",
            "productId": "wOXzYkao",
            "name": "???"
        },
        {
            "id": "3pWo66p4",
            "productId": "wOXzYkao",
            "name": "?????"
        }
    ],
    "city": {
        "id": "Pleoorpv",
        "name": "Israel"
    },
    "productIncludedTags": [
        {
            "id": "Kdl23GOX",
            "productId": "wOXzYkao",
            "subTagId": "jLa3rjpz",
            "parentTagId": null,
            "subTagName": null
        }
    ],
    "productExcludedTags": [
        {
            "id": "5rO7K0O6",
            "productId": "wOXzYkao",
            "subTagId": "4eO8gvlP",
            "parentTagId": null,
            "subTagName": null
        }
    ],
    "productTags": [
        {
            "id": "elmvmeOn",
            "productId": "wOXzYkao",
            "subTagId": "qeaZMepd",
            "parentTagId": null,
            "subTagName": null
        }
    ],
    "productTranslations": null,
    "productVideos": [
        {
            "id": "4waDBJO3",
            "productId": "wOXzYkao",
            "path": "https://www.youtube.com/watch?v=u1yVCeXYya4&list=RDMMu1yVCeXYya4&start_radio=1"
        }
    ]
}
{
    "id": "wOXzYkao",
    "name": "AutoTest",
    "productTypeId": null,
    "active": true,
    "shortDescription": "",
    "fullDescription": "Automation for API in Postman",
    "mostPopular": null,
    "longitude": 456.456,
    "latitude": 3245678.5467,
    "calendarColor": "blue",
    "address": "Bishkek",
    "cityId": "Pleoorpv",
    "createdAt": "2021-06-28T06:54:11.439951",
    "productImages": [
        
    ],
    "productDocuments": [
        
    ],
    "productTypes": null,
    "productWorkingDates": [
        {
            "id": "Belmkqpn",
            "productId": "wOXzYkao",
            "fromDate": "2021-05-27",
            "toDate": "2022-12-31",
            "name": "1234567sdfgh#$#%^%&",
            "strictHours": false,
            "timeSlots": [
                {
                    "id": "eO8gVLlP",
                    "productWorkingDateId": "Belmkqpn",
                    "dayOfWeek": "Monday",
                    "startTime": "09:00:00",
                    "endTime": "20:00:00",
                    "duration": "01:00:00",
                    "quantity": 67,
                    "usedQuantity": 0,
                    "active": false,
                    "deletedAt": null
                }
            ],
            "deletedAt": null,
            "maxUsedTicketsQuantity": 0,
            "errorCode": 0
        }
    ],
    "productRegions": [
        {
            "id": "EjpjvKpM",
            "productId": "wOXzYkao",
            "regionId": "5bpJKaVE",
            "regionName": null
        }
    ],
    "productPrices": [
        {
            "id": "WYp6AYOK",
            "productId": "wOXzYkao",
            "channelId": "5bpJKaVE",
            "fromDate": "2021-05-31T00:00:00",
            "toDate": "2022-12-31T00:00:00",
            "title": "API",
            "remarks": "Test",
            "officialPrice": 0,
            "currencyId": "5bpJKaVE",
            "quantityPerDay": 123,
            "autoConfirm": false,
            "pricePerPerson": false,
            "productPriceTypes": [
                {
                    "id": "Kdl22AlX",
                    "productPriceId": "WYp6AYOK",
                    "productCustomerTypeId": "5l1AmRlW",
                    "amount": 57,
                    "currencyId": "Belm3pnb",
                    "currencySymbol": null,
                    "isOfficial": true,
                    "productCustomerType": {
                        "id": "5l1AmRlW",
                        "productId": "yxl4wVaj",
                        "name": "?????"
                    }
                }
            ],
            "deletedAt": null
        }
    ],
    "productCustomerTypes": [
        {
            "id": "Yp6g98aK",
            "productId": "wOXzYkao",
            "name": "API"
        },
        {
            "id": "wOXzXoao",
            "productId": "wOXzYkao",
            "name": "?????"
        },
        {
            "id": "YayqxraW",
            "productId": "wOXzYkao",
            "name": "???"
        },
        {
            "id": "3pWo66p4",
            "productId": "wOXzYkao",
            "name": "?????"
        }
    ],
    "city": {
        "id": "Pleoorpv",
        "name": "Israel"
    },
    "productIncludedTags": [
        {
            "id": "Kdl23GOX",
            "productId": "wOXzYkao",
            "subTagId": "jLa3rjpz",
            "parentTagId": null,
            "subTagName": null
        }
    ],
    "productExcludedTags": [
        {
            "id": "5rO7K0O6",
            "productId": "wOXzYkao",
            "subTagId": "4eO8gvlP",
            "parentTagId": null,
            "subTagName": null
        }
    ],
    "productTags": [
        {
            "id": "elmvmeOn",
            "productId": "wOXzYkao",
            "subTagId": "qeaZMepd",
            "parentTagId": null,
            "subTagName": null
        }
    ],
    "productTranslations": null,
    "productVideos": [
        {
            "id": "4waDBJO3",
            "productId": "wOXzYkao",
            "path": "https://www.youtube.com/watch?v=u1yVCeXYya4&list=RDMMu1yVCeXYya4&start_radio=1"
        }
    ]
}
]]></system-out>
  </testcase>
  <testcase name="Scenario: Provider creates a new product with empty shortDescription field" classname="Scenario: Provider creates a new product with empty shortDescription field" time="0">
    <failure message="expected:&lt;500&gt; but was:&lt;200&gt;" type="java.lang.AssertionError"><![CDATA[java.lang.AssertionError: expected:<500> but was:<200>
]]></failure>
  </testcase>
  <testcase name="Then verify the title is &quot;Internal Server Error&quot;" classname="Scenario: Provider creates a new product with empty shortDescription field" time="0">
    <skipped/>
  </testcase>
  <testcase name="Given product is set with the following fields" classname="Scenario: Provider creates a new product with empty fullDescription field" time="0"/>
  <testcase name="Given productVideos is set with the following fields" classname="Scenario: Provider creates a new product with empty fullDescription field" time="0"/>
  <testcase name="Given provider creates a new product" classname="Scenario: Provider creates a new product with empty fullDescription field" time="0"/>
  <testcase name="Then verify status code is 500" classname="Scenario: Provider creates a new product with empty fullDescription field" time="0">
    <failure message="expected:&lt;500&gt; but was:&lt;200&gt;" type="java.lang.AssertionError"><![CDATA[java.lang.AssertionError: expected:<500> but was:<200>
]]></failure>
    <system-out><![CDATA[{
    "id": "Yayq0DaW",
    "name": "AutoTest",
    "productTypeId": null,
    "active": true,
    "shortDescription": "Test For Automation 1",
    "fullDescription": "",
    "mostPopular": null,
    "longitude": 456.456,
    "latitude": 3245678.5467,
    "calendarColor": "blue",
    "address": "Bishkek",
    "cityId": "ApRDD5lY",
    "createdAt": "2021-06-28T06:54:11.835345",
    "productImages": [
        
    ],
    "productDocuments": [
        
    ],
    "productTypes": null,
    "productWorkingDates": [
        {
            "id": "5bpJ07lV",
            "productId": "Yayq0DaW",
            "fromDate": "2021-05-27",
            "toDate": "2022-12-31",
            "name": "1234567sdfgh#$#%^%&",
            "strictHours": false,
            "timeSlots": [
                {
                    "id": "4lrW7JOd",
                    "productWorkingDateId": "5bpJ07lV",
                    "dayOfWeek": "Monday",
                    "startTime": "09:00:00",
                    "endTime": "20:00:00",
                    "duration": "01:00:00",
                    "quantity": 67,
                    "usedQuantity": 0,
                    "active": false,
                    "deletedAt": null
                }
            ],
            "deletedAt": null,
            "maxUsedTicketsQuantity": 0,
            "errorCode": 0
        }
    ],
    "productRegions": [
        {
            "id": "r1lkPEO6",
            "productId": "Yayq0DaW",
            "regionId": "5bpJKaVE",
            "regionName": null
        }
    ],
    "productPrices": [
        {
            "id": "kwOXwqlo",
            "productId": "Yayq0DaW",
            "channelId": "5bpJKaVE",
            "fromDate": "2021-05-31T00:00:00",
            "toDate": "2022-12-31T00:00:00",
            "title": "API",
            "remarks": "Test",
            "officialPrice": 0,
            "currencyId": "5bpJKaVE",
            "quantityPerDay": 123,
            "autoConfirm": false,
            "pricePerPerson": false,
            "productPriceTypes": [
                {
                    "id": "BJpgZqOq",
                    "productPriceId": "kwOXwqlo",
                    "productCustomerTypeId": "xl4WA7aj",
                    "amount": 57,
                    "currencyId": "Belm3pnb",
                    "currencySymbol": null,
                    "isOfficial": true,
                    "productCustomerType": {
                        "id": "xl4WA7aj",
                        "productId": "yxl4wVaj",
                        "name": "?????"
                    }
                }
            ],
            "deletedAt": null
        }
    ],
    "productCustomerTypes": [
        {
            "id": "Gaz72WlV",
            "productId": "Yayq0DaW",
            "name": "API"
        },
        {
            "id": "8p0NQJlJ",
            "productId": "Yayq0DaW",
            "name": "?????"
        },
        {
            "id": "PleoNjpv",
            "productId": "Yayq0DaW",
            "name": "???"
        },
        {
            "id": "ApRDYklY",
            "productId": "Yayq0DaW",
            "name": "?????"
        }
    ],
    "city": {
        "id": "ApRDD5lY",
        "name": "Israel"
    },
    "productIncludedTags": [
        {
            "id": "BJpgwdpq",
            "productId": "Yayq0DaW",
            "subTagId": "jLa3rjpz",
            "parentTagId": null,
            "subTagName": null
        }
    ],
    "productExcludedTags": [
        {
            "id": "JnlYz6Oz",
            "productId": "Yayq0DaW",
            "subTagId": "4eO8gvlP",
            "parentTagId": null,
            "subTagName": null
        }
    ],
    "productTags": [
        {
            "id": "bpJK6qaV",
            "productId": "Yayq0DaW",
            "subTagId": "qeaZMepd",
            "parentTagId": null,
            "subTagName": null
        }
    ],
    "productTranslations": null,
    "productVideos": [
        {
            "id": "jLa302lz",
            "productId": "Yayq0DaW",
            "path": "https://www.youtube.com/watch?v=u1yVCeXYya4&list=RDMMu1yVCeXYya4&start_radio=1"
        }
    ]
}
{
    "id": "Yayq0DaW",
    "name": "AutoTest",
    "productTypeId": null,
    "active": true,
    "shortDescription": "Test For Automation 1",
    "fullDescription": "",
    "mostPopular": null,
    "longitude": 456.456,
    "latitude": 3245678.5467,
    "calendarColor": "blue",
    "address": "Bishkek",
    "cityId": "ApRDD5lY",
    "createdAt": "2021-06-28T06:54:11.835345",
    "productImages": [
        
    ],
    "productDocuments": [
        
    ],
    "productTypes": null,
    "productWorkingDates": [
        {
            "id": "5bpJ07lV",
            "productId": "Yayq0DaW",
            "fromDate": "2021-05-27",
            "toDate": "2022-12-31",
            "name": "1234567sdfgh#$#%^%&",
            "strictHours": false,
            "timeSlots": [
                {
                    "id": "4lrW7JOd",
                    "productWorkingDateId": "5bpJ07lV",
                    "dayOfWeek": "Monday",
                    "startTime": "09:00:00",
                    "endTime": "20:00:00",
                    "duration": "01:00:00",
                    "quantity": 67,
                    "usedQuantity": 0,
                    "active": false,
                    "deletedAt": null
                }
            ],
            "deletedAt": null,
            "maxUsedTicketsQuantity": 0,
            "errorCode": 0
        }
    ],
    "productRegions": [
        {
            "id": "r1lkPEO6",
            "productId": "Yayq0DaW",
            "regionId": "5bpJKaVE",
            "regionName": null
        }
    ],
    "productPrices": [
        {
            "id": "kwOXwqlo",
            "productId": "Yayq0DaW",
            "channelId": "5bpJKaVE",
            "fromDate": "2021-05-31T00:00:00",
            "toDate": "2022-12-31T00:00:00",
            "title": "API",
            "remarks": "Test",
            "officialPrice": 0,
            "currencyId": "5bpJKaVE",
            "quantityPerDay": 123,
            "autoConfirm": false,
            "pricePerPerson": false,
            "productPriceTypes": [
                {
                    "id": "BJpgZqOq",
                    "productPriceId": "kwOXwqlo",
                    "productCustomerTypeId": "xl4WA7aj",
                    "amount": 57,
                    "currencyId": "Belm3pnb",
                    "currencySymbol": null,
                    "isOfficial": true,
                    "productCustomerType": {
                        "id": "xl4WA7aj",
                        "productId": "yxl4wVaj",
                        "name": "?????"
                    }
                }
            ],
            "deletedAt": null
        }
    ],
    "productCustomerTypes": [
        {
            "id": "Gaz72WlV",
            "productId": "Yayq0DaW",
            "name": "API"
        },
        {
            "id": "8p0NQJlJ",
            "productId": "Yayq0DaW",
            "name": "?????"
        },
        {
            "id": "PleoNjpv",
            "productId": "Yayq0DaW",
            "name": "???"
        },
        {
            "id": "ApRDYklY",
            "productId": "Yayq0DaW",
            "name": "?????"
        }
    ],
    "city": {
        "id": "ApRDD5lY",
        "name": "Israel"
    },
    "productIncludedTags": [
        {
            "id": "BJpgwdpq",
            "productId": "Yayq0DaW",
            "subTagId": "jLa3rjpz",
            "parentTagId": null,
            "subTagName": null
        }
    ],
    "productExcludedTags": [
        {
            "id": "JnlYz6Oz",
            "productId": "Yayq0DaW",
            "subTagId": "4eO8gvlP",
            "parentTagId": null,
            "subTagName": null
        }
    ],
    "productTags": [
        {
            "id": "bpJK6qaV",
            "productId": "Yayq0DaW",
            "subTagId": "qeaZMepd",
            "parentTagId": null,
            "subTagName": null
        }
    ],
    "productTranslations": null,
    "productVideos": [
        {
            "id": "jLa302lz",
            "productId": "Yayq0DaW",
            "path": "https://www.youtube.com/watch?v=u1yVCeXYya4&list=RDMMu1yVCeXYya4&start_radio=1"
        }
    ]
}
]]></system-out>
  </testcase>
  <testcase name="Scenario: Provider creates a new product with empty fullDescription field" classname="Scenario: Provider creates a new product with empty fullDescription field" time="0">
    <failure message="expected:&lt;500&gt; but was:&lt;200&gt;" type="java.lang.AssertionError"><![CDATA[java.lang.AssertionError: expected:<500> but was:<200>
]]></failure>
  </testcase>
  <testcase name="Then verify the title is &quot;Internal Server Error&quot;" classname="Scenario: Provider creates a new product with empty fullDescription field" time="0">
    <skipped/>
  </testcase>
  <testcase name="Given product is set with the following fields" classname="Scenario: Provider creates a new product with empty address field" time="0"/>
  <testcase name="Given productVideos is set with the following fields" classname="Scenario: Provider creates a new product with empty address field" time="0"/>
  <testcase name="Given provider creates a new product" classname="Scenario: Provider creates a new product with empty address field" time="0"/>
  <testcase name="Then verify status code is 500" classname="Scenario: Provider creates a new product with empty address field" time="0">
    <failure message="expected:&lt;500&gt; but was:&lt;200&gt;" type="java.lang.AssertionError"><![CDATA[java.lang.AssertionError: expected:<500> but was:<200>
]]></failure>
    <system-out><![CDATA[{
    "id": "3pWo7dp4",
    "name": "AutoTest",
    "productTypeId": null,
    "active": true,
    "shortDescription": "Test For Automation 1",
    "fullDescription": "Automation for API in Postman",
    "mostPopular": null,
    "longitude": 456.456,
    "latitude": 3245678.5467,
    "calendarColor": "blue",
    "address": "",
    "cityId": "7OxMMgp6",
    "createdAt": "2021-06-28T06:54:12.087839",
    "productImages": [
        
    ],
    "productDocuments": [
        
    ],
    "productTypes": null,
    "productWorkingDates": [
        {
            "id": "0WaN20ad",
            "productId": "3pWo7dp4",
            "fromDate": "2021-05-27",
            "toDate": "2022-12-31",
            "name": "1234567sdfgh#$#%^%&",
            "strictHours": false,
            "timeSlots": [
                {
                    "id": "dOnnAAOV",
                    "productWorkingDateId": "0WaN20ad",
                    "dayOfWeek": "Monday",
                    "startTime": "09:00:00",
                    "endTime": "20:00:00",
                    "duration": "01:00:00",
                    "quantity": 67,
                    "usedQuantity": 0,
                    "active": false,
                    "deletedAt": null
                }
            ],
            "deletedAt": null,
            "maxUsedTicketsQuantity": 0,
            "errorCode": 0
        }
    ],
    "productRegions": [
        {
            "id": "zblBLKpR",
            "productId": "3pWo7dp4",
            "regionId": "5bpJKaVE",
            "regionName": null
        }
    ],
    "productPrices": [
        {
            "id": "PYayrRlW",
            "productId": "3pWo7dp4",
            "channelId": "5bpJKaVE",
            "fromDate": "2021-05-31T00:00:00",
            "toDate": "2022-12-31T00:00:00",
            "title": "API",
            "remarks": "Test",
            "officialPrice": 0,
            "currencyId": "5bpJKaVE",
            "quantityPerDay": 123,
            "autoConfirm": false,
            "pricePerPerson": false,
            "productPriceTypes": [
                {
                    "id": "0GpbJApr",
                    "productPriceId": "PYayrRlW",
                    "productCustomerTypeId": "7OxMREp6",
                    "amount": 57,
                    "currencyId": "Belm3pnb",
                    "currencySymbol": null,
                    "isOfficial": true,
                    "productCustomerType": {
                        "id": "7OxMREp6",
                        "productId": "yxl4wVaj",
                        "name": "?????"
                    }
                }
            ],
            "deletedAt": null
        }
    ],
    "productCustomerTypes": [
        {
            "id": "dl2oJgOX",
            "productId": "3pWo7dp4",
            "name": "API"
        },
        {
            "id": "JpgyLelq",
            "productId": "3pWo7dp4",
            "name": "?????"
        },
        {
            "id": "GpbzQRpr",
            "productId": "3pWo7dp4",
            "name": "???"
        },
        {
            "id": "zpM9Ayp6",
            "productId": "3pWo7dp4",
            "name": "?????"
        }
    ],
    "city": {
        "id": "7OxMMgp6",
        "name": "Israel"
    },
    "productIncludedTags": [
        {
            "id": "0GpbKxar",
            "productId": "3pWo7dp4",
            "subTagId": "jLa3rjpz",
            "parentTagId": null,
            "subTagName": null
        }
    ],
    "productExcludedTags": [
        {
            "id": "kMaGm7OD",
            "productId": "3pWo7dp4",
            "subTagId": "4eO8gvlP",
            "parentTagId": null,
            "subTagName": null
        }
    ],
    "productTags": [
        {
            "id": "WaNd3BOd",
            "productId": "3pWo7dp4",
            "subTagId": "qeaZMepd",
            "parentTagId": null,
            "subTagName": null
        }
    ],
    "productTranslations": null,
    "productVideos": [
        {
            "id": "4eO8EepP",
            "productId": "3pWo7dp4",
            "path": "https://www.youtube.com/watch?v=u1yVCeXYya4&list=RDMMu1yVCeXYya4&start_radio=1"
        }
    ]
}
{
    "id": "3pWo7dp4",
    "name": "AutoTest",
    "productTypeId": null,
    "active": true,
    "shortDescription": "Test For Automation 1",
    "fullDescription": "Automation for API in Postman",
    "mostPopular": null,
    "longitude": 456.456,
    "latitude": 3245678.5467,
    "calendarColor": "blue",
    "address": "",
    "cityId": "7OxMMgp6",
    "createdAt": "2021-06-28T06:54:12.087839",
    "productImages": [
        
    ],
    "productDocuments": [
        
    ],
    "productTypes": null,
    "productWorkingDates": [
        {
            "id": "0WaN20ad",
            "productId": "3pWo7dp4",
            "fromDate": "2021-05-27",
            "toDate": "2022-12-31",
            "name": "1234567sdfgh#$#%^%&",
            "strictHours": false,
            "timeSlots": [
                {
                    "id": "dOnnAAOV",
                    "productWorkingDateId": "0WaN20ad",
                    "dayOfWeek": "Monday",
                    "startTime": "09:00:00",
                    "endTime": "20:00:00",
                    "duration": "01:00:00",
                    "quantity": 67,
                    "usedQuantity": 0,
                    "active": false,
                    "deletedAt": null
                }
            ],
            "deletedAt": null,
            "maxUsedTicketsQuantity": 0,
            "errorCode": 0
        }
    ],
    "productRegions": [
        {
            "id": "zblBLKpR",
            "productId": "3pWo7dp4",
            "regionId": "5bpJKaVE",
            "regionName": null
        }
    ],
    "productPrices": [
        {
            "id": "PYayrRlW",
            "productId": "3pWo7dp4",
            "channelId": "5bpJKaVE",
            "fromDate": "2021-05-31T00:00:00",
            "toDate": "2022-12-31T00:00:00",
            "title": "API",
            "remarks": "Test",
            "officialPrice": 0,
            "currencyId": "5bpJKaVE",
            "quantityPerDay": 123,
            "autoConfirm": false,
            "pricePerPerson": false,
            "productPriceTypes": [
                {
                    "id": "0GpbJApr",
                    "productPriceId": "PYayrRlW",
                    "productCustomerTypeId": "7OxMREp6",
                    "amount": 57,
                    "currencyId": "Belm3pnb",
                    "currencySymbol": null,
                    "isOfficial": true,
                    "productCustomerType": {
                        "id": "7OxMREp6",
                        "productId": "yxl4wVaj",
                        "name": "?????"
                    }
                }
            ],
            "deletedAt": null
        }
    ],
    "productCustomerTypes": [
        {
            "id": "dl2oJgOX",
            "productId": "3pWo7dp4",
            "name": "API"
        },
        {
            "id": "JpgyLelq",
            "productId": "3pWo7dp4",
            "name": "?????"
        },
        {
            "id": "GpbzQRpr",
            "productId": "3pWo7dp4",
            "name": "???"
        },
        {
            "id": "zpM9Ayp6",
            "productId": "3pWo7dp4",
            "name": "?????"
        }
    ],
    "city": {
        "id": "7OxMMgp6",
        "name": "Israel"
    },
    "productIncludedTags": [
        {
            "id": "0GpbKxar",
            "productId": "3pWo7dp4",
            "subTagId": "jLa3rjpz",
            "parentTagId": null,
            "subTagName": null
        }
    ],
    "productExcludedTags": [
        {
            "id": "kMaGm7OD",
            "productId": "3pWo7dp4",
            "subTagId": "4eO8gvlP",
            "parentTagId": null,
            "subTagName": null
        }
    ],
    "productTags": [
        {
            "id": "WaNd3BOd",
            "productId": "3pWo7dp4",
            "subTagId": "qeaZMepd",
            "parentTagId": null,
            "subTagName": null
        }
    ],
    "productTranslations": null,
    "productVideos": [
        {
            "id": "4eO8EepP",
            "productId": "3pWo7dp4",
            "path": "https://www.youtube.com/watch?v=u1yVCeXYya4&list=RDMMu1yVCeXYya4&start_radio=1"
        }
    ]
}
]]></system-out>
  </testcase>
  <testcase name="Scenario: Provider creates a new product with empty address field" classname="Scenario: Provider creates a new product with empty address field" time="0">
    <failure message="expected:&lt;500&gt; but was:&lt;200&gt;" type="java.lang.AssertionError"><![CDATA[java.lang.AssertionError: expected:<500> but was:<200>
]]></failure>
  </testcase>
  <testcase name="Then verify the title is &quot;Internal Server Error&quot;" classname="Scenario: Provider creates a new product with empty address field" time="0">
    <skipped/>
  </testcase>
  <testcase name="Given product is set with the following fields" classname="Scenario: Provider creates a new product with missing address field" time="0"/>
  <testcase name="Given productVideos is set with the following fields" classname="Scenario: Provider creates a new product with missing address field" time="0"/>
  <testcase name="Given provider creates a new product" classname="Scenario: Provider creates a new product with missing address field" time="0"/>
  <testcase name="Then verify status code is 500" classname="Scenario: Provider creates a new product with missing address field" time="0">
    <failure message="expected:&lt;500&gt; but was:&lt;200&gt;" type="java.lang.AssertionError"><![CDATA[java.lang.AssertionError: expected:<500> but was:<200>
]]></failure>
    <system-out><![CDATA[{
    "id": "xl4WVPaj",
    "name": "AutoTest",
    "productTypeId": null,
    "active": true,
    "shortDescription": "Test For Automation 1",
    "fullDescription": "Automation for API in Postman",
    "mostPopular": null,
    "longitude": 456.456,
    "latitude": 3245678.5467,
    "calendarColor": "blue",
    "address": null,
    "cityId": "dl2oDLOX",
    "createdAt": "2021-06-28T06:54:12.324562",
    "productImages": [
        
    ],
    "productDocuments": [
        
    ],
    "productTypes": null,
    "productWorkingDates": [
        {
            "id": "52aAK9OZ",
            "productId": "xl4WVPaj",
            "fromDate": "2021-05-27",
            "toDate": "2022-12-31",
            "name": "1234567sdfgh#$#%^%&",
            "strictHours": false,
            "timeSlots": [
                {
                    "id": "jpjPQKlM",
                    "productWorkingDateId": "52aAK9OZ",
                    "dayOfWeek": "Monday",
                    "startTime": "09:00:00",
                    "endTime": "20:00:00",
                    "duration": "01:00:00",
                    "quantity": 67,
                    "usedQuantity": 0,
                    "active": false,
                    "deletedAt": null
                }
            ],
            "deletedAt": null,
            "maxUsedTicketsQuantity": 0,
            "errorCode": 0
        }
    ],
    "productRegions": [
        {
            "id": "7WlqWMpb",
            "productId": "xl4WVPaj",
            "regionId": "5bpJKaVE",
            "regionName": null
        }
    ],
    "productPrices": [
        {
            "id": "D3pWw4p4",
            "productId": "xl4WVPaj",
            "channelId": "5bpJKaVE",
            "fromDate": "2021-05-31T00:00:00",
            "toDate": "2022-12-31T00:00:00",
            "title": "API",
            "remarks": "Test",
            "officialPrice": 0,
            "currencyId": "5bpJKaVE",
            "quantityPerDay": 123,
            "autoConfirm": false,
            "pricePerPerson": false,
            "productPriceTypes": [
                {
                    "id": "dzpMy1p6",
                    "productPriceId": "D3pWw4p4",
                    "productCustomerTypeId": "ZOwLekpx",
                    "amount": 57,
                    "currencyId": "Belm3pnb",
                    "currencySymbol": null,
                    "isOfficial": true,
                    "productCustomerType": {
                        "id": "ZOwLekpx",
                        "productId": "yxl4wVaj",
                        "name": "?????"
                    }
                }
            ],
            "deletedAt": null
        }
    ],
    "productCustomerTypes": [
        {
            "id": "Bl51LxlX",
            "productId": "xl4WVPaj",
            "name": "API"
        },
        {
            "id": "bpvj0QpJ",
            "productId": "xl4WVPaj",
            "name": "?????"
        },
        {
            "id": "zOPeZ5pj",
            "productId": "xl4WVPaj",
            "name": "???"
        },
        {
            "id": "blVX16pw",
            "productId": "xl4WVPaj",
            "name": "?????"
        }
    ],
    "city": {
        "id": "dl2oDLOX",
        "name": "Israel"
    },
    "productIncludedTags": [
        {
            "id": "dzpMBJa6",
            "productId": "xl4WVPaj",
            "subTagId": "jLa3rjpz",
            "parentTagId": null,
            "subTagName": null
        }
    ],
    "productExcludedTags": [
        {
            "id": "oylKLQO8",
            "productId": "xl4WVPaj",
            "subTagId": "4eO8gvlP",
            "parentTagId": null,
            "subTagName": null
        }
    ],
    "productTags": [
        {
            "id": "2aAYLLaZ",
            "productId": "xl4WVPaj",
            "subTagId": "qeaZMepd",
            "parentTagId": null,
            "subTagName": null
        }
    ],
    "productTranslations": null,
    "productVideos": [
        {
            "id": "N4lrmPad",
            "productId": "xl4WVPaj",
            "path": "https://www.youtube.com/watch?v=u1yVCeXYya4&list=RDMMu1yVCeXYya4&start_radio=1"
        }
    ]
}
{
    "id": "xl4WVPaj",
    "name": "AutoTest",
    "productTypeId": null,
    "active": true,
    "shortDescription": "Test For Automation 1",
    "fullDescription": "Automation for API in Postman",
    "mostPopular": null,
    "longitude": 456.456,
    "latitude": 3245678.5467,
    "calendarColor": "blue",
    "address": null,
    "cityId": "dl2oDLOX",
    "createdAt": "2021-06-28T06:54:12.324562",
    "productImages": [
        
    ],
    "productDocuments": [
        
    ],
    "productTypes": null,
    "productWorkingDates": [
        {
            "id": "52aAK9OZ",
            "productId": "xl4WVPaj",
            "fromDate": "2021-05-27",
            "toDate": "2022-12-31",
            "name": "1234567sdfgh#$#%^%&",
            "strictHours": false,
            "timeSlots": [
                {
                    "id": "jpjPQKlM",
                    "productWorkingDateId": "52aAK9OZ",
                    "dayOfWeek": "Monday",
                    "startTime": "09:00:00",
                    "endTime": "20:00:00",
                    "duration": "01:00:00",
                    "quantity": 67,
                    "usedQuantity": 0,
                    "active": false,
                    "deletedAt": null
                }
            ],
            "deletedAt": null,
            "maxUsedTicketsQuantity": 0,
            "errorCode": 0
        }
    ],
    "productRegions": [
        {
            "id": "7WlqWMpb",
            "productId": "xl4WVPaj",
            "regionId": "5bpJKaVE",
            "regionName": null
        }
    ],
    "productPrices": [
        {
            "id": "D3pWw4p4",
            "productId": "xl4WVPaj",
            "channelId": "5bpJKaVE",
            "fromDate": "2021-05-31T00:00:00",
            "toDate": "2022-12-31T00:00:00",
            "title": "API",
            "remarks": "Test",
            "officialPrice": 0,
            "currencyId": "5bpJKaVE",
            "quantityPerDay": 123,
            "autoConfirm": false,
            "pricePerPerson": false,
            "productPriceTypes": [
                {
                    "id": "dzpMy1p6",
                    "productPriceId": "D3pWw4p4",
                    "productCustomerTypeId": "ZOwLekpx",
                    "amount": 57,
                    "currencyId": "Belm3pnb",
                    "currencySymbol": null,
                    "isOfficial": true,
                    "productCustomerType": {
                        "id": "ZOwLekpx",
                        "productId": "yxl4wVaj",
                        "name": "?????"
                    }
                }
            ],
            "deletedAt": null
        }
    ],
    "productCustomerTypes": [
        {
            "id": "Bl51LxlX",
            "productId": "xl4WVPaj",
            "name": "API"
        },
        {
            "id": "bpvj0QpJ",
            "productId": "xl4WVPaj",
            "name": "?????"
        },
        {
            "id": "zOPeZ5pj",
            "productId": "xl4WVPaj",
            "name": "???"
        },
        {
            "id": "blVX16pw",
            "productId": "xl4WVPaj",
            "name": "?????"
        }
    ],
    "city": {
        "id": "dl2oDLOX",
        "name": "Israel"
    },
    "productIncludedTags": [
        {
            "id": "dzpMBJa6",
            "productId": "xl4WVPaj",
            "subTagId": "jLa3rjpz",
            "parentTagId": null,
            "subTagName": null
        }
    ],
    "productExcludedTags": [
        {
            "id": "oylKLQO8",
            "productId": "xl4WVPaj",
            "subTagId": "4eO8gvlP",
            "parentTagId": null,
            "subTagName": null
        }
    ],
    "productTags": [
        {
            "id": "2aAYLLaZ",
            "productId": "xl4WVPaj",
            "subTagId": "qeaZMepd",
            "parentTagId": null,
            "subTagName": null
        }
    ],
    "productTranslations": null,
    "productVideos": [
        {
            "id": "N4lrmPad",
            "productId": "xl4WVPaj",
            "path": "https://www.youtube.com/watch?v=u1yVCeXYya4&list=RDMMu1yVCeXYya4&start_radio=1"
        }
    ]
}
]]></system-out>
  </testcase>
  <testcase name="Scenario: Provider creates a new product with missing address field" classname="Scenario: Provider creates a new product with missing address field" time="0">
    <failure message="expected:&lt;500&gt; but was:&lt;200&gt;" type="java.lang.AssertionError"><![CDATA[java.lang.AssertionError: expected:<500> but was:<200>
]]></failure>
  </testcase>
  <testcase name="Then verify the title is &quot;Internal Server Error&quot;" classname="Scenario: Provider creates a new product with missing address field" time="0">
    <skipped/>
  </testcase>
  <testcase name="Given product is set with the following fields" classname="Scenario: provider enters a data in productTypes with missing name field" time="0"/>
  <testcase name="Given productVideos is set with the following fields" classname="Scenario: provider enters a data in productTypes with missing name field" time="0"/>
  <testcase name="Given productTypes is set with following fields" classname="Scenario: provider enters a data in productTypes with missing name field" time="0"/>
  <testcase name="Given provider creates a new product" classname="Scenario: provider enters a data in productTypes with missing name field" time="0"/>
  <testcase name="Then verify status code is 500" classname="Scenario: provider enters a data in productTypes with missing name field" time="0">
    <failure message="expected:&lt;500&gt; but was:&lt;200&gt;" type="java.lang.AssertionError"><![CDATA[java.lang.AssertionError: expected:<500> but was:<200>
]]></failure>
    <system-out><![CDATA[{
    "id": "Gaz7vzlV",
    "name": "AutoTest",
    "productTypeId": null,
    "active": true,
    "shortDescription": "Test For Automation 1",
    "fullDescription": "Automation for API in Postman",
    "mostPopular": null,
    "longitude": 456.456,
    "latitude": 3245678.5467,
    "calendarColor": "blue",
    "address": "Bishkek",
    "cityId": "JpgyBylq",
    "createdAt": "2021-06-28T06:54:12.700734",
    "productImages": [
        
    ],
    "productDocuments": [
        
    ],
    "productTypes": null,
    "productWorkingDates": [
        {
            "id": "Q4aLR2On",
            "productId": "Gaz7vzlV",
            "fromDate": "2021-05-27",
            "toDate": "2022-12-31",
            "name": "1234567sdfgh#$#%^%&",
            "strictHours": false,
            "timeSlots": [
                {
                    "id": "1lkVmEa6",
                    "productWorkingDateId": "Q4aLR2On",
                    "dayOfWeek": "Monday",
                    "startTime": "09:00:00",
                    "endTime": "20:00:00",
                    "duration": "01:00:00",
                    "quantity": 67,
                    "usedQuantity": 0,
                    "active": false,
                    "deletedAt": null
                }
            ],
            "deletedAt": null,
            "maxUsedTicketsQuantity": 0,
            "errorCode": 0
        }
    ],
    "productRegions": [
        {
            "id": "GrOE7KaY",
            "productId": "Gaz7vzlV",
            "regionId": "5bpJKaVE",
            "regionName": null
        }
    ],
    "productPrices": [
        {
            "id": "yxl4J2pj",
            "productId": "Gaz7vzlV",
            "channelId": "5bpJKaVE",
            "fromDate": "2021-05-31T00:00:00",
            "toDate": "2022-12-31T00:00:00",
            "title": "API",
            "remarks": "Test",
            "officialPrice": 0,
            "currencyId": "5bpJKaVE",
            "quantityPerDay": 123,
            "autoConfirm": false,
            "pricePerPerson": false,
            "productPriceTypes": [
                {
                    "id": "0ZOwovOx",
                    "productPriceId": "yxl4J2pj",
                    "productCustomerTypeId": "waD30Np3",
                    "amount": 57,
                    "currencyId": "Belm3pnb",
                    "currencySymbol": null,
                    "isOfficial": true,
                    "productCustomerType": {
                        "id": "waD30Np3",
                        "productId": "yxl4wVaj",
                        "name": "?????"
                    }
                }
            ],
            "deletedAt": null
        }
    ],
    "productCustomerTypes": [
        {
            "id": "La3rNBpz",
            "productId": "Gaz7vzlV",
            "name": "API"
        },
        {
            "id": "eO8g7blP",
            "productId": "Gaz7vzlV",
            "name": "?????"
        },
        {
            "id": "4lrW8ROd",
            "productId": "Gaz7vzlV",
            "name": "???"
        },
        {
            "id": "dOnn8nOV",
            "productId": "Gaz7vzlV",
            "name": "?????"
        }
    ],
    "city": {
        "id": "JpgyBylq",
        "name": "Israel"
    },
    "productIncludedTags": [
        {
            "id": "0ZOwJ9lx",
            "productId": "Gaz7vzlV",
            "subTagId": "jLa3rjpz",
            "parentTagId": null,
            "subTagName": null
        }
    ],
    "productExcludedTags": [
        {
            "id": "1dpdqVa7",
            "productId": "Gaz7vzlV",
            "subTagId": "4eO8gvlP",
            "parentTagId": null,
            "subTagName": null
        }
    ],
    "productTags": [
        {
            "id": "4aLGjZpn",
            "productId": "Gaz7vzlV",
            "subTagId": "qeaZMepd",
            "parentTagId": null,
            "subTagName": null
        }
    ],
    "productTranslations": null,
    "productVideos": [
        {
            "id": "PdOnR3OV",
            "productId": "Gaz7vzlV",
            "path": "https://www.youtube.com/watch?v=u1yVCeXYya4&list=RDMMu1yVCeXYya4&start_radio=1"
        }
    ]
}
{
    "id": "Gaz7vzlV",
    "name": "AutoTest",
    "productTypeId": null,
    "active": true,
    "shortDescription": "Test For Automation 1",
    "fullDescription": "Automation for API in Postman",
    "mostPopular": null,
    "longitude": 456.456,
    "latitude": 3245678.5467,
    "calendarColor": "blue",
    "address": "Bishkek",
    "cityId": "JpgyBylq",
    "createdAt": "2021-06-28T06:54:12.700734",
    "productImages": [
        
    ],
    "productDocuments": [
        
    ],
    "productTypes": null,
    "productWorkingDates": [
        {
            "id": "Q4aLR2On",
            "productId": "Gaz7vzlV",
            "fromDate": "2021-05-27",
            "toDate": "2022-12-31",
            "name": "1234567sdfgh#$#%^%&",
            "strictHours": false,
            "timeSlots": [
                {
                    "id": "1lkVmEa6",
                    "productWorkingDateId": "Q4aLR2On",
                    "dayOfWeek": "Monday",
                    "startTime": "09:00:00",
                    "endTime": "20:00:00",
                    "duration": "01:00:00",
                    "quantity": 67,
                    "usedQuantity": 0,
                    "active": false,
                    "deletedAt": null
                }
            ],
            "deletedAt": null,
            "maxUsedTicketsQuantity": 0,
            "errorCode": 0
        }
    ],
    "productRegions": [
        {
            "id": "GrOE7KaY",
            "productId": "Gaz7vzlV",
            "regionId": "5bpJKaVE",
            "regionName": null
        }
    ],
    "productPrices": [
        {
            "id": "yxl4J2pj",
            "productId": "Gaz7vzlV",
            "channelId": "5bpJKaVE",
            "fromDate": "2021-05-31T00:00:00",
            "toDate": "2022-12-31T00:00:00",
            "title": "API",
            "remarks": "Test",
            "officialPrice": 0,
            "currencyId": "5bpJKaVE",
            "quantityPerDay": 123,
            "autoConfirm": false,
            "pricePerPerson": false,
            "productPriceTypes": [
                {
                    "id": "0ZOwovOx",
                    "productPriceId": "yxl4J2pj",
                    "productCustomerTypeId": "waD30Np3",
                    "amount": 57,
                    "currencyId": "Belm3pnb",
                    "currencySymbol": null,
                    "isOfficial": true,
                    "productCustomerType": {
                        "id": "waD30Np3",
                        "productId": "yxl4wVaj",
                        "name": "?????"
                    }
                }
            ],
            "deletedAt": null
        }
    ],
    "productCustomerTypes": [
        {
            "id": "La3rNBpz",
            "productId": "Gaz7vzlV",
            "name": "API"
        },
        {
            "id": "eO8g7blP",
            "productId": "Gaz7vzlV",
            "name": "?????"
        },
        {
            "id": "4lrW8ROd",
            "productId": "Gaz7vzlV",
            "name": "???"
        },
        {
            "id": "dOnn8nOV",
            "productId": "Gaz7vzlV",
            "name": "?????"
        }
    ],
    "city": {
        "id": "JpgyBylq",
        "name": "Israel"
    },
    "productIncludedTags": [
        {
            "id": "0ZOwJ9lx",
            "productId": "Gaz7vzlV",
            "subTagId": "jLa3rjpz",
            "parentTagId": null,
            "subTagName": null
        }
    ],
    "productExcludedTags": [
        {
            "id": "1dpdqVa7",
            "productId": "Gaz7vzlV",
            "subTagId": "4eO8gvlP",
            "parentTagId": null,
            "subTagName": null
        }
    ],
    "productTags": [
        {
            "id": "4aLGjZpn",
            "productId": "Gaz7vzlV",
            "subTagId": "qeaZMepd",
            "parentTagId": null,
            "subTagName": null
        }
    ],
    "productTranslations": null,
    "productVideos": [
        {
            "id": "PdOnR3OV",
            "productId": "Gaz7vzlV",
            "path": "https://www.youtube.com/watch?v=u1yVCeXYya4&list=RDMMu1yVCeXYya4&start_radio=1"
        }
    ]
}
]]></system-out>
  </testcase>
  <testcase name="Scenario: provider enters a data in productTypes with missing name field" classname="Scenario: provider enters a data in productTypes with missing name field" time="0">
    <failure message="expected:&lt;500&gt; but was:&lt;200&gt;" type="java.lang.AssertionError"><![CDATA[java.lang.AssertionError: expected:<500> but was:<200>
]]></failure>
  </testcase>
  <testcase name="Then verify the title is &quot;Internal Server Error&quot;" classname="Scenario: provider enters a data in productTypes with missing name field" time="0">
    <skipped/>
  </testcase>
  <testcase name="Given product is set with the following fields" classname="Scenario: provider enters a data in ProductWorkingDates with missing fromDate field" time="0"/>
  <testcase name="Given productVideos is set with the following fields" classname="Scenario: provider enters a data in ProductWorkingDates with missing fromDate field" time="0"/>
  <testcase name="Given productWorkingDates is set with following fields" classname="Scenario: provider enters a data in ProductWorkingDates with missing fromDate field" time="0"/>
  <testcase name="Given provider creates a new product" classname="Scenario: provider enters a data in ProductWorkingDates with missing fromDate field" time="0"/>
  <testcase name="Then verify status code is 500" classname="Scenario: provider enters a data in ProductWorkingDates with missing fromDate field" time="0"/>
  <testcase name="Then verify the title is &quot;Internal Server Error&quot;" classname="Scenario: provider enters a data in ProductWorkingDates with missing fromDate field" time="0"/>
  <testcase name="Scenario: provider enters a data in ProductWorkingDates with missing fromDate field" classname="Scenario: provider enters a data in ProductWorkingDates with missing fromDate field" time="0"/>
  <testcase name="Given product is set with the following fields" classname="Scenario: provider enters a data in ProductWorkingDates with empty fromDate field" time="0"/>
  <testcase name="Given productVideos is set with the following fields" classname="Scenario: provider enters a data in ProductWorkingDates with empty fromDate field" time="0"/>
  <testcase name="Given productWorkingDates is set with following fields" classname="Scenario: provider enters a data in ProductWorkingDates with empty fromDate field" time="0"/>
  <testcase name="Given provider creates a new product" classname="Scenario: provider enters a data in ProductWorkingDates with empty fromDate field" time="0"/>
  <testcase name="Then verify status code is 500" classname="Scenario: provider enters a data in ProductWorkingDates with empty fromDate field" time="0"/>
  <testcase name="Then verify the title is &quot;Internal Server Error&quot;" classname="Scenario: provider enters a data in ProductWorkingDates with empty fromDate field" time="0"/>
  <testcase name="Scenario: provider enters a data in ProductWorkingDates with empty fromDate field" classname="Scenario: provider enters a data in ProductWorkingDates with empty fromDate field" time="0"/>
  <testcase name="Given product is set with the following fields" classname="Scenario: provider enters a data in ProductWorkingDates with null fromDate field" time="0"/>
  <testcase name="Given productVideos is set with the following fields" classname="Scenario: provider enters a data in ProductWorkingDates with null fromDate field" time="0"/>
  <testcase name="Given productWorkingDates is set with following fields" classname="Scenario: provider enters a data in ProductWorkingDates with null fromDate field" time="0"/>
  <testcase name="Given provider creates a new product" classname="Scenario: provider enters a data in ProductWorkingDates with null fromDate field" time="0"/>
  <testcase name="Then verify status code is 500" classname="Scenario: provider enters a data in ProductWorkingDates with null fromDate field" time="0"/>
  <testcase name="Then verify the title is &quot;Internal Server Error&quot;" classname="Scenario: provider enters a data in ProductWorkingDates with null fromDate field" time="0"/>
  <testcase name="Scenario: provider enters a data in ProductWorkingDates with null fromDate field" classname="Scenario: provider enters a data in ProductWorkingDates with null fromDate field" time="0"/>
  <testcase name="Given product is set with the following fields" classname="Scenario: provider enters a data in ProductWorkingDates with empty toDate field" time="0"/>
  <testcase name="Given productVideos is set with the following fields" classname="Scenario: provider enters a data in ProductWorkingDates with empty toDate field" time="0"/>
  <testcase name="Given productWorkingDates is set with following fields" classname="Scenario: provider enters a data in ProductWorkingDates with empty toDate field" time="0"/>
  <testcase name="Given provider creates a new product" classname="Scenario: provider enters a data in ProductWorkingDates with empty toDate field" time="0"/>
  <testcase name="Then verify status code is 500" classname="Scenario: provider enters a data in ProductWorkingDates with empty toDate field" time="0"/>
  <testcase name="Then verify the title is &quot;Internal Server Error&quot;" classname="Scenario: provider enters a data in ProductWorkingDates with empty toDate field" time="0"/>
  <testcase name="Scenario: provider enters a data in ProductWorkingDates with empty toDate field" classname="Scenario: provider enters a data in ProductWorkingDates with empty toDate field" time="0"/>
  <testcase name="Given product is set with the following fields" classname="Scenario: provider enters a data in ProductWorkingDates with missing toDate field" time="0"/>
  <testcase name="Given productVideos is set with the following fields" classname="Scenario: provider enters a data in ProductWorkingDates with missing toDate field" time="0"/>
  <testcase name="Given productWorkingDates is set with following fields" classname="Scenario: provider enters a data in ProductWorkingDates with missing toDate field" time="0"/>
  <testcase name="Given provider creates a new product" classname="Scenario: provider enters a data in ProductWorkingDates with missing toDate field" time="0"/>
  <testcase name="Then verify status code is 500" classname="Scenario: provider enters a data in ProductWorkingDates with missing toDate field" time="0"/>
  <testcase name="Then verify the title is &quot;Internal Server Error&quot;" classname="Scenario: provider enters a data in ProductWorkingDates with missing toDate field" time="0"/>
  <testcase name="Scenario: provider enters a data in ProductWorkingDates with missing toDate field" classname="Scenario: provider enters a data in ProductWorkingDates with missing toDate field" time="0"/>
  <testcase name="Given product is set with the following fields" classname="Scenario: provider enters a data in ProductWorkingDates with null toDate field" time="0"/>
  <testcase name="Given productVideos is set with the following fields" classname="Scenario: provider enters a data in ProductWorkingDates with null toDate field" time="0"/>
  <testcase name="Given productWorkingDates is set with following fields" classname="Scenario: provider enters a data in ProductWorkingDates with null toDate field" time="0"/>
  <testcase name="Given provider creates a new product" classname="Scenario: provider enters a data in ProductWorkingDates with null toDate field" time="0"/>
  <testcase name="Then verify status code is 500" classname="Scenario: provider enters a data in ProductWorkingDates with null toDate field" time="0"/>
  <testcase name="Then verify the title is &quot;Internal Server Error&quot;" classname="Scenario: provider enters a data in ProductWorkingDates with null toDate field" time="0"/>
  <testcase name="Scenario: provider enters a data in ProductWorkingDates with null toDate field" classname="Scenario: provider enters a data in ProductWorkingDates with null toDate field" time="0"/>
  <testcase name="Given product is set with the following fields" classname="Scenario: provider enters a data in ProductWorkingDates with empty name field" time="0"/>
  <testcase name="Given productVideos is set with the following fields" classname="Scenario: provider enters a data in ProductWorkingDates with empty name field" time="0"/>
  <testcase name="Given productWorkingDates is set with following fields" classname="Scenario: provider enters a data in ProductWorkingDates with empty name field" time="0"/>
  <testcase name="Given provider creates a new product" classname="Scenario: provider enters a data in ProductWorkingDates with empty name field" time="0"/>
  <testcase name="Then verify status code is 500" classname="Scenario: provider enters a data in ProductWorkingDates with empty name field" time="0">
    <failure message="expected:&lt;500&gt; but was:&lt;200&gt;" type="java.lang.AssertionError"><![CDATA[java.lang.AssertionError: expected:<500> but was:<200>
]]></failure>
    <system-out><![CDATA[{
    "id": "8p0NK0lJ",
    "name": "AutoTest",
    "productTypeId": null,
    "active": true,
    "shortDescription": "Test For Automation 1",
    "fullDescription": "Automation for API in Postman",
    "mostPopular": null,
    "longitude": 456.456,
    "latitude": 3245678.5467,
    "calendarColor": "blue",
    "address": "Bishkek",
    "cityId": "GpbzXXpr",
    "createdAt": "2021-06-28T06:54:14.550935",
    "productImages": [
        
    ],
    "productDocuments": [
        
    ],
    "productTypes": null,
    "productWorkingDates": [
        {
            "id": "QrO9Nepe",
            "productId": "8p0NK0lJ",
            "fromDate": "2022-12-31",
            "toDate": "2022-12-31",
            "name": "",
            "strictHours": false,
            "timeSlots": [
                {
                    "id": "blB71KOR",
                    "productWorkingDateId": "QrO9Nepe",
                    "dayOfWeek": "Monday",
                    "startTime": "09:00:00",
                    "endTime": "20:00:00",
                    "duration": "01:00:00",
                    "quantity": 67,
                    "usedQuantity": 0,
                    "active": false,
                    "deletedAt": null
                }
            ],
            "deletedAt": null,
            "maxUsedTicketsQuantity": 0,
            "errorCode": 0
        }
    ],
    "productRegions": [
        {
            "id": "q1loXdO7",
            "productId": "8p0NK0lJ",
            "regionId": "5bpJKaVE",
            "regionName": null
        }
    ],
    "productPrices": [
        {
            "id": "nGaz8nOV",
            "productId": "8p0NK0lJ",
            "channelId": "5bpJKaVE",
            "fromDate": "2021-05-31T00:00:00",
            "toDate": "2022-12-31T00:00:00",
            "title": "API",
            "remarks": "Test",
            "officialPrice": 0,
            "currencyId": "5bpJKaVE",
            "quantityPerDay": 123,
            "autoConfirm": false,
            "pricePerPerson": false,
            "productPriceTypes": [
                {
                    "id": "bBl5MAlX",
                    "productPriceId": "nGaz8nOV",
                    "productCustomerTypeId": "jpjP8elM",
                    "amount": 57,
                    "currencyId": "Belm3pnb",
                    "currencySymbol": null,
                    "isOfficial": true,
                    "productCustomerType": {
                        "id": "jpjP8elM",
                        "productId": "yxl4wVaj",
                        "name": "?????"
                    }
                }
            ],
            "deletedAt": null
        }
    ],
    "productCustomerTypes": [
        {
            "id": "1lkVB5a6",
            "productId": "8p0NK0lJ",
            "name": "API"
        },
        {
            "id": "blB7RGOR",
            "productId": "8p0NK0lJ",
            "name": "?????"
        },
        {
            "id": "WlqM8Jlb",
            "productId": "8p0NK0lJ",
            "name": "???"
        },
        {
            "id": "rOEEgROY",
            "productId": "8p0NK0lJ",
            "name": "?????"
        }
    ],
    "city": {
        "id": "GpbzXXpr",
        "name": "Israel"
    },
    "productIncludedTags": [
        {
            "id": "bBl53ypX",
            "productId": "8p0NK0lJ",
            "subTagId": "jLa3rjpz",
            "parentTagId": null,
            "subTagName": null
        }
    ],
    "productExcludedTags": [
        {
            "id": "M5l1LraW",
            "productId": "8p0NK0lJ",
            "subTagId": "4eO8gvlP",
            "parentTagId": null,
            "subTagName": null
        }
    ],
    "productTags": [
        {
            "id": "rO9r4bpe",
            "productId": "8p0NK0lJ",
            "subTagId": "qeaZMepd",
            "parentTagId": null,
            "subTagName": null
        }
    ],
    "productTranslations": null,
    "productVideos": [
        {
            "id": "Ejpj0VlM",
            "productId": "8p0NK0lJ",
            "path": "https://www.youtube.com/watch?v=u1yVCeXYya4&list=RDMMu1yVCeXYya4&start_radio=1"
        }
    ]
}
{
    "id": "8p0NK0lJ",
    "name": "AutoTest",
    "productTypeId": null,
    "active": true,
    "shortDescription": "Test For Automation 1",
    "fullDescription": "Automation for API in Postman",
    "mostPopular": null,
    "longitude": 456.456,
    "latitude": 3245678.5467,
    "calendarColor": "blue",
    "address": "Bishkek",
    "cityId": "GpbzXXpr",
    "createdAt": "2021-06-28T06:54:14.550935",
    "productImages": [
        
    ],
    "productDocuments": [
        
    ],
    "productTypes": null,
    "productWorkingDates": [
        {
            "id": "QrO9Nepe",
            "productId": "8p0NK0lJ",
            "fromDate": "2022-12-31",
            "toDate": "2022-12-31",
            "name": "",
            "strictHours": false,
            "timeSlots": [
                {
                    "id": "blB71KOR",
                    "productWorkingDateId": "QrO9Nepe",
                    "dayOfWeek": "Monday",
                    "startTime": "09:00:00",
                    "endTime": "20:00:00",
                    "duration": "01:00:00",
                    "quantity": 67,
                    "usedQuantity": 0,
                    "active": false,
                    "deletedAt": null
                }
            ],
            "deletedAt": null,
            "maxUsedTicketsQuantity": 0,
            "errorCode": 0
        }
    ],
    "productRegions": [
        {
            "id": "q1loXdO7",
            "productId": "8p0NK0lJ",
            "regionId": "5bpJKaVE",
            "regionName": null
        }
    ],
    "productPrices": [
        {
            "id": "nGaz8nOV",
            "productId": "8p0NK0lJ",
            "channelId": "5bpJKaVE",
            "fromDate": "2021-05-31T00:00:00",
            "toDate": "2022-12-31T00:00:00",
            "title": "API",
            "remarks": "Test",
            "officialPrice": 0,
            "currencyId": "5bpJKaVE",
            "quantityPerDay": 123,
            "autoConfirm": false,
            "pricePerPerson": false,
            "productPriceTypes": [
                {
                    "id": "bBl5MAlX",
                    "productPriceId": "nGaz8nOV",
                    "productCustomerTypeId": "jpjP8elM",
                    "amount": 57,
                    "currencyId": "Belm3pnb",
                    "currencySymbol": null,
                    "isOfficial": true,
                    "productCustomerType": {
                        "id": "jpjP8elM",
                        "productId": "yxl4wVaj",
                        "name": "?????"
                    }
                }
            ],
            "deletedAt": null
        }
    ],
    "productCustomerTypes": [
        {
            "id": "1lkVB5a6",
            "productId": "8p0NK0lJ",
            "name": "API"
        },
        {
            "id": "blB7RGOR",
            "productId": "8p0NK0lJ",
            "name": "?????"
        },
        {
            "id": "WlqM8Jlb",
            "productId": "8p0NK0lJ",
            "name": "???"
        },
        {
            "id": "rOEEgROY",
            "productId": "8p0NK0lJ",
            "name": "?????"
        }
    ],
    "city": {
        "id": "GpbzXXpr",
        "name": "Israel"
    },
    "productIncludedTags": [
        {
            "id": "bBl53ypX",
            "productId": "8p0NK0lJ",
            "subTagId": "jLa3rjpz",
            "parentTagId": null,
            "subTagName": null
        }
    ],
    "productExcludedTags": [
        {
            "id": "M5l1LraW",
            "productId": "8p0NK0lJ",
            "subTagId": "4eO8gvlP",
            "parentTagId": null,
            "subTagName": null
        }
    ],
    "productTags": [
        {
            "id": "rO9r4bpe",
            "productId": "8p0NK0lJ",
            "subTagId": "qeaZMepd",
            "parentTagId": null,
            "subTagName": null
        }
    ],
    "productTranslations": null,
    "productVideos": [
        {
            "id": "Ejpj0VlM",
            "productId": "8p0NK0lJ",
            "path": "https://www.youtube.com/watch?v=u1yVCeXYya4&list=RDMMu1yVCeXYya4&start_radio=1"
        }
    ]
}
]]></system-out>
  </testcase>
  <testcase name="Scenario: provider enters a data in ProductWorkingDates with empty name field" classname="Scenario: provider enters a data in ProductWorkingDates with empty name field" time="0">
    <failure message="expected:&lt;500&gt; but was:&lt;200&gt;" type="java.lang.AssertionError"><![CDATA[java.lang.AssertionError: expected:<500> but was:<200>
]]></failure>
  </testcase>
  <testcase name="Then verify the title is &quot;Internal Server Error&quot;" classname="Scenario: provider enters a data in ProductWorkingDates with empty name field" time="0">
    <skipped/>
  </testcase>
  <testcase name="Given product is set with the following fields" classname="Scenario: provider enters a data in ProductWorkingDates with missing name field" time="0"/>
  <testcase name="Given productVideos is set with the following fields" classname="Scenario: provider enters a data in ProductWorkingDates with missing name field" time="0"/>
  <testcase name="Given productWorkingDates is set with following fields" classname="Scenario: provider enters a data in ProductWorkingDates with missing name field" time="0"/>
  <testcase name="Given provider creates a new product" classname="Scenario: provider enters a data in ProductWorkingDates with missing name field" time="0"/>
  <testcase name="Then verify status code is 500" classname="Scenario: provider enters a data in ProductWorkingDates with missing name field" time="0"/>
  <testcase name="Then verify the title is &quot;Internal Server Error&quot;" classname="Scenario: provider enters a data in ProductWorkingDates with missing name field" time="0"/>
  <testcase name="Scenario: provider enters a data in ProductWorkingDates with missing name field" classname="Scenario: provider enters a data in ProductWorkingDates with missing name field" time="0"/>
  <testcase name="Given product is set with the following fields" classname="Scenario: provider enters a data in timeSlots with empty startTime field" time="0"/>
  <testcase name="Given productVideos is set with the following fields" classname="Scenario: provider enters a data in timeSlots with empty startTime field" time="0"/>
  <testcase name="Given productWorkingDates is set with following fields" classname="Scenario: provider enters a data in timeSlots with empty startTime field" time="0"/>
  <testcase name="Given timeSlots is set with the following fields" classname="Scenario: provider enters a data in timeSlots with empty startTime field" time="0"/>
  <testcase name="Given provider creates a new product" classname="Scenario: provider enters a data in timeSlots with empty startTime field" time="0"/>
  <testcase name="Then verify status code is 400" classname="Scenario: provider enters a data in timeSlots with empty startTime field" time="0"/>
  <testcase name="Then verify the title is &quot;One or more validation errors occurred.&quot;" classname="Scenario: provider enters a data in timeSlots with empty startTime field" time="0"/>
  <testcase name="Scenario: provider enters a data in timeSlots with empty startTime field" classname="Scenario: provider enters a data in timeSlots with empty startTime field" time="0"/>
  <testcase name="Given product is set with the following fields" classname="Scenario: provider enters a data in timeSlots with null startTime field" time="0"/>
  <testcase name="Given productVideos is set with the following fields" classname="Scenario: provider enters a data in timeSlots with null startTime field" time="0"/>
  <testcase name="Given productWorkingDates is set with following fields" classname="Scenario: provider enters a data in timeSlots with null startTime field" time="0"/>
  <testcase name="Given timeSlots is set with the following fields" classname="Scenario: provider enters a data in timeSlots with null startTime field" time="0"/>
  <testcase name="Given provider creates a new product" classname="Scenario: provider enters a data in timeSlots with null startTime field" time="0"/>
  <testcase name="Then verify status code is 400" classname="Scenario: provider enters a data in timeSlots with null startTime field" time="0"/>
  <testcase name="Then verify the title is &quot;One or more validation errors occurred.&quot;" classname="Scenario: provider enters a data in timeSlots with null startTime field" time="0"/>
  <testcase name="Scenario: provider enters a data in timeSlots with null startTime field" classname="Scenario: provider enters a data in timeSlots with null startTime field" time="0"/>
  <testcase name="Given product is set with the following fields" classname="Scenario: provider enters a data in timeSlots with incorrect timing in startTime field" time="0"/>
  <testcase name="Given productVideos is set with the following fields" classname="Scenario: provider enters a data in timeSlots with incorrect timing in startTime field" time="0"/>
  <testcase name="Given productWorkingDates is set with following fields" classname="Scenario: provider enters a data in timeSlots with incorrect timing in startTime field" time="0"/>
  <testcase name="Given timeSlots is set with the following fields" classname="Scenario: provider enters a data in timeSlots with incorrect timing in startTime field" time="0"/>
  <testcase name="Given provider creates a new product" classname="Scenario: provider enters a data in timeSlots with incorrect timing in startTime field" time="0"/>
  <testcase name="Then verify status code is 400" classname="Scenario: provider enters a data in timeSlots with incorrect timing in startTime field" time="0"/>
  <testcase name="Then verify the title is &quot;One or more validation errors occurred.&quot;" classname="Scenario: provider enters a data in timeSlots with incorrect timing in startTime field" time="0"/>
  <testcase name="Scenario: provider enters a data in timeSlots with incorrect timing in startTime field" classname="Scenario: provider enters a data in timeSlots with incorrect timing in startTime field" time="0"/>
  <testcase name="Given product is set with the following fields" classname="Scenario: provider enters a data in timeSlots with special chars in startTime field" time="0"/>
  <testcase name="Given productVideos is set with the following fields" classname="Scenario: provider enters a data in timeSlots with special chars in startTime field" time="0"/>
  <testcase name="Given productWorkingDates is set with following fields" classname="Scenario: provider enters a data in timeSlots with special chars in startTime field" time="0"/>
  <testcase name="Given timeSlots is set with the following fields" classname="Scenario: provider enters a data in timeSlots with special chars in startTime field" time="0"/>
  <testcase name="Given provider creates a new product" classname="Scenario: provider enters a data in timeSlots with special chars in startTime field" time="0"/>
  <testcase name="Then verify status code is 400" classname="Scenario: provider enters a data in timeSlots with special chars in startTime field" time="0"/>
  <testcase name="Then verify the title is &quot;One or more validation errors occurred.&quot;" classname="Scenario: provider enters a data in timeSlots with special chars in startTime field" time="0"/>
  <testcase name="Scenario: provider enters a data in timeSlots with special chars in startTime field" classname="Scenario: provider enters a data in timeSlots with special chars in startTime field" time="0"/>
  <testcase name="Given product is set with the following fields" classname="Scenario: provider enters a data in timeSlots with missing startTime field" time="0"/>
  <testcase name="Given productVideos is set with the following fields" classname="Scenario: provider enters a data in timeSlots with missing startTime field" time="0"/>
  <testcase name="Given productWorkingDates is set with following fields" classname="Scenario: provider enters a data in timeSlots with missing startTime field" time="0"/>
  <testcase name="Given timeSlots is set with the following fields" classname="Scenario: provider enters a data in timeSlots with missing startTime field" time="0"/>
  <testcase name="Given provider creates a new product" classname="Scenario: provider enters a data in timeSlots with missing startTime field" time="0"/>
  <testcase name="Then verify status code is 400" classname="Scenario: provider enters a data in timeSlots with missing startTime field" time="0">
    <failure message="expected:&lt;400&gt; but was:&lt;200&gt;" type="java.lang.AssertionError"><![CDATA[java.lang.AssertionError: expected:<400> but was:<200>
]]></failure>
    <system-out><![CDATA[{
    "id": "ApRDNNlY",
    "name": "AutoTest",
    "productTypeId": null,
    "active": true,
    "shortDescription": "Test For Automation 1",
    "fullDescription": "Automation for API in Postman",
    "mostPopular": null,
    "longitude": 456.456,
    "latitude": 3245678.5467,
    "calendarColor": "blue",
    "address": "Bishkek",
    "cityId": "ZOwL73px",
    "createdAt": "2021-06-28T06:54:16.18441",
    "productImages": [
        
    ],
    "productDocuments": [
        
    ],
    "productTypes": null,
    "productWorkingDates": [
        {
            "id": "5rO7mEa6",
            "productId": "ApRDNNlY",
            "fromDate": "2022-12-31",
            "toDate": "2022-12-31",
            "name": "1234",
            "strictHours": false,
            "timeSlots": [
                {
                    "id": "WlqM4Mlb",
                    "productWorkingDateId": "5rO7mEa6",
                    "dayOfWeek": "Monday",
                    "startTime": "00:00:00",
                    "endTime": "20:00:00",
                    "duration": "01:00:00",
                    "quantity": 32,
                    "usedQuantity": 0,
                    "active": false,
                    "deletedAt": null
                }
            ],
            "deletedAt": null,
            "maxUsedTicketsQuantity": 0,
            "errorCode": 0
        }
    ],
    "productRegions": [
        {
            "id": "Belm1qln",
            "productId": "ApRDNNlY",
            "regionId": "5bpJKaVE",
            "regionName": null
        }
    ],
    "productPrices": [
        {
            "id": "KPlenVOv",
            "productId": "ApRDNNlY",
            "channelId": "5bpJKaVE",
            "fromDate": "2021-05-31T00:00:00",
            "toDate": "2022-12-31T00:00:00",
            "title": "API",
            "remarks": "Test",
            "officialPrice": 0,
            "currencyId": "5bpJKaVE",
            "quantityPerDay": 123,
            "autoConfirm": false,
            "pricePerPerson": false,
            "productPriceTypes": [
                {
                    "id": "YbpvR7pJ",
                    "productPriceId": "KPlenVOv",
                    "productCustomerTypeId": "2aAgeMOZ",
                    "amount": 57,
                    "currencyId": "Belm3pnb",
                    "currencySymbol": null,
                    "isOfficial": true,
                    "productCustomerType": {
                        "id": "2aAgeMOZ",
                        "productId": "yxl4wVaj",
                        "name": "?????"
                    }
                }
            ],
            "deletedAt": null
        }
    ],
    "productCustomerTypes": [
        {
            "id": "4aLL9ban",
            "productId": "ApRDNNlY",
            "name": "API"
        },
        {
            "id": "rO981nle",
            "productId": "ApRDNNlY",
            "name": "?????"
        },
        {
            "id": "eaZL0NOd",
            "productId": "ApRDNNlY",
            "name": "???"
        },
        {
            "id": "rO7nK4l6",
            "productId": "ApRDNNlY",
            "name": "?????"
        }
    ],
    "city": {
        "id": "ZOwL73px",
        "name": "Israel"
    },
    "productIncludedTags": [
        {
            "id": "ozOPBBaj",
            "productId": "ApRDNNlY",
            "subTagId": "jLa3rjpz",
            "parentTagId": null,
            "subTagName": null
        }
    ],
    "productExcludedTags": [
        {
            "id": "kwOX4mOo",
            "productId": "ApRDNNlY",
            "subTagId": "4eO8gvlP",
            "parentTagId": null,
            "subTagName": null
        }
    ],
    "productTags": [
        {
            "id": "rO7D46p6",
            "productId": "ApRDNNlY",
            "subTagId": "qeaZMepd",
            "parentTagId": null,
            "subTagName": null
        }
    ],
    "productTranslations": null,
    "productVideos": [
        {
            "id": "zblBDDpR",
            "productId": "ApRDNNlY",
            "path": "https://www.youtube.com/watch?v=u1yVCeXYya4&list=RDMMu1yVCeXYya4&start_radio=1"
        }
    ]
}
{
    "id": "ApRDNNlY",
    "name": "AutoTest",
    "productTypeId": null,
    "active": true,
    "shortDescription": "Test For Automation 1",
    "fullDescription": "Automation for API in Postman",
    "mostPopular": null,
    "longitude": 456.456,
    "latitude": 3245678.5467,
    "calendarColor": "blue",
    "address": "Bishkek",
    "cityId": "ZOwL73px",
    "createdAt": "2021-06-28T06:54:16.18441",
    "productImages": [
        
    ],
    "productDocuments": [
        
    ],
    "productTypes": null,
    "productWorkingDates": [
        {
            "id": "5rO7mEa6",
            "productId": "ApRDNNlY",
            "fromDate": "2022-12-31",
            "toDate": "2022-12-31",
            "name": "1234",
            "strictHours": false,
            "timeSlots": [
                {
                    "id": "WlqM4Mlb",
                    "productWorkingDateId": "5rO7mEa6",
                    "dayOfWeek": "Monday",
                    "startTime": "00:00:00",
                    "endTime": "20:00:00",
                    "duration": "01:00:00",
                    "quantity": 32,
                    "usedQuantity": 0,
                    "active": false,
                    "deletedAt": null
                }
            ],
            "deletedAt": null,
            "maxUsedTicketsQuantity": 0,
            "errorCode": 0
        }
    ],
    "productRegions": [
        {
            "id": "Belm1qln",
            "productId": "ApRDNNlY",
            "regionId": "5bpJKaVE",
            "regionName": null
        }
    ],
    "productPrices": [
        {
            "id": "KPlenVOv",
            "productId": "ApRDNNlY",
            "channelId": "5bpJKaVE",
            "fromDate": "2021-05-31T00:00:00",
            "toDate": "2022-12-31T00:00:00",
            "title": "API",
            "remarks": "Test",
            "officialPrice": 0,
            "currencyId": "5bpJKaVE",
            "quantityPerDay": 123,
            "autoConfirm": false,
            "pricePerPerson": false,
            "productPriceTypes": [
                {
                    "id": "YbpvR7pJ",
                    "productPriceId": "KPlenVOv",
                    "productCustomerTypeId": "2aAgeMOZ",
                    "amount": 57,
                    "currencyId": "Belm3pnb",
                    "currencySymbol": null,
                    "isOfficial": true,
                    "productCustomerType": {
                        "id": "2aAgeMOZ",
                        "productId": "yxl4wVaj",
                        "name": "?????"
                    }
                }
            ],
            "deletedAt": null
        }
    ],
    "productCustomerTypes": [
        {
            "id": "4aLL9ban",
            "productId": "ApRDNNlY",
            "name": "API"
        },
        {
            "id": "rO981nle",
            "productId": "ApRDNNlY",
            "name": "?????"
        },
        {
            "id": "eaZL0NOd",
            "productId": "ApRDNNlY",
            "name": "???"
        },
        {
            "id": "rO7nK4l6",
            "productId": "ApRDNNlY",
            "name": "?????"
        }
    ],
    "city": {
        "id": "ZOwL73px",
        "name": "Israel"
    },
    "productIncludedTags": [
        {
            "id": "ozOPBBaj",
            "productId": "ApRDNNlY",
            "subTagId": "jLa3rjpz",
            "parentTagId": null,
            "subTagName": null
        }
    ],
    "productExcludedTags": [
        {
            "id": "kwOX4mOo",
            "productId": "ApRDNNlY",
            "subTagId": "4eO8gvlP",
            "parentTagId": null,
            "subTagName": null
        }
    ],
    "productTags": [
        {
            "id": "rO7D46p6",
            "productId": "ApRDNNlY",
            "subTagId": "qeaZMepd",
            "parentTagId": null,
            "subTagName": null
        }
    ],
    "productTranslations": null,
    "productVideos": [
        {
            "id": "zblBDDpR",
            "productId": "ApRDNNlY",
            "path": "https://www.youtube.com/watch?v=u1yVCeXYya4&list=RDMMu1yVCeXYya4&start_radio=1"
        }
    ]
}
]]></system-out>
  </testcase>
  <testcase name="Scenario: provider enters a data in timeSlots with missing startTime field" classname="Scenario: provider enters a data in timeSlots with missing startTime field" time="0">
    <failure message="expected:&lt;400&gt; but was:&lt;200&gt;" type="java.lang.AssertionError"><![CDATA[java.lang.AssertionError: expected:<400> but was:<200>
]]></failure>
  </testcase>
  <testcase name="Then verify the title is &quot;One or more validation errors occurred.&quot;" classname="Scenario: provider enters a data in timeSlots with missing startTime field" time="0">
    <skipped/>
  </testcase>
  <testcase name="Given product is set with the following fields" classname="Scenario: provider enters a data in timeSlots with empty endTime field" time="0"/>
  <testcase name="Given productVideos is set with the following fields" classname="Scenario: provider enters a data in timeSlots with empty endTime field" time="0"/>
  <testcase name="Given productWorkingDates is set with following fields" classname="Scenario: provider enters a data in timeSlots with empty endTime field" time="0"/>
  <testcase name="Given timeSlots is set with the following fields" classname="Scenario: provider enters a data in timeSlots with empty endTime field" time="0"/>
  <testcase name="Given provider creates a new product" classname="Scenario: provider enters a data in timeSlots with empty endTime field" time="0"/>
  <testcase name="Then verify status code is 400" classname="Scenario: provider enters a data in timeSlots with empty endTime field" time="0"/>
  <testcase name="Then verify the title is &quot;One or more validation errors occurred.&quot;" classname="Scenario: provider enters a data in timeSlots with empty endTime field" time="0"/>
  <testcase name="Scenario: provider enters a data in timeSlots with empty endTime field" classname="Scenario: provider enters a data in timeSlots with empty endTime field" time="0"/>
  <testcase name="Given product is set with the following fields" classname="Scenario: provider enters a data in timeSlots with null endTime field" time="0"/>
  <testcase name="Given productVideos is set with the following fields" classname="Scenario: provider enters a data in timeSlots with null endTime field" time="0"/>
  <testcase name="Given productWorkingDates is set with following fields" classname="Scenario: provider enters a data in timeSlots with null endTime field" time="0"/>
  <testcase name="Given timeSlots is set with the following fields" classname="Scenario: provider enters a data in timeSlots with null endTime field" time="0"/>
  <testcase name="Given provider creates a new product" classname="Scenario: provider enters a data in timeSlots with null endTime field" time="0"/>
  <testcase name="Then verify status code is 400" classname="Scenario: provider enters a data in timeSlots with null endTime field" time="0"/>
  <testcase name="Then verify the title is &quot;One or more validation errors occurred.&quot;" classname="Scenario: provider enters a data in timeSlots with null endTime field" time="0"/>
  <testcase name="Scenario: provider enters a data in timeSlots with null endTime field" classname="Scenario: provider enters a data in timeSlots with null endTime field" time="0"/>
  <testcase name="Given product is set with the following fields" classname="Scenario: provider enters a data in timeSlots with incorrect timing in endTime field" time="0"/>
  <testcase name="Given productVideos is set with the following fields" classname="Scenario: provider enters a data in timeSlots with incorrect timing in endTime field" time="0"/>
  <testcase name="Given productWorkingDates is set with following fields" classname="Scenario: provider enters a data in timeSlots with incorrect timing in endTime field" time="0"/>
  <testcase name="Given timeSlots is set with the following fields" classname="Scenario: provider enters a data in timeSlots with incorrect timing in endTime field" time="0"/>
  <testcase name="Given provider creates a new product" classname="Scenario: provider enters a data in timeSlots with incorrect timing in endTime field" time="0"/>
  <testcase name="Then verify status code is 400" classname="Scenario: provider enters a data in timeSlots with incorrect timing in endTime field" time="0"/>
  <testcase name="Then verify the title is &quot;One or more validation errors occurred.&quot;" classname="Scenario: provider enters a data in timeSlots with incorrect timing in endTime field" time="0"/>
  <testcase name="Scenario: provider enters a data in timeSlots with incorrect timing in endTime field" classname="Scenario: provider enters a data in timeSlots with incorrect timing in endTime field" time="0"/>
  <testcase name="Given product is set with the following fields" classname="Scenario: provider enters a data in timeSlots with special char in endTime field" time="0"/>
  <testcase name="Given productVideos is set with the following fields" classname="Scenario: provider enters a data in timeSlots with special char in endTime field" time="0"/>
  <testcase name="Given productWorkingDates is set with following fields" classname="Scenario: provider enters a data in timeSlots with special char in endTime field" time="0"/>
  <testcase name="Given timeSlots is set with the following fields" classname="Scenario: provider enters a data in timeSlots with special char in endTime field" time="0"/>
  <testcase name="Given provider creates a new product" classname="Scenario: provider enters a data in timeSlots with special char in endTime field" time="0"/>
  <testcase name="Then verify status code is 400" classname="Scenario: provider enters a data in timeSlots with special char in endTime field" time="0"/>
  <testcase name="Then verify the title is &quot;One or more validation errors occurred.&quot;" classname="Scenario: provider enters a data in timeSlots with special char in endTime field" time="0"/>
  <testcase name="Scenario: provider enters a data in timeSlots with special char in endTime field" classname="Scenario: provider enters a data in timeSlots with special char in endTime field" time="0"/>
  <testcase name="Given product is set with the following fields" classname="Scenario: provider enters a data in timeSlots with missing endTime field" time="0"/>
  <testcase name="Given productVideos is set with the following fields" classname="Scenario: provider enters a data in timeSlots with missing endTime field" time="0"/>
  <testcase name="Given productWorkingDates is set with following fields" classname="Scenario: provider enters a data in timeSlots with missing endTime field" time="0"/>
  <testcase name="Given timeSlots is set with the following fields" classname="Scenario: provider enters a data in timeSlots with missing endTime field" time="0"/>
  <testcase name="Given provider creates a new product" classname="Scenario: provider enters a data in timeSlots with missing endTime field" time="0"/>
  <testcase name="Then verify status code is 400" classname="Scenario: provider enters a data in timeSlots with missing endTime field" time="0">
    <failure message="expected:&lt;400&gt; but was:&lt;200&gt;" type="java.lang.AssertionError"><![CDATA[java.lang.AssertionError: expected:<400> but was:<200>
]]></failure>
    <system-out><![CDATA[{
    "id": "7OxMxNp6",
    "name": "AutoTest",
    "productTypeId": null,
    "active": true,
    "shortDescription": "Test For Automation 1",
    "fullDescription": "Automation for API in Postman",
    "mostPopular": null,
    "longitude": 456.456,
    "latitude": 3245678.5467,
    "calendarColor": "blue",
    "address": "Bishkek",
    "cityId": "Bl51B7lX",
    "createdAt": "2021-06-28T06:54:17.483873",
    "productImages": [
        
    ],
    "productDocuments": [
        
    ],
    "productTypes": null,
    "productWorkingDates": [
        {
            "id": "JnlY8oaz",
            "productId": "7OxMxNp6",
            "fromDate": "2022-12-31",
            "toDate": "2022-12-31",
            "name": "1234",
            "strictHours": false,
            "timeSlots": [
                {
                    "id": "rOEEyKOY",
                    "productWorkingDateId": "JnlY8oaz",
                    "dayOfWeek": "Monday",
                    "startTime": "09:00:00",
                    "endTime": "00:00:00",
                    "duration": "01:00:00",
                    "quantity": 32,
                    "usedQuantity": 0,
                    "active": false,
                    "deletedAt": null
                }
            ],
            "deletedAt": null,
            "maxUsedTicketsQuantity": 0,
            "errorCode": 0
        }
    ],
    "productRegions": [
        {
            "id": "5bpJ17OV",
            "productId": "7OxMxNp6",
            "regionId": "5bpJKaVE",
            "regionName": null
        }
    ],
    "productPrices": [
        {
            "id": "vApRrVpY",
            "productId": "7OxMxNp6",
            "channelId": "5bpJKaVE",
            "fromDate": "2021-05-31T00:00:00",
            "toDate": "2022-12-31T00:00:00",
            "title": "API",
            "remarks": "Test",
            "officialPrice": 0,
            "currencyId": "5bpJKaVE",
            "quantityPerDay": 123,
            "autoConfirm": false,
            "pricePerPerson": false,
            "productPriceTypes": [
                {
                    "id": "ozOPzzaj",
                    "productPriceId": "vApRrVpY",
                    "productCustomerTypeId": "nlYxzNaz",
                    "amount": 57,
                    "currencyId": "Belm3pnb",
                    "currencySymbol": null,
                    "isOfficial": true,
                    "productCustomerType": {
                        "id": "nlYxzNaz",
                        "productId": "yxl4wVaj",
                        "name": "?????"
                    }
                }
            ],
            "deletedAt": null
        }
    ],
    "productCustomerTypes": [
        {
            "id": "MaGEmzOD",
            "productId": "7OxMxNp6",
            "name": "API"
        },
        {
            "id": "ylKdL1O8",
            "productId": "7OxMxNp6",
            "name": "?????"
        },
        {
            "id": "baQkKQOA",
            "productId": "7OxMxNp6",
            "name": "???"
        },
        {
            "id": "elm38jpn",
            "productId": "7OxMxNp6",
            "name": "?????"
        }
    ],
    "city": {
        "id": "Bl51B7lX",
        "name": "Israel"
    },
    "productIncludedTags": [
        {
            "id": "VblVB3lw",
            "productId": "7OxMxNp6",
            "subTagId": "jLa3rjpz",
            "parentTagId": null,
            "subTagName": null
        }
    ],
    "productExcludedTags": [
        {
            "id": "PYay81pW",
            "productId": "7OxMxNp6",
            "subTagId": "4eO8gvlP",
            "parentTagId": null,
            "subTagName": null
        }
    ],
    "productTags": [
        {
            "id": "nlYd3maz",
            "productId": "7OxMxNp6",
            "subTagId": "qeaZMepd",
            "parentTagId": null,
            "subTagName": null
        }
    ],
    "productTranslations": null,
    "productVideos": [
        {
            "id": "7WlqQelb",
            "productId": "7OxMxNp6",
            "path": "https://www.youtube.com/watch?v=u1yVCeXYya4&list=RDMMu1yVCeXYya4&start_radio=1"
        }
    ]
}
{
    "id": "7OxMxNp6",
    "name": "AutoTest",
    "productTypeId": null,
    "active": true,
    "shortDescription": "Test For Automation 1",
    "fullDescription": "Automation for API in Postman",
    "mostPopular": null,
    "longitude": 456.456,
    "latitude": 3245678.5467,
    "calendarColor": "blue",
    "address": "Bishkek",
    "cityId": "Bl51B7lX",
    "createdAt": "2021-06-28T06:54:17.483873",
    "productImages": [
        
    ],
    "productDocuments": [
        
    ],
    "productTypes": null,
    "productWorkingDates": [
        {
            "id": "JnlY8oaz",
            "productId": "7OxMxNp6",
            "fromDate": "2022-12-31",
            "toDate": "2022-12-31",
            "name": "1234",
            "strictHours": false,
            "timeSlots": [
                {
                    "id": "rOEEyKOY",
                    "productWorkingDateId": "JnlY8oaz",
                    "dayOfWeek": "Monday",
                    "startTime": "09:00:00",
                    "endTime": "00:00:00",
                    "duration": "01:00:00",
                    "quantity": 32,
                    "usedQuantity": 0,
                    "active": false,
                    "deletedAt": null
                }
            ],
            "deletedAt": null,
            "maxUsedTicketsQuantity": 0,
            "errorCode": 0
        }
    ],
    "productRegions": [
        {
            "id": "5bpJ17OV",
            "productId": "7OxMxNp6",
            "regionId": "5bpJKaVE",
            "regionName": null
        }
    ],
    "productPrices": [
        {
            "id": "vApRrVpY",
            "productId": "7OxMxNp6",
            "channelId": "5bpJKaVE",
            "fromDate": "2021-05-31T00:00:00",
            "toDate": "2022-12-31T00:00:00",
            "title": "API",
            "remarks": "Test",
            "officialPrice": 0,
            "currencyId": "5bpJKaVE",
            "quantityPerDay": 123,
            "autoConfirm": false,
            "pricePerPerson": false,
            "productPriceTypes": [
                {
                    "id": "ozOPzzaj",
                    "productPriceId": "vApRrVpY",
                    "productCustomerTypeId": "nlYxzNaz",
                    "amount": 57,
                    "currencyId": "Belm3pnb",
                    "currencySymbol": null,
                    "isOfficial": true,
                    "productCustomerType": {
                        "id": "nlYxzNaz",
                        "productId": "yxl4wVaj",
                        "name": "?????"
                    }
                }
            ],
            "deletedAt": null
        }
    ],
    "productCustomerTypes": [
        {
            "id": "MaGEmzOD",
            "productId": "7OxMxNp6",
            "name": "API"
        },
        {
            "id": "ylKdL1O8",
            "productId": "7OxMxNp6",
            "name": "?????"
        },
        {
            "id": "baQkKQOA",
            "productId": "7OxMxNp6",
            "name": "???"
        },
        {
            "id": "elm38jpn",
            "productId": "7OxMxNp6",
            "name": "?????"
        }
    ],
    "city": {
        "id": "Bl51B7lX",
        "name": "Israel"
    },
    "productIncludedTags": [
        {
            "id": "VblVB3lw",
            "productId": "7OxMxNp6",
            "subTagId": "jLa3rjpz",
            "parentTagId": null,
            "subTagName": null
        }
    ],
    "productExcludedTags": [
        {
            "id": "PYay81pW",
            "productId": "7OxMxNp6",
            "subTagId": "4eO8gvlP",
            "parentTagId": null,
            "subTagName": null
        }
    ],
    "productTags": [
        {
            "id": "nlYd3maz",
            "productId": "7OxMxNp6",
            "subTagId": "qeaZMepd",
            "parentTagId": null,
            "subTagName": null
        }
    ],
    "productTranslations": null,
    "productVideos": [
        {
            "id": "7WlqQelb",
            "productId": "7OxMxNp6",
            "path": "https://www.youtube.com/watch?v=u1yVCeXYya4&list=RDMMu1yVCeXYya4&start_radio=1"
        }
    ]
}
]]></system-out>
  </testcase>
  <testcase name="Scenario: provider enters a data in timeSlots with missing endTime field" classname="Scenario: provider enters a data in timeSlots with missing endTime field" time="0">
    <failure message="expected:&lt;400&gt; but was:&lt;200&gt;" type="java.lang.AssertionError"><![CDATA[java.lang.AssertionError: expected:<400> but was:<200>
]]></failure>
  </testcase>
  <testcase name="Then verify the title is &quot;One or more validation errors occurred.&quot;" classname="Scenario: provider enters a data in timeSlots with missing endTime field" time="0">
    <skipped/>
  </testcase>
  <testcase name="Given product is set with the following fields" classname="Scenario: provider enters a data in timeSlots with special char in dayOfWeek field" time="0"/>
  <testcase name="Given productVideos is set with the following fields" classname="Scenario: provider enters a data in timeSlots with special char in dayOfWeek field" time="0"/>
  <testcase name="Given productWorkingDates is set with following fields" classname="Scenario: provider enters a data in timeSlots with special char in dayOfWeek field" time="0"/>
  <testcase name="Given timeSlots is set with the following fields" classname="Scenario: provider enters a data in timeSlots with special char in dayOfWeek field" time="0"/>
  <testcase name="Given provider creates a new product" classname="Scenario: provider enters a data in timeSlots with special char in dayOfWeek field" time="0"/>
  <testcase name="Then verify status code is 500" classname="Scenario: provider enters a data in timeSlots with special char in dayOfWeek field" time="0"/>
  <testcase name="Then verify the title is &quot;Internal Server Error&quot;" classname="Scenario: provider enters a data in timeSlots with special char in dayOfWeek field" time="0"/>
  <testcase name="Scenario: provider enters a data in timeSlots with special char in dayOfWeek field" classname="Scenario: provider enters a data in timeSlots with special char in dayOfWeek field" time="0"/>
  <testcase name="Given product is set with the following fields" classname="Scenario: provider enters a data in timeSlots with null  dayOfWeek field" time="0"/>
  <testcase name="Given productVideos is set with the following fields" classname="Scenario: provider enters a data in timeSlots with null  dayOfWeek field" time="0.008"/>
  <testcase name="Given productWorkingDates is set with following fields" classname="Scenario: provider enters a data in timeSlots with null  dayOfWeek field" time="0"/>
  <testcase name="Given timeSlots is set with the following fields" classname="Scenario: provider enters a data in timeSlots with null  dayOfWeek field" time="0"/>
  <testcase name="Given provider creates a new product" classname="Scenario: provider enters a data in timeSlots with null  dayOfWeek field" time="0"/>
  <testcase name="Then verify status code is 500" classname="Scenario: provider enters a data in timeSlots with null  dayOfWeek field" time="0"/>
  <testcase name="Then verify the title is &quot;Internal Server Error&quot;" classname="Scenario: provider enters a data in timeSlots with null  dayOfWeek field" time="0"/>
  <testcase name="Scenario: provider enters a data in timeSlots with null  dayOfWeek field" classname="Scenario: provider enters a data in timeSlots with null  dayOfWeek field" time="0"/>
  <testcase name="Given product is set with the following fields" classname="Scenario: provider enters a data in timeSlots with empty  dayOfWeek field" time="0"/>
  <testcase name="Given productVideos is set with the following fields" classname="Scenario: provider enters a data in timeSlots with empty  dayOfWeek field" time="0"/>
  <testcase name="Given productWorkingDates is set with following fields" classname="Scenario: provider enters a data in timeSlots with empty  dayOfWeek field" time="0"/>
  <testcase name="Given timeSlots is set with the following fields" classname="Scenario: provider enters a data in timeSlots with empty  dayOfWeek field" time="0"/>
  <testcase name="Given provider creates a new product" classname="Scenario: provider enters a data in timeSlots with empty  dayOfWeek field" time="0"/>
  <testcase name="Then verify status code is 500" classname="Scenario: provider enters a data in timeSlots with empty  dayOfWeek field" time="0">
    <failure message="expected:&lt;500&gt; but was:&lt;200&gt;" type="java.lang.AssertionError"><![CDATA[java.lang.AssertionError: expected:<500> but was:<200>
]]></failure>
    <system-out><![CDATA[{
    "id": "dl2o1BOX",
    "name": "AutoTest",
    "productTypeId": null,
    "active": true,
    "shortDescription": "Test For Automation 1",
    "fullDescription": "Automation for API in Postman",
    "mostPopular": null,
    "longitude": 456.456,
    "latitude": 3245678.5467,
    "calendarColor": "blue",
    "address": "Bishkek",
    "cityId": "bpvjAZpJ",
    "createdAt": "2021-06-28T06:54:18.307145",
    "productImages": [
        
    ],
    "productDocuments": [
        
    ],
    "productTypes": null,
    "productWorkingDates": [
        {
            "id": "kMaGWqaD",
            "productId": "dl2o1BOX",
            "fromDate": "2022-12-31",
            "toDate": "2022-12-31",
            "name": "1234",
            "strictHours": false,
            "timeSlots": [
                {
                    "id": "1lonyda7",
                    "productWorkingDateId": "kMaGWqaD",
                    "dayOfWeek": "None",
                    "startTime": "09:00:00",
                    "endTime": "20:00:00",
                    "duration": "01:00:00",
                    "quantity": 32,
                    "usedQuantity": 0,
                    "active": false,
                    "deletedAt": null
                }
            ],
            "deletedAt": null,
            "maxUsedTicketsQuantity": 0,
            "errorCode": 0
        }
    ],
    "productRegions": [
        {
            "id": "0WaNW0ld",
            "productId": "dl2o1BOX",
            "regionId": "5bpJKaVE",
            "regionName": null
        }
    ],
    "productPrices": [
        {
            "id": "q7OxV0a6",
            "productId": "dl2o1BOX",
            "channelId": "5bpJKaVE",
            "fromDate": "2021-05-31T00:00:00",
            "toDate": "2022-12-31T00:00:00",
            "title": "API",
            "remarks": "Test",
            "officialPrice": 0,
            "currencyId": "5bpJKaVE",
            "quantityPerDay": 123,
            "autoConfirm": false,
            "pricePerPerson": false,
            "productPriceTypes": [
                {
                    "id": "VblVgVOw",
                    "productPriceId": "q7OxV0a6",
                    "productCustomerTypeId": "bpJRA9pV",
                    "amount": 57,
                    "currencyId": "Belm3pnb",
                    "currencySymbol": null,
                    "isOfficial": true,
                    "productCustomerType": {
                        "id": "bpJRA9pV",
                        "productId": "yxl4wVaj",
                        "name": "?????"
                    }
                }
            ],
            "deletedAt": null
        }
    ],
    "productCustomerTypes": [
        {
            "id": "WaNX78Od",
            "productId": "dl2o1BOX",
            "name": "API"
        },
        {
            "id": "2aAgeXOZ",
            "productId": "dl2o1BOX",
            "name": "?????"
        },
        {
            "id": "4aLL9Nan",
            "productId": "dl2o1BOX",
            "name": "???"
        },
        {
            "id": "rO9811le",
            "productId": "dl2o1BOX",
            "name": "?????"
        }
    ],
    "city": {
        "id": "bpvjAZpJ",
        "name": "Israel"
    },
    "productIncludedTags": [
        {
            "id": "4waDVyO3",
            "productId": "dl2o1BOX",
            "subTagId": "jLa3rjpz",
            "parentTagId": null,
            "subTagName": null
        }
    ],
    "productExcludedTags": [
        {
            "id": "D3pWWmp4",
            "productId": "dl2o1BOX",
            "subTagId": "4eO8gvlP",
            "parentTagId": null,
            "subTagName": null
        }
    ],
    "productTags": [
        {
            "id": "MaGyKNOD",
            "productId": "dl2o1BOX",
            "subTagId": "qeaZMepd",
            "parentTagId": null,
            "subTagName": null
        }
    ],
    "productTranslations": null,
    "productVideos": [
        {
            "id": "GrOE6qpY",
            "productId": "dl2o1BOX",
            "path": "https://www.youtube.com/watch?v=u1yVCeXYya4&list=RDMMu1yVCeXYya4&start_radio=1"
        }
    ]
}
{
    "id": "dl2o1BOX",
    "name": "AutoTest",
    "productTypeId": null,
    "active": true,
    "shortDescription": "Test For Automation 1",
    "fullDescription": "Automation for API in Postman",
    "mostPopular": null,
    "longitude": 456.456,
    "latitude": 3245678.5467,
    "calendarColor": "blue",
    "address": "Bishkek",
    "cityId": "bpvjAZpJ",
    "createdAt": "2021-06-28T06:54:18.307145",
    "productImages": [
        
    ],
    "productDocuments": [
        
    ],
    "productTypes": null,
    "productWorkingDates": [
        {
            "id": "kMaGWqaD",
            "productId": "dl2o1BOX",
            "fromDate": "2022-12-31",
            "toDate": "2022-12-31",
            "name": "1234",
            "strictHours": false,
            "timeSlots": [
                {
                    "id": "1lonyda7",
                    "productWorkingDateId": "kMaGWqaD",
                    "dayOfWeek": "None",
                    "startTime": "09:00:00",
                    "endTime": "20:00:00",
                    "duration": "01:00:00",
                    "quantity": 32,
                    "usedQuantity": 0,
                    "active": false,
                    "deletedAt": null
                }
            ],
            "deletedAt": null,
            "maxUsedTicketsQuantity": 0,
            "errorCode": 0
        }
    ],
    "productRegions": [
        {
            "id": "0WaNW0ld",
            "productId": "dl2o1BOX",
            "regionId": "5bpJKaVE",
            "regionName": null
        }
    ],
    "productPrices": [
        {
            "id": "q7OxV0a6",
            "productId": "dl2o1BOX",
            "channelId": "5bpJKaVE",
            "fromDate": "2021-05-31T00:00:00",
            "toDate": "2022-12-31T00:00:00",
            "title": "API",
            "remarks": "Test",
            "officialPrice": 0,
            "currencyId": "5bpJKaVE",
            "quantityPerDay": 123,
            "autoConfirm": false,
            "pricePerPerson": false,
            "productPriceTypes": [
                {
                    "id": "VblVgVOw",
                    "productPriceId": "q7OxV0a6",
                    "productCustomerTypeId": "bpJRA9pV",
                    "amount": 57,
                    "currencyId": "Belm3pnb",
                    "currencySymbol": null,
                    "isOfficial": true,
                    "productCustomerType": {
                        "id": "bpJRA9pV",
                        "productId": "yxl4wVaj",
                        "name": "?????"
                    }
                }
            ],
            "deletedAt": null
        }
    ],
    "productCustomerTypes": [
        {
            "id": "WaNX78Od",
            "productId": "dl2o1BOX",
            "name": "API"
        },
        {
            "id": "2aAgeXOZ",
            "productId": "dl2o1BOX",
            "name": "?????"
        },
        {
            "id": "4aLL9Nan",
            "productId": "dl2o1BOX",
            "name": "???"
        },
        {
            "id": "rO9811le",
            "productId": "dl2o1BOX",
            "name": "?????"
        }
    ],
    "city": {
        "id": "bpvjAZpJ",
        "name": "Israel"
    },
    "productIncludedTags": [
        {
            "id": "4waDVyO3",
            "productId": "dl2o1BOX",
            "subTagId": "jLa3rjpz",
            "parentTagId": null,
            "subTagName": null
        }
    ],
    "productExcludedTags": [
        {
            "id": "D3pWWmp4",
            "productId": "dl2o1BOX",
            "subTagId": "4eO8gvlP",
            "parentTagId": null,
            "subTagName": null
        }
    ],
    "productTags": [
        {
            "id": "MaGyKNOD",
            "productId": "dl2o1BOX",
            "subTagId": "qeaZMepd",
            "parentTagId": null,
            "subTagName": null
        }
    ],
    "productTranslations": null,
    "productVideos": [
        {
            "id": "GrOE6qpY",
            "productId": "dl2o1BOX",
            "path": "https://www.youtube.com/watch?v=u1yVCeXYya4&list=RDMMu1yVCeXYya4&start_radio=1"
        }
    ]
}
]]></system-out>
  </testcase>
  <testcase name="Scenario: provider enters a data in timeSlots with empty  dayOfWeek field" classname="Scenario: provider enters a data in timeSlots with empty  dayOfWeek field" time="0">
    <failure message="expected:&lt;500&gt; but was:&lt;200&gt;" type="java.lang.AssertionError"><![CDATA[java.lang.AssertionError: expected:<500> but was:<200>
]]></failure>
  </testcase>
  <testcase name="Then verify the title is &quot;Internal Server Error&quot;" classname="Scenario: provider enters a data in timeSlots with empty  dayOfWeek field" time="0">
    <skipped/>
  </testcase>
  <testcase name="Given product is set with the following fields" classname="Scenario: provider enters a data in timeSlots with missing  dayOfWeek field" time="0"/>
  <testcase name="Given productVideos is set with the following fields" classname="Scenario: provider enters a data in timeSlots with missing  dayOfWeek field" time="0"/>
  <testcase name="Given productWorkingDates is set with following fields" classname="Scenario: provider enters a data in timeSlots with missing  dayOfWeek field" time="0"/>
  <testcase name="Given timeSlots is set with the following fields" classname="Scenario: provider enters a data in timeSlots with missing  dayOfWeek field" time="0"/>
  <testcase name="Given provider creates a new product" classname="Scenario: provider enters a data in timeSlots with missing  dayOfWeek field" time="0"/>
  <testcase name="Then verify status code is 500" classname="Scenario: provider enters a data in timeSlots with missing  dayOfWeek field" time="0">
    <failure message="expected:&lt;500&gt; but was:&lt;200&gt;" type="java.lang.AssertionError"><![CDATA[java.lang.AssertionError: expected:<500> but was:<200>
]]></failure>
    <system-out><![CDATA[{
    "id": "JpgyGQlq",
    "name": "AutoTest",
    "productTypeId": null,
    "active": true,
    "shortDescription": "Test For Automation 1",
    "fullDescription": "Automation for API in Postman",
    "mostPopular": null,
    "longitude": 456.456,
    "latitude": 3245678.5467,
    "calendarColor": "blue",
    "address": "Bishkek",
    "cityId": "zOPeqYpj",
    "createdAt": "2021-06-28T06:54:18.556963",
    "productImages": [
        
    ],
    "productDocuments": [
        
    ],
    "productTypes": null,
    "productWorkingDates": [
        {
            "id": "oylKoBl8",
            "productId": "JpgyGQlq",
            "fromDate": "2022-12-31",
            "toDate": "2022-12-31",
            "name": "1234",
            "strictHours": false,
            "timeSlots": [
                {
                    "id": "baQkweOA",
                    "productWorkingDateId": "oylKoBl8",
                    "dayOfWeek": "None",
                    "startTime": "09:00:00",
                    "endTime": "20:00:00",
                    "duration": "01:00:00",
                    "quantity": 32,
                    "usedQuantity": 0,
                    "active": false,
                    "deletedAt": null
                }
            ],
            "deletedAt": null,
            "maxUsedTicketsQuantity": 0,
            "errorCode": 0
        }
    ],
    "productRegions": [
        {
            "id": "52aAA9aZ",
            "productId": "JpgyGQlq",
            "regionId": "5bpJKaVE",
            "regionName": null
        }
    ],
    "productPrices": [
        {
            "id": "Kdl2QnaX",
            "productId": "JpgyGQlq",
            "channelId": "5bpJKaVE",
            "fromDate": "2021-05-31T00:00:00",
            "toDate": "2022-12-31T00:00:00",
            "title": "API",
            "remarks": "Test",
            "officialPrice": 0,
            "currencyId": "5bpJKaVE",
            "quantityPerDay": 123,
            "autoConfirm": false,
            "pricePerPerson": false,
            "productPriceTypes": [
                {
                    "id": "4waDomp3",
                    "productPriceId": "Kdl2QnaX",
                    "productCustomerTypeId": "eaZL0dOd",
                    "amount": 57,
                    "currencyId": "Belm3pnb",
                    "currencySymbol": null,
                    "isOfficial": true,
                    "productCustomerType": {
                        "id": "eaZL0dOd",
                        "productId": "yxl4wVaj",
                        "name": "?????"
                    }
                }
            ],
            "deletedAt": null
        }
    ],
    "productCustomerTypes": [
        {
            "id": "rO7nKYl6",
            "productId": "JpgyGQlq",
            "name": "API"
        },
        {
            "id": "nlYxzkaz",
            "productId": "JpgyGQlq",
            "name": "?????"
        },
        {
            "id": "MaGEmPOD",
            "productId": "JpgyGQlq",
            "name": "???"
        },
        {
            "id": "ylKdLKO8",
            "productId": "JpgyGQlq",
            "name": "?????"
        }
    ],
    "city": {
        "id": "zOPeqYpj",
        "name": "Israel"
    },
    "productIncludedTags": [
        {
            "id": "jLa33Vaz",
            "productId": "JpgyGQlq",
            "subTagId": "jLa3rjpz",
            "parentTagId": null,
            "subTagName": null
        }
    ],
    "productExcludedTags": [
        {
            "id": "yxl478aj",
            "productId": "JpgyGQlq",
            "subTagId": "4eO8gvlP",
            "parentTagId": null,
            "subTagName": null
        }
    ],
    "productTags": [
        {
            "id": "ylKyX8p8",
            "productId": "JpgyGQlq",
            "subTagId": "qeaZMepd",
            "parentTagId": null,
            "subTagName": null
        }
    ],
    "productTranslations": null,
    "productVideos": [
        {
            "id": "q1lo0wO7",
            "productId": "JpgyGQlq",
            "path": "https://www.youtube.com/watch?v=u1yVCeXYya4&list=RDMMu1yVCeXYya4&start_radio=1"
        }
    ]
}
{
    "id": "JpgyGQlq",
    "name": "AutoTest",
    "productTypeId": null,
    "active": true,
    "shortDescription": "Test For Automation 1",
    "fullDescription": "Automation for API in Postman",
    "mostPopular": null,
    "longitude": 456.456,
    "latitude": 3245678.5467,
    "calendarColor": "blue",
    "address": "Bishkek",
    "cityId": "zOPeqYpj",
    "createdAt": "2021-06-28T06:54:18.556963",
    "productImages": [
        
    ],
    "productDocuments": [
        
    ],
    "productTypes": null,
    "productWorkingDates": [
        {
            "id": "oylKoBl8",
            "productId": "JpgyGQlq",
            "fromDate": "2022-12-31",
            "toDate": "2022-12-31",
            "name": "1234",
            "strictHours": false,
            "timeSlots": [
                {
                    "id": "baQkweOA",
                    "productWorkingDateId": "oylKoBl8",
                    "dayOfWeek": "None",
                    "startTime": "09:00:00",
                    "endTime": "20:00:00",
                    "duration": "01:00:00",
                    "quantity": 32,
                    "usedQuantity": 0,
                    "active": false,
                    "deletedAt": null
                }
            ],
            "deletedAt": null,
            "maxUsedTicketsQuantity": 0,
            "errorCode": 0
        }
    ],
    "productRegions": [
        {
            "id": "52aAA9aZ",
            "productId": "JpgyGQlq",
            "regionId": "5bpJKaVE",
            "regionName": null
        }
    ],
    "productPrices": [
        {
            "id": "Kdl2QnaX",
            "productId": "JpgyGQlq",
            "channelId": "5bpJKaVE",
            "fromDate": "2021-05-31T00:00:00",
            "toDate": "2022-12-31T00:00:00",
            "title": "API",
            "remarks": "Test",
            "officialPrice": 0,
            "currencyId": "5bpJKaVE",
            "quantityPerDay": 123,
            "autoConfirm": false,
            "pricePerPerson": false,
            "productPriceTypes": [
                {
                    "id": "4waDomp3",
                    "productPriceId": "Kdl2QnaX",
                    "productCustomerTypeId": "eaZL0dOd",
                    "amount": 57,
                    "currencyId": "Belm3pnb",
                    "currencySymbol": null,
                    "isOfficial": true,
                    "productCustomerType": {
                        "id": "eaZL0dOd",
                        "productId": "yxl4wVaj",
                        "name": "?????"
                    }
                }
            ],
            "deletedAt": null
        }
    ],
    "productCustomerTypes": [
        {
            "id": "rO7nKYl6",
            "productId": "JpgyGQlq",
            "name": "API"
        },
        {
            "id": "nlYxzkaz",
            "productId": "JpgyGQlq",
            "name": "?????"
        },
        {
            "id": "MaGEmPOD",
            "productId": "JpgyGQlq",
            "name": "???"
        },
        {
            "id": "ylKdLKO8",
            "productId": "JpgyGQlq",
            "name": "?????"
        }
    ],
    "city": {
        "id": "zOPeqYpj",
        "name": "Israel"
    },
    "productIncludedTags": [
        {
            "id": "jLa33Vaz",
            "productId": "JpgyGQlq",
            "subTagId": "jLa3rjpz",
            "parentTagId": null,
            "subTagName": null
        }
    ],
    "productExcludedTags": [
        {
            "id": "yxl478aj",
            "productId": "JpgyGQlq",
            "subTagId": "4eO8gvlP",
            "parentTagId": null,
            "subTagName": null
        }
    ],
    "productTags": [
        {
            "id": "ylKyX8p8",
            "productId": "JpgyGQlq",
            "subTagId": "qeaZMepd",
            "parentTagId": null,
            "subTagName": null
        }
    ],
    "productTranslations": null,
    "productVideos": [
        {
            "id": "q1lo0wO7",
            "productId": "JpgyGQlq",
            "path": "https://www.youtube.com/watch?v=u1yVCeXYya4&list=RDMMu1yVCeXYya4&start_radio=1"
        }
    ]
}
]]></system-out>
  </testcase>
  <testcase name="Scenario: provider enters a data in timeSlots with missing  dayOfWeek field" classname="Scenario: provider enters a data in timeSlots with missing  dayOfWeek field" time="0">
    <failure message="expected:&lt;500&gt; but was:&lt;200&gt;" type="java.lang.AssertionError"><![CDATA[java.lang.AssertionError: expected:<500> but was:<200>
]]></failure>
  </testcase>
  <testcase name="Then verify the title is &quot;Internal Server Error&quot;" classname="Scenario: provider enters a data in timeSlots with missing  dayOfWeek field" time="0">
    <skipped/>
  </testcase>
  <testcase name="Given product is set with the following fields" classname="Scenario: provider enters a data in timeSlots with empty  duration field" time="0"/>
  <testcase name="Given productVideos is set with the following fields" classname="Scenario: provider enters a data in timeSlots with empty  duration field" time="0"/>
  <testcase name="Given productWorkingDates is set with following fields" classname="Scenario: provider enters a data in timeSlots with empty  duration field" time="0"/>
  <testcase name="Given timeSlots is set with the following fields" classname="Scenario: provider enters a data in timeSlots with empty  duration field" time="0"/>
  <testcase name="Given provider creates a new product" classname="Scenario: provider enters a data in timeSlots with empty  duration field" time="0"/>
  <testcase name="Then verify status code is 400" classname="Scenario: provider enters a data in timeSlots with empty  duration field" time="0"/>
  <testcase name="Then verify the title is &quot;One or more validation errors occurred.&quot;" classname="Scenario: provider enters a data in timeSlots with empty  duration field" time="0"/>
  <testcase name="Scenario: provider enters a data in timeSlots with empty  duration field" classname="Scenario: provider enters a data in timeSlots with empty  duration field" time="0"/>
  <testcase name="Given product is set with the following fields" classname="Scenario: provider enters a data in timeSlots with incorrect timing  duration field" time="0"/>
  <testcase name="Given productVideos is set with the following fields" classname="Scenario: provider enters a data in timeSlots with incorrect timing  duration field" time="0"/>
  <testcase name="Given productWorkingDates is set with following fields" classname="Scenario: provider enters a data in timeSlots with incorrect timing  duration field" time="0"/>
  <testcase name="Given timeSlots is set with the following fields" classname="Scenario: provider enters a data in timeSlots with incorrect timing  duration field" time="0"/>
  <testcase name="Given provider creates a new product" classname="Scenario: provider enters a data in timeSlots with incorrect timing  duration field" time="0"/>
  <testcase name="Then verify status code is 400" classname="Scenario: provider enters a data in timeSlots with incorrect timing  duration field" time="0"/>
  <testcase name="Then verify the title is &quot;One or more validation errors occurred.&quot;" classname="Scenario: provider enters a data in timeSlots with incorrect timing  duration field" time="0"/>
  <testcase name="Scenario: provider enters a data in timeSlots with incorrect timing  duration field" classname="Scenario: provider enters a data in timeSlots with incorrect timing  duration field" time="0"/>
  <testcase name="Given product is set with the following fields" classname="Scenario: provider enters a data in timeSlots with special char  duration field" time="0"/>
  <testcase name="Given productVideos is set with the following fields" classname="Scenario: provider enters a data in timeSlots with special char  duration field" time="0"/>
  <testcase name="Given productWorkingDates is set with following fields" classname="Scenario: provider enters a data in timeSlots with special char  duration field" time="0"/>
  <testcase name="Given timeSlots is set with the following fields" classname="Scenario: provider enters a data in timeSlots with special char  duration field" time="0"/>
  <testcase name="Given provider creates a new product" classname="Scenario: provider enters a data in timeSlots with special char  duration field" time="0"/>
  <testcase name="Then verify status code is 400" classname="Scenario: provider enters a data in timeSlots with special char  duration field" time="0"/>
  <testcase name="Then verify the title is &quot;One or more validation errors occurred.&quot;" classname="Scenario: provider enters a data in timeSlots with special char  duration field" time="0"/>
  <testcase name="Scenario: provider enters a data in timeSlots with special char  duration field" classname="Scenario: provider enters a data in timeSlots with special char  duration field" time="0"/>
  <testcase name="Given product is set with the following fields" classname="Scenario: provider enters a data in timeSlots with missing  duration field" time="0"/>
  <testcase name="Given productVideos is set with the following fields" classname="Scenario: provider enters a data in timeSlots with missing  duration field" time="0"/>
  <testcase name="Given productWorkingDates is set with following fields" classname="Scenario: provider enters a data in timeSlots with missing  duration field" time="0"/>
  <testcase name="Given timeSlots is set with the following fields" classname="Scenario: provider enters a data in timeSlots with missing  duration field" time="0"/>
  <testcase name="Given provider creates a new product" classname="Scenario: provider enters a data in timeSlots with missing  duration field" time="0"/>
  <testcase name="Then verify status code is 400" classname="Scenario: provider enters a data in timeSlots with missing  duration field" time="0">
    <failure message="expected:&lt;400&gt; but was:&lt;200&gt;" type="java.lang.AssertionError"><![CDATA[java.lang.AssertionError: expected:<400> but was:<200>
]]></failure>
    <system-out><![CDATA[{
    "id": "GpbzLwpr",
    "name": "AutoTest",
    "productTypeId": null,
    "active": true,
    "shortDescription": "Test For Automation 1",
    "fullDescription": "Automation for API in Postman",
    "mostPopular": null,
    "longitude": 456.456,
    "latitude": 3245678.5467,
    "calendarColor": "blue",
    "address": "Bishkek",
    "cityId": "blVXm2pw",
    "createdAt": "2021-06-28T06:54:19.510116",
    "productImages": [
        
    ],
    "productDocuments": [
        
    ],
    "productTypes": null,
    "productWorkingDates": [
        {
            "id": "LbaQM3aA",
            "productId": "GpbzLwpr",
            "fromDate": "2022-12-31",
            "toDate": "2022-12-31",
            "name": "1234",
            "strictHours": false,
            "timeSlots": [
                {
                    "id": "elm36qpn",
                    "productWorkingDateId": "LbaQM3aA",
                    "dayOfWeek": "Monday",
                    "startTime": "09:00:00",
                    "endTime": "20:00:00",
                    "duration": "00:00:00",
                    "quantity": 32,
                    "usedQuantity": 0,
                    "active": false,
                    "deletedAt": null
                }
            ],
            "deletedAt": null,
            "maxUsedTicketsQuantity": 0,
            "errorCode": 0
        }
    ],
    "productRegions": [
        {
            "id": "Q4aLX2an",
            "productId": "GpbzLwpr",
            "regionId": "5bpJKaVE",
            "regionName": null
        }
    ],
    "productPrices": [
        {
            "id": "BJpgobpq",
            "productId": "GpbzLwpr",
            "channelId": "5bpJKaVE",
            "fromDate": "2021-05-31T00:00:00",
            "toDate": "2022-12-31T00:00:00",
            "title": "API",
            "remarks": "Test",
            "officialPrice": 0,
            "currencyId": "5bpJKaVE",
            "quantityPerDay": 123,
            "autoConfirm": false,
            "pricePerPerson": false,
            "productPriceTypes": [
                {
                    "id": "jLa3gYaz",
                    "productPriceId": "BJpgobpq",
                    "productCustomerTypeId": "dpd5qKa7",
                    "amount": 57,
                    "currencyId": "Belm3pnb",
                    "currencySymbol": null,
                    "isOfficial": true,
                    "productCustomerType": {
                        "id": "dpd5qKa7",
                        "productId": "yxl4wVaj",
                        "name": "?????"
                    }
                }
            ],
            "deletedAt": null
        }
    ],
    "productCustomerTypes": [
        {
            "id": "5l1ALQlW",
            "productId": "GpbzLwpr",
            "name": "API"
        },
        {
            "id": "Yp6gGjaK",
            "productId": "GpbzLwpr",
            "name": "?????"
        },
        {
            "id": "wOXz4Mao",
            "productId": "GpbzLwpr",
            "name": "???"
        },
        {
            "id": "Yayq8kaW",
            "productId": "GpbzLwpr",
            "name": "?????"
        }
    ],
    "city": {
        "id": "blVXm2pw",
        "name": "Israel"
    },
    "productIncludedTags": [
        {
            "id": "4eO831lP",
            "productId": "GpbzLwpr",
            "subTagId": "jLa3rjpz",
            "parentTagId": null,
            "subTagName": null
        }
    ],
    "productExcludedTags": [
        {
            "id": "nGazQNpV",
            "productId": "GpbzLwpr",
            "subTagId": "4eO8gvlP",
            "parentTagId": null,
            "subTagName": null
        }
    ],
    "productTags": [
        {
            "id": "baQr3ElA",
            "productId": "GpbzLwpr",
            "subTagId": "qeaZMepd",
            "parentTagId": null,
            "subTagName": null
        }
    ],
    "productTranslations": null,
    "productVideos": [
        {
            "id": "LbaQA3aA",
            "productId": "GpbzLwpr",
            "path": "https://www.youtube.com/watch?v=u1yVCeXYya4&list=RDMMu1yVCeXYya4&start_radio=1"
        }
    ]
}
{
    "id": "GpbzLwpr",
    "name": "AutoTest",
    "productTypeId": null,
    "active": true,
    "shortDescription": "Test For Automation 1",
    "fullDescription": "Automation for API in Postman",
    "mostPopular": null,
    "longitude": 456.456,
    "latitude": 3245678.5467,
    "calendarColor": "blue",
    "address": "Bishkek",
    "cityId": "blVXm2pw",
    "createdAt": "2021-06-28T06:54:19.510116",
    "productImages": [
        
    ],
    "productDocuments": [
        
    ],
    "productTypes": null,
    "productWorkingDates": [
        {
            "id": "LbaQM3aA",
            "productId": "GpbzLwpr",
            "fromDate": "2022-12-31",
            "toDate": "2022-12-31",
            "name": "1234",
            "strictHours": false,
            "timeSlots": [
                {
                    "id": "elm36qpn",
                    "productWorkingDateId": "LbaQM3aA",
                    "dayOfWeek": "Monday",
                    "startTime": "09:00:00",
                    "endTime": "20:00:00",
                    "duration": "00:00:00",
                    "quantity": 32,
                    "usedQuantity": 0,
                    "active": false,
                    "deletedAt": null
                }
            ],
            "deletedAt": null,
            "maxUsedTicketsQuantity": 0,
            "errorCode": 0
        }
    ],
    "productRegions": [
        {
            "id": "Q4aLX2an",
            "productId": "GpbzLwpr",
            "regionId": "5bpJKaVE",
            "regionName": null
        }
    ],
    "productPrices": [
        {
            "id": "BJpgobpq",
            "productId": "GpbzLwpr",
            "channelId": "5bpJKaVE",
            "fromDate": "2021-05-31T00:00:00",
            "toDate": "2022-12-31T00:00:00",
            "title": "API",
            "remarks": "Test",
            "officialPrice": 0,
            "currencyId": "5bpJKaVE",
            "quantityPerDay": 123,
            "autoConfirm": false,
            "pricePerPerson": false,
            "productPriceTypes": [
                {
                    "id": "jLa3gYaz",
                    "productPriceId": "BJpgobpq",
                    "productCustomerTypeId": "dpd5qKa7",
                    "amount": 57,
                    "currencyId": "Belm3pnb",
                    "currencySymbol": null,
                    "isOfficial": true,
                    "productCustomerType": {
                        "id": "dpd5qKa7",
                        "productId": "yxl4wVaj",
                        "name": "?????"
                    }
                }
            ],
            "deletedAt": null
        }
    ],
    "productCustomerTypes": [
        {
            "id": "5l1ALQlW",
            "productId": "GpbzLwpr",
            "name": "API"
        },
        {
            "id": "Yp6gGjaK",
            "productId": "GpbzLwpr",
            "name": "?????"
        },
        {
            "id": "wOXz4Mao",
            "productId": "GpbzLwpr",
            "name": "???"
        },
        {
            "id": "Yayq8kaW",
            "productId": "GpbzLwpr",
            "name": "?????"
        }
    ],
    "city": {
        "id": "blVXm2pw",
        "name": "Israel"
    },
    "productIncludedTags": [
        {
            "id": "4eO831lP",
            "productId": "GpbzLwpr",
            "subTagId": "jLa3rjpz",
            "parentTagId": null,
            "subTagName": null
        }
    ],
    "productExcludedTags": [
        {
            "id": "nGazQNpV",
            "productId": "GpbzLwpr",
            "subTagId": "4eO8gvlP",
            "parentTagId": null,
            "subTagName": null
        }
    ],
    "productTags": [
        {
            "id": "baQr3ElA",
            "productId": "GpbzLwpr",
            "subTagId": "qeaZMepd",
            "parentTagId": null,
            "subTagName": null
        }
    ],
    "productTranslations": null,
    "productVideos": [
        {
            "id": "LbaQA3aA",
            "productId": "GpbzLwpr",
            "path": "https://www.youtube.com/watch?v=u1yVCeXYya4&list=RDMMu1yVCeXYya4&start_radio=1"
        }
    ]
}
]]></system-out>
  </testcase>
  <testcase name="Scenario: provider enters a data in timeSlots with missing  duration field" classname="Scenario: provider enters a data in timeSlots with missing  duration field" time="0">
    <failure message="expected:&lt;400&gt; but was:&lt;200&gt;" type="java.lang.AssertionError"><![CDATA[java.lang.AssertionError: expected:<400> but was:<200>
]]></failure>
  </testcase>
  <testcase name="Then verify the title is &quot;One or more validation errors occurred.&quot;" classname="Scenario: provider enters a data in timeSlots with missing  duration field" time="0">
    <skipped/>
  </testcase>
  <testcase name="Given product name is set with &quot;a&quot; 40 times" classname="Scenario: provider enters in name field more than 30 char" time="0"/>
  <testcase name="Given product is set with the following fields" classname="Scenario: provider enters in name field more than 30 char" time="0"/>
  <testcase name="Given product video is created with bellow given path" classname="Scenario: provider enters in name field more than 30 char" time="0"/>
  <testcase name="Given provider sends a new product" classname="Scenario: provider enters in name field more than 30 char" time="0"/>
  <testcase name="Then verify status code is 500" classname="Scenario: provider enters in name field more than 30 char" time="0"/>
  <testcase name="Then verify the title is &quot;Internal Server Error&quot;" classname="Scenario: provider enters in name field more than 30 char" time="0"/>
  <testcase name="Scenario: provider enters in name field more than 30 char" classname="Scenario: provider enters in name field more than 30 char" time="0"/>
  <testcase name="Given product shortDescription is set with &quot;a&quot; 100 times" classname="Scenario: provider enters in shortDescription field more than 60 char" time="0"/>
  <testcase name="Given product is set with the following fields" classname="Scenario: provider enters in shortDescription field more than 60 char" time="0"/>
  <testcase name="Given product video is created with bellow given path" classname="Scenario: provider enters in shortDescription field more than 60 char" time="0"/>
  <testcase name="Given provider sends a new product" classname="Scenario: provider enters in shortDescription field more than 60 char" time="0"/>
  <testcase name="Then verify status code is 500" classname="Scenario: provider enters in shortDescription field more than 60 char" time="0"/>
  <testcase name="Then verify the title is &quot;Internal Server Error&quot;" classname="Scenario: provider enters in shortDescription field more than 60 char" time="0"/>
  <testcase name="Scenario: provider enters in shortDescription field more than 60 char" classname="Scenario: provider enters in shortDescription field more than 60 char" time="0"/>
  <testcase name="Given product fullDescription is set with &quot;a&quot; 1000 times" classname="Scenario: provider enters in fullDescription field more than 900 char" time="0"/>
  <testcase name="Given product is set with the following fields" classname="Scenario: provider enters in fullDescription field more than 900 char" time="0"/>
  <testcase name="Given product video is created with bellow given path" classname="Scenario: provider enters in fullDescription field more than 900 char" time="0"/>
  <testcase name="Given provider sends a new product" classname="Scenario: provider enters in fullDescription field more than 900 char" time="0"/>
  <testcase name="Then verify status code is 500" classname="Scenario: provider enters in fullDescription field more than 900 char" time="0"/>
  <testcase name="Then verify the title is &quot;Internal Server Error&quot;" classname="Scenario: provider enters in fullDescription field more than 900 char" time="0"/>
  <testcase name="Scenario: provider enters in fullDescription field more than 900 char" classname="Scenario: provider enters in fullDescription field more than 900 char" time="0"/>
  <testcase name="Given product is set with the following fields" classname="Scenario: provider enters a data in productPrices with empty  fromDate field" time="0"/>
  <testcase name="Given product is set with the following fields" classname="Scenario: provider enters a data in productPrices with empty  fromDate field" time="0"/>
  <testcase name="Given productVideos is set with the following fields" classname="Scenario: provider enters a data in productPrices with empty  fromDate field" time="0"/>
  <testcase name="Given productVideos is set with the following fields" classname="Scenario: provider enters a data in productPrices with empty  fromDate field" time="0"/>
  <testcase name="Given productPrices is set with the following fields" classname="Scenario: provider enters a data in productPrices with empty  fromDate field" time="0"/>
  <testcase name="Given productPrices is set with the following fields" classname="Scenario: provider enters a data in productPrices with empty  fromDate field" time="0"/>
  <testcase name="Given provider creates a new product" classname="Scenario: provider enters a data in productPrices with empty  fromDate field" time="0"/>
  <testcase name="Given provider creates a new product" classname="Scenario: provider enters a data in productPrices with empty  fromDate field" time="0"/>
  <testcase name="Then verify status code is 400" classname="Scenario: provider enters a data in productPrices with empty  fromDate field" time="0"/>
  <testcase name="Then verify status code is 400" classname="Scenario: provider enters a data in productPrices with empty  fromDate field" time="0"/>
  <testcase name="Then verify the title is &quot;One or more validation errors occurred.&quot;" classname="Scenario: provider enters a data in productPrices with empty  fromDate field" time="0"/>
  <testcase name="Then verify the title is &quot;One or more validation errors occurred.&quot;" classname="Scenario: provider enters a data in productPrices with empty  fromDate field" time="0"/>
  <testcase name="Scenario: provider enters a data in productPrices with empty  fromDate field" classname="Scenario: provider enters a data in productPrices with empty  fromDate field" time="0"/>
  <testcase name="Scenario: provider enters a data in productPrices with empty  fromDate field" classname="Scenario: provider enters a data in productPrices with empty  fromDate field" time="0"/>
  <testcase name="Given product is set with the following fields" classname="Scenario: provider enters a data in productPrices with missing  fromDate field" time="0"/>
  <testcase name="Given productVideos is set with the following fields" classname="Scenario: provider enters a data in productPrices with missing  fromDate field" time="0"/>
  <testcase name="Given productPrices is set with the following fields" classname="Scenario: provider enters a data in productPrices with missing  fromDate field" time="0"/>
  <testcase name="Given provider creates a new product" classname="Scenario: provider enters a data in productPrices with missing  fromDate field" time="0"/>
  <testcase name="Then verify status code is 400" classname="Scenario: provider enters a data in productPrices with missing  fromDate field" time="0">
    <failure message="expected:&lt;400&gt; but was:&lt;200&gt;" type="java.lang.AssertionError"><![CDATA[java.lang.AssertionError: expected:<400> but was:<200>
]]></failure>
    <system-out><![CDATA[{
    "id": "zpM9qXp6",
    "name": "AutoTest",
    "productTypeId": null,
    "active": true,
    "shortDescription": "Test For Automation 1",
    "fullDescription": "Automation for API in Postman",
    "mostPopular": null,
    "longitude": 456.456,
    "latitude": 3245678.5467,
    "calendarColor": "blue",
    "address": "Bishkek",
    "cityId": "waD31dp3",
    "createdAt": "2021-06-28T06:54:20.717494",
    "productImages": [
        
    ],
    "productDocuments": [
        
    ],
    "productTypes": null,
    "productWorkingDates": [
        {
            "id": "Belmk9pn",
            "productId": "zpM9qXp6",
            "fromDate": "2022-12-31",
            "toDate": "2022-12-31",
            "name": "1234",
            "strictHours": false,
            "timeSlots": [
                {
                    "id": "bpJRe7pV",
                    "productWorkingDateId": "Belmk9pn",
                    "dayOfWeek": "Monday",
                    "startTime": "09:00:00",
                    "endTime": "20:00:00",
                    "duration": "00:00:00",
                    "quantity": 32,
                    "usedQuantity": 0,
                    "active": false,
                    "deletedAt": null
                }
            ],
            "deletedAt": null,
            "maxUsedTicketsQuantity": 0,
            "errorCode": 0
        }
    ],
    "productRegions": [
        {
            "id": "QrO9Pele",
            "productId": "zpM9qXp6",
            "regionId": "5bpJKaVE",
            "regionName": null
        }
    ],
    "productPrices": [
        {
            "id": "0GpbgLar",
            "productId": "zpM9qXp6",
            "channelId": "LbaQGOAx",
            "fromDate": "0001-01-01T00:00:00",
            "toDate": "2022-12-31T00:00:00",
            "title": "API",
            "remarks": "Test",
            "officialPrice": 0,
            "currencyId": "5bpJKaVE",
            "quantityPerDay": 123,
            "autoConfirm": false,
            "pricePerPerson": false,
            "productPriceTypes": [
                {
                    "id": "4eO8vLaP",
                    "productPriceId": "0GpbgLar",
                    "productCustomerTypeId": "3pWoW0p4",
                    "amount": 57,
                    "currencyId": "Belm3pnb",
                    "currencySymbol": null,
                    "isOfficial": true,
                    "productCustomerType": {
                        "id": "3pWoW0p4",
                        "productId": "yxl4wVaj",
                        "name": "?????"
                    }
                }
            ],
            "deletedAt": null
        }
    ],
    "productCustomerTypes": [
        {
            "id": "xl4W7Gaj",
            "productId": "zpM9qXp6",
            "name": "API"
        },
        {
            "id": "Gaz7QVlV",
            "productId": "zpM9qXp6",
            "name": "?????"
        },
        {
            "id": "8p0NAylJ",
            "productId": "zpM9qXp6",
            "name": "???"
        },
        {
            "id": "Pleo8rpv",
            "productId": "zpM9qXp6",
            "name": "?????"
        }
    ],
    "city": {
        "id": "waD31dp3",
        "name": "Israel"
    },
    "productIncludedTags": [
        {
            "id": "N4lrwoOd",
            "productId": "zpM9qXp6",
            "subTagId": "jLa3rjpz",
            "parentTagId": null,
            "subTagName": null
        }
    ],
    "productExcludedTags": [
        {
            "id": "k8p0AZaJ",
            "productId": "zpM9qXp6",
            "subTagId": "4eO8gvlP",
            "parentTagId": null,
            "subTagName": null
        }
    ],
    "productTags": [
        {
            "id": "elmvmKOn",
            "productId": "zpM9qXp6",
            "subTagId": "qeaZMepd",
            "parentTagId": null,
            "subTagName": null
        }
    ],
    "productTranslations": null,
    "productVideos": [
        {
            "id": "BelmV9On",
            "productId": "zpM9qXp6",
            "path": "https://www.youtube.com/watch?v=u1yVCeXYya4&list=RDMMu1yVCeXYya4&start_radio=1"
        }
    ]
}
{
    "id": "zpM9qXp6",
    "name": "AutoTest",
    "productTypeId": null,
    "active": true,
    "shortDescription": "Test For Automation 1",
    "fullDescription": "Automation for API in Postman",
    "mostPopular": null,
    "longitude": 456.456,
    "latitude": 3245678.5467,
    "calendarColor": "blue",
    "address": "Bishkek",
    "cityId": "waD31dp3",
    "createdAt": "2021-06-28T06:54:20.717494",
    "productImages": [
        
    ],
    "productDocuments": [
        
    ],
    "productTypes": null,
    "productWorkingDates": [
        {
            "id": "Belmk9pn",
            "productId": "zpM9qXp6",
            "fromDate": "2022-12-31",
            "toDate": "2022-12-31",
            "name": "1234",
            "strictHours": false,
            "timeSlots": [
                {
                    "id": "bpJRe7pV",
                    "productWorkingDateId": "Belmk9pn",
                    "dayOfWeek": "Monday",
                    "startTime": "09:00:00",
                    "endTime": "20:00:00",
                    "duration": "00:00:00",
                    "quantity": 32,
                    "usedQuantity": 0,
                    "active": false,
                    "deletedAt": null
                }
            ],
            "deletedAt": null,
            "maxUsedTicketsQuantity": 0,
            "errorCode": 0
        }
    ],
    "productRegions": [
        {
            "id": "QrO9Pele",
            "productId": "zpM9qXp6",
            "regionId": "5bpJKaVE",
            "regionName": null
        }
    ],
    "productPrices": [
        {
            "id": "0GpbgLar",
            "productId": "zpM9qXp6",
            "channelId": "LbaQGOAx",
            "fromDate": "0001-01-01T00:00:00",
            "toDate": "2022-12-31T00:00:00",
            "title": "API",
            "remarks": "Test",
            "officialPrice": 0,
            "currencyId": "5bpJKaVE",
            "quantityPerDay": 123,
            "autoConfirm": false,
            "pricePerPerson": false,
            "productPriceTypes": [
                {
                    "id": "4eO8vLaP",
                    "productPriceId": "0GpbgLar",
                    "productCustomerTypeId": "3pWoW0p4",
                    "amount": 57,
                    "currencyId": "Belm3pnb",
                    "currencySymbol": null,
                    "isOfficial": true,
                    "productCustomerType": {
                        "id": "3pWoW0p4",
                        "productId": "yxl4wVaj",
                        "name": "?????"
                    }
                }
            ],
            "deletedAt": null
        }
    ],
    "productCustomerTypes": [
        {
            "id": "xl4W7Gaj",
            "productId": "zpM9qXp6",
            "name": "API"
        },
        {
            "id": "Gaz7QVlV",
            "productId": "zpM9qXp6",
            "name": "?????"
        },
        {
            "id": "8p0NAylJ",
            "productId": "zpM9qXp6",
            "name": "???"
        },
        {
            "id": "Pleo8rpv",
            "productId": "zpM9qXp6",
            "name": "?????"
        }
    ],
    "city": {
        "id": "waD31dp3",
        "name": "Israel"
    },
    "productIncludedTags": [
        {
            "id": "N4lrwoOd",
            "productId": "zpM9qXp6",
            "subTagId": "jLa3rjpz",
            "parentTagId": null,
            "subTagName": null
        }
    ],
    "productExcludedTags": [
        {
            "id": "k8p0AZaJ",
            "productId": "zpM9qXp6",
            "subTagId": "4eO8gvlP",
            "parentTagId": null,
            "subTagName": null
        }
    ],
    "productTags": [
        {
            "id": "elmvmKOn",
            "productId": "zpM9qXp6",
            "subTagId": "qeaZMepd",
            "parentTagId": null,
            "subTagName": null
        }
    ],
    "productTranslations": null,
    "productVideos": [
        {
            "id": "BelmV9On",
            "productId": "zpM9qXp6",
            "path": "https://www.youtube.com/watch?v=u1yVCeXYya4&list=RDMMu1yVCeXYya4&start_radio=1"
        }
    ]
}
]]></system-out>
  </testcase>
  <testcase name="Scenario: provider enters a data in productPrices with missing  fromDate field" classname="Scenario: provider enters a data in productPrices with missing  fromDate field" time="0">
    <failure message="expected:&lt;400&gt; but was:&lt;200&gt;" type="java.lang.AssertionError"><![CDATA[java.lang.AssertionError: expected:<400> but was:<200>
]]></failure>
  </testcase>
  <testcase name="Then verify the title is &quot;One or more validation errors occurred.&quot;" classname="Scenario: provider enters a data in productPrices with missing  fromDate field" time="0">
    <skipped/>
  </testcase>
  <testcase name="Given product is set with the following fields" classname="Scenario: provider enters a data in productPrices with empty  toDate field" time="0"/>
  <testcase name="Given productVideos is set with the following fields" classname="Scenario: provider enters a data in productPrices with empty  toDate field" time="0"/>
  <testcase name="Given productPrices is set with the following fields" classname="Scenario: provider enters a data in productPrices with empty  toDate field" time="0"/>
  <testcase name="Given provider creates a new product" classname="Scenario: provider enters a data in productPrices with empty  toDate field" time="0"/>
  <testcase name="Then verify status code is 400" classname="Scenario: provider enters a data in productPrices with empty  toDate field" time="0"/>
  <testcase name="Then verify the title is &quot;One or more validation errors occurred.&quot;" classname="Scenario: provider enters a data in productPrices with empty  toDate field" time="0"/>
  <testcase name="Scenario: provider enters a data in productPrices with empty  toDate field" classname="Scenario: provider enters a data in productPrices with empty  toDate field" time="0"/>
  <testcase name="Given product is set with the following fields" classname="Scenario: provider enters a data in productPrices with missing  toDate field" time="0"/>
  <testcase name="Given productVideos is set with the following fields" classname="Scenario: provider enters a data in productPrices with missing  toDate field" time="0"/>
  <testcase name="Given productPrices is set with the following fields" classname="Scenario: provider enters a data in productPrices with missing  toDate field" time="0"/>
  <testcase name="Given provider creates a new product" classname="Scenario: provider enters a data in productPrices with missing  toDate field" time="0"/>
  <testcase name="Then verify status code is 500" classname="Scenario: provider enters a data in productPrices with missing  toDate field" time="0"/>
  <testcase name="Then verify the title is &quot;Internal Server Error&quot;" classname="Scenario: provider enters a data in productPrices with missing  toDate field" time="0"/>
  <testcase name="Scenario: provider enters a data in productPrices with missing  toDate field" classname="Scenario: provider enters a data in productPrices with missing  toDate field" time="0"/>
  <testcase name="Given product is set with the following fields" classname="Scenario: provider enters a data in productPrices with special char  toDate field" time="0"/>
  <testcase name="Given productVideos is set with the following fields" classname="Scenario: provider enters a data in productPrices with special char  toDate field" time="0"/>
  <testcase name="Given productPrices is set with the following fields" classname="Scenario: provider enters a data in productPrices with special char  toDate field" time="0"/>
  <testcase name="Given provider creates a new product" classname="Scenario: provider enters a data in productPrices with special char  toDate field" time="0"/>
  <testcase name="Then verify status code is 400" classname="Scenario: provider enters a data in productPrices with special char  toDate field" time="0"/>
  <testcase name="Then verify the title is &quot;One or more validation errors occurred.&quot;" classname="Scenario: provider enters a data in productPrices with special char  toDate field" time="0"/>
  <testcase name="Scenario: provider enters a data in productPrices with special char  toDate field" classname="Scenario: provider enters a data in productPrices with special char  toDate field" time="0"/>
  <testcase name="Given product is set with the following fields" classname="Scenario: provider enters a data in productPrices with empty  title field" time="0"/>
  <testcase name="Given productVideos is set with the following fields" classname="Scenario: provider enters a data in productPrices with empty  title field" time="0"/>
  <testcase name="Given productPrices is set with the following fields" classname="Scenario: provider enters a data in productPrices with empty  title field" time="0"/>
  <testcase name="Given provider creates a new product" classname="Scenario: provider enters a data in productPrices with empty  title field" time="0"/>
  <testcase name="Then verify status code is 400" classname="Scenario: provider enters a data in productPrices with empty  title field" time="0">
    <failure message="expected:&lt;400&gt; but was:&lt;200&gt;" type="java.lang.AssertionError"><![CDATA[java.lang.AssertionError: expected:<400> but was:<200>
]]></failure>
    <system-out><![CDATA[{
    "id": "Bl51rRlX",
    "name": "AutoTest",
    "productTypeId": null,
    "active": true,
    "shortDescription": "Test For Automation 1",
    "fullDescription": "Automation for API in Postman",
    "mostPopular": null,
    "longitude": 456.456,
    "latitude": 3245678.5467,
    "calendarColor": "blue",
    "address": "Bishkek",
    "cityId": "eO8gWzlP",
    "createdAt": "2021-06-28T06:54:21.93168",
    "productImages": [
        
    ],
    "productDocuments": [
        
    ],
    "productTypes": null,
    "productWorkingDates": [
        {
            "id": "5bpJ0olV",
            "productId": "Bl51rRlX",
            "fromDate": "2022-12-31",
            "toDate": "2022-12-31",
            "name": "1234",
            "strictHours": false,
            "timeSlots": [
                {
                    "id": "WaNXg0Od",
                    "productWorkingDateId": "5bpJ0olV",
                    "dayOfWeek": "Monday",
                    "startTime": "09:00:00",
                    "endTime": "20:00:00",
                    "duration": "00:00:00",
                    "quantity": 32,
                    "usedQuantity": 0,
                    "active": false,
                    "deletedAt": null
                }
            ],
            "deletedAt": null,
            "maxUsedTicketsQuantity": 0,
            "errorCode": 0
        }
    ],
    "productRegions": [
        {
            "id": "qeaZ5qpd",
            "productId": "Bl51rRlX",
            "regionId": "5bpJKaVE",
            "regionName": null
        }
    ],
    "productPrices": [
        {
            "id": "0ZOwVKlx",
            "productId": "Bl51rRlX",
            "channelId": "LbaQGOAx",
            "fromDate": "2021-05-31T00:00:00",
            "toDate": "2022-12-31T00:00:00",
            "title": "",
            "remarks": "Test",
            "officialPrice": 0,
            "currencyId": "5bpJKaVE",
            "quantityPerDay": 123,
            "autoConfirm": false,
            "pricePerPerson": false,
            "productPriceTypes": [
                {
                    "id": "N4lr4Jpd",
                    "productPriceId": "0ZOwVKlx",
                    "productCustomerTypeId": "zpM95ep6",
                    "amount": 57,
                    "currencyId": "Belm3pnb",
                    "currencySymbol": null,
                    "isOfficial": true,
                    "productCustomerType": {
                        "id": "zpM95ep6",
                        "productId": "yxl4wVaj",
                        "name": "?????"
                    }
                }
            ],
            "deletedAt": null
        }
    ],
    "productCustomerTypes": [
        {
            "id": "ZOwL63px",
            "productId": "Bl51rRlX",
            "name": "API"
        },
        {
            "id": "Bl51q7lX",
            "productId": "Bl51rRlX",
            "name": "?????"
        },
        {
            "id": "bpvj1ZpJ",
            "productId": "Bl51rRlX",
            "name": "???"
        },
        {
            "id": "zOPeJYpj",
            "productId": "Bl51rRlX",
            "name": "?????"
        }
    ],
    "city": {
        "id": "eO8gWzlP",
        "name": "Israel"
    },
    "productIncludedTags": [
        {
            "id": "EjpjwraM",
            "productId": "Bl51rRlX",
            "subTagId": "jLa3rjpz",
            "parentTagId": null,
            "subTagName": null
        }
    ],
    "productExcludedTags": [
        {
            "id": "vApRd6lY",
            "productId": "Bl51rRlX",
            "subTagId": "4eO8gvlP",
            "parentTagId": null,
            "subTagName": null
        }
    ],
    "productTags": [
        {
            "id": "bpJK6AaV",
            "productId": "Bl51rRlX",
            "subTagId": "qeaZMepd",
            "parentTagId": null,
            "subTagName": null
        }
    ],
    "productTranslations": null,
    "productVideos": [
        {
            "id": "5bpJyoOV",
            "productId": "Bl51rRlX",
            "path": "https://www.youtube.com/watch?v=u1yVCeXYya4&list=RDMMu1yVCeXYya4&start_radio=1"
        }
    ]
}
{
    "id": "Bl51rRlX",
    "name": "AutoTest",
    "productTypeId": null,
    "active": true,
    "shortDescription": "Test For Automation 1",
    "fullDescription": "Automation for API in Postman",
    "mostPopular": null,
    "longitude": 456.456,
    "latitude": 3245678.5467,
    "calendarColor": "blue",
    "address": "Bishkek",
    "cityId": "eO8gWzlP",
    "createdAt": "2021-06-28T06:54:21.93168",
    "productImages": [
        
    ],
    "productDocuments": [
        
    ],
    "productTypes": null,
    "productWorkingDates": [
        {
            "id": "5bpJ0olV",
            "productId": "Bl51rRlX",
            "fromDate": "2022-12-31",
            "toDate": "2022-12-31",
            "name": "1234",
            "strictHours": false,
            "timeSlots": [
                {
                    "id": "WaNXg0Od",
                    "productWorkingDateId": "5bpJ0olV",
                    "dayOfWeek": "Monday",
                    "startTime": "09:00:00",
                    "endTime": "20:00:00",
                    "duration": "00:00:00",
                    "quantity": 32,
                    "usedQuantity": 0,
                    "active": false,
                    "deletedAt": null
                }
            ],
            "deletedAt": null,
            "maxUsedTicketsQuantity": 0,
            "errorCode": 0
        }
    ],
    "productRegions": [
        {
            "id": "qeaZ5qpd",
            "productId": "Bl51rRlX",
            "regionId": "5bpJKaVE",
            "regionName": null
        }
    ],
    "productPrices": [
        {
            "id": "0ZOwVKlx",
            "productId": "Bl51rRlX",
            "channelId": "LbaQGOAx",
            "fromDate": "2021-05-31T00:00:00",
            "toDate": "2022-12-31T00:00:00",
            "title": "",
            "remarks": "Test",
            "officialPrice": 0,
            "currencyId": "5bpJKaVE",
            "quantityPerDay": 123,
            "autoConfirm": false,
            "pricePerPerson": false,
            "productPriceTypes": [
                {
                    "id": "N4lr4Jpd",
                    "productPriceId": "0ZOwVKlx",
                    "productCustomerTypeId": "zpM95ep6",
                    "amount": 57,
                    "currencyId": "Belm3pnb",
                    "currencySymbol": null,
                    "isOfficial": true,
                    "productCustomerType": {
                        "id": "zpM95ep6",
                        "productId": "yxl4wVaj",
                        "name": "?????"
                    }
                }
            ],
            "deletedAt": null
        }
    ],
    "productCustomerTypes": [
        {
            "id": "ZOwL63px",
            "productId": "Bl51rRlX",
            "name": "API"
        },
        {
            "id": "Bl51q7lX",
            "productId": "Bl51rRlX",
            "name": "?????"
        },
        {
            "id": "bpvj1ZpJ",
            "productId": "Bl51rRlX",
            "name": "???"
        },
        {
            "id": "zOPeJYpj",
            "productId": "Bl51rRlX",
            "name": "?????"
        }
    ],
    "city": {
        "id": "eO8gWzlP",
        "name": "Israel"
    },
    "productIncludedTags": [
        {
            "id": "EjpjwraM",
            "productId": "Bl51rRlX",
            "subTagId": "jLa3rjpz",
            "parentTagId": null,
            "subTagName": null
        }
    ],
    "productExcludedTags": [
        {
            "id": "vApRd6lY",
            "productId": "Bl51rRlX",
            "subTagId": "4eO8gvlP",
            "parentTagId": null,
            "subTagName": null
        }
    ],
    "productTags": [
        {
            "id": "bpJK6AaV",
            "productId": "Bl51rRlX",
            "subTagId": "qeaZMepd",
            "parentTagId": null,
            "subTagName": null
        }
    ],
    "productTranslations": null,
    "productVideos": [
        {
            "id": "5bpJyoOV",
            "productId": "Bl51rRlX",
            "path": "https://www.youtube.com/watch?v=u1yVCeXYya4&list=RDMMu1yVCeXYya4&start_radio=1"
        }
    ]
}
]]></system-out>
  </testcase>
  <testcase name="Scenario: provider enters a data in productPrices with empty  title field" classname="Scenario: provider enters a data in productPrices with empty  title field" time="0">
    <failure message="expected:&lt;400&gt; but was:&lt;200&gt;" type="java.lang.AssertionError"><![CDATA[java.lang.AssertionError: expected:<400> but was:<200>
]]></failure>
  </testcase>
  <testcase name="Then verify the title is &quot;One or more validation errors occurred.&quot;" classname="Scenario: provider enters a data in productPrices with empty  title field" time="0">
    <skipped/>
  </testcase>
  <testcase name="Given product is set with the following fields" classname="Scenario: provider enters a data in productPrices with missing  title field" time="0"/>
  <testcase name="Given productVideos is set with the following fields" classname="Scenario: provider enters a data in productPrices with missing  title field" time="0"/>
  <testcase name="Given productPrices is set with the following fields" classname="Scenario: provider enters a data in productPrices with missing  title field" time="0"/>
  <testcase name="Given provider creates a new product" classname="Scenario: provider enters a data in productPrices with missing  title field" time="0"/>
  <testcase name="Then verify status code is 400" classname="Scenario: provider enters a data in productPrices with missing  title field" time="0">
    <failure message="expected:&lt;400&gt; but was:&lt;200&gt;" type="java.lang.AssertionError"><![CDATA[java.lang.AssertionError: expected:<400> but was:<200>
]]></failure>
    <system-out><![CDATA[{
    "id": "bpvjPBpJ",
    "name": "AutoTest",
    "productTypeId": null,
    "active": true,
    "shortDescription": "Test For Automation 1",
    "fullDescription": "Automation for API in Postman",
    "mostPopular": null,
    "longitude": 456.456,
    "latitude": 3245678.5467,
    "calendarColor": "blue",
    "address": "Bishkek",
    "cityId": "4lrWnmOd",
    "createdAt": "2021-06-28T06:54:22.140036",
    "productImages": [
        
    ],
    "productDocuments": [
        
    ],
    "productTypes": null,
    "productWorkingDates": [
        {
            "id": "0WaN2yad",
            "productId": "bpvjPBpJ",
            "fromDate": "2022-12-31",
            "toDate": "2022-12-31",
            "name": "1234",
            "strictHours": false,
            "timeSlots": [
                {
                    "id": "2aAgd9OZ",
                    "productWorkingDateId": "0WaN2yad",
                    "dayOfWeek": "Monday",
                    "startTime": "09:00:00",
                    "endTime": "20:00:00",
                    "duration": "00:00:00",
                    "quantity": 32,
                    "usedQuantity": 0,
                    "active": false,
                    "deletedAt": null
                }
            ],
            "deletedAt": null,
            "maxUsedTicketsQuantity": 0,
            "errorCode": 0
        }
    ],
    "productRegions": [
        {
            "id": "5rO75Ea6",
            "productId": "bpvjPBpJ",
            "regionId": "5bpJKaVE",
            "regionName": null
        }
    ],
    "productPrices": [
        {
            "id": "bBl5NmOX",
            "productId": "bpvjPBpJ",
            "channelId": "LbaQGOAx",
            "fromDate": "2021-05-31T00:00:00",
            "toDate": "2022-12-31T00:00:00",
            "title": null,
            "remarks": "Test",
            "officialPrice": 0,
            "currencyId": "5bpJKaVE",
            "quantityPerDay": 123,
            "autoConfirm": false,
            "pricePerPerson": false,
            "productPriceTypes": [
                {
                    "id": "PdOn6AOV",
                    "productPriceId": "bBl5NmOX",
                    "productCustomerTypeId": "blVX72pw",
                    "amount": 57,
                    "currencyId": "Belm3pnb",
                    "currencySymbol": null,
                    "isOfficial": true,
                    "productCustomerType": {
                        "id": "blVX72pw",
                        "productId": "yxl4wVaj",
                        "name": "?????"
                    }
                }
            ],
            "deletedAt": null
        }
    ],
    "productCustomerTypes": [
        {
            "id": "waD35dp3",
            "productId": "bpvjPBpJ",
            "name": "API"
        },
        {
            "id": "La3r5Epz",
            "productId": "bpvjPBpJ",
            "name": "?????"
        },
        {
            "id": "eO8g5zlP",
            "productId": "bpvjPBpJ",
            "name": "???"
        },
        {
            "id": "4lrWYmOd",
            "productId": "bpvjPBpJ",
            "name": "?????"
        }
    ],
    "city": {
        "id": "4lrWnmOd",
        "name": "Israel"
    },
    "productIncludedTags": [
        {
            "id": "r1lkwQl6",
            "productId": "bpvjPBpJ",
            "subTagId": "jLa3rjpz",
            "parentTagId": null,
            "subTagName": null
        }
    ],
    "productExcludedTags": [
        {
            "id": "q7Ox81O6",
            "productId": "bpvjPBpJ",
            "subTagId": "4eO8gvlP",
            "parentTagId": null,
            "subTagName": null
        }
    ],
    "productTags": [
        {
            "id": "WaNd3QOd",
            "productId": "bpvjPBpJ",
            "subTagId": "qeaZMepd",
            "parentTagId": null,
            "subTagName": null
        }
    ],
    "productTranslations": null,
    "productVideos": [
        {
            "id": "0WaNmypd",
            "productId": "bpvjPBpJ",
            "path": "https://www.youtube.com/watch?v=u1yVCeXYya4&list=RDMMu1yVCeXYya4&start_radio=1"
        }
    ]
}
{
    "id": "bpvjPBpJ",
    "name": "AutoTest",
    "productTypeId": null,
    "active": true,
    "shortDescription": "Test For Automation 1",
    "fullDescription": "Automation for API in Postman",
    "mostPopular": null,
    "longitude": 456.456,
    "latitude": 3245678.5467,
    "calendarColor": "blue",
    "address": "Bishkek",
    "cityId": "4lrWnmOd",
    "createdAt": "2021-06-28T06:54:22.140036",
    "productImages": [
        
    ],
    "productDocuments": [
        
    ],
    "productTypes": null,
    "productWorkingDates": [
        {
            "id": "0WaN2yad",
            "productId": "bpvjPBpJ",
            "fromDate": "2022-12-31",
            "toDate": "2022-12-31",
            "name": "1234",
            "strictHours": false,
            "timeSlots": [
                {
                    "id": "2aAgd9OZ",
                    "productWorkingDateId": "0WaN2yad",
                    "dayOfWeek": "Monday",
                    "startTime": "09:00:00",
                    "endTime": "20:00:00",
                    "duration": "00:00:00",
                    "quantity": 32,
                    "usedQuantity": 0,
                    "active": false,
                    "deletedAt": null
                }
            ],
            "deletedAt": null,
            "maxUsedTicketsQuantity": 0,
            "errorCode": 0
        }
    ],
    "productRegions": [
        {
            "id": "5rO75Ea6",
            "productId": "bpvjPBpJ",
            "regionId": "5bpJKaVE",
            "regionName": null
        }
    ],
    "productPrices": [
        {
            "id": "bBl5NmOX",
            "productId": "bpvjPBpJ",
            "channelId": "LbaQGOAx",
            "fromDate": "2021-05-31T00:00:00",
            "toDate": "2022-12-31T00:00:00",
            "title": null,
            "remarks": "Test",
            "officialPrice": 0,
            "currencyId": "5bpJKaVE",
            "quantityPerDay": 123,
            "autoConfirm": false,
            "pricePerPerson": false,
            "productPriceTypes": [
                {
                    "id": "PdOn6AOV",
                    "productPriceId": "bBl5NmOX",
                    "productCustomerTypeId": "blVX72pw",
                    "amount": 57,
                    "currencyId": "Belm3pnb",
                    "currencySymbol": null,
                    "isOfficial": true,
                    "productCustomerType": {
                        "id": "blVX72pw",
                        "productId": "yxl4wVaj",
                        "name": "?????"
                    }
                }
            ],
            "deletedAt": null
        }
    ],
    "productCustomerTypes": [
        {
            "id": "waD35dp3",
            "productId": "bpvjPBpJ",
            "name": "API"
        },
        {
            "id": "La3r5Epz",
            "productId": "bpvjPBpJ",
            "name": "?????"
        },
        {
            "id": "eO8g5zlP",
            "productId": "bpvjPBpJ",
            "name": "???"
        },
        {
            "id": "4lrWYmOd",
            "productId": "bpvjPBpJ",
            "name": "?????"
        }
    ],
    "city": {
        "id": "4lrWnmOd",
        "name": "Israel"
    },
    "productIncludedTags": [
        {
            "id": "r1lkwQl6",
            "productId": "bpvjPBpJ",
            "subTagId": "jLa3rjpz",
            "parentTagId": null,
            "subTagName": null
        }
    ],
    "productExcludedTags": [
        {
            "id": "q7Ox81O6",
            "productId": "bpvjPBpJ",
            "subTagId": "4eO8gvlP",
            "parentTagId": null,
            "subTagName": null
        }
    ],
    "productTags": [
        {
            "id": "WaNd3QOd",
            "productId": "bpvjPBpJ",
            "subTagId": "qeaZMepd",
            "parentTagId": null,
            "subTagName": null
        }
    ],
    "productTranslations": null,
    "productVideos": [
        {
            "id": "0WaNmypd",
            "productId": "bpvjPBpJ",
            "path": "https://www.youtube.com/watch?v=u1yVCeXYya4&list=RDMMu1yVCeXYya4&start_radio=1"
        }
    ]
}
]]></system-out>
  </testcase>
  <testcase name="Scenario: provider enters a data in productPrices with missing  title field" classname="Scenario: provider enters a data in productPrices with missing  title field" time="0">
    <failure message="expected:&lt;400&gt; but was:&lt;200&gt;" type="java.lang.AssertionError"><![CDATA[java.lang.AssertionError: expected:<400> but was:<200>
]]></failure>
  </testcase>
  <testcase name="Then verify the title is &quot;One or more validation errors occurred.&quot;" classname="Scenario: provider enters a data in productPrices with missing  title field" time="0">
    <skipped/>
  </testcase>
  <testcase name="Given product is set with the following fields" classname="Scenario: provider enters a data in productRegions with empty  regionName field" time="0"/>
  <testcase name="Given productVideos is set with the following fields" classname="Scenario: provider enters a data in productRegions with empty  regionName field" time="0"/>
  <testcase name="Given productRegions is set with the following fields" classname="Scenario: provider enters a data in productRegions with empty  regionName field" time="0"/>
  <testcase name="Given provider creates a new product" classname="Scenario: provider enters a data in productRegions with empty  regionName field" time="0"/>
  <testcase name="Then verify status code is 400" classname="Scenario: provider enters a data in productRegions with empty  regionName field" time="0">
    <failure message="expected:&lt;400&gt; but was:&lt;200&gt;" type="java.lang.AssertionError"><![CDATA[java.lang.AssertionError: expected:<400> but was:<200>
]]></failure>
    <system-out><![CDATA[{
    "id": "zOPem8pj",
    "name": "AutoTest",
    "productTypeId": null,
    "active": true,
    "shortDescription": "Test For Automation 1",
    "fullDescription": "Automation for API in Postman",
    "mostPopular": null,
    "longitude": 456.456,
    "latitude": 3245678.5467,
    "calendarColor": "blue",
    "address": "Bishkek",
    "cityId": "dOnnzVOV",
    "createdAt": "2021-06-28T06:54:22.355524",
    "productImages": [
        
    ],
    "productDocuments": [
        
    ],
    "productTypes": null,
    "productWorkingDates": [
        {
            "id": "52aAK3OZ",
            "productId": "zOPem8pj",
            "fromDate": "2022-12-31",
            "toDate": "2022-12-31",
            "name": "1234",
            "strictHours": false,
            "timeSlots": [
                {
                    "id": "4aLLo2an",
                    "productWorkingDateId": "52aAK3OZ",
                    "dayOfWeek": "Monday",
                    "startTime": "09:00:00",
                    "endTime": "20:00:00",
                    "duration": "00:00:00",
                    "quantity": 32,
                    "usedQuantity": 0,
                    "active": false,
                    "deletedAt": null
                }
            ],
            "deletedAt": null,
            "maxUsedTicketsQuantity": 0,
            "errorCode": 0
        }
    ],
    "productRegions": [
        {
            "id": "JnlYwopz",
            "productId": "zOPem8pj",
            "regionId": "5bpJKaVE",
            "regionName": null
        }
    ],
    "productPrices": [
        {
            "id": "YbpvgJaJ",
            "productId": "zOPem8pj",
            "channelId": "LbaQGOAx",
            "fromDate": "2021-05-31T00:00:00",
            "toDate": "2022-12-31T00:00:00",
            "title": null,
            "remarks": "Test",
            "officialPrice": 0,
            "currencyId": "5bpJKaVE",
            "quantityPerDay": 123,
            "autoConfirm": false,
            "pricePerPerson": false,
            "productPriceTypes": [
                {
                    "id": "EjpjGKaM",
                    "productPriceId": "YbpvgJaJ",
                    "productCustomerTypeId": "dOnnoVOV",
                    "amount": 57,
                    "currencyId": "Belm3pnb",
                    "currencySymbol": null,
                    "isOfficial": true,
                    "productCustomerType": {
                        "id": "dOnnoVOV",
                        "productId": "yxl4wVaj",
                        "name": "?????"
                    }
                }
            ],
            "deletedAt": null
        }
    ],
    "productCustomerTypes": [
        {
            "id": "jpjPm1lM",
            "productId": "zOPem8pj",
            "name": "API"
        },
        {
            "id": "1lkVJwa6",
            "productId": "zOPem8pj",
            "name": "?????"
        },
        {
            "id": "blB759OR",
            "productId": "zOPem8pj",
            "name": "???"
        },
        {
            "id": "WlqM7Glb",
            "productId": "zOPem8pj",
            "name": "?????"
        }
    ],
    "city": {
        "id": "dOnnzVOV",
        "name": "Israel"
    },
    "productIncludedTags": [
        {
            "id": "zblBVylR",
            "productId": "zOPem8pj",
            "subTagId": "jLa3rjpz",
            "parentTagId": null,
            "subTagName": null
        }
    ],
    "productExcludedTags": [
        {
            "id": "Kdl29QaX",
            "productId": "zOPem8pj",
            "subTagId": "4eO8gvlP",
            "parentTagId": null,
            "subTagName": null
        }
    ],
    "productTags": [
        {
            "id": "2aAYLzaZ",
            "productId": "zOPem8pj",
            "subTagId": "qeaZMepd",
            "parentTagId": null,
            "subTagName": null
        }
    ],
    "productTranslations": null,
    "productVideos": [
        {
            "id": "52aAM3aZ",
            "productId": "zOPem8pj",
            "path": "https://www.youtube.com/watch?v=u1yVCeXYya4&list=RDMMu1yVCeXYya4&start_radio=1"
        }
    ]
}
{
    "id": "zOPem8pj",
    "name": "AutoTest",
    "productTypeId": null,
    "active": true,
    "shortDescription": "Test For Automation 1",
    "fullDescription": "Automation for API in Postman",
    "mostPopular": null,
    "longitude": 456.456,
    "latitude": 3245678.5467,
    "calendarColor": "blue",
    "address": "Bishkek",
    "cityId": "dOnnzVOV",
    "createdAt": "2021-06-28T06:54:22.355524",
    "productImages": [
        
    ],
    "productDocuments": [
        
    ],
    "productTypes": null,
    "productWorkingDates": [
        {
            "id": "52aAK3OZ",
            "productId": "zOPem8pj",
            "fromDate": "2022-12-31",
            "toDate": "2022-12-31",
            "name": "1234",
            "strictHours": false,
            "timeSlots": [
                {
                    "id": "4aLLo2an",
                    "productWorkingDateId": "52aAK3OZ",
                    "dayOfWeek": "Monday",
                    "startTime": "09:00:00",
                    "endTime": "20:00:00",
                    "duration": "00:00:00",
                    "quantity": 32,
                    "usedQuantity": 0,
                    "active": false,
                    "deletedAt": null
                }
            ],
            "deletedAt": null,
            "maxUsedTicketsQuantity": 0,
            "errorCode": 0
        }
    ],
    "productRegions": [
        {
            "id": "JnlYwopz",
            "productId": "zOPem8pj",
            "regionId": "5bpJKaVE",
            "regionName": null
        }
    ],
    "productPrices": [
        {
            "id": "YbpvgJaJ",
            "productId": "zOPem8pj",
            "channelId": "LbaQGOAx",
            "fromDate": "2021-05-31T00:00:00",
            "toDate": "2022-12-31T00:00:00",
            "title": null,
            "remarks": "Test",
            "officialPrice": 0,
            "currencyId": "5bpJKaVE",
            "quantityPerDay": 123,
            "autoConfirm": false,
            "pricePerPerson": false,
            "productPriceTypes": [
                {
                    "id": "EjpjGKaM",
                    "productPriceId": "YbpvgJaJ",
                    "productCustomerTypeId": "dOnnoVOV",
                    "amount": 57,
                    "currencyId": "Belm3pnb",
                    "currencySymbol": null,
                    "isOfficial": true,
                    "productCustomerType": {
                        "id": "dOnnoVOV",
                        "productId": "yxl4wVaj",
                        "name": "?????"
                    }
                }
            ],
            "deletedAt": null
        }
    ],
    "productCustomerTypes": [
        {
            "id": "jpjPm1lM",
            "productId": "zOPem8pj",
            "name": "API"
        },
        {
            "id": "1lkVJwa6",
            "productId": "zOPem8pj",
            "name": "?????"
        },
        {
            "id": "blB759OR",
            "productId": "zOPem8pj",
            "name": "???"
        },
        {
            "id": "WlqM7Glb",
            "productId": "zOPem8pj",
            "name": "?????"
        }
    ],
    "city": {
        "id": "dOnnzVOV",
        "name": "Israel"
    },
    "productIncludedTags": [
        {
            "id": "zblBVylR",
            "productId": "zOPem8pj",
            "subTagId": "jLa3rjpz",
            "parentTagId": null,
            "subTagName": null
        }
    ],
    "productExcludedTags": [
        {
            "id": "Kdl29QaX",
            "productId": "zOPem8pj",
            "subTagId": "4eO8gvlP",
            "parentTagId": null,
            "subTagName": null
        }
    ],
    "productTags": [
        {
            "id": "2aAYLzaZ",
            "productId": "zOPem8pj",
            "subTagId": "qeaZMepd",
            "parentTagId": null,
            "subTagName": null
        }
    ],
    "productTranslations": null,
    "productVideos": [
        {
            "id": "52aAM3aZ",
            "productId": "zOPem8pj",
            "path": "https://www.youtube.com/watch?v=u1yVCeXYya4&list=RDMMu1yVCeXYya4&start_radio=1"
        }
    ]
}
]]></system-out>
  </testcase>
  <testcase name="Scenario: provider enters a data in productRegions with empty  regionName field" classname="Scenario: provider enters a data in productRegions with empty  regionName field" time="0">
    <failure message="expected:&lt;400&gt; but was:&lt;200&gt;" type="java.lang.AssertionError"><![CDATA[java.lang.AssertionError: expected:<400> but was:<200>
]]></failure>
  </testcase>
  <testcase name="Then verify the title is &quot;One or more validation errors occurred.&quot;" classname="Scenario: provider enters a data in productRegions with empty  regionName field" time="0">
    <skipped/>
  </testcase>
  <testcase name="Given product is set with the following fields" classname="Scenario: provider enters a data in productRegions with missing  regionName field" time="0"/>
  <testcase name="Given productVideos is set with the following fields" classname="Scenario: provider enters a data in productRegions with missing  regionName field" time="0"/>
  <testcase name="Given productRegions is set with the following fields" classname="Scenario: provider enters a data in productRegions with missing  regionName field" time="0"/>
  <testcase name="Given provider creates a new product" classname="Scenario: provider enters a data in productRegions with missing  regionName field" time="0"/>
  <testcase name="Then verify status code is 400" classname="Scenario: provider enters a data in productRegions with missing  regionName field" time="0">
    <failure message="expected:&lt;400&gt; but was:&lt;200&gt;" type="java.lang.AssertionError"><![CDATA[java.lang.AssertionError: expected:<400> but was:<200>
]]></failure>
    <system-out><![CDATA[{
    "id": "blVXZwpw",
    "name": "AutoTest",
    "productTypeId": null,
    "active": true,
    "shortDescription": "Test For Automation 1",
    "fullDescription": "Automation for API in Postman",
    "mostPopular": null,
    "longitude": 456.456,
    "latitude": 3245678.5467,
    "calendarColor": "blue",
    "address": "Bishkek",
    "cityId": "jpjPe1lM",
    "createdAt": "2021-06-28T06:54:22.594532",
    "productImages": [
        
    ],
    "productDocuments": [
        
    ],
    "productTypes": null,
    "productWorkingDates": [
        {
            "id": "Q4aLRnOn",
            "productId": "blVXZwpw",
            "fromDate": "2022-12-31",
            "toDate": "2022-12-31",
            "name": "1234",
            "strictHours": false,
            "timeSlots": [
                {
                    "id": "rO98Aele",
                    "productWorkingDateId": "Q4aLRnOn",
                    "dayOfWeek": "Monday",
                    "startTime": "09:00:00",
                    "endTime": "20:00:00",
                    "duration": "00:00:00",
                    "quantity": 32,
                    "usedQuantity": 0,
                    "active": false,
                    "deletedAt": null
                }
            ],
            "deletedAt": null,
            "maxUsedTicketsQuantity": 0,
            "errorCode": 0
        }
    ],
    "productRegions": [
        {
            "id": "kMaGGqaD",
            "productId": "blVXZwpw",
            "regionId": "5bpJKaVE",
            "regionName": null
        }
    ],
    "productPrices": [
        {
            "id": "ozOPw4lj",
            "productId": "blVXZwpw",
            "channelId": "LbaQGOAx",
            "fromDate": "2021-05-31T00:00:00",
            "toDate": "2022-12-31T00:00:00",
            "title": null,
            "remarks": "Test",
            "officialPrice": 0,
            "currencyId": "5bpJKaVE",
            "quantityPerDay": 123,
            "autoConfirm": false,
            "pricePerPerson": false,
            "productPriceTypes": [
                {
                    "id": "r1lkKEl6",
                    "productPriceId": "ozOPw4lj",
                    "productCustomerTypeId": "rOEE52OY",
                    "amount": 57,
                    "currencyId": "Belm3pnb",
                    "currencySymbol": null,
                    "isOfficial": true,
                    "productCustomerType": {
                        "id": "rOEE52OY",
                        "productId": "yxl4wVaj",
                        "name": "?????"
                    }
                }
            ],
            "deletedAt": null
        }
    ],
    "productCustomerTypes": [
        {
            "id": "1lon9Ka7",
            "productId": "blVXZwpw",
            "name": "API"
        },
        {
            "id": "baQkNQOA",
            "productId": "blVXZwpw",
            "name": "?????"
        },
        {
            "id": "elm3Ajpn",
            "productId": "blVXZwpw",
            "name": "???"
        },
        {
            "id": "bpJR59pV",
            "productId": "blVXZwpw",
            "name": "?????"
        }
    ],
    "city": {
        "id": "jpjPe1lM",
        "name": "Israel"
    },
    "productIncludedTags": [
        {
            "id": "7WlqwXpb",
            "productId": "blVXZwpw",
            "subTagId": "jLa3rjpz",
            "parentTagId": null,
            "subTagName": null
        }
    ],
    "productExcludedTags": [
        {
            "id": "BJpg8Laq",
            "productId": "blVXZwpw",
            "subTagId": "4eO8gvlP",
            "parentTagId": null,
            "subTagName": null
        }
    ],
    "productTags": [
        {
            "id": "4aLGjkpn",
            "productId": "blVXZwpw",
            "subTagId": "qeaZMepd",
            "parentTagId": null,
            "subTagName": null
        }
    ],
    "productTranslations": null,
    "productVideos": [
        {
            "id": "Q4aL4nan",
            "productId": "blVXZwpw",
            "path": "https://www.youtube.com/watch?v=u1yVCeXYya4&list=RDMMu1yVCeXYya4&start_radio=1"
        }
    ]
}
{
    "id": "blVXZwpw",
    "name": "AutoTest",
    "productTypeId": null,
    "active": true,
    "shortDescription": "Test For Automation 1",
    "fullDescription": "Automation for API in Postman",
    "mostPopular": null,
    "longitude": 456.456,
    "latitude": 3245678.5467,
    "calendarColor": "blue",
    "address": "Bishkek",
    "cityId": "jpjPe1lM",
    "createdAt": "2021-06-28T06:54:22.594532",
    "productImages": [
        
    ],
    "productDocuments": [
        
    ],
    "productTypes": null,
    "productWorkingDates": [
        {
            "id": "Q4aLRnOn",
            "productId": "blVXZwpw",
            "fromDate": "2022-12-31",
            "toDate": "2022-12-31",
            "name": "1234",
            "strictHours": false,
            "timeSlots": [
                {
                    "id": "rO98Aele",
                    "productWorkingDateId": "Q4aLRnOn",
                    "dayOfWeek": "Monday",
                    "startTime": "09:00:00",
                    "endTime": "20:00:00",
                    "duration": "00:00:00",
                    "quantity": 32,
                    "usedQuantity": 0,
                    "active": false,
                    "deletedAt": null
                }
            ],
            "deletedAt": null,
            "maxUsedTicketsQuantity": 0,
            "errorCode": 0
        }
    ],
    "productRegions": [
        {
            "id": "kMaGGqaD",
            "productId": "blVXZwpw",
            "regionId": "5bpJKaVE",
            "regionName": null
        }
    ],
    "productPrices": [
        {
            "id": "ozOPw4lj",
            "productId": "blVXZwpw",
            "channelId": "LbaQGOAx",
            "fromDate": "2021-05-31T00:00:00",
            "toDate": "2022-12-31T00:00:00",
            "title": null,
            "remarks": "Test",
            "officialPrice": 0,
            "currencyId": "5bpJKaVE",
            "quantityPerDay": 123,
            "autoConfirm": false,
            "pricePerPerson": false,
            "productPriceTypes": [
                {
                    "id": "r1lkKEl6",
                    "productPriceId": "ozOPw4lj",
                    "productCustomerTypeId": "rOEE52OY",
                    "amount": 57,
                    "currencyId": "Belm3pnb",
                    "currencySymbol": null,
                    "isOfficial": true,
                    "productCustomerType": {
                        "id": "rOEE52OY",
                        "productId": "yxl4wVaj",
                        "name": "?????"
                    }
                }
            ],
            "deletedAt": null
        }
    ],
    "productCustomerTypes": [
        {
            "id": "1lon9Ka7",
            "productId": "blVXZwpw",
            "name": "API"
        },
        {
            "id": "baQkNQOA",
            "productId": "blVXZwpw",
            "name": "?????"
        },
        {
            "id": "elm3Ajpn",
            "productId": "blVXZwpw",
            "name": "???"
        },
        {
            "id": "bpJR59pV",
            "productId": "blVXZwpw",
            "name": "?????"
        }
    ],
    "city": {
        "id": "jpjPe1lM",
        "name": "Israel"
    },
    "productIncludedTags": [
        {
            "id": "7WlqwXpb",
            "productId": "blVXZwpw",
            "subTagId": "jLa3rjpz",
            "parentTagId": null,
            "subTagName": null
        }
    ],
    "productExcludedTags": [
        {
            "id": "BJpg8Laq",
            "productId": "blVXZwpw",
            "subTagId": "4eO8gvlP",
            "parentTagId": null,
            "subTagName": null
        }
    ],
    "productTags": [
        {
            "id": "4aLGjkpn",
            "productId": "blVXZwpw",
            "subTagId": "qeaZMepd",
            "parentTagId": null,
            "subTagName": null
        }
    ],
    "productTranslations": null,
    "productVideos": [
        {
            "id": "Q4aL4nan",
            "productId": "blVXZwpw",
            "path": "https://www.youtube.com/watch?v=u1yVCeXYya4&list=RDMMu1yVCeXYya4&start_radio=1"
        }
    ]
}
]]></system-out>
  </testcase>
  <testcase name="Scenario: provider enters a data in productRegions with missing  regionName field" classname="Scenario: provider enters a data in productRegions with missing  regionName field" time="0">
    <failure message="expected:&lt;400&gt; but was:&lt;200&gt;" type="java.lang.AssertionError"><![CDATA[java.lang.AssertionError: expected:<400> but was:<200>
]]></failure>
  </testcase>
  <testcase name="Then verify the title is &quot;One or more validation errors occurred.&quot;" classname="Scenario: provider enters a data in productRegions with missing  regionName field" time="0">
    <skipped/>
  </testcase>
  <testcase name="Given product is set with the following fields" classname="Scenario: provider enters a data in productRegions with special chars  regionName field" time="0"/>
  <testcase name="Given productVideos is set with the following fields" classname="Scenario: provider enters a data in productRegions with special chars  regionName field" time="0"/>
  <testcase name="Given productRegions is set with the following fields" classname="Scenario: provider enters a data in productRegions with special chars  regionName field" time="0"/>
  <testcase name="Given provider creates a new product" classname="Scenario: provider enters a data in productRegions with special chars  regionName field" time="0"/>
  <testcase name="Then verify status code is 400" classname="Scenario: provider enters a data in productRegions with special chars  regionName field" time="0">
    <failure message="expected:&lt;400&gt; but was:&lt;200&gt;" type="java.lang.AssertionError"><![CDATA[java.lang.AssertionError: expected:<400> but was:<200>
]]></failure>
    <system-out><![CDATA[{
    "id": "waD3q0p3",
    "name": "AutoTest",
    "productTypeId": null,
    "active": true,
    "shortDescription": "Test For Automation 1",
    "fullDescription": "Automation for API in Postman",
    "mostPopular": null,
    "longitude": 456.456,
    "latitude": 3245678.5467,
    "calendarColor": "blue",
    "address": "Bishkek",
    "cityId": "1lkVvwa6",
    "createdAt": "2021-06-28T06:54:22.907858",
    "productImages": [
        
    ],
    "productDocuments": [
        
    ],
    "productTypes": null,
    "productWorkingDates": [
        {
            "id": "QrO9Nope",
            "productId": "waD3q0p3",
            "fromDate": "2022-12-31",
            "toDate": "2022-12-31",
            "name": "1234",
            "strictHours": false,
            "timeSlots": [
                {
                    "id": "eaZLnqOd",
                    "productWorkingDateId": "QrO9Nope",
                    "dayOfWeek": "Monday",
                    "startTime": "09:00:00",
                    "endTime": "20:00:00",
                    "duration": "00:00:00",
                    "quantity": 32,
                    "usedQuantity": 0,
                    "active": false,
                    "deletedAt": null
                }
            ],
            "deletedAt": null,
            "maxUsedTicketsQuantity": 0,
            "errorCode": 0
        }
    ],
    "productRegions": [
        {
            "id": "oylK6Ba8",
            "productId": "waD3q0p3",
            "regionId": "5bpJKaVE",
            "regionName": null
        }
    ],
    "productPrices": [
        {
            "id": "VblVwLOw",
            "productId": "waD3q0p3",
            "channelId": "LbaQGOAx",
            "fromDate": "2021-05-31T00:00:00",
            "toDate": "2022-12-31T00:00:00",
            "title": null,
            "remarks": "Test",
            "officialPrice": 0,
            "currencyId": "5bpJKaVE",
            "quantityPerDay": 123,
            "autoConfirm": false,
            "pricePerPerson": false,
            "productPriceTypes": [
                {
                    "id": "zblBdKpR",
                    "productPriceId": "VblVwLOw",
                    "productCustomerTypeId": "WaNXQ8Od",
                    "amount": 57,
                    "currencyId": "Belm3pnb",
                    "currencySymbol": null,
                    "isOfficial": true,
                    "productCustomerType": {
                        "id": "WaNXQ8Od",
                        "productId": "yxl4wVaj",
                        "name": "?????"
                    }
                }
            ],
            "deletedAt": null
        }
    ],
    "productCustomerTypes": [
        {
            "id": "2aAg5XOZ",
            "productId": "waD3q0p3",
            "name": "API"
        },
        {
            "id": "4aLL5Nan",
            "productId": "waD3q0p3",
            "name": "?????"
        },
        {
            "id": "rO9851le",
            "productId": "waD3q0p3",
            "name": "???"
        },
        {
            "id": "eaZLddOd",
            "productId": "waD3q0p3",
            "name": "?????"
        }
    ],
    "city": {
        "id": "1lkVvwa6",
        "name": "Israel"
    },
    "productIncludedTags": [
        {
            "id": "GrOEVgpY",
            "productId": "waD3q0p3",
            "subTagId": "jLa3rjpz",
            "parentTagId": null,
            "subTagName": null
        }
    ],
    "productExcludedTags": [
        {
            "id": "0Gpb88lr",
            "productId": "waD3q0p3",
            "subTagId": "4eO8gvlP",
            "parentTagId": null,
            "subTagName": null
        }
    ],
    "productTags": [
        {
            "id": "rO9r4xpe",
            "productId": "waD3q0p3",
            "subTagId": "qeaZMepd",
            "parentTagId": null,
            "subTagName": null
        }
    ],
    "productTranslations": null,
    "productVideos": [
        {
            "id": "QrO9EoOe",
            "productId": "waD3q0p3",
            "path": "https://www.youtube.com/watch?v=u1yVCeXYya4&list=RDMMu1yVCeXYya4&start_radio=1"
        }
    ]
}
{
    "id": "waD3q0p3",
    "name": "AutoTest",
    "productTypeId": null,
    "active": true,
    "shortDescription": "Test For Automation 1",
    "fullDescription": "Automation for API in Postman",
    "mostPopular": null,
    "longitude": 456.456,
    "latitude": 3245678.5467,
    "calendarColor": "blue",
    "address": "Bishkek",
    "cityId": "1lkVvwa6",
    "createdAt": "2021-06-28T06:54:22.907858",
    "productImages": [
        
    ],
    "productDocuments": [
        
    ],
    "productTypes": null,
    "productWorkingDates": [
        {
            "id": "QrO9Nope",
            "productId": "waD3q0p3",
            "fromDate": "2022-12-31",
            "toDate": "2022-12-31",
            "name": "1234",
            "strictHours": false,
            "timeSlots": [
                {
                    "id": "eaZLnqOd",
                    "productWorkingDateId": "QrO9Nope",
                    "dayOfWeek": "Monday",
                    "startTime": "09:00:00",
                    "endTime": "20:00:00",
                    "duration": "00:00:00",
                    "quantity": 32,
                    "usedQuantity": 0,
                    "active": false,
                    "deletedAt": null
                }
            ],
            "deletedAt": null,
            "maxUsedTicketsQuantity": 0,
            "errorCode": 0
        }
    ],
    "productRegions": [
        {
            "id": "oylK6Ba8",
            "productId": "waD3q0p3",
            "regionId": "5bpJKaVE",
            "regionName": null
        }
    ],
    "productPrices": [
        {
            "id": "VblVwLOw",
            "productId": "waD3q0p3",
            "channelId": "LbaQGOAx",
            "fromDate": "2021-05-31T00:00:00",
            "toDate": "2022-12-31T00:00:00",
            "title": null,
            "remarks": "Test",
            "officialPrice": 0,
            "currencyId": "5bpJKaVE",
            "quantityPerDay": 123,
            "autoConfirm": false,
            "pricePerPerson": false,
            "productPriceTypes": [
                {
                    "id": "zblBdKpR",
                    "productPriceId": "VblVwLOw",
                    "productCustomerTypeId": "WaNXQ8Od",
                    "amount": 57,
                    "currencyId": "Belm3pnb",
                    "currencySymbol": null,
                    "isOfficial": true,
                    "productCustomerType": {
                        "id": "WaNXQ8Od",
                        "productId": "yxl4wVaj",
                        "name": "?????"
                    }
                }
            ],
            "deletedAt": null
        }
    ],
    "productCustomerTypes": [
        {
            "id": "2aAg5XOZ",
            "productId": "waD3q0p3",
            "name": "API"
        },
        {
            "id": "4aLL5Nan",
            "productId": "waD3q0p3",
            "name": "?????"
        },
        {
            "id": "rO9851le",
            "productId": "waD3q0p3",
            "name": "???"
        },
        {
            "id": "eaZLddOd",
            "productId": "waD3q0p3",
            "name": "?????"
        }
    ],
    "city": {
        "id": "1lkVvwa6",
        "name": "Israel"
    },
    "productIncludedTags": [
        {
            "id": "GrOEVgpY",
            "productId": "waD3q0p3",
            "subTagId": "jLa3rjpz",
            "parentTagId": null,
            "subTagName": null
        }
    ],
    "productExcludedTags": [
        {
            "id": "0Gpb88lr",
            "productId": "waD3q0p3",
            "subTagId": "4eO8gvlP",
            "parentTagId": null,
            "subTagName": null
        }
    ],
    "productTags": [
        {
            "id": "rO9r4xpe",
            "productId": "waD3q0p3",
            "subTagId": "qeaZMepd",
            "parentTagId": null,
            "subTagName": null
        }
    ],
    "productTranslations": null,
    "productVideos": [
        {
            "id": "QrO9EoOe",
            "productId": "waD3q0p3",
            "path": "https://www.youtube.com/watch?v=u1yVCeXYya4&list=RDMMu1yVCeXYya4&start_radio=1"
        }
    ]
}
]]></system-out>
  </testcase>
  <testcase name="Scenario: provider enters a data in productRegions with special chars  regionName field" classname="Scenario: provider enters a data in productRegions with special chars  regionName field" time="0">
    <failure message="expected:&lt;400&gt; but was:&lt;200&gt;" type="java.lang.AssertionError"><![CDATA[java.lang.AssertionError: expected:<400> but was:<200>
]]></failure>
  </testcase>
  <testcase name="Then verify the title is &quot;One or more validation errors occurred.&quot;" classname="Scenario: provider enters a data in productRegions with special chars  regionName field" time="0">
    <skipped/>
  </testcase>
</testsuite>